[0.266s] DEBUG:colcon:Command line arguments: ['/usr/bin/colcon', 'build']
[0.266s] DEBUG:colcon:Parsed command line arguments: Namespace(log_base=None, log_level=None, verb_name='build', build_base='build', install_base='install', merge_install=False, symlink_install=False, test_result_base=None, continue_on_error=False, executor='parallel', parallel_workers=4, event_handlers=None, ignore_user_meta=False, metas=['./colcon.meta'], base_paths=['.'], packages_ignore=None, packages_ignore_regex=None, paths=None, packages_up_to=None, packages_up_to_regex=None, packages_above=None, packages_above_and_dependencies=None, packages_above_depth=None, packages_select_by_dep=None, packages_skip_by_dep=None, packages_skip_up_to=None, packages_select_build_failed=False, packages_skip_build_finished=False, packages_select_test_failures=False, packages_skip_test_passed=False, packages_select=None, packages_skip=None, packages_select_regex=None, packages_skip_regex=None, packages_start=None, packages_end=None, allow_overriding=[], cmake_args=None, cmake_target=None, cmake_target_skip_unavailable=False, cmake_clean_cache=False, cmake_clean_first=False, cmake_force_configure=False, ament_cmake_args=None, catkin_cmake_args=None, catkin_skip_building_tests=False, mixin_files=None, mixin=None, verb_parser=<colcon_mixin.mixin.mixin_argument.MixinArgumentDecorator object at 0x76a9e443f370>, verb_extension=<colcon_core.verb.build.BuildVerb object at 0x76a9e4584940>, main=<bound method BuildVerb.main of <colcon_core.verb.build.BuildVerb object at 0x76a9e4584940>>, mixin_verb=('build',))
[0.681s] Level 1:colcon.colcon_core.package_discovery:discover_packages(colcon_meta) check parameters
[0.681s] Level 1:colcon.colcon_core.package_discovery:discover_packages(recursive) check parameters
[0.681s] Level 1:colcon.colcon_core.package_discovery:discover_packages(ignore) check parameters
[0.682s] Level 1:colcon.colcon_core.package_discovery:discover_packages(path) check parameters
[0.682s] Level 1:colcon.colcon_core.package_discovery:discover_packages(colcon_meta) discover
[0.682s] Level 1:colcon.colcon_core.package_discovery:discover_packages(recursive) discover
[0.682s] INFO:colcon.colcon_core.package_discovery:Crawling recursively for packages in '/home/rouillon/ProRob'
[0.682s] Level 1:colcon.colcon_core.package_identification:_identify(.) by extensions ['ignore', 'ignore_ament_install']
[0.682s] Level 1:colcon.colcon_core.package_identification:_identify(.) by extension 'ignore'
[0.682s] Level 1:colcon.colcon_core.package_identification:_identify(.) by extension 'ignore_ament_install'
[0.682s] Level 1:colcon.colcon_core.package_identification:_identify(.) by extensions ['colcon_pkg']
[0.682s] Level 1:colcon.colcon_core.package_identification:_identify(.) by extension 'colcon_pkg'
[0.683s] Level 1:colcon.colcon_core.package_identification:_identify(.) by extensions ['colcon_meta']
[0.683s] Level 1:colcon.colcon_core.package_identification:_identify(.) by extension 'colcon_meta'
[0.683s] Level 1:colcon.colcon_core.package_identification:_identify(.) by extensions ['ros']
[0.683s] Level 1:colcon.colcon_core.package_identification:_identify(.) by extension 'ros'
[0.707s] Level 1:colcon.colcon_core.package_identification:_identify(.) by extensions ['cmake', 'python']
[0.707s] Level 1:colcon.colcon_core.package_identification:_identify(.) by extension 'cmake'
[0.708s] Level 1:colcon.colcon_core.package_identification:_identify(.) by extension 'python'
[0.708s] Level 1:colcon.colcon_core.package_identification:_identify(.) by extensions ['python_setup_py']
[0.708s] Level 1:colcon.colcon_core.package_identification:_identify(.) by extension 'python_setup_py'
[0.708s] Level 1:colcon.colcon_core.package_identification:_identify(build) by extensions ['ignore', 'ignore_ament_install']
[0.708s] Level 1:colcon.colcon_core.package_identification:_identify(build) by extension 'ignore'
[0.708s] Level 1:colcon.colcon_core.package_identification:_identify(build) ignored
[0.709s] Level 1:colcon.colcon_core.package_identification:_identify(install) by extensions ['ignore', 'ignore_ament_install']
[0.709s] Level 1:colcon.colcon_core.package_identification:_identify(install) by extension 'ignore'
[0.709s] Level 1:colcon.colcon_core.package_identification:_identify(install) ignored
[0.709s] Level 1:colcon.colcon_core.package_identification:_identify(log) by extensions ['ignore', 'ignore_ament_install']
[0.709s] Level 1:colcon.colcon_core.package_identification:_identify(log) by extension 'ignore'
[0.709s] Level 1:colcon.colcon_core.package_identification:_identify(log) ignored
[0.709s] Level 1:colcon.colcon_core.package_identification:_identify(src) by extensions ['ignore', 'ignore_ament_install']
[0.709s] Level 1:colcon.colcon_core.package_identification:_identify(src) by extension 'ignore'
[0.710s] Level 1:colcon.colcon_core.package_identification:_identify(src) by extension 'ignore_ament_install'
[0.710s] Level 1:colcon.colcon_core.package_identification:_identify(src) by extensions ['colcon_pkg']
[0.710s] Level 1:colcon.colcon_core.package_identification:_identify(src) by extension 'colcon_pkg'
[0.710s] Level 1:colcon.colcon_core.package_identification:_identify(src) by extensions ['colcon_meta']
[0.710s] Level 1:colcon.colcon_core.package_identification:_identify(src) by extension 'colcon_meta'
[0.710s] Level 1:colcon.colcon_core.package_identification:_identify(src) by extensions ['ros']
[0.710s] Level 1:colcon.colcon_core.package_identification:_identify(src) by extension 'ros'
[0.711s] Level 1:colcon.colcon_core.package_identification:_identify(src) by extensions ['cmake', 'python']
[0.711s] Level 1:colcon.colcon_core.package_identification:_identify(src) by extension 'cmake'
[0.711s] Level 1:colcon.colcon_core.package_identification:_identify(src) by extension 'python'
[0.711s] Level 1:colcon.colcon_core.package_identification:_identify(src) by extensions ['python_setup_py']
[0.711s] Level 1:colcon.colcon_core.package_identification:_identify(src) by extension 'python_setup_py'
[0.711s] Level 1:colcon.colcon_core.package_identification:_identify(src/package_master) by extensions ['ignore', 'ignore_ament_install']
[0.711s] Level 1:colcon.colcon_core.package_identification:_identify(src/package_master) by extension 'ignore'
[0.711s] Level 1:colcon.colcon_core.package_identification:_identify(src/package_master) by extension 'ignore_ament_install'
[0.711s] Level 1:colcon.colcon_core.package_identification:_identify(src/package_master) by extensions ['colcon_pkg']
[0.711s] Level 1:colcon.colcon_core.package_identification:_identify(src/package_master) by extension 'colcon_pkg'
[0.711s] Level 1:colcon.colcon_core.package_identification:_identify(src/package_master) by extensions ['colcon_meta']
[0.712s] Level 1:colcon.colcon_core.package_identification:_identify(src/package_master) by extension 'colcon_meta'
[0.712s] Level 1:colcon.colcon_core.package_identification:_identify(src/package_master) by extensions ['ros']
[0.712s] Level 1:colcon.colcon_core.package_identification:_identify(src/package_master) by extension 'ros'
[0.717s] DEBUG:colcon.colcon_core.package_identification:Package 'src/package_master' with type 'ros.ament_python' and name 'package_master'
[0.717s] Level 1:colcon.colcon_core.package_identification:_identify(src/package_master_interfaces) by extensions ['ignore', 'ignore_ament_install']
[0.717s] Level 1:colcon.colcon_core.package_identification:_identify(src/package_master_interfaces) by extension 'ignore'
[0.718s] Level 1:colcon.colcon_core.package_identification:_identify(src/package_master_interfaces) by extension 'ignore_ament_install'
[0.718s] Level 1:colcon.colcon_core.package_identification:_identify(src/package_master_interfaces) by extensions ['colcon_pkg']
[0.718s] Level 1:colcon.colcon_core.package_identification:_identify(src/package_master_interfaces) by extension 'colcon_pkg'
[0.718s] Level 1:colcon.colcon_core.package_identification:_identify(src/package_master_interfaces) by extensions ['colcon_meta']
[0.718s] Level 1:colcon.colcon_core.package_identification:_identify(src/package_master_interfaces) by extension 'colcon_meta'
[0.718s] Level 1:colcon.colcon_core.package_identification:_identify(src/package_master_interfaces) by extensions ['ros']
[0.718s] Level 1:colcon.colcon_core.package_identification:_identify(src/package_master_interfaces) by extension 'ros'
[0.719s] DEBUG:colcon.colcon_core.package_identification:Package 'src/package_master_interfaces' with type 'ros.ament_cmake' and name 'package_master_interfaces'
[0.720s] Level 1:colcon.colcon_core.package_identification:_identify(src/py_srvcli) by extensions ['ignore', 'ignore_ament_install']
[0.720s] Level 1:colcon.colcon_core.package_identification:_identify(src/py_srvcli) by extension 'ignore'
[0.720s] Level 1:colcon.colcon_core.package_identification:_identify(src/py_srvcli) by extension 'ignore_ament_install'
[0.720s] Level 1:colcon.colcon_core.package_identification:_identify(src/py_srvcli) by extensions ['colcon_pkg']
[0.720s] Level 1:colcon.colcon_core.package_identification:_identify(src/py_srvcli) by extension 'colcon_pkg'
[0.720s] Level 1:colcon.colcon_core.package_identification:_identify(src/py_srvcli) by extensions ['colcon_meta']
[0.720s] Level 1:colcon.colcon_core.package_identification:_identify(src/py_srvcli) by extension 'colcon_meta'
[0.720s] Level 1:colcon.colcon_core.package_identification:_identify(src/py_srvcli) by extensions ['ros']
[0.720s] Level 1:colcon.colcon_core.package_identification:_identify(src/py_srvcli) by extension 'ros'
[0.722s] DEBUG:colcon.colcon_core.package_identification:Package 'src/py_srvcli' with type 'ros.ament_python' and name 'py_srvcli'
[0.722s] Level 1:colcon.colcon_core.package_discovery:discover_packages(recursive) using defaults
[0.722s] Level 1:colcon.colcon_core.package_discovery:discover_packages(ignore) discover
[0.722s] Level 1:colcon.colcon_core.package_discovery:discover_packages(ignore) using defaults
[0.722s] Level 1:colcon.colcon_core.package_discovery:discover_packages(path) discover
[0.722s] Level 1:colcon.colcon_core.package_discovery:discover_packages(path) using defaults
[0.783s] Level 1:colcon.colcon_core.package_discovery:discover_packages(prefix_path) check parameters
[0.783s] Level 1:colcon.colcon_core.package_discovery:discover_packages(prefix_path) discover
[0.786s] DEBUG:colcon.colcon_installed_package_information.package_discovery:Found 3 installed packages in /home/rouillon/ProRob/install
[0.789s] DEBUG:colcon.colcon_installed_package_information.package_discovery:Found 270 installed packages in /opt/ros/humble
[0.793s] Level 1:colcon.colcon_core.package_discovery:discover_packages(prefix_path) using defaults
[0.891s] Level 5:colcon.colcon_core.verb:set package 'package_master' build argument 'cmake_args' from command line to 'None'
[0.891s] Level 5:colcon.colcon_core.verb:set package 'package_master' build argument 'cmake_target' from command line to 'None'
[0.891s] Level 5:colcon.colcon_core.verb:set package 'package_master' build argument 'cmake_target_skip_unavailable' from command line to 'False'
[0.891s] Level 5:colcon.colcon_core.verb:set package 'package_master' build argument 'cmake_clean_cache' from command line to 'False'
[0.892s] Level 5:colcon.colcon_core.verb:set package 'package_master' build argument 'cmake_clean_first' from command line to 'False'
[0.892s] Level 5:colcon.colcon_core.verb:set package 'package_master' build argument 'cmake_force_configure' from command line to 'False'
[0.892s] Level 5:colcon.colcon_core.verb:set package 'package_master' build argument 'ament_cmake_args' from command line to 'None'
[0.892s] Level 5:colcon.colcon_core.verb:set package 'package_master' build argument 'catkin_cmake_args' from command line to 'None'
[0.892s] Level 5:colcon.colcon_core.verb:set package 'package_master' build argument 'catkin_skip_building_tests' from command line to 'False'
[0.892s] DEBUG:colcon.colcon_core.verb:Building package 'package_master' with the following arguments: {'ament_cmake_args': None, 'build_base': '/home/rouillon/ProRob/build/package_master', 'catkin_cmake_args': None, 'catkin_skip_building_tests': False, 'cmake_args': None, 'cmake_clean_cache': False, 'cmake_clean_first': False, 'cmake_force_configure': False, 'cmake_target': None, 'cmake_target_skip_unavailable': False, 'install_base': '/home/rouillon/ProRob/install/package_master', 'merge_install': False, 'path': '/home/rouillon/ProRob/src/package_master', 'symlink_install': False, 'test_result_base': None}
[0.893s] Level 5:colcon.colcon_core.verb:set package 'package_master_interfaces' build argument 'cmake_args' from command line to 'None'
[0.893s] Level 5:colcon.colcon_core.verb:set package 'package_master_interfaces' build argument 'cmake_target' from command line to 'None'
[0.893s] Level 5:colcon.colcon_core.verb:set package 'package_master_interfaces' build argument 'cmake_target_skip_unavailable' from command line to 'False'
[0.893s] Level 5:colcon.colcon_core.verb:set package 'package_master_interfaces' build argument 'cmake_clean_cache' from command line to 'False'
[0.893s] Level 5:colcon.colcon_core.verb:set package 'package_master_interfaces' build argument 'cmake_clean_first' from command line to 'False'
[0.893s] Level 5:colcon.colcon_core.verb:set package 'package_master_interfaces' build argument 'cmake_force_configure' from command line to 'False'
[0.893s] Level 5:colcon.colcon_core.verb:set package 'package_master_interfaces' build argument 'ament_cmake_args' from command line to 'None'
[0.893s] Level 5:colcon.colcon_core.verb:set package 'package_master_interfaces' build argument 'catkin_cmake_args' from command line to 'None'
[0.893s] Level 5:colcon.colcon_core.verb:set package 'package_master_interfaces' build argument 'catkin_skip_building_tests' from command line to 'False'
[0.893s] DEBUG:colcon.colcon_core.verb:Building package 'package_master_interfaces' with the following arguments: {'ament_cmake_args': None, 'build_base': '/home/rouillon/ProRob/build/package_master_interfaces', 'catkin_cmake_args': None, 'catkin_skip_building_tests': False, 'cmake_args': None, 'cmake_clean_cache': False, 'cmake_clean_first': False, 'cmake_force_configure': False, 'cmake_target': None, 'cmake_target_skip_unavailable': False, 'install_base': '/home/rouillon/ProRob/install/package_master_interfaces', 'merge_install': False, 'path': '/home/rouillon/ProRob/src/package_master_interfaces', 'symlink_install': False, 'test_result_base': None}
[0.894s] Level 5:colcon.colcon_core.verb:set package 'py_srvcli' build argument 'cmake_args' from command line to 'None'
[0.894s] Level 5:colcon.colcon_core.verb:set package 'py_srvcli' build argument 'cmake_target' from command line to 'None'
[0.894s] Level 5:colcon.colcon_core.verb:set package 'py_srvcli' build argument 'cmake_target_skip_unavailable' from command line to 'False'
[0.894s] Level 5:colcon.colcon_core.verb:set package 'py_srvcli' build argument 'cmake_clean_cache' from command line to 'False'
[0.894s] Level 5:colcon.colcon_core.verb:set package 'py_srvcli' build argument 'cmake_clean_first' from command line to 'False'
[0.894s] Level 5:colcon.colcon_core.verb:set package 'py_srvcli' build argument 'cmake_force_configure' from command line to 'False'
[0.894s] Level 5:colcon.colcon_core.verb:set package 'py_srvcli' build argument 'ament_cmake_args' from command line to 'None'
[0.894s] Level 5:colcon.colcon_core.verb:set package 'py_srvcli' build argument 'catkin_cmake_args' from command line to 'None'
[0.894s] Level 5:colcon.colcon_core.verb:set package 'py_srvcli' build argument 'catkin_skip_building_tests' from command line to 'False'
[0.894s] DEBUG:colcon.colcon_core.verb:Building package 'py_srvcli' with the following arguments: {'ament_cmake_args': None, 'build_base': '/home/rouillon/ProRob/build/py_srvcli', 'catkin_cmake_args': None, 'catkin_skip_building_tests': False, 'cmake_args': None, 'cmake_clean_cache': False, 'cmake_clean_first': False, 'cmake_force_configure': False, 'cmake_target': None, 'cmake_target_skip_unavailable': False, 'install_base': '/home/rouillon/ProRob/install/py_srvcli', 'merge_install': False, 'path': '/home/rouillon/ProRob/src/py_srvcli', 'symlink_install': False, 'test_result_base': None}
[0.895s] INFO:colcon.colcon_core.executor:Executing jobs using 'parallel' executor
[0.897s] DEBUG:colcon.colcon_parallel_executor.executor.parallel:run_until_complete
[0.898s] INFO:colcon.colcon_ros.task.ament_python.build:Building ROS package in '/home/rouillon/ProRob/src/package_master' with build type 'ament_python'
[0.898s] Level 1:colcon.colcon_core.shell:create_environment_hook('package_master', 'ament_prefix_path')
[0.903s] INFO:colcon.colcon_core.plugin_system:Skipping extension 'colcon_core.shell.bat': Not used on non-Windows systems
[0.904s] INFO:colcon.colcon_core.shell:Creating environment hook '/home/rouillon/ProRob/install/package_master/share/package_master/hook/ament_prefix_path.ps1'
[0.905s] INFO:colcon.colcon_core.shell:Creating environment descriptor '/home/rouillon/ProRob/install/package_master/share/package_master/hook/ament_prefix_path.dsv'
[0.906s] INFO:colcon.colcon_core.shell:Creating environment hook '/home/rouillon/ProRob/install/package_master/share/package_master/hook/ament_prefix_path.sh'
[0.909s] INFO:colcon.colcon_core.shell:Skip shell extension 'powershell' for command environment: Not usable outside of PowerShell
[0.909s] DEBUG:colcon.colcon_core.shell:Skip shell extension 'dsv' for command environment
[0.918s] INFO:colcon.colcon_ros.task.ament_cmake.build:Building ROS package in '/home/rouillon/ProRob/src/package_master_interfaces' with build type 'ament_cmake'
[0.918s] INFO:colcon.colcon_cmake.task.cmake.build:Building CMake package in '/home/rouillon/ProRob/src/package_master_interfaces'
[0.919s] INFO:colcon.colcon_core.shell:Skip shell extension 'powershell' for command environment: Not usable outside of PowerShell
[0.919s] DEBUG:colcon.colcon_core.shell:Skip shell extension 'dsv' for command environment
[0.938s] INFO:colcon.colcon_ros.task.ament_python.build:Building ROS package in '/home/rouillon/ProRob/src/py_srvcli' with build type 'ament_python'
[0.938s] Level 1:colcon.colcon_core.shell:create_environment_hook('py_srvcli', 'ament_prefix_path')
[0.940s] INFO:colcon.colcon_core.shell:Creating environment hook '/home/rouillon/ProRob/install/py_srvcli/share/py_srvcli/hook/ament_prefix_path.ps1'
[0.945s] INFO:colcon.colcon_core.shell:Creating environment descriptor '/home/rouillon/ProRob/install/py_srvcli/share/py_srvcli/hook/ament_prefix_path.dsv'
[0.946s] INFO:colcon.colcon_core.shell:Creating environment hook '/home/rouillon/ProRob/install/py_srvcli/share/py_srvcli/hook/ament_prefix_path.sh'
[0.948s] INFO:colcon.colcon_core.shell:Skip shell extension 'powershell' for command environment: Not usable outside of PowerShell
[0.948s] DEBUG:colcon.colcon_core.shell:Skip shell extension 'dsv' for command environment
[1.774s] INFO:colcon.colcon_core.task.python.build:Building Python package in '/home/rouillon/ProRob/src/package_master'
[1.775s] INFO:colcon.colcon_core.shell:Skip shell extension 'powershell' for command environment: Not usable outside of PowerShell
[1.776s] DEBUG:colcon.colcon_core.shell:Skip shell extension 'dsv' for command environment
[1.805s] DEBUG:colcon.colcon_core.event_handler.log_command:Invoking command in '/home/rouillon/ProRob/build/package_master_interfaces': CMAKE_PREFIX_PATH=${CMAKE_PREFIX_PATH}:/opt/ros/humble:/home/rouillon/ProRob/install/py_srvcli:/home/rouillon/ProRob/install/package_master /usr/bin/cmake --build /home/rouillon/ProRob/build/package_master_interfaces -- -j4 -l4
[3.060s] INFO:colcon.colcon_core.task.python.build:Building Python package in '/home/rouillon/ProRob/src/py_srvcli'
[3.062s] INFO:colcon.colcon_core.shell:Skip shell extension 'powershell' for command environment: Not usable outside of PowerShell
[3.062s] DEBUG:colcon.colcon_core.shell:Skip shell extension 'dsv' for command environment
[3.287s] DEBUG:colcon.colcon_core.event_handler.log_command:Invoked command in '/home/rouillon/ProRob/build/package_master_interfaces' returned '0': CMAKE_PREFIX_PATH=${CMAKE_PREFIX_PATH}:/opt/ros/humble:/home/rouillon/ProRob/install/py_srvcli:/home/rouillon/ProRob/install/package_master /usr/bin/cmake --build /home/rouillon/ProRob/build/package_master_interfaces -- -j4 -l4
[3.320s] DEBUG:colcon.colcon_core.event_handler.log_command:Invoking command in '/home/rouillon/ProRob/build/package_master_interfaces': CMAKE_PREFIX_PATH=${CMAKE_PREFIX_PATH}:/opt/ros/humble:/home/rouillon/ProRob/install/py_srvcli:/home/rouillon/ProRob/install/package_master /usr/bin/cmake --install /home/rouillon/ProRob/build/package_master_interfaces
[3.598s] Level 1:colcon.colcon_core.environment:create_environment_scripts_only(package_master_interfaces)
[3.600s] DEBUG:colcon.colcon_core.event_handler.log_command:Invoked command in '/home/rouillon/ProRob/build/package_master_interfaces' returned '0': CMAKE_PREFIX_PATH=${CMAKE_PREFIX_PATH}:/opt/ros/humble:/home/rouillon/ProRob/install/py_srvcli:/home/rouillon/ProRob/install/package_master /usr/bin/cmake --install /home/rouillon/ProRob/build/package_master_interfaces
[3.610s] Level 1:colcon.colcon_core.environment:checking '/home/rouillon/ProRob/install/package_master_interfaces' for CMake module files
[3.613s] Level 1:colcon.colcon_core.environment:checking '/home/rouillon/ProRob/install/package_master_interfaces' for CMake config files
[3.614s] Level 1:colcon.colcon_core.shell:create_environment_hook('package_master_interfaces', 'cmake_prefix_path')
[3.615s] INFO:colcon.colcon_core.shell:Creating environment hook '/home/rouillon/ProRob/install/package_master_interfaces/share/package_master_interfaces/hook/cmake_prefix_path.ps1'
[3.616s] INFO:colcon.colcon_core.shell:Creating environment descriptor '/home/rouillon/ProRob/install/package_master_interfaces/share/package_master_interfaces/hook/cmake_prefix_path.dsv'
[3.617s] INFO:colcon.colcon_core.shell:Creating environment hook '/home/rouillon/ProRob/install/package_master_interfaces/share/package_master_interfaces/hook/cmake_prefix_path.sh'
[3.620s] Level 1:colcon.colcon_core.environment:checking '/home/rouillon/ProRob/install/package_master_interfaces/lib'
[3.621s] Level 1:colcon.colcon_core.shell:create_environment_hook('package_master_interfaces', 'ld_library_path_lib')
[3.622s] INFO:colcon.colcon_core.shell:Creating environment hook '/home/rouillon/ProRob/install/package_master_interfaces/share/package_master_interfaces/hook/ld_library_path_lib.ps1'
[3.624s] INFO:colcon.colcon_core.shell:Creating environment descriptor '/home/rouillon/ProRob/install/package_master_interfaces/share/package_master_interfaces/hook/ld_library_path_lib.dsv'
[3.625s] INFO:colcon.colcon_core.shell:Creating environment hook '/home/rouillon/ProRob/install/package_master_interfaces/share/package_master_interfaces/hook/ld_library_path_lib.sh'
[3.626s] Level 1:colcon.colcon_core.environment:checking '/home/rouillon/ProRob/install/package_master_interfaces/bin'
[3.626s] Level 1:colcon.colcon_core.environment:checking '/home/rouillon/ProRob/install/package_master_interfaces/lib/pkgconfig/package_master_interfaces.pc'
[3.627s] Level 1:colcon.colcon_core.environment:checking '/home/rouillon/ProRob/install/package_master_interfaces/lib/python3.10/site-packages'
[3.628s] Level 1:colcon.colcon_core.environment:checking '/home/rouillon/ProRob/install/package_master_interfaces/bin'
[3.629s] INFO:colcon.colcon_core.shell:Creating package script '/home/rouillon/ProRob/install/package_master_interfaces/share/package_master_interfaces/package.ps1'
[3.633s] INFO:colcon.colcon_core.shell:Creating package descriptor '/home/rouillon/ProRob/install/package_master_interfaces/share/package_master_interfaces/package.dsv'
[3.635s] INFO:colcon.colcon_core.shell:Creating package script '/home/rouillon/ProRob/install/package_master_interfaces/share/package_master_interfaces/package.sh'
[3.638s] INFO:colcon.colcon_core.shell:Creating package script '/home/rouillon/ProRob/install/package_master_interfaces/share/package_master_interfaces/package.bash'
[3.641s] INFO:colcon.colcon_core.shell:Creating package script '/home/rouillon/ProRob/install/package_master_interfaces/share/package_master_interfaces/package.zsh'
[3.645s] Level 1:colcon.colcon_core.environment:create_file_with_runtime_dependencies(/home/rouillon/ProRob/install/package_master_interfaces/share/colcon-core/packages/package_master_interfaces)
[3.648s] Level 1:colcon.colcon_core.environment:create_environment_scripts_only(package_master_interfaces)
[3.649s] Level 1:colcon.colcon_core.environment:checking '/home/rouillon/ProRob/install/package_master_interfaces' for CMake module files
[3.652s] Level 1:colcon.colcon_core.environment:checking '/home/rouillon/ProRob/install/package_master_interfaces' for CMake config files
[3.653s] Level 1:colcon.colcon_core.shell:create_environment_hook('package_master_interfaces', 'cmake_prefix_path')
[3.653s] INFO:colcon.colcon_core.shell:Creating environment hook '/home/rouillon/ProRob/install/package_master_interfaces/share/package_master_interfaces/hook/cmake_prefix_path.ps1'
[3.655s] INFO:colcon.colcon_core.shell:Creating environment descriptor '/home/rouillon/ProRob/install/package_master_interfaces/share/package_master_interfaces/hook/cmake_prefix_path.dsv'
[3.656s] INFO:colcon.colcon_core.shell:Creating environment hook '/home/rouillon/ProRob/install/package_master_interfaces/share/package_master_interfaces/hook/cmake_prefix_path.sh'
[3.658s] Level 1:colcon.colcon_core.environment:checking '/home/rouillon/ProRob/install/package_master_interfaces/lib'
[3.658s] Level 1:colcon.colcon_core.shell:create_environment_hook('package_master_interfaces', 'ld_library_path_lib')
[3.662s] INFO:colcon.colcon_core.shell:Creating environment hook '/home/rouillon/ProRob/install/package_master_interfaces/share/package_master_interfaces/hook/ld_library_path_lib.ps1'
[3.664s] INFO:colcon.colcon_core.shell:Creating environment descriptor '/home/rouillon/ProRob/install/package_master_interfaces/share/package_master_interfaces/hook/ld_library_path_lib.dsv'
[3.665s] INFO:colcon.colcon_core.shell:Creating environment hook '/home/rouillon/ProRob/install/package_master_interfaces/share/package_master_interfaces/hook/ld_library_path_lib.sh'
[3.669s] Level 1:colcon.colcon_core.environment:checking '/home/rouillon/ProRob/install/package_master_interfaces/bin'
[3.669s] Level 1:colcon.colcon_core.environment:checking '/home/rouillon/ProRob/install/package_master_interfaces/lib/pkgconfig/package_master_interfaces.pc'
[3.670s] Level 1:colcon.colcon_core.environment:checking '/home/rouillon/ProRob/install/package_master_interfaces/lib/python3.10/site-packages'
[3.671s] Level 1:colcon.colcon_core.environment:checking '/home/rouillon/ProRob/install/package_master_interfaces/bin'
[3.675s] INFO:colcon.colcon_core.shell:Creating package script '/home/rouillon/ProRob/install/package_master_interfaces/share/package_master_interfaces/package.ps1'
[3.680s] INFO:colcon.colcon_core.shell:Creating package descriptor '/home/rouillon/ProRob/install/package_master_interfaces/share/package_master_interfaces/package.dsv'
[3.682s] INFO:colcon.colcon_core.shell:Creating package script '/home/rouillon/ProRob/install/package_master_interfaces/share/package_master_interfaces/package.sh'
[3.685s] INFO:colcon.colcon_core.shell:Creating package script '/home/rouillon/ProRob/install/package_master_interfaces/share/package_master_interfaces/package.bash'
[3.687s] INFO:colcon.colcon_core.shell:Creating package script '/home/rouillon/ProRob/install/package_master_interfaces/share/package_master_interfaces/package.zsh'
[3.689s] Level 1:colcon.colcon_core.environment:create_file_with_runtime_dependencies(/home/rouillon/ProRob/install/package_master_interfaces/share/colcon-core/packages/package_master_interfaces)
[4.437s] DEBUG:colcon.colcon_core.event_handler.log_command:Invoking command in '/home/rouillon/ProRob/src/package_master': PYTHONPATH=/home/rouillon/ProRob/build/package_master/prefix_override:/usr/lib/python3/dist-packages/colcon_core/task/python/colcon_distutils_commands:/home/rouillon/ProRob/install/package_master/lib/python3.10/site-packages:${PYTHONPATH} /usr/bin/python3 -W ignore:setup.py install is deprecated -W ignore:easy_install command is deprecated setup.py egg_info --egg-base ../../build/package_master build --build-base /home/rouillon/ProRob/build/package_master/build install --record /home/rouillon/ProRob/build/package_master/install.log --single-version-externally-managed install_data
[4.495s] DEBUG:colcon.colcon_core.event_handler.log_command:Invoking command in '/home/rouillon/ProRob/src/py_srvcli': PYTHONPATH=/home/rouillon/ProRob/build/py_srvcli/prefix_override:/usr/lib/python3/dist-packages/colcon_core/task/python/colcon_distutils_commands:/home/rouillon/ProRob/install/py_srvcli/lib/python3.10/site-packages:${PYTHONPATH} /usr/bin/python3 -W ignore:setup.py install is deprecated -W ignore:easy_install command is deprecated setup.py egg_info --egg-base ../../build/py_srvcli build --build-base /home/rouillon/ProRob/build/py_srvcli/build install --record /home/rouillon/ProRob/build/py_srvcli/install.log --single-version-externally-managed install_data
[6.680s] Level 1:colcon.colcon_core.environment:checking '/home/rouillon/ProRob/install/py_srvcli' for CMake module files
[6.683s] DEBUG:colcon.colcon_core.event_handler.log_command:Invoked command in '/home/rouillon/ProRob/src/py_srvcli' returned '0': PYTHONPATH=/home/rouillon/ProRob/build/py_srvcli/prefix_override:/usr/lib/python3/dist-packages/colcon_core/task/python/colcon_distutils_commands:/home/rouillon/ProRob/install/py_srvcli/lib/python3.10/site-packages:${PYTHONPATH} /usr/bin/python3 -W ignore:setup.py install is deprecated -W ignore:easy_install command is deprecated setup.py egg_info --egg-base ../../build/py_srvcli build --build-base /home/rouillon/ProRob/build/py_srvcli/build install --record /home/rouillon/ProRob/build/py_srvcli/install.log --single-version-externally-managed install_data
[6.685s] Level 1:colcon.colcon_core.environment:checking '/home/rouillon/ProRob/install/py_srvcli' for CMake config files
[6.688s] Level 1:colcon.colcon_core.environment:checking '/home/rouillon/ProRob/install/py_srvcli/lib'
[6.688s] Level 1:colcon.colcon_core.environment:checking '/home/rouillon/ProRob/install/py_srvcli/bin'
[6.689s] Level 1:colcon.colcon_core.environment:checking '/home/rouillon/ProRob/install/py_srvcli/lib/pkgconfig/py_srvcli.pc'
[6.690s] Level 1:colcon.colcon_core.environment:checking '/home/rouillon/ProRob/install/py_srvcli/lib/python3.10/site-packages'
[6.691s] Level 1:colcon.colcon_core.shell:create_environment_hook('py_srvcli', 'pythonpath')
[6.692s] INFO:colcon.colcon_core.shell:Creating environment hook '/home/rouillon/ProRob/install/py_srvcli/share/py_srvcli/hook/pythonpath.ps1'
[6.694s] INFO:colcon.colcon_core.shell:Creating environment descriptor '/home/rouillon/ProRob/install/py_srvcli/share/py_srvcli/hook/pythonpath.dsv'
[6.696s] INFO:colcon.colcon_core.shell:Creating environment hook '/home/rouillon/ProRob/install/py_srvcli/share/py_srvcli/hook/pythonpath.sh'
[6.699s] Level 1:colcon.colcon_core.environment:checking '/home/rouillon/ProRob/install/py_srvcli/bin'
[6.699s] Level 1:colcon.colcon_core.environment:create_environment_scripts_only(py_srvcli)
[6.701s] INFO:colcon.colcon_core.shell:Creating package script '/home/rouillon/ProRob/install/py_srvcli/share/py_srvcli/package.ps1'
[6.703s] INFO:colcon.colcon_core.shell:Creating package descriptor '/home/rouillon/ProRob/install/py_srvcli/share/py_srvcli/package.dsv'
[6.705s] INFO:colcon.colcon_core.shell:Creating package script '/home/rouillon/ProRob/install/py_srvcli/share/py_srvcli/package.sh'
[6.708s] INFO:colcon.colcon_core.shell:Creating package script '/home/rouillon/ProRob/install/py_srvcli/share/py_srvcli/package.bash'
[6.710s] INFO:colcon.colcon_core.shell:Creating package script '/home/rouillon/ProRob/install/py_srvcli/share/py_srvcli/package.zsh'
[6.712s] Level 1:colcon.colcon_core.environment:create_file_with_runtime_dependencies(/home/rouillon/ProRob/install/py_srvcli/share/colcon-core/packages/py_srvcli)
[6.719s] Level 1:colcon.colcon_core.environment:checking '/home/rouillon/ProRob/install/package_master' for CMake module files
[6.724s] DEBUG:colcon.colcon_core.event_handler.log_command:Invoked command in '/home/rouillon/ProRob/src/package_master' returned '0': PYTHONPATH=/home/rouillon/ProRob/build/package_master/prefix_override:/usr/lib/python3/dist-packages/colcon_core/task/python/colcon_distutils_commands:/home/rouillon/ProRob/install/package_master/lib/python3.10/site-packages:${PYTHONPATH} /usr/bin/python3 -W ignore:setup.py install is deprecated -W ignore:easy_install command is deprecated setup.py egg_info --egg-base ../../build/package_master build --build-base /home/rouillon/ProRob/build/package_master/build install --record /home/rouillon/ProRob/build/package_master/install.log --single-version-externally-managed install_data
[6.725s] Level 1:colcon.colcon_core.environment:checking '/home/rouillon/ProRob/install/package_master' for CMake config files
[6.727s] Level 1:colcon.colcon_core.environment:checking '/home/rouillon/ProRob/install/package_master/lib'
[6.727s] Level 1:colcon.colcon_core.environment:checking '/home/rouillon/ProRob/install/package_master/bin'
[6.727s] Level 1:colcon.colcon_core.environment:checking '/home/rouillon/ProRob/install/package_master/lib/pkgconfig/package_master.pc'
[6.729s] Level 1:colcon.colcon_core.environment:checking '/home/rouillon/ProRob/install/package_master/lib/python3.10/site-packages'
[6.729s] Level 1:colcon.colcon_core.shell:create_environment_hook('package_master', 'pythonpath')
[6.731s] INFO:colcon.colcon_core.shell:Creating environment hook '/home/rouillon/ProRob/install/package_master/share/package_master/hook/pythonpath.ps1'
[6.733s] INFO:colcon.colcon_core.shell:Creating environment descriptor '/home/rouillon/ProRob/install/package_master/share/package_master/hook/pythonpath.dsv'
[6.736s] INFO:colcon.colcon_core.shell:Creating environment hook '/home/rouillon/ProRob/install/package_master/share/package_master/hook/pythonpath.sh'
[6.740s] Level 1:colcon.colcon_core.environment:checking '/home/rouillon/ProRob/install/package_master/bin'
[6.741s] Level 1:colcon.colcon_core.environment:create_environment_scripts_only(package_master)
[6.744s] INFO:colcon.colcon_core.shell:Creating package script '/home/rouillon/ProRob/install/package_master/share/package_master/package.ps1'
[6.747s] INFO:colcon.colcon_core.shell:Creating package descriptor '/home/rouillon/ProRob/install/package_master/share/package_master/package.dsv'
[6.750s] INFO:colcon.colcon_core.shell:Creating package script '/home/rouillon/ProRob/install/package_master/share/package_master/package.sh'
[6.753s] INFO:colcon.colcon_core.shell:Creating package script '/home/rouillon/ProRob/install/package_master/share/package_master/package.bash'
[6.756s] INFO:colcon.colcon_core.shell:Creating package script '/home/rouillon/ProRob/install/package_master/share/package_master/package.zsh'
[6.761s] Level 1:colcon.colcon_core.environment:create_file_with_runtime_dependencies(/home/rouillon/ProRob/install/package_master/share/colcon-core/packages/package_master)
[6.763s] DEBUG:colcon.colcon_parallel_executor.executor.parallel:closing loop
[6.764s] DEBUG:colcon.colcon_parallel_executor.executor.parallel:loop closed
[6.764s] DEBUG:colcon.colcon_parallel_executor.executor.parallel:run_until_complete finished with '0'
[6.765s] DEBUG:colcon.colcon_core.event_reactor:joining thread
[6.806s] INFO:colcon.colcon_core.plugin_system:Skipping extension 'colcon_notification.desktop_notification.terminal_notifier': Not used on non-Darwin systems
[6.806s] INFO:colcon.colcon_core.plugin_system:Skipping extension 'colcon_notification.desktop_notification.win32': Not used on non-Windows systems
[6.806s] INFO:colcon.colcon_notification.desktop_notification:Sending desktop notification using 'notify2'
[6.869s] DEBUG:colcon.colcon_core.event_reactor:joined thread
[6.871s] INFO:colcon.colcon_core.shell:Creating prefix script '/home/rouillon/ProRob/install/local_setup.ps1'
[6.876s] INFO:colcon.colcon_core.shell:Creating prefix util module '/home/rouillon/ProRob/install/_local_setup_util_ps1.py'
[6.886s] INFO:colcon.colcon_core.shell:Creating prefix chain script '/home/rouillon/ProRob/install/setup.ps1'
[6.893s] INFO:colcon.colcon_core.shell:Creating prefix script '/home/rouillon/ProRob/install/local_setup.sh'
[6.899s] INFO:colcon.colcon_core.shell:Creating prefix util module '/home/rouillon/ProRob/install/_local_setup_util_sh.py'
[6.910s] INFO:colcon.colcon_core.shell:Creating prefix chain script '/home/rouillon/ProRob/install/setup.sh'
[6.921s] INFO:colcon.colcon_core.shell:Creating prefix script '/home/rouillon/ProRob/install/local_setup.bash'
[6.925s] INFO:colcon.colcon_core.shell:Creating prefix chain script '/home/rouillon/ProRob/install/setup.bash'
[6.932s] INFO:colcon.colcon_core.shell:Creating prefix script '/home/rouillon/ProRob/install/local_setup.zsh'
[6.935s] INFO:colcon.colcon_core.shell:Creating prefix chain script '/home/rouillon/ProRob/install/setup.zsh'
