[0.964s] Invoking command in '/home/fabian/ProRob/ProRob/src/package_master': PYTHONPATH=/home/fabian/ProRob/ProRob/build/package_master/prefix_override:/usr/lib/python3/dist-packages/colcon_core/task/python/colcon_distutils_commands:/home/fabian/ProRob/ProRob/install/package_master/lib/python3.10/site-packages:${PYTHONPATH} /usr/bin/python3 -W ignore:setup.py install is deprecated -W ignore:easy_install command is deprecated setup.py egg_info --egg-base ../../build/package_master build --build-base /home/fabian/ProRob/ProRob/build/package_master/build install --record /home/fabian/ProRob/ProRob/build/package_master/install.log --single-version-externally-managed install_data
[1.207s] running egg_info
[1.212s] writing ../../build/package_master/package_master.egg-info/PKG-INFO
[1.212s] writing dependency_links to ../../build/package_master/package_master.egg-info/dependency_links.txt
[1.212s] writing entry points to ../../build/package_master/package_master.egg-info/entry_points.txt
[1.212s] writing requirements to ../../build/package_master/package_master.egg-info/requires.txt
[1.213s] writing top-level names to ../../build/package_master/package_master.egg-info/top_level.txt
[1.214s] reading manifest file '../../build/package_master/package_master.egg-info/SOURCES.txt'
[1.215s] writing manifest file '../../build/package_master/package_master.egg-info/SOURCES.txt'
[1.215s] running build
[1.215s] running build_py
[1.215s] running install
[1.216s] running install_lib
[1.217s] running install_data
[1.217s] running install_egg_info
[1.218s] removing '/home/fabian/ProRob/ProRob/install/package_master/lib/python3.10/site-packages/package_master-0.0.0-py3.10.egg-info' (and everything under it)
[1.219s] Copying ../../build/package_master/package_master.egg-info to /home/fabian/ProRob/ProRob/install/package_master/lib/python3.10/site-packages/package_master-0.0.0-py3.10.egg-info
[1.220s] running install_scripts
[1.237s] Installing client script to /home/fabian/ProRob/ProRob/install/package_master/lib/package_master
[1.237s] Installing client_drone script to /home/fabian/ProRob/ProRob/install/package_master/lib/package_master
[1.237s] Installing client_tb script to /home/fabian/ProRob/ProRob/install/package_master/lib/package_master
[1.237s] Installing service_drone script to /home/fabian/ProRob/ProRob/install/package_master/lib/package_master
[1.238s] Installing service_tb script to /home/fabian/ProRob/ProRob/install/package_master/lib/package_master
[1.238s] Installing service_test script to /home/fabian/ProRob/ProRob/install/package_master/lib/package_master
[1.238s] writing list of installed files to '/home/fabian/ProRob/ProRob/build/package_master/install.log'
[1.272s] Invoked command in '/home/fabian/ProRob/ProRob/src/package_master' returned '0': PYTHONPATH=/home/fabian/ProRob/ProRob/build/package_master/prefix_override:/usr/lib/python3/dist-packages/colcon_core/task/python/colcon_distutils_commands:/home/fabian/ProRob/ProRob/install/package_master/lib/python3.10/site-packages:${PYTHONPATH} /usr/bin/python3 -W ignore:setup.py install is deprecated -W ignore:easy_install command is deprecated setup.py egg_info --egg-base ../../build/package_master build --build-base /home/fabian/ProRob/ProRob/build/package_master/build install --record /home/fabian/ProRob/ProRob/build/package_master/install.log --single-version-externally-managed install_data
