[0.087s] DEBUG:colcon:Command line arguments: ['/usr/bin/colcon', 'build']
[0.087s] DEBUG:colcon:Parsed command line arguments: Namespace(log_base=None, log_level=None, verb_name='build', build_base='build', install_base='install', merge_install=False, symlink_install=False, test_result_base=None, continue_on_error=False, executor='parallel', parallel_workers=12, event_handlers=None, ignore_user_meta=False, metas=['./colcon.meta'], base_paths=['.'], packages_ignore=None, packages_ignore_regex=None, paths=None, packages_up_to=None, packages_up_to_regex=None, packages_above=None, packages_above_and_dependencies=None, packages_above_depth=None, packages_select_by_dep=None, packages_skip_by_dep=None, packages_skip_up_to=None, packages_select_build_failed=False, packages_skip_build_finished=False, packages_select_test_failures=False, packages_skip_test_passed=False, packages_select=None, packages_skip=None, packages_select_regex=None, packages_skip_regex=None, packages_start=None, packages_end=None, allow_overriding=[], cmake_args=None, cmake_target=None, cmake_target_skip_unavailable=False, cmake_clean_cache=False, cmake_clean_first=False, cmake_force_configure=False, ament_cmake_args=None, catkin_cmake_args=None, catkin_skip_building_tests=False, mixin_files=None, mixin=None, verb_parser=<colcon_mixin.mixin.mixin_argument.MixinArgumentDecorator object at 0x76d865ab9f60>, verb_extension=<colcon_core.verb.build.BuildVerb object at 0x76d865bab550>, main=<bound method BuildVerb.main of <colcon_core.verb.build.BuildVerb object at 0x76d865bab550>>, mixin_verb=('build',))
[0.280s] Level 1:colcon.colcon_core.package_discovery:discover_packages(colcon_meta) check parameters
[0.280s] Level 1:colcon.colcon_core.package_discovery:discover_packages(recursive) check parameters
[0.280s] Level 1:colcon.colcon_core.package_discovery:discover_packages(ignore) check parameters
[0.280s] Level 1:colcon.colcon_core.package_discovery:discover_packages(path) check parameters
[0.280s] Level 1:colcon.colcon_core.package_discovery:discover_packages(colcon_meta) discover
[0.280s] Level 1:colcon.colcon_core.package_discovery:discover_packages(recursive) discover
[0.280s] INFO:colcon.colcon_core.package_discovery:Crawling recursively for packages in '/home/fabian/ProRob/ProRob'
[0.280s] Level 1:colcon.colcon_core.package_identification:_identify(.) by extensions ['ignore', 'ignore_ament_install']
[0.280s] Level 1:colcon.colcon_core.package_identification:_identify(.) by extension 'ignore'
[0.281s] Level 1:colcon.colcon_core.package_identification:_identify(.) by extension 'ignore_ament_install'
[0.281s] Level 1:colcon.colcon_core.package_identification:_identify(.) by extensions ['colcon_pkg']
[0.281s] Level 1:colcon.colcon_core.package_identification:_identify(.) by extension 'colcon_pkg'
[0.281s] Level 1:colcon.colcon_core.package_identification:_identify(.) by extensions ['colcon_meta']
[0.281s] Level 1:colcon.colcon_core.package_identification:_identify(.) by extension 'colcon_meta'
[0.281s] Level 1:colcon.colcon_core.package_identification:_identify(.) by extensions ['ros']
[0.281s] Level 1:colcon.colcon_core.package_identification:_identify(.) by extension 'ros'
[0.296s] Level 1:colcon.colcon_core.package_identification:_identify(.) by extensions ['cmake', 'python']
[0.296s] Level 1:colcon.colcon_core.package_identification:_identify(.) by extension 'cmake'
[0.296s] Level 1:colcon.colcon_core.package_identification:_identify(.) by extension 'python'
[0.296s] Level 1:colcon.colcon_core.package_identification:_identify(.) by extensions ['python_setup_py']
[0.296s] Level 1:colcon.colcon_core.package_identification:_identify(.) by extension 'python_setup_py'
[0.296s] Level 1:colcon.colcon_core.package_identification:_identify(build) by extensions ['ignore', 'ignore_ament_install']
[0.296s] Level 1:colcon.colcon_core.package_identification:_identify(build) by extension 'ignore'
[0.296s] Level 1:colcon.colcon_core.package_identification:_identify(build) ignored
[0.296s] Level 1:colcon.colcon_core.package_identification:_identify(install) by extensions ['ignore', 'ignore_ament_install']
[0.296s] Level 1:colcon.colcon_core.package_identification:_identify(install) by extension 'ignore'
[0.296s] Level 1:colcon.colcon_core.package_identification:_identify(install) ignored
[0.297s] Level 1:colcon.colcon_core.package_identification:_identify(log) by extensions ['ignore', 'ignore_ament_install']
[0.297s] Level 1:colcon.colcon_core.package_identification:_identify(log) by extension 'ignore'
[0.297s] Level 1:colcon.colcon_core.package_identification:_identify(log) ignored
[0.297s] Level 1:colcon.colcon_core.package_identification:_identify(src) by extensions ['ignore', 'ignore_ament_install']
[0.297s] Level 1:colcon.colcon_core.package_identification:_identify(src) by extension 'ignore'
[0.297s] Level 1:colcon.colcon_core.package_identification:_identify(src) by extension 'ignore_ament_install'
[0.297s] Level 1:colcon.colcon_core.package_identification:_identify(src) by extensions ['colcon_pkg']
[0.297s] Level 1:colcon.colcon_core.package_identification:_identify(src) by extension 'colcon_pkg'
[0.297s] Level 1:colcon.colcon_core.package_identification:_identify(src) by extensions ['colcon_meta']
[0.297s] Level 1:colcon.colcon_core.package_identification:_identify(src) by extension 'colcon_meta'
[0.297s] Level 1:colcon.colcon_core.package_identification:_identify(src) by extensions ['ros']
[0.297s] Level 1:colcon.colcon_core.package_identification:_identify(src) by extension 'ros'
[0.297s] Level 1:colcon.colcon_core.package_identification:_identify(src) by extensions ['cmake', 'python']
[0.297s] Level 1:colcon.colcon_core.package_identification:_identify(src) by extension 'cmake'
[0.297s] Level 1:colcon.colcon_core.package_identification:_identify(src) by extension 'python'
[0.297s] Level 1:colcon.colcon_core.package_identification:_identify(src) by extensions ['python_setup_py']
[0.297s] Level 1:colcon.colcon_core.package_identification:_identify(src) by extension 'python_setup_py'
[0.297s] Level 1:colcon.colcon_core.package_identification:_identify(src/package_master) by extensions ['ignore', 'ignore_ament_install']
[0.297s] Level 1:colcon.colcon_core.package_identification:_identify(src/package_master) by extension 'ignore'
[0.297s] Level 1:colcon.colcon_core.package_identification:_identify(src/package_master) by extension 'ignore_ament_install'
[0.297s] Level 1:colcon.colcon_core.package_identification:_identify(src/package_master) by extensions ['colcon_pkg']
[0.297s] Level 1:colcon.colcon_core.package_identification:_identify(src/package_master) by extension 'colcon_pkg'
[0.297s] Level 1:colcon.colcon_core.package_identification:_identify(src/package_master) by extensions ['colcon_meta']
[0.297s] Level 1:colcon.colcon_core.package_identification:_identify(src/package_master) by extension 'colcon_meta'
[0.297s] Level 1:colcon.colcon_core.package_identification:_identify(src/package_master) by extensions ['ros']
[0.297s] Level 1:colcon.colcon_core.package_identification:_identify(src/package_master) by extension 'ros'
[0.300s] DEBUG:colcon.colcon_core.package_identification:Package 'src/package_master' with type 'ros.ament_python' and name 'package_master'
[0.300s] Level 1:colcon.colcon_core.package_identification:_identify(src/package_master_interfaces) by extensions ['ignore', 'ignore_ament_install']
[0.300s] Level 1:colcon.colcon_core.package_identification:_identify(src/package_master_interfaces) by extension 'ignore'
[0.300s] Level 1:colcon.colcon_core.package_identification:_identify(src/package_master_interfaces) by extension 'ignore_ament_install'
[0.300s] Level 1:colcon.colcon_core.package_identification:_identify(src/package_master_interfaces) by extensions ['colcon_pkg']
[0.300s] Level 1:colcon.colcon_core.package_identification:_identify(src/package_master_interfaces) by extension 'colcon_pkg'
[0.300s] Level 1:colcon.colcon_core.package_identification:_identify(src/package_master_interfaces) by extensions ['colcon_meta']
[0.300s] Level 1:colcon.colcon_core.package_identification:_identify(src/package_master_interfaces) by extension 'colcon_meta'
[0.300s] Level 1:colcon.colcon_core.package_identification:_identify(src/package_master_interfaces) by extensions ['ros']
[0.300s] Level 1:colcon.colcon_core.package_identification:_identify(src/package_master_interfaces) by extension 'ros'
[0.300s] DEBUG:colcon.colcon_core.package_identification:Package 'src/package_master_interfaces' with type 'ros.ament_cmake' and name 'package_master_interfaces'
[0.301s] Level 1:colcon.colcon_core.package_identification:_identify(src/py_srvcli) by extensions ['ignore', 'ignore_ament_install']
[0.301s] Level 1:colcon.colcon_core.package_identification:_identify(src/py_srvcli) by extension 'ignore'
[0.301s] Level 1:colcon.colcon_core.package_identification:_identify(src/py_srvcli) by extension 'ignore_ament_install'
[0.301s] Level 1:colcon.colcon_core.package_identification:_identify(src/py_srvcli) by extensions ['colcon_pkg']
[0.301s] Level 1:colcon.colcon_core.package_identification:_identify(src/py_srvcli) by extension 'colcon_pkg'
[0.301s] Level 1:colcon.colcon_core.package_identification:_identify(src/py_srvcli) by extensions ['colcon_meta']
[0.301s] Level 1:colcon.colcon_core.package_identification:_identify(src/py_srvcli) by extension 'colcon_meta'
[0.301s] Level 1:colcon.colcon_core.package_identification:_identify(src/py_srvcli) by extensions ['ros']
[0.301s] Level 1:colcon.colcon_core.package_identification:_identify(src/py_srvcli) by extension 'ros'
[0.301s] DEBUG:colcon.colcon_core.package_identification:Package 'src/py_srvcli' with type 'ros.ament_python' and name 'py_srvcli'
[0.301s] Level 1:colcon.colcon_core.package_discovery:discover_packages(recursive) using defaults
[0.301s] Level 1:colcon.colcon_core.package_discovery:discover_packages(ignore) discover
[0.301s] Level 1:colcon.colcon_core.package_discovery:discover_packages(ignore) using defaults
[0.301s] Level 1:colcon.colcon_core.package_discovery:discover_packages(path) discover
[0.301s] Level 1:colcon.colcon_core.package_discovery:discover_packages(path) using defaults
[0.316s] Level 1:colcon.colcon_core.package_discovery:discover_packages(prefix_path) check parameters
[0.316s] Level 1:colcon.colcon_core.package_discovery:discover_packages(prefix_path) discover
[0.317s] DEBUG:colcon.colcon_installed_package_information.package_discovery:Found 3 installed packages in /home/fabian/ProRob/ProRob/install
[0.318s] DEBUG:colcon.colcon_installed_package_information.package_discovery:Found 294 installed packages in /opt/ros/humble
[0.319s] Level 1:colcon.colcon_core.package_discovery:discover_packages(prefix_path) using defaults
[0.347s] Level 5:colcon.colcon_core.verb:set package 'package_master' build argument 'cmake_args' from command line to 'None'
[0.347s] Level 5:colcon.colcon_core.verb:set package 'package_master' build argument 'cmake_target' from command line to 'None'
[0.347s] Level 5:colcon.colcon_core.verb:set package 'package_master' build argument 'cmake_target_skip_unavailable' from command line to 'False'
[0.347s] Level 5:colcon.colcon_core.verb:set package 'package_master' build argument 'cmake_clean_cache' from command line to 'False'
[0.347s] Level 5:colcon.colcon_core.verb:set package 'package_master' build argument 'cmake_clean_first' from command line to 'False'
[0.347s] Level 5:colcon.colcon_core.verb:set package 'package_master' build argument 'cmake_force_configure' from command line to 'False'
[0.347s] Level 5:colcon.colcon_core.verb:set package 'package_master' build argument 'ament_cmake_args' from command line to 'None'
[0.347s] Level 5:colcon.colcon_core.verb:set package 'package_master' build argument 'catkin_cmake_args' from command line to 'None'
[0.347s] Level 5:colcon.colcon_core.verb:set package 'package_master' build argument 'catkin_skip_building_tests' from command line to 'False'
[0.347s] DEBUG:colcon.colcon_core.verb:Building package 'package_master' with the following arguments: {'ament_cmake_args': None, 'build_base': '/home/fabian/ProRob/ProRob/build/package_master', 'catkin_cmake_args': None, 'catkin_skip_building_tests': False, 'cmake_args': None, 'cmake_clean_cache': False, 'cmake_clean_first': False, 'cmake_force_configure': False, 'cmake_target': None, 'cmake_target_skip_unavailable': False, 'install_base': '/home/fabian/ProRob/ProRob/install/package_master', 'merge_install': False, 'path': '/home/fabian/ProRob/ProRob/src/package_master', 'symlink_install': False, 'test_result_base': None}
[0.347s] Level 5:colcon.colcon_core.verb:set package 'package_master_interfaces' build argument 'cmake_args' from command line to 'None'
[0.347s] Level 5:colcon.colcon_core.verb:set package 'package_master_interfaces' build argument 'cmake_target' from command line to 'None'
[0.348s] Level 5:colcon.colcon_core.verb:set package 'package_master_interfaces' build argument 'cmake_target_skip_unavailable' from command line to 'False'
[0.348s] Level 5:colcon.colcon_core.verb:set package 'package_master_interfaces' build argument 'cmake_clean_cache' from command line to 'False'
[0.348s] Level 5:colcon.colcon_core.verb:set package 'package_master_interfaces' build argument 'cmake_clean_first' from command line to 'False'
[0.348s] Level 5:colcon.colcon_core.verb:set package 'package_master_interfaces' build argument 'cmake_force_configure' from command line to 'False'
[0.348s] Level 5:colcon.colcon_core.verb:set package 'package_master_interfaces' build argument 'ament_cmake_args' from command line to 'None'
[0.348s] Level 5:colcon.colcon_core.verb:set package 'package_master_interfaces' build argument 'catkin_cmake_args' from command line to 'None'
[0.348s] Level 5:colcon.colcon_core.verb:set package 'package_master_interfaces' build argument 'catkin_skip_building_tests' from command line to 'False'
[0.348s] DEBUG:colcon.colcon_core.verb:Building package 'package_master_interfaces' with the following arguments: {'ament_cmake_args': None, 'build_base': '/home/fabian/ProRob/ProRob/build/package_master_interfaces', 'catkin_cmake_args': None, 'catkin_skip_building_tests': False, 'cmake_args': None, 'cmake_clean_cache': False, 'cmake_clean_first': False, 'cmake_force_configure': False, 'cmake_target': None, 'cmake_target_skip_unavailable': False, 'install_base': '/home/fabian/ProRob/ProRob/install/package_master_interfaces', 'merge_install': False, 'path': '/home/fabian/ProRob/ProRob/src/package_master_interfaces', 'symlink_install': False, 'test_result_base': None}
[0.348s] Level 5:colcon.colcon_core.verb:set package 'py_srvcli' build argument 'cmake_args' from command line to 'None'
[0.348s] Level 5:colcon.colcon_core.verb:set package 'py_srvcli' build argument 'cmake_target' from command line to 'None'
[0.348s] Level 5:colcon.colcon_core.verb:set package 'py_srvcli' build argument 'cmake_target_skip_unavailable' from command line to 'False'
[0.348s] Level 5:colcon.colcon_core.verb:set package 'py_srvcli' build argument 'cmake_clean_cache' from command line to 'False'
[0.348s] Level 5:colcon.colcon_core.verb:set package 'py_srvcli' build argument 'cmake_clean_first' from command line to 'False'
[0.348s] Level 5:colcon.colcon_core.verb:set package 'py_srvcli' build argument 'cmake_force_configure' from command line to 'False'
[0.348s] Level 5:colcon.colcon_core.verb:set package 'py_srvcli' build argument 'ament_cmake_args' from command line to 'None'
[0.348s] Level 5:colcon.colcon_core.verb:set package 'py_srvcli' build argument 'catkin_cmake_args' from command line to 'None'
[0.348s] Level 5:colcon.colcon_core.verb:set package 'py_srvcli' build argument 'catkin_skip_building_tests' from command line to 'False'
[0.348s] DEBUG:colcon.colcon_core.verb:Building package 'py_srvcli' with the following arguments: {'ament_cmake_args': None, 'build_base': '/home/fabian/ProRob/ProRob/build/py_srvcli', 'catkin_cmake_args': None, 'catkin_skip_building_tests': False, 'cmake_args': None, 'cmake_clean_cache': False, 'cmake_clean_first': False, 'cmake_force_configure': False, 'cmake_target': None, 'cmake_target_skip_unavailable': False, 'install_base': '/home/fabian/ProRob/ProRob/install/py_srvcli', 'merge_install': False, 'path': '/home/fabian/ProRob/ProRob/src/py_srvcli', 'symlink_install': False, 'test_result_base': None}
[0.348s] INFO:colcon.colcon_core.executor:Executing jobs using 'parallel' executor
[0.349s] DEBUG:colcon.colcon_parallel_executor.executor.parallel:run_until_complete
[0.349s] INFO:colcon.colcon_ros.task.ament_python.build:Building ROS package in '/home/fabian/ProRob/ProRob/src/package_master' with build type 'ament_python'
[0.349s] Level 1:colcon.colcon_core.shell:create_environment_hook('package_master', 'ament_prefix_path')
[0.351s] INFO:colcon.colcon_core.plugin_system:Skipping extension 'colcon_core.shell.bat': Not used on non-Windows systems
[0.351s] INFO:colcon.colcon_core.shell:Creating environment hook '/home/fabian/ProRob/ProRob/install/package_master/share/package_master/hook/ament_prefix_path.ps1'
[0.351s] INFO:colcon.colcon_core.shell:Creating environment descriptor '/home/fabian/ProRob/ProRob/install/package_master/share/package_master/hook/ament_prefix_path.dsv'
[0.352s] INFO:colcon.colcon_core.shell:Creating environment hook '/home/fabian/ProRob/ProRob/install/package_master/share/package_master/hook/ament_prefix_path.sh'
[0.352s] INFO:colcon.colcon_core.shell:Skip shell extension 'powershell' for command environment: Not usable outside of PowerShell
[0.352s] DEBUG:colcon.colcon_core.shell:Skip shell extension 'dsv' for command environment
[0.355s] INFO:colcon.colcon_ros.task.ament_cmake.build:Building ROS package in '/home/fabian/ProRob/ProRob/src/package_master_interfaces' with build type 'ament_cmake'
[0.355s] INFO:colcon.colcon_cmake.task.cmake.build:Building CMake package in '/home/fabian/ProRob/ProRob/src/package_master_interfaces'
[0.355s] INFO:colcon.colcon_core.shell:Skip shell extension 'powershell' for command environment: Not usable outside of PowerShell
[0.355s] DEBUG:colcon.colcon_core.shell:Skip shell extension 'dsv' for command environment
[0.357s] INFO:colcon.colcon_ros.task.ament_python.build:Building ROS package in '/home/fabian/ProRob/ProRob/src/py_srvcli' with build type 'ament_python'
[0.358s] Level 1:colcon.colcon_core.shell:create_environment_hook('py_srvcli', 'ament_prefix_path')
[0.358s] INFO:colcon.colcon_core.shell:Creating environment hook '/home/fabian/ProRob/ProRob/install/py_srvcli/share/py_srvcli/hook/ament_prefix_path.ps1'
[0.358s] INFO:colcon.colcon_core.shell:Creating environment descriptor '/home/fabian/ProRob/ProRob/install/py_srvcli/share/py_srvcli/hook/ament_prefix_path.dsv'
[0.358s] INFO:colcon.colcon_core.shell:Creating environment hook '/home/fabian/ProRob/ProRob/install/py_srvcli/share/py_srvcli/hook/ament_prefix_path.sh'
[0.359s] INFO:colcon.colcon_core.shell:Skip shell extension 'powershell' for command environment: Not usable outside of PowerShell
[0.359s] DEBUG:colcon.colcon_core.shell:Skip shell extension 'dsv' for command environment
[0.616s] INFO:colcon.colcon_core.task.python.build:Building Python package in '/home/fabian/ProRob/ProRob/src/package_master'
[0.616s] INFO:colcon.colcon_core.shell:Skip shell extension 'powershell' for command environment: Not usable outside of PowerShell
[0.617s] DEBUG:colcon.colcon_core.shell:Skip shell extension 'dsv' for command environment
[0.623s] DEBUG:colcon.colcon_core.event_handler.log_command:Invoking command in '/home/fabian/ProRob/ProRob/build/package_master_interfaces': CMAKE_PREFIX_PATH=${CMAKE_PREFIX_PATH}:/home/fabian/ProRob/ProRob/install/py_srvcli:/home/fabian/ProRob/ProRob/install/package_master:/opt/ros/humble /usr/bin/cmake --build /home/fabian/ProRob/ProRob/build/package_master_interfaces -- -j12 -l12
[0.893s] INFO:colcon.colcon_core.task.python.build:Building Python package in '/home/fabian/ProRob/ProRob/src/py_srvcli'
[0.893s] INFO:colcon.colcon_core.shell:Skip shell extension 'powershell' for command environment: Not usable outside of PowerShell
[0.893s] DEBUG:colcon.colcon_core.shell:Skip shell extension 'dsv' for command environment
[0.981s] DEBUG:colcon.colcon_core.event_handler.log_command:Invoked command in '/home/fabian/ProRob/ProRob/build/package_master_interfaces' returned '0': CMAKE_PREFIX_PATH=${CMAKE_PREFIX_PATH}:/home/fabian/ProRob/ProRob/install/py_srvcli:/home/fabian/ProRob/ProRob/install/package_master:/opt/ros/humble /usr/bin/cmake --build /home/fabian/ProRob/ProRob/build/package_master_interfaces -- -j12 -l12
[0.991s] DEBUG:colcon.colcon_core.event_handler.log_command:Invoking command in '/home/fabian/ProRob/ProRob/build/package_master_interfaces': CMAKE_PREFIX_PATH=${CMAKE_PREFIX_PATH}:/home/fabian/ProRob/ProRob/install/py_srvcli:/home/fabian/ProRob/ProRob/install/package_master:/opt/ros/humble /usr/bin/cmake --install /home/fabian/ProRob/ProRob/build/package_master_interfaces
[1.039s] Level 1:colcon.colcon_core.environment:create_environment_scripts_only(package_master_interfaces)
[1.040s] DEBUG:colcon.colcon_core.event_handler.log_command:Invoked command in '/home/fabian/ProRob/ProRob/build/package_master_interfaces' returned '0': CMAKE_PREFIX_PATH=${CMAKE_PREFIX_PATH}:/home/fabian/ProRob/ProRob/install/py_srvcli:/home/fabian/ProRob/ProRob/install/package_master:/opt/ros/humble /usr/bin/cmake --install /home/fabian/ProRob/ProRob/build/package_master_interfaces
[1.042s] Level 1:colcon.colcon_core.environment:checking '/home/fabian/ProRob/ProRob/install/package_master_interfaces' for CMake module files
[1.042s] Level 1:colcon.colcon_core.environment:checking '/home/fabian/ProRob/ProRob/install/package_master_interfaces' for CMake config files
[1.042s] Level 1:colcon.colcon_core.shell:create_environment_hook('package_master_interfaces', 'cmake_prefix_path')
[1.042s] INFO:colcon.colcon_core.shell:Creating environment hook '/home/fabian/ProRob/ProRob/install/package_master_interfaces/share/package_master_interfaces/hook/cmake_prefix_path.ps1'
[1.043s] INFO:colcon.colcon_core.shell:Creating environment descriptor '/home/fabian/ProRob/ProRob/install/package_master_interfaces/share/package_master_interfaces/hook/cmake_prefix_path.dsv'
[1.043s] INFO:colcon.colcon_core.shell:Creating environment hook '/home/fabian/ProRob/ProRob/install/package_master_interfaces/share/package_master_interfaces/hook/cmake_prefix_path.sh'
[1.044s] Level 1:colcon.colcon_core.environment:checking '/home/fabian/ProRob/ProRob/install/package_master_interfaces/lib'
[1.044s] Level 1:colcon.colcon_core.shell:create_environment_hook('package_master_interfaces', 'ld_library_path_lib')
[1.044s] INFO:colcon.colcon_core.shell:Creating environment hook '/home/fabian/ProRob/ProRob/install/package_master_interfaces/share/package_master_interfaces/hook/ld_library_path_lib.ps1'
[1.044s] INFO:colcon.colcon_core.shell:Creating environment descriptor '/home/fabian/ProRob/ProRob/install/package_master_interfaces/share/package_master_interfaces/hook/ld_library_path_lib.dsv'
[1.044s] INFO:colcon.colcon_core.shell:Creating environment hook '/home/fabian/ProRob/ProRob/install/package_master_interfaces/share/package_master_interfaces/hook/ld_library_path_lib.sh'
[1.045s] Level 1:colcon.colcon_core.environment:checking '/home/fabian/ProRob/ProRob/install/package_master_interfaces/bin'
[1.045s] Level 1:colcon.colcon_core.environment:checking '/home/fabian/ProRob/ProRob/install/package_master_interfaces/lib/pkgconfig/package_master_interfaces.pc'
[1.045s] Level 1:colcon.colcon_core.environment:checking '/home/fabian/ProRob/ProRob/install/package_master_interfaces/lib/python3.10/site-packages'
[1.045s] Level 1:colcon.colcon_core.environment:checking '/home/fabian/ProRob/ProRob/install/package_master_interfaces/bin'
[1.045s] INFO:colcon.colcon_core.shell:Creating package script '/home/fabian/ProRob/ProRob/install/package_master_interfaces/share/package_master_interfaces/package.ps1'
[1.046s] INFO:colcon.colcon_core.shell:Creating package descriptor '/home/fabian/ProRob/ProRob/install/package_master_interfaces/share/package_master_interfaces/package.dsv'
[1.046s] INFO:colcon.colcon_core.shell:Creating package script '/home/fabian/ProRob/ProRob/install/package_master_interfaces/share/package_master_interfaces/package.sh'
[1.047s] INFO:colcon.colcon_core.shell:Creating package script '/home/fabian/ProRob/ProRob/install/package_master_interfaces/share/package_master_interfaces/package.bash'
[1.047s] INFO:colcon.colcon_core.shell:Creating package script '/home/fabian/ProRob/ProRob/install/package_master_interfaces/share/package_master_interfaces/package.zsh'
[1.048s] Level 1:colcon.colcon_core.environment:create_file_with_runtime_dependencies(/home/fabian/ProRob/ProRob/install/package_master_interfaces/share/colcon-core/packages/package_master_interfaces)
[1.048s] Level 1:colcon.colcon_core.environment:create_environment_scripts_only(package_master_interfaces)
[1.048s] Level 1:colcon.colcon_core.environment:checking '/home/fabian/ProRob/ProRob/install/package_master_interfaces' for CMake module files
[1.049s] Level 1:colcon.colcon_core.environment:checking '/home/fabian/ProRob/ProRob/install/package_master_interfaces' for CMake config files
[1.049s] Level 1:colcon.colcon_core.shell:create_environment_hook('package_master_interfaces', 'cmake_prefix_path')
[1.049s] INFO:colcon.colcon_core.shell:Creating environment hook '/home/fabian/ProRob/ProRob/install/package_master_interfaces/share/package_master_interfaces/hook/cmake_prefix_path.ps1'
[1.050s] INFO:colcon.colcon_core.shell:Creating environment descriptor '/home/fabian/ProRob/ProRob/install/package_master_interfaces/share/package_master_interfaces/hook/cmake_prefix_path.dsv'
[1.050s] INFO:colcon.colcon_core.shell:Creating environment hook '/home/fabian/ProRob/ProRob/install/package_master_interfaces/share/package_master_interfaces/hook/cmake_prefix_path.sh'
[1.050s] Level 1:colcon.colcon_core.environment:checking '/home/fabian/ProRob/ProRob/install/package_master_interfaces/lib'
[1.050s] Level 1:colcon.colcon_core.shell:create_environment_hook('package_master_interfaces', 'ld_library_path_lib')
[1.050s] INFO:colcon.colcon_core.shell:Creating environment hook '/home/fabian/ProRob/ProRob/install/package_master_interfaces/share/package_master_interfaces/hook/ld_library_path_lib.ps1'
[1.051s] INFO:colcon.colcon_core.shell:Creating environment descriptor '/home/fabian/ProRob/ProRob/install/package_master_interfaces/share/package_master_interfaces/hook/ld_library_path_lib.dsv'
[1.051s] INFO:colcon.colcon_core.shell:Creating environment hook '/home/fabian/ProRob/ProRob/install/package_master_interfaces/share/package_master_interfaces/hook/ld_library_path_lib.sh'
[1.051s] Level 1:colcon.colcon_core.environment:checking '/home/fabian/ProRob/ProRob/install/package_master_interfaces/bin'
[1.051s] Level 1:colcon.colcon_core.environment:checking '/home/fabian/ProRob/ProRob/install/package_master_interfaces/lib/pkgconfig/package_master_interfaces.pc'
[1.051s] Level 1:colcon.colcon_core.environment:checking '/home/fabian/ProRob/ProRob/install/package_master_interfaces/lib/python3.10/site-packages'
[1.052s] Level 1:colcon.colcon_core.environment:checking '/home/fabian/ProRob/ProRob/install/package_master_interfaces/bin'
[1.052s] INFO:colcon.colcon_core.shell:Creating package script '/home/fabian/ProRob/ProRob/install/package_master_interfaces/share/package_master_interfaces/package.ps1'
[1.052s] INFO:colcon.colcon_core.shell:Creating package descriptor '/home/fabian/ProRob/ProRob/install/package_master_interfaces/share/package_master_interfaces/package.dsv'
[1.053s] INFO:colcon.colcon_core.shell:Creating package script '/home/fabian/ProRob/ProRob/install/package_master_interfaces/share/package_master_interfaces/package.sh'
[1.053s] INFO:colcon.colcon_core.shell:Creating package script '/home/fabian/ProRob/ProRob/install/package_master_interfaces/share/package_master_interfaces/package.bash'
[1.053s] INFO:colcon.colcon_core.shell:Creating package script '/home/fabian/ProRob/ProRob/install/package_master_interfaces/share/package_master_interfaces/package.zsh'
[1.053s] Level 1:colcon.colcon_core.environment:create_file_with_runtime_dependencies(/home/fabian/ProRob/ProRob/install/package_master_interfaces/share/colcon-core/packages/package_master_interfaces)
[1.256s] DEBUG:colcon.colcon_core.event_handler.log_command:Invoking command in '/home/fabian/ProRob/ProRob/src/package_master': PYTHONPATH=/home/fabian/ProRob/ProRob/build/package_master/prefix_override:/usr/lib/python3/dist-packages/colcon_core/task/python/colcon_distutils_commands:/home/fabian/ProRob/ProRob/install/package_master/lib/python3.10/site-packages:${PYTHONPATH} /usr/bin/python3 -W ignore:setup.py install is deprecated -W ignore:easy_install command is deprecated setup.py egg_info --egg-base ../../build/package_master build --build-base /home/fabian/ProRob/ProRob/build/package_master/build install --record /home/fabian/ProRob/ProRob/build/package_master/install.log --single-version-externally-managed install_data
[1.257s] DEBUG:colcon.colcon_core.event_handler.log_command:Invoking command in '/home/fabian/ProRob/ProRob/src/py_srvcli': PYTHONPATH=/home/fabian/ProRob/ProRob/build/py_srvcli/prefix_override:/usr/lib/python3/dist-packages/colcon_core/task/python/colcon_distutils_commands:/home/fabian/ProRob/ProRob/install/py_srvcli/lib/python3.10/site-packages:${PYTHONPATH} /usr/bin/python3 -W ignore:setup.py install is deprecated -W ignore:easy_install command is deprecated setup.py egg_info --egg-base ../../build/py_srvcli build --build-base /home/fabian/ProRob/ProRob/build/py_srvcli/build install --record /home/fabian/ProRob/ProRob/build/py_srvcli/install.log --single-version-externally-managed install_data
[1.540s] Level 1:colcon.colcon_core.environment:checking '/home/fabian/ProRob/ProRob/install/py_srvcli' for CMake module files
[1.541s] DEBUG:colcon.colcon_core.event_handler.log_command:Invoked command in '/home/fabian/ProRob/ProRob/src/py_srvcli' returned '0': PYTHONPATH=/home/fabian/ProRob/ProRob/build/py_srvcli/prefix_override:/usr/lib/python3/dist-packages/colcon_core/task/python/colcon_distutils_commands:/home/fabian/ProRob/ProRob/install/py_srvcli/lib/python3.10/site-packages:${PYTHONPATH} /usr/bin/python3 -W ignore:setup.py install is deprecated -W ignore:easy_install command is deprecated setup.py egg_info --egg-base ../../build/py_srvcli build --build-base /home/fabian/ProRob/ProRob/build/py_srvcli/build install --record /home/fabian/ProRob/ProRob/build/py_srvcli/install.log --single-version-externally-managed install_data
[1.541s] Level 1:colcon.colcon_core.environment:checking '/home/fabian/ProRob/ProRob/install/py_srvcli' for CMake config files
[1.542s] Level 1:colcon.colcon_core.environment:checking '/home/fabian/ProRob/ProRob/install/py_srvcli/lib'
[1.542s] Level 1:colcon.colcon_core.environment:checking '/home/fabian/ProRob/ProRob/install/py_srvcli/bin'
[1.542s] Level 1:colcon.colcon_core.environment:checking '/home/fabian/ProRob/ProRob/install/py_srvcli/lib/pkgconfig/py_srvcli.pc'
[1.542s] Level 1:colcon.colcon_core.environment:checking '/home/fabian/ProRob/ProRob/install/py_srvcli/lib/python3.10/site-packages'
[1.542s] Level 1:colcon.colcon_core.shell:create_environment_hook('py_srvcli', 'pythonpath')
[1.542s] INFO:colcon.colcon_core.shell:Creating environment hook '/home/fabian/ProRob/ProRob/install/py_srvcli/share/py_srvcli/hook/pythonpath.ps1'
[1.543s] INFO:colcon.colcon_core.shell:Creating environment descriptor '/home/fabian/ProRob/ProRob/install/py_srvcli/share/py_srvcli/hook/pythonpath.dsv'
[1.543s] INFO:colcon.colcon_core.shell:Creating environment hook '/home/fabian/ProRob/ProRob/install/py_srvcli/share/py_srvcli/hook/pythonpath.sh'
[1.543s] Level 1:colcon.colcon_core.environment:checking '/home/fabian/ProRob/ProRob/install/py_srvcli/bin'
[1.543s] Level 1:colcon.colcon_core.environment:create_environment_scripts_only(py_srvcli)
[1.543s] INFO:colcon.colcon_core.shell:Creating package script '/home/fabian/ProRob/ProRob/install/py_srvcli/share/py_srvcli/package.ps1'
[1.544s] INFO:colcon.colcon_core.shell:Creating package descriptor '/home/fabian/ProRob/ProRob/install/py_srvcli/share/py_srvcli/package.dsv'
[1.544s] INFO:colcon.colcon_core.shell:Creating package script '/home/fabian/ProRob/ProRob/install/py_srvcli/share/py_srvcli/package.sh'
[1.544s] INFO:colcon.colcon_core.shell:Creating package script '/home/fabian/ProRob/ProRob/install/py_srvcli/share/py_srvcli/package.bash'
[1.545s] INFO:colcon.colcon_core.shell:Creating package script '/home/fabian/ProRob/ProRob/install/py_srvcli/share/py_srvcli/package.zsh'
[1.545s] Level 1:colcon.colcon_core.environment:create_file_with_runtime_dependencies(/home/fabian/ProRob/ProRob/install/py_srvcli/share/colcon-core/packages/py_srvcli)
[1.546s] Level 1:colcon.colcon_core.environment:checking '/home/fabian/ProRob/ProRob/install/package_master' for CMake module files
[1.546s] DEBUG:colcon.colcon_core.event_handler.log_command:Invoked command in '/home/fabian/ProRob/ProRob/src/package_master' returned '0': PYTHONPATH=/home/fabian/ProRob/ProRob/build/package_master/prefix_override:/usr/lib/python3/dist-packages/colcon_core/task/python/colcon_distutils_commands:/home/fabian/ProRob/ProRob/install/package_master/lib/python3.10/site-packages:${PYTHONPATH} /usr/bin/python3 -W ignore:setup.py install is deprecated -W ignore:easy_install command is deprecated setup.py egg_info --egg-base ../../build/package_master build --build-base /home/fabian/ProRob/ProRob/build/package_master/build install --record /home/fabian/ProRob/ProRob/build/package_master/install.log --single-version-externally-managed install_data
[1.546s] Level 1:colcon.colcon_core.environment:checking '/home/fabian/ProRob/ProRob/install/package_master' for CMake config files
[1.547s] Level 1:colcon.colcon_core.environment:checking '/home/fabian/ProRob/ProRob/install/package_master/lib'
[1.547s] Level 1:colcon.colcon_core.environment:checking '/home/fabian/ProRob/ProRob/install/package_master/bin'
[1.547s] Level 1:colcon.colcon_core.environment:checking '/home/fabian/ProRob/ProRob/install/package_master/lib/pkgconfig/package_master.pc'
[1.547s] Level 1:colcon.colcon_core.environment:checking '/home/fabian/ProRob/ProRob/install/package_master/lib/python3.10/site-packages'
[1.547s] Level 1:colcon.colcon_core.shell:create_environment_hook('package_master', 'pythonpath')
[1.547s] INFO:colcon.colcon_core.shell:Creating environment hook '/home/fabian/ProRob/ProRob/install/package_master/share/package_master/hook/pythonpath.ps1'
[1.548s] INFO:colcon.colcon_core.shell:Creating environment descriptor '/home/fabian/ProRob/ProRob/install/package_master/share/package_master/hook/pythonpath.dsv'
[1.548s] INFO:colcon.colcon_core.shell:Creating environment hook '/home/fabian/ProRob/ProRob/install/package_master/share/package_master/hook/pythonpath.sh'
[1.548s] Level 1:colcon.colcon_core.environment:checking '/home/fabian/ProRob/ProRob/install/package_master/bin'
[1.548s] Level 1:colcon.colcon_core.environment:create_environment_scripts_only(package_master)
[1.548s] INFO:colcon.colcon_core.shell:Creating package script '/home/fabian/ProRob/ProRob/install/package_master/share/package_master/package.ps1'
[1.549s] INFO:colcon.colcon_core.shell:Creating package descriptor '/home/fabian/ProRob/ProRob/install/package_master/share/package_master/package.dsv'
[1.549s] INFO:colcon.colcon_core.shell:Creating package script '/home/fabian/ProRob/ProRob/install/package_master/share/package_master/package.sh'
[1.549s] INFO:colcon.colcon_core.shell:Creating package script '/home/fabian/ProRob/ProRob/install/package_master/share/package_master/package.bash'
[1.550s] INFO:colcon.colcon_core.shell:Creating package script '/home/fabian/ProRob/ProRob/install/package_master/share/package_master/package.zsh'
[1.550s] Level 1:colcon.colcon_core.environment:create_file_with_runtime_dependencies(/home/fabian/ProRob/ProRob/install/package_master/share/colcon-core/packages/package_master)
[1.550s] DEBUG:colcon.colcon_parallel_executor.executor.parallel:closing loop
[1.550s] DEBUG:colcon.colcon_parallel_executor.executor.parallel:loop closed
[1.550s] DEBUG:colcon.colcon_parallel_executor.executor.parallel:run_until_complete finished with '0'
[1.550s] DEBUG:colcon.colcon_core.event_reactor:joining thread
[1.554s] INFO:colcon.colcon_core.plugin_system:Skipping extension 'colcon_notification.desktop_notification.terminal_notifier': Not used on non-Darwin systems
[1.554s] INFO:colcon.colcon_core.plugin_system:Skipping extension 'colcon_notification.desktop_notification.win32': Not used on non-Windows systems
[1.554s] INFO:colcon.colcon_notification.desktop_notification:Sending desktop notification using 'notify2'
[1.562s] DEBUG:colcon.colcon_core.event_reactor:joined thread
[1.563s] INFO:colcon.colcon_core.shell:Creating prefix script '/home/fabian/ProRob/ProRob/install/local_setup.ps1'
[1.563s] INFO:colcon.colcon_core.shell:Creating prefix util module '/home/fabian/ProRob/ProRob/install/_local_setup_util_ps1.py'
[1.565s] INFO:colcon.colcon_core.shell:Creating prefix chain script '/home/fabian/ProRob/ProRob/install/setup.ps1'
[1.565s] INFO:colcon.colcon_core.shell:Creating prefix script '/home/fabian/ProRob/ProRob/install/local_setup.sh'
[1.566s] INFO:colcon.colcon_core.shell:Creating prefix util module '/home/fabian/ProRob/ProRob/install/_local_setup_util_sh.py'
[1.566s] INFO:colcon.colcon_core.shell:Creating prefix chain script '/home/fabian/ProRob/ProRob/install/setup.sh'
[1.567s] INFO:colcon.colcon_core.shell:Creating prefix script '/home/fabian/ProRob/ProRob/install/local_setup.bash'
[1.567s] INFO:colcon.colcon_core.shell:Creating prefix chain script '/home/fabian/ProRob/ProRob/install/setup.bash'
[1.568s] INFO:colcon.colcon_core.shell:Creating prefix script '/home/fabian/ProRob/ProRob/install/local_setup.zsh'
[1.568s] INFO:colcon.colcon_core.shell:Creating prefix chain script '/home/fabian/ProRob/ProRob/install/setup.zsh'
