[0.967s] Invoking command in '/home/fabian/ProRob/ProRob/src/package_master': PYTHONPATH=/home/fabian/ProRob/ProRob/build/package_master/prefix_override:/usr/lib/python3/dist-packages/colcon_core/task/python/colcon_distutils_commands:/home/fabian/ProRob/ProRob/install/package_master/lib/python3.10/site-packages:${PYTHONPATH} /usr/bin/python3 -W ignore:setup.py install is deprecated -W ignore:easy_install command is deprecated setup.py egg_info --egg-base ../../build/package_master build --build-base /home/fabian/ProRob/ProRob/build/package_master/build install --record /home/fabian/ProRob/ProRob/build/package_master/install.log --single-version-externally-managed install_data
[1.212s] running egg_info
[1.217s] writing ../../build/package_master/package_master.egg-info/PKG-INFO
[1.217s] writing dependency_links to ../../build/package_master/package_master.egg-info/dependency_links.txt
[1.217s] writing entry points to ../../build/package_master/package_master.egg-info/entry_points.txt
[1.217s] writing requirements to ../../build/package_master/package_master.egg-info/requires.txt
[1.217s] writing top-level names to ../../build/package_master/package_master.egg-info/top_level.txt
[1.219s] reading manifest file '../../build/package_master/package_master.egg-info/SOURCES.txt'
[1.219s] writing manifest file '../../build/package_master/package_master.egg-info/SOURCES.txt'
[1.220s] running build
[1.220s] running build_py
[1.220s] running install
[1.220s] running install_lib
[1.221s] running install_data
[1.222s] running install_egg_info
[1.223s] removing '/home/fabian/ProRob/ProRob/install/package_master/lib/python3.10/site-packages/package_master-0.0.0-py3.10.egg-info' (and everything under it)
[1.223s] Copying ../../build/package_master/package_master.egg-info to /home/fabian/ProRob/ProRob/install/package_master/lib/python3.10/site-packages/package_master-0.0.0-py3.10.egg-info
[1.224s] running install_scripts
[1.241s] Installing client script to /home/fabian/ProRob/ProRob/install/package_master/lib/package_master
[1.242s] Installing client_drone script to /home/fabian/ProRob/ProRob/install/package_master/lib/package_master
[1.242s] Installing client_tb script to /home/fabian/ProRob/ProRob/install/package_master/lib/package_master
[1.242s] Installing service_drone script to /home/fabian/ProRob/ProRob/install/package_master/lib/package_master
[1.242s] Installing service_tb script to /home/fabian/ProRob/ProRob/install/package_master/lib/package_master
[1.242s] Installing service_test script to /home/fabian/ProRob/ProRob/install/package_master/lib/package_master
[1.242s] writing list of installed files to '/home/fabian/ProRob/ProRob/build/package_master/install.log'
[1.268s] Invoked command in '/home/fabian/ProRob/ProRob/src/package_master' returned '0': PYTHONPATH=/home/fabian/ProRob/ProRob/build/package_master/prefix_override:/usr/lib/python3/dist-packages/colcon_core/task/python/colcon_distutils_commands:/home/fabian/ProRob/ProRob/install/package_master/lib/python3.10/site-packages:${PYTHONPATH} /usr/bin/python3 -W ignore:setup.py install is deprecated -W ignore:easy_install command is deprecated setup.py egg_info --egg-base ../../build/package_master build --build-base /home/fabian/ProRob/ProRob/build/package_master/build install --record /home/fabian/ProRob/ProRob/build/package_master/install.log --single-version-externally-managed install_data
