[4.076s] Invoking command in '/home/rouillon/ProRob/src/package_master': PYTHONPATH=/home/rouillon/ProRob/build/package_master/prefix_override:/usr/lib/python3/dist-packages/colcon_core/task/python/colcon_distutils_commands:/home/rouillon/ProRob/install/package_master/lib/python3.10/site-packages:${PYTHONPATH} /usr/bin/python3 -W ignore:setup.py install is deprecated -W ignore:easy_install command is deprecated setup.py egg_info --egg-base ../../build/package_master build --build-base /home/rouillon/ProRob/build/package_master/build install --record /home/rouillon/ProRob/build/package_master/install.log --single-version-externally-managed install_data
[5.224s] running egg_info
[5.225s] writing ../../build/package_master/package_master.egg-info/PKG-INFO
[5.225s] writing dependency_links to ../../build/package_master/package_master.egg-info/dependency_links.txt
[5.226s] writing entry points to ../../build/package_master/package_master.egg-info/entry_points.txt
[5.226s] writing requirements to ../../build/package_master/package_master.egg-info/requires.txt
[5.232s] writing top-level names to ../../build/package_master/package_master.egg-info/top_level.txt
[5.238s] reading manifest file '../../build/package_master/package_master.egg-info/SOURCES.txt'
[5.242s] writing manifest file '../../build/package_master/package_master.egg-info/SOURCES.txt'
[5.243s] running build
[5.244s] running build_py
[5.246s] copying package_master/master_node.py -> /home/rouillon/ProRob/build/package_master/build/lib/package_master
[5.249s] running install
[5.250s] running install_lib
[5.253s] copying /home/rouillon/ProRob/build/package_master/build/lib/package_master/master_node.py -> /home/rouillon/ProRob/install/package_master/lib/python3.10/site-packages/package_master
[5.257s] byte-compiling /home/rouillon/ProRob/install/package_master/lib/python3.10/site-packages/package_master/master_node.py to master_node.cpython-310.pyc
[5.264s] running install_data
[5.265s] running install_egg_info
[5.271s] removing '/home/rouillon/ProRob/install/package_master/lib/python3.10/site-packages/package_master-0.0.0-py3.10.egg-info' (and everything under it)
[5.272s] Copying ../../build/package_master/package_master.egg-info to /home/rouillon/ProRob/install/package_master/lib/python3.10/site-packages/package_master-0.0.0-py3.10.egg-info
[5.275s] running install_scripts
[5.367s] Installing client script to /home/rouillon/ProRob/install/package_master/lib/package_master
[5.367s] Installing service_node script to /home/rouillon/ProRob/install/package_master/lib/package_master
[5.368s] Installing service_test script to /home/rouillon/ProRob/install/package_master/lib/package_master
[5.370s] writing list of installed files to '/home/rouillon/ProRob/build/package_master/install.log'
[5.471s] Invoked command in '/home/rouillon/ProRob/src/package_master' returned '0': PYTHONPATH=/home/rouillon/ProRob/build/package_master/prefix_override:/usr/lib/python3/dist-packages/colcon_core/task/python/colcon_distutils_commands:/home/rouillon/ProRob/install/package_master/lib/python3.10/site-packages:${PYTHONPATH} /usr/bin/python3 -W ignore:setup.py install is deprecated -W ignore:easy_install command is deprecated setup.py egg_info --egg-base ../../build/package_master build --build-base /home/rouillon/ProRob/build/package_master/build install --record /home/rouillon/ProRob/build/package_master/install.log --single-version-externally-managed install_data
