[3.797s] Invoking command in '/home/rouillon/Documents/ProDroneTB/ProRob/src/py_srvcli': PYTHONPATH=/home/rouillon/Documents/ProDroneTB/ProRob/build/py_srvcli/prefix_override:/usr/lib/python3/dist-packages/colcon_core/task/python/colcon_distutils_commands:/home/rouillon/Documents/ProDroneTB/ProRob/install/py_srvcli/lib/python3.10/site-packages:${PYTHONPATH} /usr/bin/python3 -W ignore:setup.py install is deprecated -W ignore:easy_install command is deprecated setup.py egg_info --egg-base ../../build/py_srvcli build --build-base /home/rouillon/Documents/ProDroneTB/ProRob/build/py_srvcli/build install --record /home/rouillon/Documents/ProDroneTB/ProRob/build/py_srvcli/install.log --single-version-externally-managed install_data
[4.865s] running egg_info
[4.869s] creating ../../build/py_srvcli/py_srvcli.egg-info
[4.869s] writing ../../build/py_srvcli/py_srvcli.egg-info/PKG-INFO
[4.870s] writing dependency_links to ../../build/py_srvcli/py_srvcli.egg-info/dependency_links.txt
[4.870s] writing entry points to ../../build/py_srvcli/py_srvcli.egg-info/entry_points.txt
[4.870s] writing requirements to ../../build/py_srvcli/py_srvcli.egg-info/requires.txt
[4.871s] writing top-level names to ../../build/py_srvcli/py_srvcli.egg-info/top_level.txt
[4.871s] writing manifest file '../../build/py_srvcli/py_srvcli.egg-info/SOURCES.txt'
[4.874s] reading manifest file '../../build/py_srvcli/py_srvcli.egg-info/SOURCES.txt'
[4.880s] writing manifest file '../../build/py_srvcli/py_srvcli.egg-info/SOURCES.txt'
[4.881s] running build
[4.884s] running build_py
[4.886s] creating /home/rouillon/Documents/ProDroneTB/ProRob/build/py_srvcli/build
[4.888s] creating /home/rouillon/Documents/ProDroneTB/ProRob/build/py_srvcli/build/lib
[4.889s] creating /home/rouillon/Documents/ProDroneTB/ProRob/build/py_srvcli/build/lib/py_srvcli
[4.898s] copying py_srvcli/__init__.py -> /home/rouillon/Documents/ProDroneTB/ProRob/build/py_srvcli/build/lib/py_srvcli
[4.898s] running install
[4.898s] running install_lib
[4.899s] creating /home/rouillon/Documents/ProDroneTB/ProRob/install/py_srvcli/lib/python3.10/site-packages/py_srvcli
[4.899s] copying /home/rouillon/Documents/ProDroneTB/ProRob/build/py_srvcli/build/lib/py_srvcli/__init__.py -> /home/rouillon/Documents/ProDroneTB/ProRob/install/py_srvcli/lib/python3.10/site-packages/py_srvcli
[4.899s] byte-compiling /home/rouillon/Documents/ProDroneTB/ProRob/install/py_srvcli/lib/python3.10/site-packages/py_srvcli/__init__.py to __init__.cpython-310.pyc
[4.900s] running install_data
[4.900s] creating /home/rouillon/Documents/ProDroneTB/ProRob/install/py_srvcli/share/ament_index
[4.911s] creating /home/rouillon/Documents/ProDroneTB/ProRob/install/py_srvcli/share/ament_index/resource_index
[4.912s] creating /home/rouillon/Documents/ProDroneTB/ProRob/install/py_srvcli/share/ament_index/resource_index/packages
[4.912s] copying resource/py_srvcli -> /home/rouillon/Documents/ProDroneTB/ProRob/install/py_srvcli/share/ament_index/resource_index/packages
[4.913s] copying package.xml -> /home/rouillon/Documents/ProDroneTB/ProRob/install/py_srvcli/share/py_srvcli
[4.913s] running install_egg_info
[4.919s] Copying ../../build/py_srvcli/py_srvcli.egg-info to /home/rouillon/Documents/ProDroneTB/ProRob/install/py_srvcli/lib/python3.10/site-packages/py_srvcli-0.0.0-py3.10.egg-info
[4.919s] running install_scripts
[5.005s] writing list of installed files to '/home/rouillon/Documents/ProDroneTB/ProRob/build/py_srvcli/install.log'
[5.081s] Invoked command in '/home/rouillon/Documents/ProDroneTB/ProRob/src/py_srvcli' returned '0': PYTHONPATH=/home/rouillon/Documents/ProDroneTB/ProRob/build/py_srvcli/prefix_override:/usr/lib/python3/dist-packages/colcon_core/task/python/colcon_distutils_commands:/home/rouillon/Documents/ProDroneTB/ProRob/install/py_srvcli/lib/python3.10/site-packages:${PYTHONPATH} /usr/bin/python3 -W ignore:setup.py install is deprecated -W ignore:easy_install command is deprecated setup.py egg_info --egg-base ../../build/py_srvcli build --build-base /home/rouillon/Documents/ProDroneTB/ProRob/build/py_srvcli/build install --record /home/rouillon/Documents/ProDroneTB/ProRob/build/py_srvcli/install.log --single-version-externally-managed install_data
