[0.088s] DEBUG:colcon:Command line arguments: ['/usr/bin/colcon', 'build']
[0.088s] DEBUG:colcon:Parsed command line arguments: Namespace(log_base=None, log_level=None, verb_name='build', build_base='build', install_base='install', merge_install=False, symlink_install=False, test_result_base=None, continue_on_error=False, executor='parallel', parallel_workers=12, event_handlers=None, ignore_user_meta=False, metas=['./colcon.meta'], base_paths=['.'], packages_ignore=None, packages_ignore_regex=None, paths=None, packages_up_to=None, packages_up_to_regex=None, packages_above=None, packages_above_and_dependencies=None, packages_above_depth=None, packages_select_by_dep=None, packages_skip_by_dep=None, packages_skip_up_to=None, packages_select_build_failed=False, packages_skip_build_finished=False, packages_select_test_failures=False, packages_skip_test_passed=False, packages_select=None, packages_skip=None, packages_select_regex=None, packages_skip_regex=None, packages_start=None, packages_end=None, allow_overriding=[], cmake_args=None, cmake_target=None, cmake_target_skip_unavailable=False, cmake_clean_cache=False, cmake_clean_first=False, cmake_force_configure=False, ament_cmake_args=None, catkin_cmake_args=None, catkin_skip_building_tests=False, mixin_files=None, mixin=None, verb_parser=<colcon_mixin.mixin.mixin_argument.MixinArgumentDecorator object at 0x741e13e30c10>, verb_extension=<colcon_core.verb.build.BuildVerb object at 0x741e13f961a0>, main=<bound method BuildVerb.main of <colcon_core.verb.build.BuildVerb object at 0x741e13f961a0>>, mixin_verb=('build',))
[0.298s] Level 1:colcon.colcon_core.package_discovery:discover_packages(colcon_meta) check parameters
[0.298s] Level 1:colcon.colcon_core.package_discovery:discover_packages(recursive) check parameters
[0.298s] Level 1:colcon.colcon_core.package_discovery:discover_packages(ignore) check parameters
[0.298s] Level 1:colcon.colcon_core.package_discovery:discover_packages(path) check parameters
[0.298s] Level 1:colcon.colcon_core.package_discovery:discover_packages(colcon_meta) discover
[0.298s] Level 1:colcon.colcon_core.package_discovery:discover_packages(recursive) discover
[0.298s] INFO:colcon.colcon_core.package_discovery:Crawling recursively for packages in '/home/fabian/ProRob/ProRob'
[0.298s] Level 1:colcon.colcon_core.package_identification:_identify(.) by extensions ['ignore', 'ignore_ament_install']
[0.299s] Level 1:colcon.colcon_core.package_identification:_identify(.) by extension 'ignore'
[0.299s] Level 1:colcon.colcon_core.package_identification:_identify(.) by extension 'ignore_ament_install'
[0.299s] Level 1:colcon.colcon_core.package_identification:_identify(.) by extensions ['colcon_pkg']
[0.299s] Level 1:colcon.colcon_core.package_identification:_identify(.) by extension 'colcon_pkg'
[0.299s] Level 1:colcon.colcon_core.package_identification:_identify(.) by extensions ['colcon_meta']
[0.299s] Level 1:colcon.colcon_core.package_identification:_identify(.) by extension 'colcon_meta'
[0.299s] Level 1:colcon.colcon_core.package_identification:_identify(.) by extensions ['ros']
[0.299s] Level 1:colcon.colcon_core.package_identification:_identify(.) by extension 'ros'
[0.314s] Level 1:colcon.colcon_core.package_identification:_identify(.) by extensions ['cmake', 'python']
[0.314s] Level 1:colcon.colcon_core.package_identification:_identify(.) by extension 'cmake'
[0.314s] Level 1:colcon.colcon_core.package_identification:_identify(.) by extension 'python'
[0.315s] Level 1:colcon.colcon_core.package_identification:_identify(.) by extensions ['python_setup_py']
[0.315s] Level 1:colcon.colcon_core.package_identification:_identify(.) by extension 'python_setup_py'
[0.315s] Level 1:colcon.colcon_core.package_identification:_identify(build) by extensions ['ignore', 'ignore_ament_install']
[0.315s] Level 1:colcon.colcon_core.package_identification:_identify(build) by extension 'ignore'
[0.315s] Level 1:colcon.colcon_core.package_identification:_identify(build) ignored
[0.315s] Level 1:colcon.colcon_core.package_identification:_identify(install) by extensions ['ignore', 'ignore_ament_install']
[0.315s] Level 1:colcon.colcon_core.package_identification:_identify(install) by extension 'ignore'
[0.315s] Level 1:colcon.colcon_core.package_identification:_identify(install) ignored
[0.315s] Level 1:colcon.colcon_core.package_identification:_identify(log) by extensions ['ignore', 'ignore_ament_install']
[0.315s] Level 1:colcon.colcon_core.package_identification:_identify(log) by extension 'ignore'
[0.315s] Level 1:colcon.colcon_core.package_identification:_identify(log) ignored
[0.315s] Level 1:colcon.colcon_core.package_identification:_identify(src) by extensions ['ignore', 'ignore_ament_install']
[0.315s] Level 1:colcon.colcon_core.package_identification:_identify(src) by extension 'ignore'
[0.315s] Level 1:colcon.colcon_core.package_identification:_identify(src) by extension 'ignore_ament_install'
[0.315s] Level 1:colcon.colcon_core.package_identification:_identify(src) by extensions ['colcon_pkg']
[0.316s] Level 1:colcon.colcon_core.package_identification:_identify(src) by extension 'colcon_pkg'
[0.316s] Level 1:colcon.colcon_core.package_identification:_identify(src) by extensions ['colcon_meta']
[0.316s] Level 1:colcon.colcon_core.package_identification:_identify(src) by extension 'colcon_meta'
[0.316s] Level 1:colcon.colcon_core.package_identification:_identify(src) by extensions ['ros']
[0.316s] Level 1:colcon.colcon_core.package_identification:_identify(src) by extension 'ros'
[0.316s] Level 1:colcon.colcon_core.package_identification:_identify(src) by extensions ['cmake', 'python']
[0.316s] Level 1:colcon.colcon_core.package_identification:_identify(src) by extension 'cmake'
[0.316s] Level 1:colcon.colcon_core.package_identification:_identify(src) by extension 'python'
[0.316s] Level 1:colcon.colcon_core.package_identification:_identify(src) by extensions ['python_setup_py']
[0.316s] Level 1:colcon.colcon_core.package_identification:_identify(src) by extension 'python_setup_py'
[0.316s] Level 1:colcon.colcon_core.package_identification:_identify(src/package_master) by extensions ['ignore', 'ignore_ament_install']
[0.316s] Level 1:colcon.colcon_core.package_identification:_identify(src/package_master) by extension 'ignore'
[0.316s] Level 1:colcon.colcon_core.package_identification:_identify(src/package_master) by extension 'ignore_ament_install'
[0.316s] Level 1:colcon.colcon_core.package_identification:_identify(src/package_master) by extensions ['colcon_pkg']
[0.316s] Level 1:colcon.colcon_core.package_identification:_identify(src/package_master) by extension 'colcon_pkg'
[0.316s] Level 1:colcon.colcon_core.package_identification:_identify(src/package_master) by extensions ['colcon_meta']
[0.316s] Level 1:colcon.colcon_core.package_identification:_identify(src/package_master) by extension 'colcon_meta'
[0.316s] Level 1:colcon.colcon_core.package_identification:_identify(src/package_master) by extensions ['ros']
[0.316s] Level 1:colcon.colcon_core.package_identification:_identify(src/package_master) by extension 'ros'
[0.318s] DEBUG:colcon.colcon_core.package_identification:Package 'src/package_master' with type 'ros.ament_python' and name 'package_master'
[0.318s] Level 1:colcon.colcon_core.package_identification:_identify(src/package_master_interfaces) by extensions ['ignore', 'ignore_ament_install']
[0.318s] Level 1:colcon.colcon_core.package_identification:_identify(src/package_master_interfaces) by extension 'ignore'
[0.318s] Level 1:colcon.colcon_core.package_identification:_identify(src/package_master_interfaces) by extension 'ignore_ament_install'
[0.318s] Level 1:colcon.colcon_core.package_identification:_identify(src/package_master_interfaces) by extensions ['colcon_pkg']
[0.318s] Level 1:colcon.colcon_core.package_identification:_identify(src/package_master_interfaces) by extension 'colcon_pkg'
[0.318s] Level 1:colcon.colcon_core.package_identification:_identify(src/package_master_interfaces) by extensions ['colcon_meta']
[0.318s] Level 1:colcon.colcon_core.package_identification:_identify(src/package_master_interfaces) by extension 'colcon_meta'
[0.318s] Level 1:colcon.colcon_core.package_identification:_identify(src/package_master_interfaces) by extensions ['ros']
[0.318s] Level 1:colcon.colcon_core.package_identification:_identify(src/package_master_interfaces) by extension 'ros'
[0.319s] DEBUG:colcon.colcon_core.package_identification:Package 'src/package_master_interfaces' with type 'ros.ament_cmake' and name 'package_master_interfaces'
[0.319s] Level 1:colcon.colcon_core.package_identification:_identify(src/py_srvcli) by extensions ['ignore', 'ignore_ament_install']
[0.319s] Level 1:colcon.colcon_core.package_identification:_identify(src/py_srvcli) by extension 'ignore'
[0.319s] Level 1:colcon.colcon_core.package_identification:_identify(src/py_srvcli) by extension 'ignore_ament_install'
[0.319s] Level 1:colcon.colcon_core.package_identification:_identify(src/py_srvcli) by extensions ['colcon_pkg']
[0.319s] Level 1:colcon.colcon_core.package_identification:_identify(src/py_srvcli) by extension 'colcon_pkg'
[0.319s] Level 1:colcon.colcon_core.package_identification:_identify(src/py_srvcli) by extensions ['colcon_meta']
[0.319s] Level 1:colcon.colcon_core.package_identification:_identify(src/py_srvcli) by extension 'colcon_meta'
[0.319s] Level 1:colcon.colcon_core.package_identification:_identify(src/py_srvcli) by extensions ['ros']
[0.319s] Level 1:colcon.colcon_core.package_identification:_identify(src/py_srvcli) by extension 'ros'
[0.320s] DEBUG:colcon.colcon_core.package_identification:Package 'src/py_srvcli' with type 'ros.ament_python' and name 'py_srvcli'
[0.320s] Level 1:colcon.colcon_core.package_discovery:discover_packages(recursive) using defaults
[0.320s] Level 1:colcon.colcon_core.package_discovery:discover_packages(ignore) discover
[0.320s] Level 1:colcon.colcon_core.package_discovery:discover_packages(ignore) using defaults
[0.320s] Level 1:colcon.colcon_core.package_discovery:discover_packages(path) discover
[0.320s] Level 1:colcon.colcon_core.package_discovery:discover_packages(path) using defaults
[0.335s] Level 1:colcon.colcon_core.package_discovery:discover_packages(prefix_path) check parameters
[0.335s] Level 1:colcon.colcon_core.package_discovery:discover_packages(prefix_path) discover
[0.337s] DEBUG:colcon.colcon_installed_package_information.package_discovery:Found 294 installed packages in /opt/ros/humble
[0.338s] Level 1:colcon.colcon_core.package_discovery:discover_packages(prefix_path) using defaults
[0.366s] Level 5:colcon.colcon_core.verb:set package 'package_master' build argument 'cmake_args' from command line to 'None'
[0.366s] Level 5:colcon.colcon_core.verb:set package 'package_master' build argument 'cmake_target' from command line to 'None'
[0.366s] Level 5:colcon.colcon_core.verb:set package 'package_master' build argument 'cmake_target_skip_unavailable' from command line to 'False'
[0.366s] Level 5:colcon.colcon_core.verb:set package 'package_master' build argument 'cmake_clean_cache' from command line to 'False'
[0.366s] Level 5:colcon.colcon_core.verb:set package 'package_master' build argument 'cmake_clean_first' from command line to 'False'
[0.366s] Level 5:colcon.colcon_core.verb:set package 'package_master' build argument 'cmake_force_configure' from command line to 'False'
[0.366s] Level 5:colcon.colcon_core.verb:set package 'package_master' build argument 'ament_cmake_args' from command line to 'None'
[0.366s] Level 5:colcon.colcon_core.verb:set package 'package_master' build argument 'catkin_cmake_args' from command line to 'None'
[0.366s] Level 5:colcon.colcon_core.verb:set package 'package_master' build argument 'catkin_skip_building_tests' from command line to 'False'
[0.366s] DEBUG:colcon.colcon_core.verb:Building package 'package_master' with the following arguments: {'ament_cmake_args': None, 'build_base': '/home/fabian/ProRob/ProRob/build/package_master', 'catkin_cmake_args': None, 'catkin_skip_building_tests': False, 'cmake_args': None, 'cmake_clean_cache': False, 'cmake_clean_first': False, 'cmake_force_configure': False, 'cmake_target': None, 'cmake_target_skip_unavailable': False, 'install_base': '/home/fabian/ProRob/ProRob/install/package_master', 'merge_install': False, 'path': '/home/fabian/ProRob/ProRob/src/package_master', 'symlink_install': False, 'test_result_base': None}
[0.366s] Level 5:colcon.colcon_core.verb:set package 'package_master_interfaces' build argument 'cmake_args' from command line to 'None'
[0.366s] Level 5:colcon.colcon_core.verb:set package 'package_master_interfaces' build argument 'cmake_target' from command line to 'None'
[0.366s] Level 5:colcon.colcon_core.verb:set package 'package_master_interfaces' build argument 'cmake_target_skip_unavailable' from command line to 'False'
[0.366s] Level 5:colcon.colcon_core.verb:set package 'package_master_interfaces' build argument 'cmake_clean_cache' from command line to 'False'
[0.366s] Level 5:colcon.colcon_core.verb:set package 'package_master_interfaces' build argument 'cmake_clean_first' from command line to 'False'
[0.366s] Level 5:colcon.colcon_core.verb:set package 'package_master_interfaces' build argument 'cmake_force_configure' from command line to 'False'
[0.366s] Level 5:colcon.colcon_core.verb:set package 'package_master_interfaces' build argument 'ament_cmake_args' from command line to 'None'
[0.366s] Level 5:colcon.colcon_core.verb:set package 'package_master_interfaces' build argument 'catkin_cmake_args' from command line to 'None'
[0.366s] Level 5:colcon.colcon_core.verb:set package 'package_master_interfaces' build argument 'catkin_skip_building_tests' from command line to 'False'
[0.367s] DEBUG:colcon.colcon_core.verb:Building package 'package_master_interfaces' with the following arguments: {'ament_cmake_args': None, 'build_base': '/home/fabian/ProRob/ProRob/build/package_master_interfaces', 'catkin_cmake_args': None, 'catkin_skip_building_tests': False, 'cmake_args': None, 'cmake_clean_cache': False, 'cmake_clean_first': False, 'cmake_force_configure': False, 'cmake_target': None, 'cmake_target_skip_unavailable': False, 'install_base': '/home/fabian/ProRob/ProRob/install/package_master_interfaces', 'merge_install': False, 'path': '/home/fabian/ProRob/ProRob/src/package_master_interfaces', 'symlink_install': False, 'test_result_base': None}
[0.367s] Level 5:colcon.colcon_core.verb:set package 'py_srvcli' build argument 'cmake_args' from command line to 'None'
[0.367s] Level 5:colcon.colcon_core.verb:set package 'py_srvcli' build argument 'cmake_target' from command line to 'None'
[0.367s] Level 5:colcon.colcon_core.verb:set package 'py_srvcli' build argument 'cmake_target_skip_unavailable' from command line to 'False'
[0.367s] Level 5:colcon.colcon_core.verb:set package 'py_srvcli' build argument 'cmake_clean_cache' from command line to 'False'
[0.367s] Level 5:colcon.colcon_core.verb:set package 'py_srvcli' build argument 'cmake_clean_first' from command line to 'False'
[0.367s] Level 5:colcon.colcon_core.verb:set package 'py_srvcli' build argument 'cmake_force_configure' from command line to 'False'
[0.367s] Level 5:colcon.colcon_core.verb:set package 'py_srvcli' build argument 'ament_cmake_args' from command line to 'None'
[0.367s] Level 5:colcon.colcon_core.verb:set package 'py_srvcli' build argument 'catkin_cmake_args' from command line to 'None'
[0.367s] Level 5:colcon.colcon_core.verb:set package 'py_srvcli' build argument 'catkin_skip_building_tests' from command line to 'False'
[0.367s] DEBUG:colcon.colcon_core.verb:Building package 'py_srvcli' with the following arguments: {'ament_cmake_args': None, 'build_base': '/home/fabian/ProRob/ProRob/build/py_srvcli', 'catkin_cmake_args': None, 'catkin_skip_building_tests': False, 'cmake_args': None, 'cmake_clean_cache': False, 'cmake_clean_first': False, 'cmake_force_configure': False, 'cmake_target': None, 'cmake_target_skip_unavailable': False, 'install_base': '/home/fabian/ProRob/ProRob/install/py_srvcli', 'merge_install': False, 'path': '/home/fabian/ProRob/ProRob/src/py_srvcli', 'symlink_install': False, 'test_result_base': None}
[0.367s] INFO:colcon.colcon_core.executor:Executing jobs using 'parallel' executor
[0.368s] DEBUG:colcon.colcon_parallel_executor.executor.parallel:run_until_complete
[0.368s] INFO:colcon.colcon_ros.task.ament_python.build:Building ROS package in '/home/fabian/ProRob/ProRob/src/package_master' with build type 'ament_python'
[0.369s] Level 1:colcon.colcon_core.shell:create_environment_hook('package_master', 'ament_prefix_path')
[0.370s] INFO:colcon.colcon_core.plugin_system:Skipping extension 'colcon_core.shell.bat': Not used on non-Windows systems
[0.370s] INFO:colcon.colcon_core.shell:Creating environment hook '/home/fabian/ProRob/ProRob/install/package_master/share/package_master/hook/ament_prefix_path.ps1'
[0.371s] INFO:colcon.colcon_core.shell:Creating environment descriptor '/home/fabian/ProRob/ProRob/install/package_master/share/package_master/hook/ament_prefix_path.dsv'
[0.371s] INFO:colcon.colcon_core.shell:Creating environment hook '/home/fabian/ProRob/ProRob/install/package_master/share/package_master/hook/ament_prefix_path.sh'
[0.372s] INFO:colcon.colcon_core.shell:Skip shell extension 'powershell' for command environment: Not usable outside of PowerShell
[0.372s] DEBUG:colcon.colcon_core.shell:Skip shell extension 'dsv' for command environment
[0.374s] INFO:colcon.colcon_ros.task.ament_cmake.build:Building ROS package in '/home/fabian/ProRob/ProRob/src/package_master_interfaces' with build type 'ament_cmake'
[0.374s] INFO:colcon.colcon_cmake.task.cmake.build:Building CMake package in '/home/fabian/ProRob/ProRob/src/package_master_interfaces'
[0.374s] INFO:colcon.colcon_core.shell:Skip shell extension 'powershell' for command environment: Not usable outside of PowerShell
[0.374s] DEBUG:colcon.colcon_core.shell:Skip shell extension 'dsv' for command environment
[0.376s] INFO:colcon.colcon_ros.task.ament_python.build:Building ROS package in '/home/fabian/ProRob/ProRob/src/py_srvcli' with build type 'ament_python'
[0.376s] Level 1:colcon.colcon_core.shell:create_environment_hook('py_srvcli', 'ament_prefix_path')
[0.376s] INFO:colcon.colcon_core.shell:Creating environment hook '/home/fabian/ProRob/ProRob/install/py_srvcli/share/py_srvcli/hook/ament_prefix_path.ps1'
[0.377s] INFO:colcon.colcon_core.shell:Creating environment descriptor '/home/fabian/ProRob/ProRob/install/py_srvcli/share/py_srvcli/hook/ament_prefix_path.dsv'
[0.377s] INFO:colcon.colcon_core.shell:Creating environment hook '/home/fabian/ProRob/ProRob/install/py_srvcli/share/py_srvcli/hook/ament_prefix_path.sh'
[0.377s] INFO:colcon.colcon_core.shell:Skip shell extension 'powershell' for command environment: Not usable outside of PowerShell
[0.378s] DEBUG:colcon.colcon_core.shell:Skip shell extension 'dsv' for command environment
[0.641s] INFO:colcon.colcon_core.task.python.build:Building Python package in '/home/fabian/ProRob/ProRob/src/package_master'
[0.642s] INFO:colcon.colcon_core.shell:Skip shell extension 'powershell' for command environment: Not usable outside of PowerShell
[0.642s] DEBUG:colcon.colcon_core.shell:Skip shell extension 'dsv' for command environment
[0.648s] DEBUG:colcon.colcon_core.event_handler.log_command:Invoking command in '/home/fabian/ProRob/ProRob/build/package_master_interfaces': CMAKE_PREFIX_PATH=/opt/ros/humble /usr/bin/cmake --build /home/fabian/ProRob/ProRob/build/package_master_interfaces -- -j12 -l12
[0.963s] INFO:colcon.colcon_core.task.python.build:Building Python package in '/home/fabian/ProRob/ProRob/src/py_srvcli'
[0.963s] INFO:colcon.colcon_core.shell:Skip shell extension 'powershell' for command environment: Not usable outside of PowerShell
[0.963s] DEBUG:colcon.colcon_core.shell:Skip shell extension 'dsv' for command environment
[1.060s] DEBUG:colcon.colcon_core.event_handler.log_command:Invoked command in '/home/fabian/ProRob/ProRob/build/package_master_interfaces' returned '0': CMAKE_PREFIX_PATH=/opt/ros/humble /usr/bin/cmake --build /home/fabian/ProRob/ProRob/build/package_master_interfaces -- -j12 -l12
[1.071s] DEBUG:colcon.colcon_core.event_handler.log_command:Invoking command in '/home/fabian/ProRob/ProRob/build/package_master_interfaces': CMAKE_PREFIX_PATH=/opt/ros/humble /usr/bin/cmake --install /home/fabian/ProRob/ProRob/build/package_master_interfaces
[1.127s] Level 1:colcon.colcon_core.environment:create_environment_scripts_only(package_master_interfaces)
[1.127s] DEBUG:colcon.colcon_core.event_handler.log_command:Invoked command in '/home/fabian/ProRob/ProRob/build/package_master_interfaces' returned '0': CMAKE_PREFIX_PATH=/opt/ros/humble /usr/bin/cmake --install /home/fabian/ProRob/ProRob/build/package_master_interfaces
[1.129s] Level 1:colcon.colcon_core.environment:checking '/home/fabian/ProRob/ProRob/install/package_master_interfaces' for CMake module files
[1.130s] Level 1:colcon.colcon_core.environment:checking '/home/fabian/ProRob/ProRob/install/package_master_interfaces' for CMake config files
[1.130s] Level 1:colcon.colcon_core.shell:create_environment_hook('package_master_interfaces', 'cmake_prefix_path')
[1.130s] INFO:colcon.colcon_core.shell:Creating environment hook '/home/fabian/ProRob/ProRob/install/package_master_interfaces/share/package_master_interfaces/hook/cmake_prefix_path.ps1'
[1.131s] INFO:colcon.colcon_core.shell:Creating environment descriptor '/home/fabian/ProRob/ProRob/install/package_master_interfaces/share/package_master_interfaces/hook/cmake_prefix_path.dsv'
[1.131s] INFO:colcon.colcon_core.shell:Creating environment hook '/home/fabian/ProRob/ProRob/install/package_master_interfaces/share/package_master_interfaces/hook/cmake_prefix_path.sh'
[1.132s] Level 1:colcon.colcon_core.environment:checking '/home/fabian/ProRob/ProRob/install/package_master_interfaces/lib'
[1.132s] Level 1:colcon.colcon_core.shell:create_environment_hook('package_master_interfaces', 'ld_library_path_lib')
[1.132s] INFO:colcon.colcon_core.shell:Creating environment hook '/home/fabian/ProRob/ProRob/install/package_master_interfaces/share/package_master_interfaces/hook/ld_library_path_lib.ps1'
[1.132s] INFO:colcon.colcon_core.shell:Creating environment descriptor '/home/fabian/ProRob/ProRob/install/package_master_interfaces/share/package_master_interfaces/hook/ld_library_path_lib.dsv'
[1.132s] INFO:colcon.colcon_core.shell:Creating environment hook '/home/fabian/ProRob/ProRob/install/package_master_interfaces/share/package_master_interfaces/hook/ld_library_path_lib.sh'
[1.133s] Level 1:colcon.colcon_core.environment:checking '/home/fabian/ProRob/ProRob/install/package_master_interfaces/bin'
[1.133s] Level 1:colcon.colcon_core.environment:checking '/home/fabian/ProRob/ProRob/install/package_master_interfaces/lib/pkgconfig/package_master_interfaces.pc'
[1.133s] Level 1:colcon.colcon_core.environment:checking '/home/fabian/ProRob/ProRob/install/package_master_interfaces/lib/python3.10/site-packages'
[1.133s] Level 1:colcon.colcon_core.environment:checking '/home/fabian/ProRob/ProRob/install/package_master_interfaces/bin'
[1.134s] INFO:colcon.colcon_core.shell:Creating package script '/home/fabian/ProRob/ProRob/install/package_master_interfaces/share/package_master_interfaces/package.ps1'
[1.134s] INFO:colcon.colcon_core.shell:Creating package descriptor '/home/fabian/ProRob/ProRob/install/package_master_interfaces/share/package_master_interfaces/package.dsv'
[1.135s] INFO:colcon.colcon_core.shell:Creating package script '/home/fabian/ProRob/ProRob/install/package_master_interfaces/share/package_master_interfaces/package.sh'
[1.136s] INFO:colcon.colcon_core.shell:Creating package script '/home/fabian/ProRob/ProRob/install/package_master_interfaces/share/package_master_interfaces/package.bash'
[1.136s] INFO:colcon.colcon_core.shell:Creating package script '/home/fabian/ProRob/ProRob/install/package_master_interfaces/share/package_master_interfaces/package.zsh'
[1.137s] Level 1:colcon.colcon_core.environment:create_file_with_runtime_dependencies(/home/fabian/ProRob/ProRob/install/package_master_interfaces/share/colcon-core/packages/package_master_interfaces)
[1.137s] Level 1:colcon.colcon_core.environment:create_environment_scripts_only(package_master_interfaces)
[1.137s] Level 1:colcon.colcon_core.environment:checking '/home/fabian/ProRob/ProRob/install/package_master_interfaces' for CMake module files
[1.138s] Level 1:colcon.colcon_core.environment:checking '/home/fabian/ProRob/ProRob/install/package_master_interfaces' for CMake config files
[1.138s] Level 1:colcon.colcon_core.shell:create_environment_hook('package_master_interfaces', 'cmake_prefix_path')
[1.138s] INFO:colcon.colcon_core.shell:Creating environment hook '/home/fabian/ProRob/ProRob/install/package_master_interfaces/share/package_master_interfaces/hook/cmake_prefix_path.ps1'
[1.139s] INFO:colcon.colcon_core.shell:Creating environment descriptor '/home/fabian/ProRob/ProRob/install/package_master_interfaces/share/package_master_interfaces/hook/cmake_prefix_path.dsv'
[1.139s] INFO:colcon.colcon_core.shell:Creating environment hook '/home/fabian/ProRob/ProRob/install/package_master_interfaces/share/package_master_interfaces/hook/cmake_prefix_path.sh'
[1.139s] Level 1:colcon.colcon_core.environment:checking '/home/fabian/ProRob/ProRob/install/package_master_interfaces/lib'
[1.139s] Level 1:colcon.colcon_core.shell:create_environment_hook('package_master_interfaces', 'ld_library_path_lib')
[1.140s] INFO:colcon.colcon_core.shell:Creating environment hook '/home/fabian/ProRob/ProRob/install/package_master_interfaces/share/package_master_interfaces/hook/ld_library_path_lib.ps1'
[1.140s] INFO:colcon.colcon_core.shell:Creating environment descriptor '/home/fabian/ProRob/ProRob/install/package_master_interfaces/share/package_master_interfaces/hook/ld_library_path_lib.dsv'
[1.140s] INFO:colcon.colcon_core.shell:Creating environment hook '/home/fabian/ProRob/ProRob/install/package_master_interfaces/share/package_master_interfaces/hook/ld_library_path_lib.sh'
[1.140s] Level 1:colcon.colcon_core.environment:checking '/home/fabian/ProRob/ProRob/install/package_master_interfaces/bin'
[1.140s] Level 1:colcon.colcon_core.environment:checking '/home/fabian/ProRob/ProRob/install/package_master_interfaces/lib/pkgconfig/package_master_interfaces.pc'
[1.141s] Level 1:colcon.colcon_core.environment:checking '/home/fabian/ProRob/ProRob/install/package_master_interfaces/lib/python3.10/site-packages'
[1.141s] Level 1:colcon.colcon_core.environment:checking '/home/fabian/ProRob/ProRob/install/package_master_interfaces/bin'
[1.141s] INFO:colcon.colcon_core.shell:Creating package script '/home/fabian/ProRob/ProRob/install/package_master_interfaces/share/package_master_interfaces/package.ps1'
[1.141s] INFO:colcon.colcon_core.shell:Creating package descriptor '/home/fabian/ProRob/ProRob/install/package_master_interfaces/share/package_master_interfaces/package.dsv'
[1.142s] INFO:colcon.colcon_core.shell:Creating package script '/home/fabian/ProRob/ProRob/install/package_master_interfaces/share/package_master_interfaces/package.sh'
[1.142s] INFO:colcon.colcon_core.shell:Creating package script '/home/fabian/ProRob/ProRob/install/package_master_interfaces/share/package_master_interfaces/package.bash'
[1.142s] INFO:colcon.colcon_core.shell:Creating package script '/home/fabian/ProRob/ProRob/install/package_master_interfaces/share/package_master_interfaces/package.zsh'
[1.143s] Level 1:colcon.colcon_core.environment:create_file_with_runtime_dependencies(/home/fabian/ProRob/ProRob/install/package_master_interfaces/share/colcon-core/packages/package_master_interfaces)
[1.453s] DEBUG:colcon.colcon_core.event_handler.log_command:Invoking command in '/home/fabian/ProRob/ProRob/src/package_master': PYTHONPATH=/home/fabian/ProRob/ProRob/build/package_master/prefix_override:/usr/lib/python3/dist-packages/colcon_core/task/python/colcon_distutils_commands:/home/fabian/ProRob/ProRob/install/package_master/lib/python3.10/site-packages:${PYTHONPATH} /usr/bin/python3 -W ignore:setup.py install is deprecated -W ignore:easy_install command is deprecated setup.py egg_info --egg-base ../../build/package_master build --build-base /home/fabian/ProRob/ProRob/build/package_master/build install --record /home/fabian/ProRob/ProRob/build/package_master/install.log --single-version-externally-managed install_data
[1.488s] DEBUG:colcon.colcon_core.event_handler.log_command:Invoking command in '/home/fabian/ProRob/ProRob/src/py_srvcli': PYTHONPATH=/home/fabian/ProRob/ProRob/build/py_srvcli/prefix_override:/usr/lib/python3/dist-packages/colcon_core/task/python/colcon_distutils_commands:/home/fabian/ProRob/ProRob/install/py_srvcli/lib/python3.10/site-packages:${PYTHONPATH} /usr/bin/python3 -W ignore:setup.py install is deprecated -W ignore:easy_install command is deprecated setup.py egg_info --egg-base ../../build/py_srvcli build --build-base /home/fabian/ProRob/ProRob/build/py_srvcli/build install --record /home/fabian/ProRob/ProRob/build/py_srvcli/install.log --single-version-externally-managed install_data
[1.896s] Level 1:colcon.colcon_core.environment:checking '/home/fabian/ProRob/ProRob/install/package_master' for CMake module files
[1.897s] DEBUG:colcon.colcon_core.event_handler.log_command:Invoked command in '/home/fabian/ProRob/ProRob/src/package_master' returned '0': PYTHONPATH=/home/fabian/ProRob/ProRob/build/package_master/prefix_override:/usr/lib/python3/dist-packages/colcon_core/task/python/colcon_distutils_commands:/home/fabian/ProRob/ProRob/install/package_master/lib/python3.10/site-packages:${PYTHONPATH} /usr/bin/python3 -W ignore:setup.py install is deprecated -W ignore:easy_install command is deprecated setup.py egg_info --egg-base ../../build/package_master build --build-base /home/fabian/ProRob/ProRob/build/package_master/build install --record /home/fabian/ProRob/ProRob/build/package_master/install.log --single-version-externally-managed install_data
[1.897s] Level 1:colcon.colcon_core.environment:checking '/home/fabian/ProRob/ProRob/install/package_master' for CMake config files
[1.898s] Level 1:colcon.colcon_core.environment:checking '/home/fabian/ProRob/ProRob/install/package_master/lib'
[1.898s] Level 1:colcon.colcon_core.environment:checking '/home/fabian/ProRob/ProRob/install/package_master/bin'
[1.898s] Level 1:colcon.colcon_core.environment:checking '/home/fabian/ProRob/ProRob/install/package_master/lib/pkgconfig/package_master.pc'
[1.899s] Level 1:colcon.colcon_core.environment:checking '/home/fabian/ProRob/ProRob/install/package_master/lib/python3.10/site-packages'
[1.899s] Level 1:colcon.colcon_core.shell:create_environment_hook('package_master', 'pythonpath')
[1.899s] INFO:colcon.colcon_core.shell:Creating environment hook '/home/fabian/ProRob/ProRob/install/package_master/share/package_master/hook/pythonpath.ps1'
[1.900s] INFO:colcon.colcon_core.shell:Creating environment descriptor '/home/fabian/ProRob/ProRob/install/package_master/share/package_master/hook/pythonpath.dsv'
[1.900s] INFO:colcon.colcon_core.shell:Creating environment hook '/home/fabian/ProRob/ProRob/install/package_master/share/package_master/hook/pythonpath.sh'
[1.901s] Level 1:colcon.colcon_core.environment:checking '/home/fabian/ProRob/ProRob/install/package_master/bin'
[1.901s] Level 1:colcon.colcon_core.environment:create_environment_scripts_only(package_master)
[1.901s] INFO:colcon.colcon_core.shell:Creating package script '/home/fabian/ProRob/ProRob/install/package_master/share/package_master/package.ps1'
[1.901s] INFO:colcon.colcon_core.shell:Creating package descriptor '/home/fabian/ProRob/ProRob/install/package_master/share/package_master/package.dsv'
[1.902s] INFO:colcon.colcon_core.shell:Creating package script '/home/fabian/ProRob/ProRob/install/package_master/share/package_master/package.sh'
[1.902s] INFO:colcon.colcon_core.shell:Creating package script '/home/fabian/ProRob/ProRob/install/package_master/share/package_master/package.bash'
[1.902s] INFO:colcon.colcon_core.shell:Creating package script '/home/fabian/ProRob/ProRob/install/package_master/share/package_master/package.zsh'
[1.903s] Level 1:colcon.colcon_core.environment:create_file_with_runtime_dependencies(/home/fabian/ProRob/ProRob/install/package_master/share/colcon-core/packages/package_master)
[1.931s] Level 1:colcon.colcon_core.environment:checking '/home/fabian/ProRob/ProRob/install/py_srvcli' for CMake module files
[1.932s] DEBUG:colcon.colcon_core.event_handler.log_command:Invoked command in '/home/fabian/ProRob/ProRob/src/py_srvcli' returned '0': PYTHONPATH=/home/fabian/ProRob/ProRob/build/py_srvcli/prefix_override:/usr/lib/python3/dist-packages/colcon_core/task/python/colcon_distutils_commands:/home/fabian/ProRob/ProRob/install/py_srvcli/lib/python3.10/site-packages:${PYTHONPATH} /usr/bin/python3 -W ignore:setup.py install is deprecated -W ignore:easy_install command is deprecated setup.py egg_info --egg-base ../../build/py_srvcli build --build-base /home/fabian/ProRob/ProRob/build/py_srvcli/build install --record /home/fabian/ProRob/ProRob/build/py_srvcli/install.log --single-version-externally-managed install_data
[1.932s] Level 1:colcon.colcon_core.environment:checking '/home/fabian/ProRob/ProRob/install/py_srvcli' for CMake config files
[1.933s] Level 1:colcon.colcon_core.environment:checking '/home/fabian/ProRob/ProRob/install/py_srvcli/lib'
[1.933s] Level 1:colcon.colcon_core.environment:checking '/home/fabian/ProRob/ProRob/install/py_srvcli/bin'
[1.933s] Level 1:colcon.colcon_core.environment:checking '/home/fabian/ProRob/ProRob/install/py_srvcli/lib/pkgconfig/py_srvcli.pc'
[1.933s] Level 1:colcon.colcon_core.environment:checking '/home/fabian/ProRob/ProRob/install/py_srvcli/lib/python3.10/site-packages'
[1.933s] Level 1:colcon.colcon_core.shell:create_environment_hook('py_srvcli', 'pythonpath')
[1.933s] INFO:colcon.colcon_core.shell:Creating environment hook '/home/fabian/ProRob/ProRob/install/py_srvcli/share/py_srvcli/hook/pythonpath.ps1'
[1.934s] INFO:colcon.colcon_core.shell:Creating environment descriptor '/home/fabian/ProRob/ProRob/install/py_srvcli/share/py_srvcli/hook/pythonpath.dsv'
[1.935s] INFO:colcon.colcon_core.shell:Creating environment hook '/home/fabian/ProRob/ProRob/install/py_srvcli/share/py_srvcli/hook/pythonpath.sh'
[1.935s] Level 1:colcon.colcon_core.environment:checking '/home/fabian/ProRob/ProRob/install/py_srvcli/bin'
[1.935s] Level 1:colcon.colcon_core.environment:create_environment_scripts_only(py_srvcli)
[1.936s] INFO:colcon.colcon_core.shell:Creating package script '/home/fabian/ProRob/ProRob/install/py_srvcli/share/py_srvcli/package.ps1'
[1.936s] INFO:colcon.colcon_core.shell:Creating package descriptor '/home/fabian/ProRob/ProRob/install/py_srvcli/share/py_srvcli/package.dsv'
[1.936s] INFO:colcon.colcon_core.shell:Creating package script '/home/fabian/ProRob/ProRob/install/py_srvcli/share/py_srvcli/package.sh'
[1.937s] INFO:colcon.colcon_core.shell:Creating package script '/home/fabian/ProRob/ProRob/install/py_srvcli/share/py_srvcli/package.bash'
[1.937s] INFO:colcon.colcon_core.shell:Creating package script '/home/fabian/ProRob/ProRob/install/py_srvcli/share/py_srvcli/package.zsh'
[1.937s] Level 1:colcon.colcon_core.environment:create_file_with_runtime_dependencies(/home/fabian/ProRob/ProRob/install/py_srvcli/share/colcon-core/packages/py_srvcli)
[1.938s] DEBUG:colcon.colcon_parallel_executor.executor.parallel:closing loop
[1.938s] DEBUG:colcon.colcon_parallel_executor.executor.parallel:loop closed
[1.938s] DEBUG:colcon.colcon_parallel_executor.executor.parallel:run_until_complete finished with '0'
[1.938s] DEBUG:colcon.colcon_core.event_reactor:joining thread
[1.946s] INFO:colcon.colcon_core.plugin_system:Skipping extension 'colcon_notification.desktop_notification.terminal_notifier': Not used on non-Darwin systems
[1.946s] INFO:colcon.colcon_core.plugin_system:Skipping extension 'colcon_notification.desktop_notification.win32': Not used on non-Windows systems
[1.946s] INFO:colcon.colcon_notification.desktop_notification:Sending desktop notification using 'notify2'
[1.958s] DEBUG:colcon.colcon_core.event_reactor:joined thread
[1.959s] INFO:colcon.colcon_core.shell:Creating prefix script '/home/fabian/ProRob/ProRob/install/local_setup.ps1'
[1.961s] INFO:colcon.colcon_core.shell:Creating prefix util module '/home/fabian/ProRob/ProRob/install/_local_setup_util_ps1.py'
[1.965s] INFO:colcon.colcon_core.shell:Creating prefix chain script '/home/fabian/ProRob/ProRob/install/setup.ps1'
[1.966s] INFO:colcon.colcon_core.shell:Creating prefix script '/home/fabian/ProRob/ProRob/install/local_setup.sh'
[1.967s] INFO:colcon.colcon_core.shell:Creating prefix util module '/home/fabian/ProRob/ProRob/install/_local_setup_util_sh.py'
[1.967s] INFO:colcon.colcon_core.shell:Creating prefix chain script '/home/fabian/ProRob/ProRob/install/setup.sh'
[1.968s] INFO:colcon.colcon_core.shell:Creating prefix script '/home/fabian/ProRob/ProRob/install/local_setup.bash'
[1.969s] INFO:colcon.colcon_core.shell:Creating prefix chain script '/home/fabian/ProRob/ProRob/install/setup.bash'
[1.969s] INFO:colcon.colcon_core.shell:Creating prefix script '/home/fabian/ProRob/ProRob/install/local_setup.zsh'
[1.970s] INFO:colcon.colcon_core.shell:Creating prefix chain script '/home/fabian/ProRob/ProRob/install/setup.zsh'
