running egg_info
writing ../../build/package_master/package_master.egg-info/PKG-INFO
writing dependency_links to ../../build/package_master/package_master.egg-info/dependency_links.txt
writing entry points to ../../build/package_master/package_master.egg-info/entry_points.txt
writing requirements to ../../build/package_master/package_master.egg-info/requires.txt
writing top-level names to ../../build/package_master/package_master.egg-info/top_level.txt
reading manifest file '../../build/package_master/package_master.egg-info/SOURCES.txt'
writing manifest file '../../build/package_master/package_master.egg-info/SOURCES.txt'
running build
running build_py
running install
running install_lib
running install_data
running install_egg_info
removing '/home/rouillon/Documents/ProDroneTB/ProRob/install/package_master/lib/python3.10/site-packages/package_master-0.0.0-py3.10.egg-info' (and everything under it)
Copying ../../build/package_master/package_master.egg-info to /home/rouillon/Documents/ProDroneTB/ProRob/install/package_master/lib/python3.10/site-packages/package_master-0.0.0-py3.10.egg-info
running install_scripts
Installing client script to /home/rouillon/Documents/ProDroneTB/ProRob/install/package_master/lib/package_master
Installing client_drone script to /home/rouillon/Documents/ProDroneTB/ProRob/install/package_master/lib/package_master
Installing client_tb script to /home/rouillon/Documents/ProDroneTB/ProRob/install/package_master/lib/package_master
Installing service_drone script to /home/rouillon/Documents/ProDroneTB/ProRob/install/package_master/lib/package_master
Installing service_tb script to /home/rouillon/Documents/ProDroneTB/ProRob/install/package_master/lib/package_master
Installing service_test script to /home/rouillon/Documents/ProDroneTB/ProRob/install/package_master/lib/package_master
writing list of installed files to '/home/rouillon/Documents/ProDroneTB/ProRob/build/package_master/install.log'
