[3.747s] Invoking command in '/home/rouillon/ProRob/src/package_master': PYTHONPATH=/home/rouillon/ProRob/build/package_master/prefix_override:/usr/lib/python3/dist-packages/colcon_core/task/python/colcon_distutils_commands:/home/rouillon/ProRob/install/package_master/lib/python3.10/site-packages:${PYTHONPATH} /usr/bin/python3 -W ignore:setup.py install is deprecated -W ignore:easy_install command is deprecated setup.py egg_info --egg-base ../../build/package_master build --build-base /home/rouillon/ProRob/build/package_master/build install --record /home/rouillon/ProRob/build/package_master/install.log --single-version-externally-managed install_data
[4.727s] running egg_info
[4.728s] writing ../../build/package_master/package_master.egg-info/PKG-INFO
[4.728s] writing dependency_links to ../../build/package_master/package_master.egg-info/dependency_links.txt
[4.729s] writing entry points to ../../build/package_master/package_master.egg-info/entry_points.txt
[4.730s] writing requirements to ../../build/package_master/package_master.egg-info/requires.txt
[4.731s] writing top-level names to ../../build/package_master/package_master.egg-info/top_level.txt
[4.738s] reading manifest file '../../build/package_master/package_master.egg-info/SOURCES.txt'
[4.742s] writing manifest file '../../build/package_master/package_master.egg-info/SOURCES.txt'
[4.742s] running build
[4.743s] running build_py
[4.744s] copying package_master/drone_node.py -> /home/rouillon/ProRob/build/package_master/build/lib/package_master
[4.746s] running install
[4.746s] running install_lib
[4.749s] copying /home/rouillon/ProRob/build/package_master/build/lib/package_master/drone_node.py -> /home/rouillon/ProRob/install/package_master/lib/python3.10/site-packages/package_master
[4.752s] byte-compiling /home/rouillon/ProRob/install/package_master/lib/python3.10/site-packages/package_master/drone_node.py to drone_node.cpython-310.pyc
[4.754s] running install_data
[4.755s] running install_egg_info
[4.763s] removing '/home/rouillon/ProRob/install/package_master/lib/python3.10/site-packages/package_master-0.0.0-py3.10.egg-info' (and everything under it)
[4.764s] Copying ../../build/package_master/package_master.egg-info to /home/rouillon/ProRob/install/package_master/lib/python3.10/site-packages/package_master-0.0.0-py3.10.egg-info
[4.767s] running install_scripts
[4.839s] Installing client script to /home/rouillon/ProRob/install/package_master/lib/package_master
[4.840s] Installing service_node script to /home/rouillon/ProRob/install/package_master/lib/package_master
[4.841s] Installing service_test script to /home/rouillon/ProRob/install/package_master/lib/package_master
[4.850s] writing list of installed files to '/home/rouillon/ProRob/build/package_master/install.log'
[4.923s] Invoked command in '/home/rouillon/ProRob/src/package_master' returned '0': PYTHONPATH=/home/rouillon/ProRob/build/package_master/prefix_override:/usr/lib/python3/dist-packages/colcon_core/task/python/colcon_distutils_commands:/home/rouillon/ProRob/install/package_master/lib/python3.10/site-packages:${PYTHONPATH} /usr/bin/python3 -W ignore:setup.py install is deprecated -W ignore:easy_install command is deprecated setup.py egg_info --egg-base ../../build/package_master build --build-base /home/rouillon/ProRob/build/package_master/build install --record /home/rouillon/ProRob/build/package_master/install.log --single-version-externally-managed install_data
