[0.276s] DEBUG:colcon:Command line arguments: ['/usr/bin/colcon', 'build']
[0.276s] DEBUG:colcon:Parsed command line arguments: Namespace(log_base=None, log_level=None, verb_name='build', build_base='build', install_base='install', merge_install=False, symlink_install=False, test_result_base=None, continue_on_error=False, executor='parallel', parallel_workers=4, event_handlers=None, ignore_user_meta=False, metas=['./colcon.meta'], base_paths=['.'], packages_ignore=None, packages_ignore_regex=None, paths=None, packages_up_to=None, packages_up_to_regex=None, packages_above=None, packages_above_and_dependencies=None, packages_above_depth=None, packages_select_by_dep=None, packages_skip_by_dep=None, packages_skip_up_to=None, packages_select_build_failed=False, packages_skip_build_finished=False, packages_select_test_failures=False, packages_skip_test_passed=False, packages_select=None, packages_skip=None, packages_select_regex=None, packages_skip_regex=None, packages_start=None, packages_end=None, allow_overriding=[], cmake_args=None, cmake_target=None, cmake_target_skip_unavailable=False, cmake_clean_cache=False, cmake_clean_first=False, cmake_force_configure=False, ament_cmake_args=None, catkin_cmake_args=None, catkin_skip_building_tests=False, mixin_files=None, mixin=None, verb_parser=<colcon_mixin.mixin.mixin_argument.MixinArgumentDecorator object at 0x748adf0d3400>, verb_extension=<colcon_core.verb.build.BuildVerb object at 0x748adf2749d0>, main=<bound method BuildVerb.main of <colcon_core.verb.build.BuildVerb object at 0x748adf2749d0>>, mixin_verb=('build',))
[0.759s] Level 1:colcon.colcon_core.package_discovery:discover_packages(colcon_meta) check parameters
[0.759s] Level 1:colcon.colcon_core.package_discovery:discover_packages(recursive) check parameters
[0.759s] Level 1:colcon.colcon_core.package_discovery:discover_packages(ignore) check parameters
[0.759s] Level 1:colcon.colcon_core.package_discovery:discover_packages(path) check parameters
[0.759s] Level 1:colcon.colcon_core.package_discovery:discover_packages(colcon_meta) discover
[0.759s] Level 1:colcon.colcon_core.package_discovery:discover_packages(recursive) discover
[0.760s] INFO:colcon.colcon_core.package_discovery:Crawling recursively for packages in '/home/rouillon/ProRob'
[0.760s] Level 1:colcon.colcon_core.package_identification:_identify(.) by extensions ['ignore', 'ignore_ament_install']
[0.760s] Level 1:colcon.colcon_core.package_identification:_identify(.) by extension 'ignore'
[0.760s] Level 1:colcon.colcon_core.package_identification:_identify(.) by extension 'ignore_ament_install'
[0.761s] Level 1:colcon.colcon_core.package_identification:_identify(.) by extensions ['colcon_pkg']
[0.761s] Level 1:colcon.colcon_core.package_identification:_identify(.) by extension 'colcon_pkg'
[0.761s] Level 1:colcon.colcon_core.package_identification:_identify(.) by extensions ['colcon_meta']
[0.761s] Level 1:colcon.colcon_core.package_identification:_identify(.) by extension 'colcon_meta'
[0.761s] Level 1:colcon.colcon_core.package_identification:_identify(.) by extensions ['ros']
[0.761s] Level 1:colcon.colcon_core.package_identification:_identify(.) by extension 'ros'
[0.786s] Level 1:colcon.colcon_core.package_identification:_identify(.) by extensions ['cmake', 'python']
[0.787s] Level 1:colcon.colcon_core.package_identification:_identify(.) by extension 'cmake'
[0.787s] Level 1:colcon.colcon_core.package_identification:_identify(.) by extension 'python'
[0.787s] Level 1:colcon.colcon_core.package_identification:_identify(.) by extensions ['python_setup_py']
[0.787s] Level 1:colcon.colcon_core.package_identification:_identify(.) by extension 'python_setup_py'
[0.787s] Level 1:colcon.colcon_core.package_identification:_identify(build) by extensions ['ignore', 'ignore_ament_install']
[0.787s] Level 1:colcon.colcon_core.package_identification:_identify(build) by extension 'ignore'
[0.787s] Level 1:colcon.colcon_core.package_identification:_identify(build) ignored
[0.787s] Level 1:colcon.colcon_core.package_identification:_identify(install) by extensions ['ignore', 'ignore_ament_install']
[0.788s] Level 1:colcon.colcon_core.package_identification:_identify(install) by extension 'ignore'
[0.788s] Level 1:colcon.colcon_core.package_identification:_identify(install) ignored
[0.788s] Level 1:colcon.colcon_core.package_identification:_identify(log) by extensions ['ignore', 'ignore_ament_install']
[0.789s] Level 1:colcon.colcon_core.package_identification:_identify(log) by extension 'ignore'
[0.789s] Level 1:colcon.colcon_core.package_identification:_identify(log) ignored
[0.789s] Level 1:colcon.colcon_core.package_identification:_identify(src) by extensions ['ignore', 'ignore_ament_install']
[0.789s] Level 1:colcon.colcon_core.package_identification:_identify(src) by extension 'ignore'
[0.789s] Level 1:colcon.colcon_core.package_identification:_identify(src) by extension 'ignore_ament_install'
[0.789s] Level 1:colcon.colcon_core.package_identification:_identify(src) by extensions ['colcon_pkg']
[0.790s] Level 1:colcon.colcon_core.package_identification:_identify(src) by extension 'colcon_pkg'
[0.790s] Level 1:colcon.colcon_core.package_identification:_identify(src) by extensions ['colcon_meta']
[0.790s] Level 1:colcon.colcon_core.package_identification:_identify(src) by extension 'colcon_meta'
[0.790s] Level 1:colcon.colcon_core.package_identification:_identify(src) by extensions ['ros']
[0.790s] Level 1:colcon.colcon_core.package_identification:_identify(src) by extension 'ros'
[0.790s] Level 1:colcon.colcon_core.package_identification:_identify(src) by extensions ['cmake', 'python']
[0.790s] Level 1:colcon.colcon_core.package_identification:_identify(src) by extension 'cmake'
[0.790s] Level 1:colcon.colcon_core.package_identification:_identify(src) by extension 'python'
[0.791s] Level 1:colcon.colcon_core.package_identification:_identify(src) by extensions ['python_setup_py']
[0.791s] Level 1:colcon.colcon_core.package_identification:_identify(src) by extension 'python_setup_py'
[0.791s] Level 1:colcon.colcon_core.package_identification:_identify(src/package_master) by extensions ['ignore', 'ignore_ament_install']
[0.791s] Level 1:colcon.colcon_core.package_identification:_identify(src/package_master) by extension 'ignore'
[0.791s] Level 1:colcon.colcon_core.package_identification:_identify(src/package_master) by extension 'ignore_ament_install'
[0.791s] Level 1:colcon.colcon_core.package_identification:_identify(src/package_master) by extensions ['colcon_pkg']
[0.791s] Level 1:colcon.colcon_core.package_identification:_identify(src/package_master) by extension 'colcon_pkg'
[0.791s] Level 1:colcon.colcon_core.package_identification:_identify(src/package_master) by extensions ['colcon_meta']
[0.791s] Level 1:colcon.colcon_core.package_identification:_identify(src/package_master) by extension 'colcon_meta'
[0.791s] Level 1:colcon.colcon_core.package_identification:_identify(src/package_master) by extensions ['ros']
[0.791s] Level 1:colcon.colcon_core.package_identification:_identify(src/package_master) by extension 'ros'
[0.798s] DEBUG:colcon.colcon_core.package_identification:Package 'src/package_master' with type 'ros.ament_python' and name 'package_master'
[0.798s] Level 1:colcon.colcon_core.package_identification:_identify(src/package_master_interfaces) by extensions ['ignore', 'ignore_ament_install']
[0.799s] Level 1:colcon.colcon_core.package_identification:_identify(src/package_master_interfaces) by extension 'ignore'
[0.799s] Level 1:colcon.colcon_core.package_identification:_identify(src/package_master_interfaces) by extension 'ignore_ament_install'
[0.799s] Level 1:colcon.colcon_core.package_identification:_identify(src/package_master_interfaces) by extensions ['colcon_pkg']
[0.799s] Level 1:colcon.colcon_core.package_identification:_identify(src/package_master_interfaces) by extension 'colcon_pkg'
[0.799s] Level 1:colcon.colcon_core.package_identification:_identify(src/package_master_interfaces) by extensions ['colcon_meta']
[0.799s] Level 1:colcon.colcon_core.package_identification:_identify(src/package_master_interfaces) by extension 'colcon_meta'
[0.799s] Level 1:colcon.colcon_core.package_identification:_identify(src/package_master_interfaces) by extensions ['ros']
[0.799s] Level 1:colcon.colcon_core.package_identification:_identify(src/package_master_interfaces) by extension 'ros'
[0.801s] DEBUG:colcon.colcon_core.package_identification:Package 'src/package_master_interfaces' with type 'ros.ament_cmake' and name 'package_master_interfaces'
[0.801s] Level 1:colcon.colcon_core.package_identification:_identify(src/py_srvcli) by extensions ['ignore', 'ignore_ament_install']
[0.801s] Level 1:colcon.colcon_core.package_identification:_identify(src/py_srvcli) by extension 'ignore'
[0.801s] Level 1:colcon.colcon_core.package_identification:_identify(src/py_srvcli) by extension 'ignore_ament_install'
[0.801s] Level 1:colcon.colcon_core.package_identification:_identify(src/py_srvcli) by extensions ['colcon_pkg']
[0.801s] Level 1:colcon.colcon_core.package_identification:_identify(src/py_srvcli) by extension 'colcon_pkg'
[0.801s] Level 1:colcon.colcon_core.package_identification:_identify(src/py_srvcli) by extensions ['colcon_meta']
[0.801s] Level 1:colcon.colcon_core.package_identification:_identify(src/py_srvcli) by extension 'colcon_meta'
[0.802s] Level 1:colcon.colcon_core.package_identification:_identify(src/py_srvcli) by extensions ['ros']
[0.802s] Level 1:colcon.colcon_core.package_identification:_identify(src/py_srvcli) by extension 'ros'
[0.804s] DEBUG:colcon.colcon_core.package_identification:Package 'src/py_srvcli' with type 'ros.ament_python' and name 'py_srvcli'
[0.804s] Level 1:colcon.colcon_core.package_discovery:discover_packages(recursive) using defaults
[0.804s] Level 1:colcon.colcon_core.package_discovery:discover_packages(ignore) discover
[0.804s] Level 1:colcon.colcon_core.package_discovery:discover_packages(ignore) using defaults
[0.804s] Level 1:colcon.colcon_core.package_discovery:discover_packages(path) discover
[0.804s] Level 1:colcon.colcon_core.package_discovery:discover_packages(path) using defaults
[0.868s] Level 1:colcon.colcon_core.package_discovery:discover_packages(prefix_path) check parameters
[0.868s] Level 1:colcon.colcon_core.package_discovery:discover_packages(prefix_path) discover
[0.871s] DEBUG:colcon.colcon_installed_package_information.package_discovery:Found 3 installed packages in /home/rouillon/ProRob/install
[0.874s] DEBUG:colcon.colcon_installed_package_information.package_discovery:Found 270 installed packages in /opt/ros/humble
[0.878s] Level 1:colcon.colcon_core.package_discovery:discover_packages(prefix_path) using defaults
[0.971s] Level 5:colcon.colcon_core.verb:set package 'package_master' build argument 'cmake_args' from command line to 'None'
[0.971s] Level 5:colcon.colcon_core.verb:set package 'package_master' build argument 'cmake_target' from command line to 'None'
[0.971s] Level 5:colcon.colcon_core.verb:set package 'package_master' build argument 'cmake_target_skip_unavailable' from command line to 'False'
[0.971s] Level 5:colcon.colcon_core.verb:set package 'package_master' build argument 'cmake_clean_cache' from command line to 'False'
[0.971s] Level 5:colcon.colcon_core.verb:set package 'package_master' build argument 'cmake_clean_first' from command line to 'False'
[0.971s] Level 5:colcon.colcon_core.verb:set package 'package_master' build argument 'cmake_force_configure' from command line to 'False'
[0.972s] Level 5:colcon.colcon_core.verb:set package 'package_master' build argument 'ament_cmake_args' from command line to 'None'
[0.972s] Level 5:colcon.colcon_core.verb:set package 'package_master' build argument 'catkin_cmake_args' from command line to 'None'
[0.972s] Level 5:colcon.colcon_core.verb:set package 'package_master' build argument 'catkin_skip_building_tests' from command line to 'False'
[0.972s] DEBUG:colcon.colcon_core.verb:Building package 'package_master' with the following arguments: {'ament_cmake_args': None, 'build_base': '/home/rouillon/ProRob/build/package_master', 'catkin_cmake_args': None, 'catkin_skip_building_tests': False, 'cmake_args': None, 'cmake_clean_cache': False, 'cmake_clean_first': False, 'cmake_force_configure': False, 'cmake_target': None, 'cmake_target_skip_unavailable': False, 'install_base': '/home/rouillon/ProRob/install/package_master', 'merge_install': False, 'path': '/home/rouillon/ProRob/src/package_master', 'symlink_install': False, 'test_result_base': None}
[0.973s] Level 5:colcon.colcon_core.verb:set package 'package_master_interfaces' build argument 'cmake_args' from command line to 'None'
[0.973s] Level 5:colcon.colcon_core.verb:set package 'package_master_interfaces' build argument 'cmake_target' from command line to 'None'
[0.973s] Level 5:colcon.colcon_core.verb:set package 'package_master_interfaces' build argument 'cmake_target_skip_unavailable' from command line to 'False'
[0.973s] Level 5:colcon.colcon_core.verb:set package 'package_master_interfaces' build argument 'cmake_clean_cache' from command line to 'False'
[0.973s] Level 5:colcon.colcon_core.verb:set package 'package_master_interfaces' build argument 'cmake_clean_first' from command line to 'False'
[0.973s] Level 5:colcon.colcon_core.verb:set package 'package_master_interfaces' build argument 'cmake_force_configure' from command line to 'False'
[0.973s] Level 5:colcon.colcon_core.verb:set package 'package_master_interfaces' build argument 'ament_cmake_args' from command line to 'None'
[0.973s] Level 5:colcon.colcon_core.verb:set package 'package_master_interfaces' build argument 'catkin_cmake_args' from command line to 'None'
[0.973s] Level 5:colcon.colcon_core.verb:set package 'package_master_interfaces' build argument 'catkin_skip_building_tests' from command line to 'False'
[0.973s] DEBUG:colcon.colcon_core.verb:Building package 'package_master_interfaces' with the following arguments: {'ament_cmake_args': None, 'build_base': '/home/rouillon/ProRob/build/package_master_interfaces', 'catkin_cmake_args': None, 'catkin_skip_building_tests': False, 'cmake_args': None, 'cmake_clean_cache': False, 'cmake_clean_first': False, 'cmake_force_configure': False, 'cmake_target': None, 'cmake_target_skip_unavailable': False, 'install_base': '/home/rouillon/ProRob/install/package_master_interfaces', 'merge_install': False, 'path': '/home/rouillon/ProRob/src/package_master_interfaces', 'symlink_install': False, 'test_result_base': None}
[0.975s] Level 5:colcon.colcon_core.verb:set package 'py_srvcli' build argument 'cmake_args' from command line to 'None'
[0.975s] Level 5:colcon.colcon_core.verb:set package 'py_srvcli' build argument 'cmake_target' from command line to 'None'
[0.975s] Level 5:colcon.colcon_core.verb:set package 'py_srvcli' build argument 'cmake_target_skip_unavailable' from command line to 'False'
[0.975s] Level 5:colcon.colcon_core.verb:set package 'py_srvcli' build argument 'cmake_clean_cache' from command line to 'False'
[0.975s] Level 5:colcon.colcon_core.verb:set package 'py_srvcli' build argument 'cmake_clean_first' from command line to 'False'
[0.975s] Level 5:colcon.colcon_core.verb:set package 'py_srvcli' build argument 'cmake_force_configure' from command line to 'False'
[0.975s] Level 5:colcon.colcon_core.verb:set package 'py_srvcli' build argument 'ament_cmake_args' from command line to 'None'
[0.975s] Level 5:colcon.colcon_core.verb:set package 'py_srvcli' build argument 'catkin_cmake_args' from command line to 'None'
[0.975s] Level 5:colcon.colcon_core.verb:set package 'py_srvcli' build argument 'catkin_skip_building_tests' from command line to 'False'
[0.975s] DEBUG:colcon.colcon_core.verb:Building package 'py_srvcli' with the following arguments: {'ament_cmake_args': None, 'build_base': '/home/rouillon/ProRob/build/py_srvcli', 'catkin_cmake_args': None, 'catkin_skip_building_tests': False, 'cmake_args': None, 'cmake_clean_cache': False, 'cmake_clean_first': False, 'cmake_force_configure': False, 'cmake_target': None, 'cmake_target_skip_unavailable': False, 'install_base': '/home/rouillon/ProRob/install/py_srvcli', 'merge_install': False, 'path': '/home/rouillon/ProRob/src/py_srvcli', 'symlink_install': False, 'test_result_base': None}
[0.975s] INFO:colcon.colcon_core.executor:Executing jobs using 'parallel' executor
[0.978s] DEBUG:colcon.colcon_parallel_executor.executor.parallel:run_until_complete
[0.978s] INFO:colcon.colcon_ros.task.ament_python.build:Building ROS package in '/home/rouillon/ProRob/src/package_master' with build type 'ament_python'
[0.978s] Level 1:colcon.colcon_core.shell:create_environment_hook('package_master', 'ament_prefix_path')
[0.983s] INFO:colcon.colcon_core.plugin_system:Skipping extension 'colcon_core.shell.bat': Not used on non-Windows systems
[0.984s] INFO:colcon.colcon_core.shell:Creating environment hook '/home/rouillon/ProRob/install/package_master/share/package_master/hook/ament_prefix_path.ps1'
[0.985s] INFO:colcon.colcon_core.shell:Creating environment descriptor '/home/rouillon/ProRob/install/package_master/share/package_master/hook/ament_prefix_path.dsv'
[0.986s] INFO:colcon.colcon_core.shell:Creating environment hook '/home/rouillon/ProRob/install/package_master/share/package_master/hook/ament_prefix_path.sh'
[0.988s] INFO:colcon.colcon_core.shell:Skip shell extension 'powershell' for command environment: Not usable outside of PowerShell
[0.988s] DEBUG:colcon.colcon_core.shell:Skip shell extension 'dsv' for command environment
[1.001s] INFO:colcon.colcon_ros.task.ament_cmake.build:Building ROS package in '/home/rouillon/ProRob/src/package_master_interfaces' with build type 'ament_cmake'
[1.001s] INFO:colcon.colcon_cmake.task.cmake.build:Building CMake package in '/home/rouillon/ProRob/src/package_master_interfaces'
[1.003s] INFO:colcon.colcon_core.shell:Skip shell extension 'powershell' for command environment: Not usable outside of PowerShell
[1.003s] DEBUG:colcon.colcon_core.shell:Skip shell extension 'dsv' for command environment
[1.026s] INFO:colcon.colcon_ros.task.ament_python.build:Building ROS package in '/home/rouillon/ProRob/src/py_srvcli' with build type 'ament_python'
[1.027s] Level 1:colcon.colcon_core.shell:create_environment_hook('py_srvcli', 'ament_prefix_path')
[1.028s] INFO:colcon.colcon_core.shell:Creating environment hook '/home/rouillon/ProRob/install/py_srvcli/share/py_srvcli/hook/ament_prefix_path.ps1'
[1.030s] INFO:colcon.colcon_core.shell:Creating environment descriptor '/home/rouillon/ProRob/install/py_srvcli/share/py_srvcli/hook/ament_prefix_path.dsv'
[1.031s] INFO:colcon.colcon_core.shell:Creating environment hook '/home/rouillon/ProRob/install/py_srvcli/share/py_srvcli/hook/ament_prefix_path.sh'
[1.035s] INFO:colcon.colcon_core.shell:Skip shell extension 'powershell' for command environment: Not usable outside of PowerShell
[1.035s] DEBUG:colcon.colcon_core.shell:Skip shell extension 'dsv' for command environment
[1.772s] INFO:colcon.colcon_core.task.python.build:Building Python package in '/home/rouillon/ProRob/src/package_master'
[1.773s] INFO:colcon.colcon_core.shell:Skip shell extension 'powershell' for command environment: Not usable outside of PowerShell
[1.773s] DEBUG:colcon.colcon_core.shell:Skip shell extension 'dsv' for command environment
[1.804s] DEBUG:colcon.colcon_core.event_handler.log_command:Invoking command in '/home/rouillon/ProRob/build/package_master_interfaces': CMAKE_PREFIX_PATH=${CMAKE_PREFIX_PATH}:/home/rouillon/ProRob/install/py_srvcli:/home/rouillon/ProRob/install/package_master:/opt/ros/humble /usr/bin/cmake --build /home/rouillon/ProRob/build/package_master_interfaces -- -j4 -l4
[2.891s] INFO:colcon.colcon_core.task.python.build:Building Python package in '/home/rouillon/ProRob/src/py_srvcli'
[2.892s] INFO:colcon.colcon_core.shell:Skip shell extension 'powershell' for command environment: Not usable outside of PowerShell
[2.892s] DEBUG:colcon.colcon_core.shell:Skip shell extension 'dsv' for command environment
[3.187s] DEBUG:colcon.colcon_core.event_handler.log_command:Invoked command in '/home/rouillon/ProRob/build/package_master_interfaces' returned '0': CMAKE_PREFIX_PATH=${CMAKE_PREFIX_PATH}:/home/rouillon/ProRob/install/py_srvcli:/home/rouillon/ProRob/install/package_master:/opt/ros/humble /usr/bin/cmake --build /home/rouillon/ProRob/build/package_master_interfaces -- -j4 -l4
[3.215s] DEBUG:colcon.colcon_core.event_handler.log_command:Invoking command in '/home/rouillon/ProRob/build/package_master_interfaces': CMAKE_PREFIX_PATH=${CMAKE_PREFIX_PATH}:/home/rouillon/ProRob/install/py_srvcli:/home/rouillon/ProRob/install/package_master:/opt/ros/humble /usr/bin/cmake --install /home/rouillon/ProRob/build/package_master_interfaces
[3.425s] Level 1:colcon.colcon_core.environment:create_environment_scripts_only(package_master_interfaces)
[3.429s] DEBUG:colcon.colcon_core.event_handler.log_command:Invoked command in '/home/rouillon/ProRob/build/package_master_interfaces' returned '0': CMAKE_PREFIX_PATH=${CMAKE_PREFIX_PATH}:/home/rouillon/ProRob/install/py_srvcli:/home/rouillon/ProRob/install/package_master:/opt/ros/humble /usr/bin/cmake --install /home/rouillon/ProRob/build/package_master_interfaces
[3.435s] Level 1:colcon.colcon_core.environment:checking '/home/rouillon/ProRob/install/package_master_interfaces' for CMake module files
[3.438s] Level 1:colcon.colcon_core.environment:checking '/home/rouillon/ProRob/install/package_master_interfaces' for CMake config files
[3.439s] Level 1:colcon.colcon_core.shell:create_environment_hook('package_master_interfaces', 'cmake_prefix_path')
[3.440s] INFO:colcon.colcon_core.shell:Creating environment hook '/home/rouillon/ProRob/install/package_master_interfaces/share/package_master_interfaces/hook/cmake_prefix_path.ps1'
[3.441s] INFO:colcon.colcon_core.shell:Creating environment descriptor '/home/rouillon/ProRob/install/package_master_interfaces/share/package_master_interfaces/hook/cmake_prefix_path.dsv'
[3.442s] INFO:colcon.colcon_core.shell:Creating environment hook '/home/rouillon/ProRob/install/package_master_interfaces/share/package_master_interfaces/hook/cmake_prefix_path.sh'
[3.444s] Level 1:colcon.colcon_core.environment:checking '/home/rouillon/ProRob/install/package_master_interfaces/lib'
[3.445s] Level 1:colcon.colcon_core.shell:create_environment_hook('package_master_interfaces', 'ld_library_path_lib')
[3.445s] INFO:colcon.colcon_core.shell:Creating environment hook '/home/rouillon/ProRob/install/package_master_interfaces/share/package_master_interfaces/hook/ld_library_path_lib.ps1'
[3.447s] INFO:colcon.colcon_core.shell:Creating environment descriptor '/home/rouillon/ProRob/install/package_master_interfaces/share/package_master_interfaces/hook/ld_library_path_lib.dsv'
[3.448s] INFO:colcon.colcon_core.shell:Creating environment hook '/home/rouillon/ProRob/install/package_master_interfaces/share/package_master_interfaces/hook/ld_library_path_lib.sh'
[3.449s] Level 1:colcon.colcon_core.environment:checking '/home/rouillon/ProRob/install/package_master_interfaces/bin'
[3.450s] Level 1:colcon.colcon_core.environment:checking '/home/rouillon/ProRob/install/package_master_interfaces/lib/pkgconfig/package_master_interfaces.pc'
[3.454s] Level 1:colcon.colcon_core.environment:checking '/home/rouillon/ProRob/install/package_master_interfaces/lib/python3.10/site-packages'
[3.455s] Level 1:colcon.colcon_core.environment:checking '/home/rouillon/ProRob/install/package_master_interfaces/bin'
[3.465s] INFO:colcon.colcon_core.shell:Creating package script '/home/rouillon/ProRob/install/package_master_interfaces/share/package_master_interfaces/package.ps1'
[3.469s] INFO:colcon.colcon_core.shell:Creating package descriptor '/home/rouillon/ProRob/install/package_master_interfaces/share/package_master_interfaces/package.dsv'
[3.472s] INFO:colcon.colcon_core.shell:Creating package script '/home/rouillon/ProRob/install/package_master_interfaces/share/package_master_interfaces/package.sh'
[3.477s] INFO:colcon.colcon_core.shell:Creating package script '/home/rouillon/ProRob/install/package_master_interfaces/share/package_master_interfaces/package.bash'
[3.480s] INFO:colcon.colcon_core.shell:Creating package script '/home/rouillon/ProRob/install/package_master_interfaces/share/package_master_interfaces/package.zsh'
[3.484s] Level 1:colcon.colcon_core.environment:create_file_with_runtime_dependencies(/home/rouillon/ProRob/install/package_master_interfaces/share/colcon-core/packages/package_master_interfaces)
[3.486s] Level 1:colcon.colcon_core.environment:create_environment_scripts_only(package_master_interfaces)
[3.487s] Level 1:colcon.colcon_core.environment:checking '/home/rouillon/ProRob/install/package_master_interfaces' for CMake module files
[3.491s] Level 1:colcon.colcon_core.environment:checking '/home/rouillon/ProRob/install/package_master_interfaces' for CMake config files
[3.492s] Level 1:colcon.colcon_core.shell:create_environment_hook('package_master_interfaces', 'cmake_prefix_path')
[3.493s] INFO:colcon.colcon_core.shell:Creating environment hook '/home/rouillon/ProRob/install/package_master_interfaces/share/package_master_interfaces/hook/cmake_prefix_path.ps1'
[3.494s] INFO:colcon.colcon_core.shell:Creating environment descriptor '/home/rouillon/ProRob/install/package_master_interfaces/share/package_master_interfaces/hook/cmake_prefix_path.dsv'
[3.495s] INFO:colcon.colcon_core.shell:Creating environment hook '/home/rouillon/ProRob/install/package_master_interfaces/share/package_master_interfaces/hook/cmake_prefix_path.sh'
[3.498s] Level 1:colcon.colcon_core.environment:checking '/home/rouillon/ProRob/install/package_master_interfaces/lib'
[3.498s] Level 1:colcon.colcon_core.shell:create_environment_hook('package_master_interfaces', 'ld_library_path_lib')
[3.499s] INFO:colcon.colcon_core.shell:Creating environment hook '/home/rouillon/ProRob/install/package_master_interfaces/share/package_master_interfaces/hook/ld_library_path_lib.ps1'
[3.501s] INFO:colcon.colcon_core.shell:Creating environment descriptor '/home/rouillon/ProRob/install/package_master_interfaces/share/package_master_interfaces/hook/ld_library_path_lib.dsv'
[3.502s] INFO:colcon.colcon_core.shell:Creating environment hook '/home/rouillon/ProRob/install/package_master_interfaces/share/package_master_interfaces/hook/ld_library_path_lib.sh'
[3.503s] Level 1:colcon.colcon_core.environment:checking '/home/rouillon/ProRob/install/package_master_interfaces/bin'
[3.503s] Level 1:colcon.colcon_core.environment:checking '/home/rouillon/ProRob/install/package_master_interfaces/lib/pkgconfig/package_master_interfaces.pc'
[3.504s] Level 1:colcon.colcon_core.environment:checking '/home/rouillon/ProRob/install/package_master_interfaces/lib/python3.10/site-packages'
[3.505s] Level 1:colcon.colcon_core.environment:checking '/home/rouillon/ProRob/install/package_master_interfaces/bin'
[3.507s] INFO:colcon.colcon_core.shell:Creating package script '/home/rouillon/ProRob/install/package_master_interfaces/share/package_master_interfaces/package.ps1'
[3.509s] INFO:colcon.colcon_core.shell:Creating package descriptor '/home/rouillon/ProRob/install/package_master_interfaces/share/package_master_interfaces/package.dsv'
[3.511s] INFO:colcon.colcon_core.shell:Creating package script '/home/rouillon/ProRob/install/package_master_interfaces/share/package_master_interfaces/package.sh'
[3.513s] INFO:colcon.colcon_core.shell:Creating package script '/home/rouillon/ProRob/install/package_master_interfaces/share/package_master_interfaces/package.bash'
[3.515s] INFO:colcon.colcon_core.shell:Creating package script '/home/rouillon/ProRob/install/package_master_interfaces/share/package_master_interfaces/package.zsh'
[3.516s] Level 1:colcon.colcon_core.environment:create_file_with_runtime_dependencies(/home/rouillon/ProRob/install/package_master_interfaces/share/colcon-core/packages/package_master_interfaces)
[4.145s] DEBUG:colcon.colcon_core.event_handler.log_command:Invoking command in '/home/rouillon/ProRob/src/package_master': PYTHONPATH=/home/rouillon/ProRob/build/package_master/prefix_override:/usr/lib/python3/dist-packages/colcon_core/task/python/colcon_distutils_commands:/home/rouillon/ProRob/install/package_master/lib/python3.10/site-packages:${PYTHONPATH} /usr/bin/python3 -W ignore:setup.py install is deprecated -W ignore:easy_install command is deprecated setup.py egg_info --egg-base ../../build/package_master build --build-base /home/rouillon/ProRob/build/package_master/build install --record /home/rouillon/ProRob/build/package_master/install.log --single-version-externally-managed install_data
[4.225s] DEBUG:colcon.colcon_core.event_handler.log_command:Invoking command in '/home/rouillon/ProRob/src/py_srvcli': PYTHONPATH=/home/rouillon/ProRob/build/py_srvcli/prefix_override:/usr/lib/python3/dist-packages/colcon_core/task/python/colcon_distutils_commands:/home/rouillon/ProRob/install/py_srvcli/lib/python3.10/site-packages:${PYTHONPATH} /usr/bin/python3 -W ignore:setup.py install is deprecated -W ignore:easy_install command is deprecated setup.py egg_info --egg-base ../../build/py_srvcli build --build-base /home/rouillon/ProRob/build/py_srvcli/build install --record /home/rouillon/ProRob/build/py_srvcli/install.log --single-version-externally-managed install_data
[5.274s] Level 1:colcon.colcon_core.environment:checking '/home/rouillon/ProRob/install/package_master' for CMake module files
[5.279s] Level 1:colcon.colcon_core.environment:checking '/home/rouillon/ProRob/install/package_master' for CMake config files
[5.281s] DEBUG:colcon.colcon_core.event_handler.log_command:Invoked command in '/home/rouillon/ProRob/src/package_master' returned '0': PYTHONPATH=/home/rouillon/ProRob/build/package_master/prefix_override:/usr/lib/python3/dist-packages/colcon_core/task/python/colcon_distutils_commands:/home/rouillon/ProRob/install/package_master/lib/python3.10/site-packages:${PYTHONPATH} /usr/bin/python3 -W ignore:setup.py install is deprecated -W ignore:easy_install command is deprecated setup.py egg_info --egg-base ../../build/package_master build --build-base /home/rouillon/ProRob/build/package_master/build install --record /home/rouillon/ProRob/build/package_master/install.log --single-version-externally-managed install_data
[5.292s] Level 1:colcon.colcon_core.environment:checking '/home/rouillon/ProRob/install/package_master/lib'
[5.293s] Level 1:colcon.colcon_core.environment:checking '/home/rouillon/ProRob/install/package_master/bin'
[5.293s] Level 1:colcon.colcon_core.environment:checking '/home/rouillon/ProRob/install/package_master/lib/pkgconfig/package_master.pc'
[5.294s] Level 1:colcon.colcon_core.environment:checking '/home/rouillon/ProRob/install/package_master/lib/python3.10/site-packages'
[5.294s] Level 1:colcon.colcon_core.shell:create_environment_hook('package_master', 'pythonpath')
[5.296s] INFO:colcon.colcon_core.shell:Creating environment hook '/home/rouillon/ProRob/install/package_master/share/package_master/hook/pythonpath.ps1'
[5.298s] INFO:colcon.colcon_core.shell:Creating environment descriptor '/home/rouillon/ProRob/install/package_master/share/package_master/hook/pythonpath.dsv'
[5.300s] INFO:colcon.colcon_core.shell:Creating environment hook '/home/rouillon/ProRob/install/package_master/share/package_master/hook/pythonpath.sh'
[5.301s] Level 1:colcon.colcon_core.environment:checking '/home/rouillon/ProRob/install/package_master/bin'
[5.302s] Level 1:colcon.colcon_core.environment:create_environment_scripts_only(package_master)
[5.304s] INFO:colcon.colcon_core.shell:Creating package script '/home/rouillon/ProRob/install/package_master/share/package_master/package.ps1'
[5.306s] INFO:colcon.colcon_core.shell:Creating package descriptor '/home/rouillon/ProRob/install/package_master/share/package_master/package.dsv'
[5.308s] INFO:colcon.colcon_core.shell:Creating package script '/home/rouillon/ProRob/install/package_master/share/package_master/package.sh'
[5.309s] INFO:colcon.colcon_core.shell:Creating package script '/home/rouillon/ProRob/install/package_master/share/package_master/package.bash'
[5.311s] INFO:colcon.colcon_core.shell:Creating package script '/home/rouillon/ProRob/install/package_master/share/package_master/package.zsh'
[5.312s] Level 1:colcon.colcon_core.environment:create_file_with_runtime_dependencies(/home/rouillon/ProRob/install/package_master/share/colcon-core/packages/package_master)
[5.455s] Level 1:colcon.colcon_core.environment:checking '/home/rouillon/ProRob/install/py_srvcli' for CMake module files
[5.457s] Level 1:colcon.colcon_core.environment:checking '/home/rouillon/ProRob/install/py_srvcli' for CMake config files
[5.459s] DEBUG:colcon.colcon_core.event_handler.log_command:Invoked command in '/home/rouillon/ProRob/src/py_srvcli' returned '0': PYTHONPATH=/home/rouillon/ProRob/build/py_srvcli/prefix_override:/usr/lib/python3/dist-packages/colcon_core/task/python/colcon_distutils_commands:/home/rouillon/ProRob/install/py_srvcli/lib/python3.10/site-packages:${PYTHONPATH} /usr/bin/python3 -W ignore:setup.py install is deprecated -W ignore:easy_install command is deprecated setup.py egg_info --egg-base ../../build/py_srvcli build --build-base /home/rouillon/ProRob/build/py_srvcli/build install --record /home/rouillon/ProRob/build/py_srvcli/install.log --single-version-externally-managed install_data
[5.460s] Level 1:colcon.colcon_core.environment:checking '/home/rouillon/ProRob/install/py_srvcli/lib'
[5.460s] Level 1:colcon.colcon_core.environment:checking '/home/rouillon/ProRob/install/py_srvcli/bin'
[5.460s] Level 1:colcon.colcon_core.environment:checking '/home/rouillon/ProRob/install/py_srvcli/lib/pkgconfig/py_srvcli.pc'
[5.461s] Level 1:colcon.colcon_core.environment:checking '/home/rouillon/ProRob/install/py_srvcli/lib/python3.10/site-packages'
[5.461s] Level 1:colcon.colcon_core.shell:create_environment_hook('py_srvcli', 'pythonpath')
[5.462s] INFO:colcon.colcon_core.shell:Creating environment hook '/home/rouillon/ProRob/install/py_srvcli/share/py_srvcli/hook/pythonpath.ps1'
[5.463s] INFO:colcon.colcon_core.shell:Creating environment descriptor '/home/rouillon/ProRob/install/py_srvcli/share/py_srvcli/hook/pythonpath.dsv'
[5.464s] INFO:colcon.colcon_core.shell:Creating environment hook '/home/rouillon/ProRob/install/py_srvcli/share/py_srvcli/hook/pythonpath.sh'
[5.466s] Level 1:colcon.colcon_core.environment:checking '/home/rouillon/ProRob/install/py_srvcli/bin'
[5.466s] Level 1:colcon.colcon_core.environment:create_environment_scripts_only(py_srvcli)
[5.468s] INFO:colcon.colcon_core.shell:Creating package script '/home/rouillon/ProRob/install/py_srvcli/share/py_srvcli/package.ps1'
[5.469s] INFO:colcon.colcon_core.shell:Creating package descriptor '/home/rouillon/ProRob/install/py_srvcli/share/py_srvcli/package.dsv'
[5.471s] INFO:colcon.colcon_core.shell:Creating package script '/home/rouillon/ProRob/install/py_srvcli/share/py_srvcli/package.sh'
[5.473s] INFO:colcon.colcon_core.shell:Creating package script '/home/rouillon/ProRob/install/py_srvcli/share/py_srvcli/package.bash'
[5.474s] INFO:colcon.colcon_core.shell:Creating package script '/home/rouillon/ProRob/install/py_srvcli/share/py_srvcli/package.zsh'
[5.476s] Level 1:colcon.colcon_core.environment:create_file_with_runtime_dependencies(/home/rouillon/ProRob/install/py_srvcli/share/colcon-core/packages/py_srvcli)
[5.478s] DEBUG:colcon.colcon_parallel_executor.executor.parallel:closing loop
[5.479s] DEBUG:colcon.colcon_parallel_executor.executor.parallel:loop closed
[5.479s] DEBUG:colcon.colcon_parallel_executor.executor.parallel:run_until_complete finished with '0'
[5.480s] DEBUG:colcon.colcon_core.event_reactor:joining thread
[5.509s] INFO:colcon.colcon_core.plugin_system:Skipping extension 'colcon_notification.desktop_notification.terminal_notifier': Not used on non-Darwin systems
[5.510s] INFO:colcon.colcon_core.plugin_system:Skipping extension 'colcon_notification.desktop_notification.win32': Not used on non-Windows systems
[5.510s] INFO:colcon.colcon_notification.desktop_notification:Sending desktop notification using 'notify2'
[5.552s] DEBUG:colcon.colcon_core.event_reactor:joined thread
[5.553s] INFO:colcon.colcon_core.shell:Creating prefix script '/home/rouillon/ProRob/install/local_setup.ps1'
[5.558s] INFO:colcon.colcon_core.shell:Creating prefix util module '/home/rouillon/ProRob/install/_local_setup_util_ps1.py'
[5.566s] INFO:colcon.colcon_core.shell:Creating prefix chain script '/home/rouillon/ProRob/install/setup.ps1'
[5.570s] INFO:colcon.colcon_core.shell:Creating prefix script '/home/rouillon/ProRob/install/local_setup.sh'
[5.573s] INFO:colcon.colcon_core.shell:Creating prefix util module '/home/rouillon/ProRob/install/_local_setup_util_sh.py'
[5.575s] INFO:colcon.colcon_core.shell:Creating prefix chain script '/home/rouillon/ProRob/install/setup.sh'
[5.581s] INFO:colcon.colcon_core.shell:Creating prefix script '/home/rouillon/ProRob/install/local_setup.bash'
[5.584s] INFO:colcon.colcon_core.shell:Creating prefix chain script '/home/rouillon/ProRob/install/setup.bash'
[5.590s] INFO:colcon.colcon_core.shell:Creating prefix script '/home/rouillon/ProRob/install/local_setup.zsh'
[5.592s] INFO:colcon.colcon_core.shell:Creating prefix chain script '/home/rouillon/ProRob/install/setup.zsh'
