[0.091s] DEBUG:colcon:Command line arguments: ['/usr/bin/colcon', 'build']
[0.091s] DEBUG:colcon:Parsed command line arguments: Namespace(log_base=None, log_level=None, verb_name='build', build_base='build', install_base='install', merge_install=False, symlink_install=False, test_result_base=None, continue_on_error=False, executor='parallel', parallel_workers=12, event_handlers=None, ignore_user_meta=False, metas=['./colcon.meta'], base_paths=['.'], packages_ignore=None, packages_ignore_regex=None, paths=None, packages_up_to=None, packages_up_to_regex=None, packages_above=None, packages_above_and_dependencies=None, packages_above_depth=None, packages_select_by_dep=None, packages_skip_by_dep=None, packages_skip_up_to=None, packages_select_build_failed=False, packages_skip_build_finished=False, packages_select_test_failures=False, packages_skip_test_passed=False, packages_select=None, packages_skip=None, packages_select_regex=None, packages_skip_regex=None, packages_start=None, packages_end=None, allow_overriding=[], cmake_args=None, cmake_target=None, cmake_target_skip_unavailable=False, cmake_clean_cache=False, cmake_clean_first=False, cmake_force_configure=False, ament_cmake_args=None, catkin_cmake_args=None, catkin_skip_building_tests=False, mixin_files=None, mixin=None, verb_parser=<colcon_mixin.mixin.mixin_argument.MixinArgumentDecorator object at 0x7d118c571240>, verb_extension=<colcon_core.verb.build.BuildVerb object at 0x7d118c6c6860>, main=<bound method BuildVerb.main of <colcon_core.verb.build.BuildVerb object at 0x7d118c6c6860>>, mixin_verb=('build',))
[0.290s] Level 1:colcon.colcon_core.package_discovery:discover_packages(colcon_meta) check parameters
[0.290s] Level 1:colcon.colcon_core.package_discovery:discover_packages(recursive) check parameters
[0.290s] Level 1:colcon.colcon_core.package_discovery:discover_packages(ignore) check parameters
[0.290s] Level 1:colcon.colcon_core.package_discovery:discover_packages(path) check parameters
[0.290s] Level 1:colcon.colcon_core.package_discovery:discover_packages(colcon_meta) discover
[0.290s] Level 1:colcon.colcon_core.package_discovery:discover_packages(recursive) discover
[0.291s] INFO:colcon.colcon_core.package_discovery:Crawling recursively for packages in '/home/fabian/ProRob/ProRob'
[0.291s] Level 1:colcon.colcon_core.package_identification:_identify(.) by extensions ['ignore', 'ignore_ament_install']
[0.291s] Level 1:colcon.colcon_core.package_identification:_identify(.) by extension 'ignore'
[0.291s] Level 1:colcon.colcon_core.package_identification:_identify(.) by extension 'ignore_ament_install'
[0.291s] Level 1:colcon.colcon_core.package_identification:_identify(.) by extensions ['colcon_pkg']
[0.291s] Level 1:colcon.colcon_core.package_identification:_identify(.) by extension 'colcon_pkg'
[0.291s] Level 1:colcon.colcon_core.package_identification:_identify(.) by extensions ['colcon_meta']
[0.291s] Level 1:colcon.colcon_core.package_identification:_identify(.) by extension 'colcon_meta'
[0.291s] Level 1:colcon.colcon_core.package_identification:_identify(.) by extensions ['ros']
[0.291s] Level 1:colcon.colcon_core.package_identification:_identify(.) by extension 'ros'
[0.306s] Level 1:colcon.colcon_core.package_identification:_identify(.) by extensions ['cmake', 'python']
[0.306s] Level 1:colcon.colcon_core.package_identification:_identify(.) by extension 'cmake'
[0.306s] Level 1:colcon.colcon_core.package_identification:_identify(.) by extension 'python'
[0.306s] Level 1:colcon.colcon_core.package_identification:_identify(.) by extensions ['python_setup_py']
[0.307s] Level 1:colcon.colcon_core.package_identification:_identify(.) by extension 'python_setup_py'
[0.307s] Level 1:colcon.colcon_core.package_identification:_identify(build) by extensions ['ignore', 'ignore_ament_install']
[0.307s] Level 1:colcon.colcon_core.package_identification:_identify(build) by extension 'ignore'
[0.307s] Level 1:colcon.colcon_core.package_identification:_identify(build) ignored
[0.307s] Level 1:colcon.colcon_core.package_identification:_identify(cache) by extensions ['ignore', 'ignore_ament_install']
[0.307s] Level 1:colcon.colcon_core.package_identification:_identify(cache) by extension 'ignore'
[0.307s] Level 1:colcon.colcon_core.package_identification:_identify(cache) by extension 'ignore_ament_install'
[0.307s] Level 1:colcon.colcon_core.package_identification:_identify(cache) by extensions ['colcon_pkg']
[0.307s] Level 1:colcon.colcon_core.package_identification:_identify(cache) by extension 'colcon_pkg'
[0.307s] Level 1:colcon.colcon_core.package_identification:_identify(cache) by extensions ['colcon_meta']
[0.307s] Level 1:colcon.colcon_core.package_identification:_identify(cache) by extension 'colcon_meta'
[0.307s] Level 1:colcon.colcon_core.package_identification:_identify(cache) by extensions ['ros']
[0.307s] Level 1:colcon.colcon_core.package_identification:_identify(cache) by extension 'ros'
[0.307s] Level 1:colcon.colcon_core.package_identification:_identify(cache) by extensions ['cmake', 'python']
[0.307s] Level 1:colcon.colcon_core.package_identification:_identify(cache) by extension 'cmake'
[0.307s] Level 1:colcon.colcon_core.package_identification:_identify(cache) by extension 'python'
[0.307s] Level 1:colcon.colcon_core.package_identification:_identify(cache) by extensions ['python_setup_py']
[0.307s] Level 1:colcon.colcon_core.package_identification:_identify(cache) by extension 'python_setup_py'
[0.307s] Level 1:colcon.colcon_core.package_identification:_identify(install) by extensions ['ignore', 'ignore_ament_install']
[0.307s] Level 1:colcon.colcon_core.package_identification:_identify(install) by extension 'ignore'
[0.308s] Level 1:colcon.colcon_core.package_identification:_identify(install) ignored
[0.308s] Level 1:colcon.colcon_core.package_identification:_identify(log) by extensions ['ignore', 'ignore_ament_install']
[0.308s] Level 1:colcon.colcon_core.package_identification:_identify(log) by extension 'ignore'
[0.308s] Level 1:colcon.colcon_core.package_identification:_identify(log) ignored
[0.308s] Level 1:colcon.colcon_core.package_identification:_identify(src) by extensions ['ignore', 'ignore_ament_install']
[0.308s] Level 1:colcon.colcon_core.package_identification:_identify(src) by extension 'ignore'
[0.308s] Level 1:colcon.colcon_core.package_identification:_identify(src) by extension 'ignore_ament_install'
[0.308s] Level 1:colcon.colcon_core.package_identification:_identify(src) by extensions ['colcon_pkg']
[0.308s] Level 1:colcon.colcon_core.package_identification:_identify(src) by extension 'colcon_pkg'
[0.308s] Level 1:colcon.colcon_core.package_identification:_identify(src) by extensions ['colcon_meta']
[0.308s] Level 1:colcon.colcon_core.package_identification:_identify(src) by extension 'colcon_meta'
[0.308s] Level 1:colcon.colcon_core.package_identification:_identify(src) by extensions ['ros']
[0.308s] Level 1:colcon.colcon_core.package_identification:_identify(src) by extension 'ros'
[0.308s] Level 1:colcon.colcon_core.package_identification:_identify(src) by extensions ['cmake', 'python']
[0.308s] Level 1:colcon.colcon_core.package_identification:_identify(src) by extension 'cmake'
[0.308s] Level 1:colcon.colcon_core.package_identification:_identify(src) by extension 'python'
[0.308s] Level 1:colcon.colcon_core.package_identification:_identify(src) by extensions ['python_setup_py']
[0.308s] Level 1:colcon.colcon_core.package_identification:_identify(src) by extension 'python_setup_py'
[0.309s] Level 1:colcon.colcon_core.package_identification:_identify(src/package_master) by extensions ['ignore', 'ignore_ament_install']
[0.309s] Level 1:colcon.colcon_core.package_identification:_identify(src/package_master) by extension 'ignore'
[0.309s] Level 1:colcon.colcon_core.package_identification:_identify(src/package_master) by extension 'ignore_ament_install'
[0.309s] Level 1:colcon.colcon_core.package_identification:_identify(src/package_master) by extensions ['colcon_pkg']
[0.309s] Level 1:colcon.colcon_core.package_identification:_identify(src/package_master) by extension 'colcon_pkg'
[0.309s] Level 1:colcon.colcon_core.package_identification:_identify(src/package_master) by extensions ['colcon_meta']
[0.309s] Level 1:colcon.colcon_core.package_identification:_identify(src/package_master) by extension 'colcon_meta'
[0.309s] Level 1:colcon.colcon_core.package_identification:_identify(src/package_master) by extensions ['ros']
[0.309s] Level 1:colcon.colcon_core.package_identification:_identify(src/package_master) by extension 'ros'
[0.311s] DEBUG:colcon.colcon_core.package_identification:Package 'src/package_master' with type 'ros.ament_python' and name 'package_master'
[0.311s] Level 1:colcon.colcon_core.package_identification:_identify(src/package_master_interfaces) by extensions ['ignore', 'ignore_ament_install']
[0.311s] Level 1:colcon.colcon_core.package_identification:_identify(src/package_master_interfaces) by extension 'ignore'
[0.311s] Level 1:colcon.colcon_core.package_identification:_identify(src/package_master_interfaces) by extension 'ignore_ament_install'
[0.311s] Level 1:colcon.colcon_core.package_identification:_identify(src/package_master_interfaces) by extensions ['colcon_pkg']
[0.311s] Level 1:colcon.colcon_core.package_identification:_identify(src/package_master_interfaces) by extension 'colcon_pkg'
[0.311s] Level 1:colcon.colcon_core.package_identification:_identify(src/package_master_interfaces) by extensions ['colcon_meta']
[0.311s] Level 1:colcon.colcon_core.package_identification:_identify(src/package_master_interfaces) by extension 'colcon_meta'
[0.311s] Level 1:colcon.colcon_core.package_identification:_identify(src/package_master_interfaces) by extensions ['ros']
[0.312s] Level 1:colcon.colcon_core.package_identification:_identify(src/package_master_interfaces) by extension 'ros'
[0.312s] DEBUG:colcon.colcon_core.package_identification:Package 'src/package_master_interfaces' with type 'ros.ament_cmake' and name 'package_master_interfaces'
[0.312s] Level 1:colcon.colcon_core.package_identification:_identify(src/py_srvcli) by extensions ['ignore', 'ignore_ament_install']
[0.312s] Level 1:colcon.colcon_core.package_identification:_identify(src/py_srvcli) by extension 'ignore'
[0.312s] Level 1:colcon.colcon_core.package_identification:_identify(src/py_srvcli) by extension 'ignore_ament_install'
[0.312s] Level 1:colcon.colcon_core.package_identification:_identify(src/py_srvcli) by extensions ['colcon_pkg']
[0.312s] Level 1:colcon.colcon_core.package_identification:_identify(src/py_srvcli) by extension 'colcon_pkg'
[0.312s] Level 1:colcon.colcon_core.package_identification:_identify(src/py_srvcli) by extensions ['colcon_meta']
[0.312s] Level 1:colcon.colcon_core.package_identification:_identify(src/py_srvcli) by extension 'colcon_meta'
[0.312s] Level 1:colcon.colcon_core.package_identification:_identify(src/py_srvcli) by extensions ['ros']
[0.312s] Level 1:colcon.colcon_core.package_identification:_identify(src/py_srvcli) by extension 'ros'
[0.313s] DEBUG:colcon.colcon_core.package_identification:Package 'src/py_srvcli' with type 'ros.ament_python' and name 'py_srvcli'
[0.313s] Level 1:colcon.colcon_core.package_discovery:discover_packages(recursive) using defaults
[0.313s] Level 1:colcon.colcon_core.package_discovery:discover_packages(ignore) discover
[0.313s] Level 1:colcon.colcon_core.package_discovery:discover_packages(ignore) using defaults
[0.313s] Level 1:colcon.colcon_core.package_discovery:discover_packages(path) discover
[0.313s] Level 1:colcon.colcon_core.package_discovery:discover_packages(path) using defaults
[0.328s] Level 1:colcon.colcon_core.package_discovery:discover_packages(prefix_path) check parameters
[0.328s] Level 1:colcon.colcon_core.package_discovery:discover_packages(prefix_path) discover
[0.329s] DEBUG:colcon.colcon_installed_package_information.package_discovery:Found 3 installed packages in /home/fabian/ProRob/ProRob/install
[0.330s] DEBUG:colcon.colcon_installed_package_information.package_discovery:Found 294 installed packages in /opt/ros/humble
[0.331s] Level 1:colcon.colcon_core.package_discovery:discover_packages(prefix_path) using defaults
[0.360s] Level 5:colcon.colcon_core.verb:set package 'package_master' build argument 'cmake_args' from command line to 'None'
[0.360s] Level 5:colcon.colcon_core.verb:set package 'package_master' build argument 'cmake_target' from command line to 'None'
[0.360s] Level 5:colcon.colcon_core.verb:set package 'package_master' build argument 'cmake_target_skip_unavailable' from command line to 'False'
[0.360s] Level 5:colcon.colcon_core.verb:set package 'package_master' build argument 'cmake_clean_cache' from command line to 'False'
[0.360s] Level 5:colcon.colcon_core.verb:set package 'package_master' build argument 'cmake_clean_first' from command line to 'False'
[0.360s] Level 5:colcon.colcon_core.verb:set package 'package_master' build argument 'cmake_force_configure' from command line to 'False'
[0.360s] Level 5:colcon.colcon_core.verb:set package 'package_master' build argument 'ament_cmake_args' from command line to 'None'
[0.360s] Level 5:colcon.colcon_core.verb:set package 'package_master' build argument 'catkin_cmake_args' from command line to 'None'
[0.360s] Level 5:colcon.colcon_core.verb:set package 'package_master' build argument 'catkin_skip_building_tests' from command line to 'False'
[0.360s] DEBUG:colcon.colcon_core.verb:Building package 'package_master' with the following arguments: {'ament_cmake_args': None, 'build_base': '/home/fabian/ProRob/ProRob/build/package_master', 'catkin_cmake_args': None, 'catkin_skip_building_tests': False, 'cmake_args': None, 'cmake_clean_cache': False, 'cmake_clean_first': False, 'cmake_force_configure': False, 'cmake_target': None, 'cmake_target_skip_unavailable': False, 'install_base': '/home/fabian/ProRob/ProRob/install/package_master', 'merge_install': False, 'path': '/home/fabian/ProRob/ProRob/src/package_master', 'symlink_install': False, 'test_result_base': None}
[0.360s] Level 5:colcon.colcon_core.verb:set package 'package_master_interfaces' build argument 'cmake_args' from command line to 'None'
[0.360s] Level 5:colcon.colcon_core.verb:set package 'package_master_interfaces' build argument 'cmake_target' from command line to 'None'
[0.360s] Level 5:colcon.colcon_core.verb:set package 'package_master_interfaces' build argument 'cmake_target_skip_unavailable' from command line to 'False'
[0.360s] Level 5:colcon.colcon_core.verb:set package 'package_master_interfaces' build argument 'cmake_clean_cache' from command line to 'False'
[0.360s] Level 5:colcon.colcon_core.verb:set package 'package_master_interfaces' build argument 'cmake_clean_first' from command line to 'False'
[0.360s] Level 5:colcon.colcon_core.verb:set package 'package_master_interfaces' build argument 'cmake_force_configure' from command line to 'False'
[0.360s] Level 5:colcon.colcon_core.verb:set package 'package_master_interfaces' build argument 'ament_cmake_args' from command line to 'None'
[0.360s] Level 5:colcon.colcon_core.verb:set package 'package_master_interfaces' build argument 'catkin_cmake_args' from command line to 'None'
[0.360s] Level 5:colcon.colcon_core.verb:set package 'package_master_interfaces' build argument 'catkin_skip_building_tests' from command line to 'False'
[0.360s] DEBUG:colcon.colcon_core.verb:Building package 'package_master_interfaces' with the following arguments: {'ament_cmake_args': None, 'build_base': '/home/fabian/ProRob/ProRob/build/package_master_interfaces', 'catkin_cmake_args': None, 'catkin_skip_building_tests': False, 'cmake_args': None, 'cmake_clean_cache': False, 'cmake_clean_first': False, 'cmake_force_configure': False, 'cmake_target': None, 'cmake_target_skip_unavailable': False, 'install_base': '/home/fabian/ProRob/ProRob/install/package_master_interfaces', 'merge_install': False, 'path': '/home/fabian/ProRob/ProRob/src/package_master_interfaces', 'symlink_install': False, 'test_result_base': None}
[0.361s] Level 5:colcon.colcon_core.verb:set package 'py_srvcli' build argument 'cmake_args' from command line to 'None'
[0.361s] Level 5:colcon.colcon_core.verb:set package 'py_srvcli' build argument 'cmake_target' from command line to 'None'
[0.361s] Level 5:colcon.colcon_core.verb:set package 'py_srvcli' build argument 'cmake_target_skip_unavailable' from command line to 'False'
[0.361s] Level 5:colcon.colcon_core.verb:set package 'py_srvcli' build argument 'cmake_clean_cache' from command line to 'False'
[0.361s] Level 5:colcon.colcon_core.verb:set package 'py_srvcli' build argument 'cmake_clean_first' from command line to 'False'
[0.361s] Level 5:colcon.colcon_core.verb:set package 'py_srvcli' build argument 'cmake_force_configure' from command line to 'False'
[0.361s] Level 5:colcon.colcon_core.verb:set package 'py_srvcli' build argument 'ament_cmake_args' from command line to 'None'
[0.361s] Level 5:colcon.colcon_core.verb:set package 'py_srvcli' build argument 'catkin_cmake_args' from command line to 'None'
[0.361s] Level 5:colcon.colcon_core.verb:set package 'py_srvcli' build argument 'catkin_skip_building_tests' from command line to 'False'
[0.361s] DEBUG:colcon.colcon_core.verb:Building package 'py_srvcli' with the following arguments: {'ament_cmake_args': None, 'build_base': '/home/fabian/ProRob/ProRob/build/py_srvcli', 'catkin_cmake_args': None, 'catkin_skip_building_tests': False, 'cmake_args': None, 'cmake_clean_cache': False, 'cmake_clean_first': False, 'cmake_force_configure': False, 'cmake_target': None, 'cmake_target_skip_unavailable': False, 'install_base': '/home/fabian/ProRob/ProRob/install/py_srvcli', 'merge_install': False, 'path': '/home/fabian/ProRob/ProRob/src/py_srvcli', 'symlink_install': False, 'test_result_base': None}
[0.361s] INFO:colcon.colcon_core.executor:Executing jobs using 'parallel' executor
[0.362s] DEBUG:colcon.colcon_parallel_executor.executor.parallel:run_until_complete
[0.362s] INFO:colcon.colcon_ros.task.ament_python.build:Building ROS package in '/home/fabian/ProRob/ProRob/src/package_master' with build type 'ament_python'
[0.362s] Level 1:colcon.colcon_core.shell:create_environment_hook('package_master', 'ament_prefix_path')
[0.364s] INFO:colcon.colcon_core.plugin_system:Skipping extension 'colcon_core.shell.bat': Not used on non-Windows systems
[0.364s] INFO:colcon.colcon_core.shell:Creating environment hook '/home/fabian/ProRob/ProRob/install/package_master/share/package_master/hook/ament_prefix_path.ps1'
[0.365s] INFO:colcon.colcon_core.shell:Creating environment descriptor '/home/fabian/ProRob/ProRob/install/package_master/share/package_master/hook/ament_prefix_path.dsv'
[0.365s] INFO:colcon.colcon_core.shell:Creating environment hook '/home/fabian/ProRob/ProRob/install/package_master/share/package_master/hook/ament_prefix_path.sh'
[0.366s] INFO:colcon.colcon_core.shell:Skip shell extension 'powershell' for command environment: Not usable outside of PowerShell
[0.366s] DEBUG:colcon.colcon_core.shell:Skip shell extension 'dsv' for command environment
[0.368s] INFO:colcon.colcon_ros.task.ament_cmake.build:Building ROS package in '/home/fabian/ProRob/ProRob/src/package_master_interfaces' with build type 'ament_cmake'
[0.368s] INFO:colcon.colcon_cmake.task.cmake.build:Building CMake package in '/home/fabian/ProRob/ProRob/src/package_master_interfaces'
[0.368s] INFO:colcon.colcon_core.shell:Skip shell extension 'powershell' for command environment: Not usable outside of PowerShell
[0.369s] DEBUG:colcon.colcon_core.shell:Skip shell extension 'dsv' for command environment
[0.371s] INFO:colcon.colcon_ros.task.ament_python.build:Building ROS package in '/home/fabian/ProRob/ProRob/src/py_srvcli' with build type 'ament_python'
[0.371s] Level 1:colcon.colcon_core.shell:create_environment_hook('py_srvcli', 'ament_prefix_path')
[0.371s] INFO:colcon.colcon_core.shell:Creating environment hook '/home/fabian/ProRob/ProRob/install/py_srvcli/share/py_srvcli/hook/ament_prefix_path.ps1'
[0.372s] INFO:colcon.colcon_core.shell:Creating environment descriptor '/home/fabian/ProRob/ProRob/install/py_srvcli/share/py_srvcli/hook/ament_prefix_path.dsv'
[0.372s] INFO:colcon.colcon_core.shell:Creating environment hook '/home/fabian/ProRob/ProRob/install/py_srvcli/share/py_srvcli/hook/ament_prefix_path.sh'
[0.372s] INFO:colcon.colcon_core.shell:Skip shell extension 'powershell' for command environment: Not usable outside of PowerShell
[0.372s] DEBUG:colcon.colcon_core.shell:Skip shell extension 'dsv' for command environment
[0.671s] INFO:colcon.colcon_core.task.python.build:Building Python package in '/home/fabian/ProRob/ProRob/src/package_master'
[0.671s] INFO:colcon.colcon_core.shell:Skip shell extension 'powershell' for command environment: Not usable outside of PowerShell
[0.671s] DEBUG:colcon.colcon_core.shell:Skip shell extension 'dsv' for command environment
[0.678s] DEBUG:colcon.colcon_core.event_handler.log_command:Invoking command in '/home/fabian/ProRob/ProRob/build/package_master_interfaces': CMAKE_PREFIX_PATH=${CMAKE_PREFIX_PATH}:/home/fabian/ProRob/ProRob/install/py_srvcli:/home/fabian/ProRob/ProRob/install/package_master:/opt/ros/humble /usr/bin/cmake --build /home/fabian/ProRob/ProRob/build/package_master_interfaces -- -j12 -l12
[1.119s] INFO:colcon.colcon_core.task.python.build:Building Python package in '/home/fabian/ProRob/ProRob/src/py_srvcli'
[1.120s] INFO:colcon.colcon_core.shell:Skip shell extension 'powershell' for command environment: Not usable outside of PowerShell
[1.120s] DEBUG:colcon.colcon_core.shell:Skip shell extension 'dsv' for command environment
[1.278s] DEBUG:colcon.colcon_core.event_handler.log_command:Invoked command in '/home/fabian/ProRob/ProRob/build/package_master_interfaces' returned '0': CMAKE_PREFIX_PATH=${CMAKE_PREFIX_PATH}:/home/fabian/ProRob/ProRob/install/py_srvcli:/home/fabian/ProRob/ProRob/install/package_master:/opt/ros/humble /usr/bin/cmake --build /home/fabian/ProRob/ProRob/build/package_master_interfaces -- -j12 -l12
[1.293s] DEBUG:colcon.colcon_core.event_handler.log_command:Invoking command in '/home/fabian/ProRob/ProRob/build/package_master_interfaces': CMAKE_PREFIX_PATH=${CMAKE_PREFIX_PATH}:/home/fabian/ProRob/ProRob/install/py_srvcli:/home/fabian/ProRob/ProRob/install/package_master:/opt/ros/humble /usr/bin/cmake --install /home/fabian/ProRob/ProRob/build/package_master_interfaces
[1.377s] Level 1:colcon.colcon_core.environment:create_environment_scripts_only(package_master_interfaces)
[1.378s] DEBUG:colcon.colcon_core.event_handler.log_command:Invoked command in '/home/fabian/ProRob/ProRob/build/package_master_interfaces' returned '0': CMAKE_PREFIX_PATH=${CMAKE_PREFIX_PATH}:/home/fabian/ProRob/ProRob/install/py_srvcli:/home/fabian/ProRob/ProRob/install/package_master:/opt/ros/humble /usr/bin/cmake --install /home/fabian/ProRob/ProRob/build/package_master_interfaces
[1.381s] Level 1:colcon.colcon_core.environment:checking '/home/fabian/ProRob/ProRob/install/package_master_interfaces' for CMake module files
[1.382s] Level 1:colcon.colcon_core.environment:checking '/home/fabian/ProRob/ProRob/install/package_master_interfaces' for CMake config files
[1.382s] Level 1:colcon.colcon_core.shell:create_environment_hook('package_master_interfaces', 'cmake_prefix_path')
[1.383s] INFO:colcon.colcon_core.shell:Creating environment hook '/home/fabian/ProRob/ProRob/install/package_master_interfaces/share/package_master_interfaces/hook/cmake_prefix_path.ps1'
[1.383s] INFO:colcon.colcon_core.shell:Creating environment descriptor '/home/fabian/ProRob/ProRob/install/package_master_interfaces/share/package_master_interfaces/hook/cmake_prefix_path.dsv'
[1.384s] INFO:colcon.colcon_core.shell:Creating environment hook '/home/fabian/ProRob/ProRob/install/package_master_interfaces/share/package_master_interfaces/hook/cmake_prefix_path.sh'
[1.385s] Level 1:colcon.colcon_core.environment:checking '/home/fabian/ProRob/ProRob/install/package_master_interfaces/lib'
[1.385s] Level 1:colcon.colcon_core.shell:create_environment_hook('package_master_interfaces', 'ld_library_path_lib')
[1.385s] INFO:colcon.colcon_core.shell:Creating environment hook '/home/fabian/ProRob/ProRob/install/package_master_interfaces/share/package_master_interfaces/hook/ld_library_path_lib.ps1'
[1.386s] INFO:colcon.colcon_core.shell:Creating environment descriptor '/home/fabian/ProRob/ProRob/install/package_master_interfaces/share/package_master_interfaces/hook/ld_library_path_lib.dsv'
[1.386s] INFO:colcon.colcon_core.shell:Creating environment hook '/home/fabian/ProRob/ProRob/install/package_master_interfaces/share/package_master_interfaces/hook/ld_library_path_lib.sh'
[1.387s] Level 1:colcon.colcon_core.environment:checking '/home/fabian/ProRob/ProRob/install/package_master_interfaces/bin'
[1.387s] Level 1:colcon.colcon_core.environment:checking '/home/fabian/ProRob/ProRob/install/package_master_interfaces/lib/pkgconfig/package_master_interfaces.pc'
[1.387s] Level 1:colcon.colcon_core.environment:checking '/home/fabian/ProRob/ProRob/install/package_master_interfaces/lib/python3.10/site-packages'
[1.388s] Level 1:colcon.colcon_core.environment:checking '/home/fabian/ProRob/ProRob/install/package_master_interfaces/bin'
[1.388s] INFO:colcon.colcon_core.shell:Creating package script '/home/fabian/ProRob/ProRob/install/package_master_interfaces/share/package_master_interfaces/package.ps1'
[1.389s] INFO:colcon.colcon_core.shell:Creating package descriptor '/home/fabian/ProRob/ProRob/install/package_master_interfaces/share/package_master_interfaces/package.dsv'
[1.390s] INFO:colcon.colcon_core.shell:Creating package script '/home/fabian/ProRob/ProRob/install/package_master_interfaces/share/package_master_interfaces/package.sh'
[1.391s] INFO:colcon.colcon_core.shell:Creating package script '/home/fabian/ProRob/ProRob/install/package_master_interfaces/share/package_master_interfaces/package.bash'
[1.392s] INFO:colcon.colcon_core.shell:Creating package script '/home/fabian/ProRob/ProRob/install/package_master_interfaces/share/package_master_interfaces/package.zsh'
[1.393s] Level 1:colcon.colcon_core.environment:create_file_with_runtime_dependencies(/home/fabian/ProRob/ProRob/install/package_master_interfaces/share/colcon-core/packages/package_master_interfaces)
[1.394s] Level 1:colcon.colcon_core.environment:create_environment_scripts_only(package_master_interfaces)
[1.394s] Level 1:colcon.colcon_core.environment:checking '/home/fabian/ProRob/ProRob/install/package_master_interfaces' for CMake module files
[1.395s] Level 1:colcon.colcon_core.environment:checking '/home/fabian/ProRob/ProRob/install/package_master_interfaces' for CMake config files
[1.396s] Level 1:colcon.colcon_core.shell:create_environment_hook('package_master_interfaces', 'cmake_prefix_path')
[1.396s] INFO:colcon.colcon_core.shell:Creating environment hook '/home/fabian/ProRob/ProRob/install/package_master_interfaces/share/package_master_interfaces/hook/cmake_prefix_path.ps1'
[1.397s] INFO:colcon.colcon_core.shell:Creating environment descriptor '/home/fabian/ProRob/ProRob/install/package_master_interfaces/share/package_master_interfaces/hook/cmake_prefix_path.dsv'
[1.397s] INFO:colcon.colcon_core.shell:Creating environment hook '/home/fabian/ProRob/ProRob/install/package_master_interfaces/share/package_master_interfaces/hook/cmake_prefix_path.sh'
[1.398s] Level 1:colcon.colcon_core.environment:checking '/home/fabian/ProRob/ProRob/install/package_master_interfaces/lib'
[1.398s] Level 1:colcon.colcon_core.shell:create_environment_hook('package_master_interfaces', 'ld_library_path_lib')
[1.398s] INFO:colcon.colcon_core.shell:Creating environment hook '/home/fabian/ProRob/ProRob/install/package_master_interfaces/share/package_master_interfaces/hook/ld_library_path_lib.ps1'
[1.399s] INFO:colcon.colcon_core.shell:Creating environment descriptor '/home/fabian/ProRob/ProRob/install/package_master_interfaces/share/package_master_interfaces/hook/ld_library_path_lib.dsv'
[1.399s] INFO:colcon.colcon_core.shell:Creating environment hook '/home/fabian/ProRob/ProRob/install/package_master_interfaces/share/package_master_interfaces/hook/ld_library_path_lib.sh'
[1.400s] Level 1:colcon.colcon_core.environment:checking '/home/fabian/ProRob/ProRob/install/package_master_interfaces/bin'
[1.400s] Level 1:colcon.colcon_core.environment:checking '/home/fabian/ProRob/ProRob/install/package_master_interfaces/lib/pkgconfig/package_master_interfaces.pc'
[1.400s] Level 1:colcon.colcon_core.environment:checking '/home/fabian/ProRob/ProRob/install/package_master_interfaces/lib/python3.10/site-packages'
[1.400s] Level 1:colcon.colcon_core.environment:checking '/home/fabian/ProRob/ProRob/install/package_master_interfaces/bin'
[1.401s] INFO:colcon.colcon_core.shell:Creating package script '/home/fabian/ProRob/ProRob/install/package_master_interfaces/share/package_master_interfaces/package.ps1'
[1.401s] INFO:colcon.colcon_core.shell:Creating package descriptor '/home/fabian/ProRob/ProRob/install/package_master_interfaces/share/package_master_interfaces/package.dsv'
[1.402s] INFO:colcon.colcon_core.shell:Creating package script '/home/fabian/ProRob/ProRob/install/package_master_interfaces/share/package_master_interfaces/package.sh'
[1.403s] INFO:colcon.colcon_core.shell:Creating package script '/home/fabian/ProRob/ProRob/install/package_master_interfaces/share/package_master_interfaces/package.bash'
[1.403s] INFO:colcon.colcon_core.shell:Creating package script '/home/fabian/ProRob/ProRob/install/package_master_interfaces/share/package_master_interfaces/package.zsh'
[1.404s] Level 1:colcon.colcon_core.environment:create_file_with_runtime_dependencies(/home/fabian/ProRob/ProRob/install/package_master_interfaces/share/colcon-core/packages/package_master_interfaces)
[1.677s] DEBUG:colcon.colcon_core.event_handler.log_command:Invoking command in '/home/fabian/ProRob/ProRob/src/package_master': PYTHONPATH=/home/fabian/ProRob/ProRob/build/package_master/prefix_override:/usr/lib/python3/dist-packages/colcon_core/task/python/colcon_distutils_commands:/home/fabian/ProRob/ProRob/install/package_master/lib/python3.10/site-packages:${PYTHONPATH} /usr/bin/python3 -W ignore:setup.py install is deprecated -W ignore:easy_install command is deprecated setup.py egg_info --egg-base ../../build/package_master build --build-base /home/fabian/ProRob/ProRob/build/package_master/build install --record /home/fabian/ProRob/ProRob/build/package_master/install.log --single-version-externally-managed install_data
[1.720s] DEBUG:colcon.colcon_core.event_handler.log_command:Invoking command in '/home/fabian/ProRob/ProRob/src/py_srvcli': PYTHONPATH=/home/fabian/ProRob/ProRob/build/py_srvcli/prefix_override:/usr/lib/python3/dist-packages/colcon_core/task/python/colcon_distutils_commands:/home/fabian/ProRob/ProRob/install/py_srvcli/lib/python3.10/site-packages:${PYTHONPATH} /usr/bin/python3 -W ignore:setup.py install is deprecated -W ignore:easy_install command is deprecated setup.py egg_info --egg-base ../../build/py_srvcli build --build-base /home/fabian/ProRob/ProRob/build/py_srvcli/build install --record /home/fabian/ProRob/ProRob/build/py_srvcli/install.log --single-version-externally-managed install_data
[2.104s] Level 1:colcon.colcon_core.environment:checking '/home/fabian/ProRob/ProRob/install/package_master' for CMake module files
[2.105s] DEBUG:colcon.colcon_core.event_handler.log_command:Invoked command in '/home/fabian/ProRob/ProRob/src/package_master' returned '0': PYTHONPATH=/home/fabian/ProRob/ProRob/build/package_master/prefix_override:/usr/lib/python3/dist-packages/colcon_core/task/python/colcon_distutils_commands:/home/fabian/ProRob/ProRob/install/package_master/lib/python3.10/site-packages:${PYTHONPATH} /usr/bin/python3 -W ignore:setup.py install is deprecated -W ignore:easy_install command is deprecated setup.py egg_info --egg-base ../../build/package_master build --build-base /home/fabian/ProRob/ProRob/build/package_master/build install --record /home/fabian/ProRob/ProRob/build/package_master/install.log --single-version-externally-managed install_data
[2.105s] Level 1:colcon.colcon_core.environment:checking '/home/fabian/ProRob/ProRob/install/package_master' for CMake config files
[2.106s] Level 1:colcon.colcon_core.environment:checking '/home/fabian/ProRob/ProRob/install/package_master/lib'
[2.106s] Level 1:colcon.colcon_core.environment:checking '/home/fabian/ProRob/ProRob/install/package_master/bin'
[2.106s] Level 1:colcon.colcon_core.environment:checking '/home/fabian/ProRob/ProRob/install/package_master/lib/pkgconfig/package_master.pc'
[2.106s] Level 1:colcon.colcon_core.environment:checking '/home/fabian/ProRob/ProRob/install/package_master/lib/python3.10/site-packages'
[2.106s] Level 1:colcon.colcon_core.shell:create_environment_hook('package_master', 'pythonpath')
[2.107s] INFO:colcon.colcon_core.shell:Creating environment hook '/home/fabian/ProRob/ProRob/install/package_master/share/package_master/hook/pythonpath.ps1'
[2.107s] INFO:colcon.colcon_core.shell:Creating environment descriptor '/home/fabian/ProRob/ProRob/install/package_master/share/package_master/hook/pythonpath.dsv'
[2.108s] INFO:colcon.colcon_core.shell:Creating environment hook '/home/fabian/ProRob/ProRob/install/package_master/share/package_master/hook/pythonpath.sh'
[2.108s] Level 1:colcon.colcon_core.environment:checking '/home/fabian/ProRob/ProRob/install/package_master/bin'
[2.108s] Level 1:colcon.colcon_core.environment:create_environment_scripts_only(package_master)
[2.109s] INFO:colcon.colcon_core.shell:Creating package script '/home/fabian/ProRob/ProRob/install/package_master/share/package_master/package.ps1'
[2.109s] INFO:colcon.colcon_core.shell:Creating package descriptor '/home/fabian/ProRob/ProRob/install/package_master/share/package_master/package.dsv'
[2.110s] INFO:colcon.colcon_core.shell:Creating package script '/home/fabian/ProRob/ProRob/install/package_master/share/package_master/package.sh'
[2.110s] INFO:colcon.colcon_core.shell:Creating package script '/home/fabian/ProRob/ProRob/install/package_master/share/package_master/package.bash'
[2.110s] INFO:colcon.colcon_core.shell:Creating package script '/home/fabian/ProRob/ProRob/install/package_master/share/package_master/package.zsh'
[2.111s] Level 1:colcon.colcon_core.environment:create_file_with_runtime_dependencies(/home/fabian/ProRob/ProRob/install/package_master/share/colcon-core/packages/package_master)
[2.135s] Level 1:colcon.colcon_core.environment:checking '/home/fabian/ProRob/ProRob/install/py_srvcli' for CMake module files
[2.136s] DEBUG:colcon.colcon_core.event_handler.log_command:Invoked command in '/home/fabian/ProRob/ProRob/src/py_srvcli' returned '0': PYTHONPATH=/home/fabian/ProRob/ProRob/build/py_srvcli/prefix_override:/usr/lib/python3/dist-packages/colcon_core/task/python/colcon_distutils_commands:/home/fabian/ProRob/ProRob/install/py_srvcli/lib/python3.10/site-packages:${PYTHONPATH} /usr/bin/python3 -W ignore:setup.py install is deprecated -W ignore:easy_install command is deprecated setup.py egg_info --egg-base ../../build/py_srvcli build --build-base /home/fabian/ProRob/ProRob/build/py_srvcli/build install --record /home/fabian/ProRob/ProRob/build/py_srvcli/install.log --single-version-externally-managed install_data
[2.136s] Level 1:colcon.colcon_core.environment:checking '/home/fabian/ProRob/ProRob/install/py_srvcli' for CMake config files
[2.137s] Level 1:colcon.colcon_core.environment:checking '/home/fabian/ProRob/ProRob/install/py_srvcli/lib'
[2.137s] Level 1:colcon.colcon_core.environment:checking '/home/fabian/ProRob/ProRob/install/py_srvcli/bin'
[2.137s] Level 1:colcon.colcon_core.environment:checking '/home/fabian/ProRob/ProRob/install/py_srvcli/lib/pkgconfig/py_srvcli.pc'
[2.137s] Level 1:colcon.colcon_core.environment:checking '/home/fabian/ProRob/ProRob/install/py_srvcli/lib/python3.10/site-packages'
[2.137s] Level 1:colcon.colcon_core.shell:create_environment_hook('py_srvcli', 'pythonpath')
[2.138s] INFO:colcon.colcon_core.shell:Creating environment hook '/home/fabian/ProRob/ProRob/install/py_srvcli/share/py_srvcli/hook/pythonpath.ps1'
[2.138s] INFO:colcon.colcon_core.shell:Creating environment descriptor '/home/fabian/ProRob/ProRob/install/py_srvcli/share/py_srvcli/hook/pythonpath.dsv'
[2.139s] INFO:colcon.colcon_core.shell:Creating environment hook '/home/fabian/ProRob/ProRob/install/py_srvcli/share/py_srvcli/hook/pythonpath.sh'
[2.139s] Level 1:colcon.colcon_core.environment:checking '/home/fabian/ProRob/ProRob/install/py_srvcli/bin'
[2.139s] Level 1:colcon.colcon_core.environment:create_environment_scripts_only(py_srvcli)
[2.139s] INFO:colcon.colcon_core.shell:Creating package script '/home/fabian/ProRob/ProRob/install/py_srvcli/share/py_srvcli/package.ps1'
[2.140s] INFO:colcon.colcon_core.shell:Creating package descriptor '/home/fabian/ProRob/ProRob/install/py_srvcli/share/py_srvcli/package.dsv'
[2.140s] INFO:colcon.colcon_core.shell:Creating package script '/home/fabian/ProRob/ProRob/install/py_srvcli/share/py_srvcli/package.sh'
[2.141s] INFO:colcon.colcon_core.shell:Creating package script '/home/fabian/ProRob/ProRob/install/py_srvcli/share/py_srvcli/package.bash'
[2.141s] INFO:colcon.colcon_core.shell:Creating package script '/home/fabian/ProRob/ProRob/install/py_srvcli/share/py_srvcli/package.zsh'
[2.141s] Level 1:colcon.colcon_core.environment:create_file_with_runtime_dependencies(/home/fabian/ProRob/ProRob/install/py_srvcli/share/colcon-core/packages/py_srvcli)
[2.142s] DEBUG:colcon.colcon_parallel_executor.executor.parallel:closing loop
[2.142s] DEBUG:colcon.colcon_parallel_executor.executor.parallel:loop closed
[2.142s] DEBUG:colcon.colcon_parallel_executor.executor.parallel:run_until_complete finished with '0'
[2.142s] DEBUG:colcon.colcon_core.event_reactor:joining thread
[2.148s] INFO:colcon.colcon_core.plugin_system:Skipping extension 'colcon_notification.desktop_notification.terminal_notifier': Not used on non-Darwin systems
[2.148s] INFO:colcon.colcon_core.plugin_system:Skipping extension 'colcon_notification.desktop_notification.win32': Not used on non-Windows systems
[2.148s] INFO:colcon.colcon_notification.desktop_notification:Sending desktop notification using 'notify2'
[2.161s] DEBUG:colcon.colcon_core.event_reactor:joined thread
[2.162s] INFO:colcon.colcon_core.shell:Creating prefix script '/home/fabian/ProRob/ProRob/install/local_setup.ps1'
[2.163s] INFO:colcon.colcon_core.shell:Creating prefix util module '/home/fabian/ProRob/ProRob/install/_local_setup_util_ps1.py'
[2.165s] INFO:colcon.colcon_core.shell:Creating prefix chain script '/home/fabian/ProRob/ProRob/install/setup.ps1'
[2.166s] INFO:colcon.colcon_core.shell:Creating prefix script '/home/fabian/ProRob/ProRob/install/local_setup.sh'
[2.166s] INFO:colcon.colcon_core.shell:Creating prefix util module '/home/fabian/ProRob/ProRob/install/_local_setup_util_sh.py'
[2.167s] INFO:colcon.colcon_core.shell:Creating prefix chain script '/home/fabian/ProRob/ProRob/install/setup.sh'
[2.167s] INFO:colcon.colcon_core.shell:Creating prefix script '/home/fabian/ProRob/ProRob/install/local_setup.bash'
[2.168s] INFO:colcon.colcon_core.shell:Creating prefix chain script '/home/fabian/ProRob/ProRob/install/setup.bash'
[2.169s] INFO:colcon.colcon_core.shell:Creating prefix script '/home/fabian/ProRob/ProRob/install/local_setup.zsh'
[2.169s] INFO:colcon.colcon_core.shell:Creating prefix chain script '/home/fabian/ProRob/ProRob/install/setup.zsh'
