[3.266s] Invoking command in '/home/rouillon/ProRob/src/package_master': PYTHONPATH=/home/rouillon/ProRob/build/package_master/prefix_override:/usr/lib/python3/dist-packages/colcon_core/task/python/colcon_distutils_commands:/home/rouillon/ProRob/install/package_master/lib/python3.10/site-packages:${PYTHONPATH} /usr/bin/python3 -W ignore:setup.py install is deprecated -W ignore:easy_install command is deprecated setup.py egg_info --egg-base ../../build/package_master build --build-base /home/rouillon/ProRob/build/package_master/build install --record /home/rouillon/ProRob/build/package_master/install.log --single-version-externally-managed install_data
[4.204s] running egg_info
[4.204s] writing ../../build/package_master/package_master.egg-info/PKG-INFO
[4.205s] writing dependency_links to ../../build/package_master/package_master.egg-info/dependency_links.txt
[4.205s] writing entry points to ../../build/package_master/package_master.egg-info/entry_points.txt
[4.205s] writing requirements to ../../build/package_master/package_master.egg-info/requires.txt
[4.205s] writing top-level names to ../../build/package_master/package_master.egg-info/top_level.txt
[4.210s] reading manifest file '../../build/package_master/package_master.egg-info/SOURCES.txt'
[4.214s] writing manifest file '../../build/package_master/package_master.egg-info/SOURCES.txt'
[4.215s] running build
[4.215s] running build_py
[4.216s] copying package_master/master_node_tb.py -> /home/rouillon/ProRob/build/package_master/build/lib/package_master
[4.217s] copying package_master/tb_node.py -> /home/rouillon/ProRob/build/package_master/build/lib/package_master
[4.218s] copying package_master/master_node.py -> /home/rouillon/ProRob/build/package_master/build/lib/package_master
[4.220s] running install
[4.222s] running install_lib
[4.224s] copying /home/rouillon/ProRob/build/package_master/build/lib/package_master/master_node_tb.py -> /home/rouillon/ProRob/install/package_master/lib/python3.10/site-packages/package_master
[4.225s] copying /home/rouillon/ProRob/build/package_master/build/lib/package_master/tb_node.py -> /home/rouillon/ProRob/install/package_master/lib/python3.10/site-packages/package_master
[4.226s] copying /home/rouillon/ProRob/build/package_master/build/lib/package_master/master_node.py -> /home/rouillon/ProRob/install/package_master/lib/python3.10/site-packages/package_master
[4.227s] byte-compiling /home/rouillon/ProRob/install/package_master/lib/python3.10/site-packages/package_master/master_node_tb.py to master_node_tb.cpython-310.pyc
[4.233s] byte-compiling /home/rouillon/ProRob/install/package_master/lib/python3.10/site-packages/package_master/tb_node.py to tb_node.cpython-310.pyc
[4.235s] byte-compiling /home/rouillon/ProRob/install/package_master/lib/python3.10/site-packages/package_master/master_node.py to master_node.cpython-310.pyc
[4.238s] running install_data
[4.239s] running install_egg_info
[4.246s] removing '/home/rouillon/ProRob/install/package_master/lib/python3.10/site-packages/package_master-0.0.0-py3.10.egg-info' (and everything under it)
[4.247s] Copying ../../build/package_master/package_master.egg-info to /home/rouillon/ProRob/install/package_master/lib/python3.10/site-packages/package_master-0.0.0-py3.10.egg-info
[4.249s] running install_scripts
[4.324s] Installing client script to /home/rouillon/ProRob/install/package_master/lib/package_master
[4.326s] Installing client_drone script to /home/rouillon/ProRob/install/package_master/lib/package_master
[4.327s] Installing client_tb script to /home/rouillon/ProRob/install/package_master/lib/package_master
[4.333s] Installing service_drone script to /home/rouillon/ProRob/install/package_master/lib/package_master
[4.334s] Installing service_tb script to /home/rouillon/ProRob/install/package_master/lib/package_master
[4.334s] Installing service_test script to /home/rouillon/ProRob/install/package_master/lib/package_master
[4.334s] writing list of installed files to '/home/rouillon/ProRob/build/package_master/install.log'
[4.401s] Invoked command in '/home/rouillon/ProRob/src/package_master' returned '0': PYTHONPATH=/home/rouillon/ProRob/build/package_master/prefix_override:/usr/lib/python3/dist-packages/colcon_core/task/python/colcon_distutils_commands:/home/rouillon/ProRob/install/package_master/lib/python3.10/site-packages:${PYTHONPATH} /usr/bin/python3 -W ignore:setup.py install is deprecated -W ignore:easy_install command is deprecated setup.py egg_info --egg-base ../../build/package_master build --build-base /home/rouillon/ProRob/build/package_master/build install --record /home/rouillon/ProRob/build/package_master/install.log --single-version-externally-managed install_data
