[0.675s] DEBUG:colcon:Command line arguments: ['/usr/bin/colcon', 'build']
[0.676s] DEBUG:colcon:Parsed command line arguments: Namespace(log_base=None, log_level=None, verb_name='build', build_base='build', install_base='install', merge_install=False, symlink_install=False, test_result_base=None, continue_on_error=False, executor='parallel', parallel_workers=4, event_handlers=None, ignore_user_meta=False, metas=['./colcon.meta'], base_paths=['.'], packages_ignore=None, packages_ignore_regex=None, paths=None, packages_up_to=None, packages_up_to_regex=None, packages_above=None, packages_above_and_dependencies=None, packages_above_depth=None, packages_select_by_dep=None, packages_skip_by_dep=None, packages_skip_up_to=None, packages_select_build_failed=False, packages_skip_build_finished=False, packages_select_test_failures=False, packages_skip_test_passed=False, packages_select=None, packages_skip=None, packages_select_regex=None, packages_skip_regex=None, packages_start=None, packages_end=None, allow_overriding=[], cmake_args=None, cmake_target=None, cmake_target_skip_unavailable=False, cmake_clean_cache=False, cmake_clean_first=False, cmake_force_configure=False, ament_cmake_args=None, catkin_cmake_args=None, catkin_skip_building_tests=False, mixin_files=None, mixin=None, verb_parser=<colcon_mixin.mixin.mixin_argument.MixinArgumentDecorator object at 0x7c454c2b6770>, verb_extension=<colcon_core.verb.build.BuildVerb object at 0x7c454c417c70>, main=<bound method BuildVerb.main of <colcon_core.verb.build.BuildVerb object at 0x7c454c417c70>>, mixin_verb=('build',))
[1.276s] Level 1:colcon.colcon_core.package_discovery:discover_packages(colcon_meta) check parameters
[1.276s] Level 1:colcon.colcon_core.package_discovery:discover_packages(recursive) check parameters
[1.276s] Level 1:colcon.colcon_core.package_discovery:discover_packages(ignore) check parameters
[1.276s] Level 1:colcon.colcon_core.package_discovery:discover_packages(path) check parameters
[1.276s] Level 1:colcon.colcon_core.package_discovery:discover_packages(colcon_meta) discover
[1.276s] Level 1:colcon.colcon_core.package_discovery:discover_packages(recursive) discover
[1.277s] INFO:colcon.colcon_core.package_discovery:Crawling recursively for packages in '/home/rouillon/ProRob'
[1.277s] Level 1:colcon.colcon_core.package_identification:_identify(.) by extensions ['ignore', 'ignore_ament_install']
[1.277s] Level 1:colcon.colcon_core.package_identification:_identify(.) by extension 'ignore'
[1.277s] Level 1:colcon.colcon_core.package_identification:_identify(.) by extension 'ignore_ament_install'
[1.277s] Level 1:colcon.colcon_core.package_identification:_identify(.) by extensions ['colcon_pkg']
[1.277s] Level 1:colcon.colcon_core.package_identification:_identify(.) by extension 'colcon_pkg'
[1.277s] Level 1:colcon.colcon_core.package_identification:_identify(.) by extensions ['colcon_meta']
[1.277s] Level 1:colcon.colcon_core.package_identification:_identify(.) by extension 'colcon_meta'
[1.277s] Level 1:colcon.colcon_core.package_identification:_identify(.) by extensions ['ros']
[1.277s] Level 1:colcon.colcon_core.package_identification:_identify(.) by extension 'ros'
[1.305s] Level 1:colcon.colcon_core.package_identification:_identify(.) by extensions ['cmake', 'python']
[1.305s] Level 1:colcon.colcon_core.package_identification:_identify(.) by extension 'cmake'
[1.306s] Level 1:colcon.colcon_core.package_identification:_identify(.) by extension 'python'
[1.306s] Level 1:colcon.colcon_core.package_identification:_identify(.) by extensions ['python_setup_py']
[1.306s] Level 1:colcon.colcon_core.package_identification:_identify(.) by extension 'python_setup_py'
[1.306s] Level 1:colcon.colcon_core.package_identification:_identify(build) by extensions ['ignore', 'ignore_ament_install']
[1.306s] Level 1:colcon.colcon_core.package_identification:_identify(build) by extension 'ignore'
[1.306s] Level 1:colcon.colcon_core.package_identification:_identify(build) ignored
[1.307s] Level 1:colcon.colcon_core.package_identification:_identify(install) by extensions ['ignore', 'ignore_ament_install']
[1.307s] Level 1:colcon.colcon_core.package_identification:_identify(install) by extension 'ignore'
[1.307s] Level 1:colcon.colcon_core.package_identification:_identify(install) ignored
[1.307s] Level 1:colcon.colcon_core.package_identification:_identify(log) by extensions ['ignore', 'ignore_ament_install']
[1.307s] Level 1:colcon.colcon_core.package_identification:_identify(log) by extension 'ignore'
[1.307s] Level 1:colcon.colcon_core.package_identification:_identify(log) ignored
[1.307s] Level 1:colcon.colcon_core.package_identification:_identify(src) by extensions ['ignore', 'ignore_ament_install']
[1.307s] Level 1:colcon.colcon_core.package_identification:_identify(src) by extension 'ignore'
[1.307s] Level 1:colcon.colcon_core.package_identification:_identify(src) by extension 'ignore_ament_install'
[1.308s] Level 1:colcon.colcon_core.package_identification:_identify(src) by extensions ['colcon_pkg']
[1.308s] Level 1:colcon.colcon_core.package_identification:_identify(src) by extension 'colcon_pkg'
[1.308s] Level 1:colcon.colcon_core.package_identification:_identify(src) by extensions ['colcon_meta']
[1.308s] Level 1:colcon.colcon_core.package_identification:_identify(src) by extension 'colcon_meta'
[1.308s] Level 1:colcon.colcon_core.package_identification:_identify(src) by extensions ['ros']
[1.308s] Level 1:colcon.colcon_core.package_identification:_identify(src) by extension 'ros'
[1.309s] Level 1:colcon.colcon_core.package_identification:_identify(src) by extensions ['cmake', 'python']
[1.309s] Level 1:colcon.colcon_core.package_identification:_identify(src) by extension 'cmake'
[1.309s] Level 1:colcon.colcon_core.package_identification:_identify(src) by extension 'python'
[1.309s] Level 1:colcon.colcon_core.package_identification:_identify(src) by extensions ['python_setup_py']
[1.309s] Level 1:colcon.colcon_core.package_identification:_identify(src) by extension 'python_setup_py'
[1.309s] Level 1:colcon.colcon_core.package_identification:_identify(src/package_master) by extensions ['ignore', 'ignore_ament_install']
[1.309s] Level 1:colcon.colcon_core.package_identification:_identify(src/package_master) by extension 'ignore'
[1.309s] Level 1:colcon.colcon_core.package_identification:_identify(src/package_master) by extension 'ignore_ament_install'
[1.309s] Level 1:colcon.colcon_core.package_identification:_identify(src/package_master) by extensions ['colcon_pkg']
[1.309s] Level 1:colcon.colcon_core.package_identification:_identify(src/package_master) by extension 'colcon_pkg'
[1.309s] Level 1:colcon.colcon_core.package_identification:_identify(src/package_master) by extensions ['colcon_meta']
[1.309s] Level 1:colcon.colcon_core.package_identification:_identify(src/package_master) by extension 'colcon_meta'
[1.310s] Level 1:colcon.colcon_core.package_identification:_identify(src/package_master) by extensions ['ros']
[1.310s] Level 1:colcon.colcon_core.package_identification:_identify(src/package_master) by extension 'ros'
[1.319s] DEBUG:colcon.colcon_core.package_identification:Package 'src/package_master' with type 'ros.ament_python' and name 'package_master'
[1.320s] Level 1:colcon.colcon_core.package_identification:_identify(src/package_master_interfaces) by extensions ['ignore', 'ignore_ament_install']
[1.321s] Level 1:colcon.colcon_core.package_identification:_identify(src/package_master_interfaces) by extension 'ignore'
[1.321s] Level 1:colcon.colcon_core.package_identification:_identify(src/package_master_interfaces) by extension 'ignore_ament_install'
[1.321s] Level 1:colcon.colcon_core.package_identification:_identify(src/package_master_interfaces) by extensions ['colcon_pkg']
[1.321s] Level 1:colcon.colcon_core.package_identification:_identify(src/package_master_interfaces) by extension 'colcon_pkg'
[1.321s] Level 1:colcon.colcon_core.package_identification:_identify(src/package_master_interfaces) by extensions ['colcon_meta']
[1.321s] Level 1:colcon.colcon_core.package_identification:_identify(src/package_master_interfaces) by extension 'colcon_meta'
[1.321s] Level 1:colcon.colcon_core.package_identification:_identify(src/package_master_interfaces) by extensions ['ros']
[1.321s] Level 1:colcon.colcon_core.package_identification:_identify(src/package_master_interfaces) by extension 'ros'
[1.323s] DEBUG:colcon.colcon_core.package_identification:Package 'src/package_master_interfaces' with type 'ros.ament_cmake' and name 'package_master_interfaces'
[1.324s] Level 1:colcon.colcon_core.package_identification:_identify(src/py_srvcli) by extensions ['ignore', 'ignore_ament_install']
[1.324s] Level 1:colcon.colcon_core.package_identification:_identify(src/py_srvcli) by extension 'ignore'
[1.324s] Level 1:colcon.colcon_core.package_identification:_identify(src/py_srvcli) by extension 'ignore_ament_install'
[1.324s] Level 1:colcon.colcon_core.package_identification:_identify(src/py_srvcli) by extensions ['colcon_pkg']
[1.324s] Level 1:colcon.colcon_core.package_identification:_identify(src/py_srvcli) by extension 'colcon_pkg'
[1.324s] Level 1:colcon.colcon_core.package_identification:_identify(src/py_srvcli) by extensions ['colcon_meta']
[1.324s] Level 1:colcon.colcon_core.package_identification:_identify(src/py_srvcli) by extension 'colcon_meta'
[1.325s] Level 1:colcon.colcon_core.package_identification:_identify(src/py_srvcli) by extensions ['ros']
[1.325s] Level 1:colcon.colcon_core.package_identification:_identify(src/py_srvcli) by extension 'ros'
[1.327s] DEBUG:colcon.colcon_core.package_identification:Package 'src/py_srvcli' with type 'ros.ament_python' and name 'py_srvcli'
[1.327s] Level 1:colcon.colcon_core.package_discovery:discover_packages(recursive) using defaults
[1.327s] Level 1:colcon.colcon_core.package_discovery:discover_packages(ignore) discover
[1.327s] Level 1:colcon.colcon_core.package_discovery:discover_packages(ignore) using defaults
[1.327s] Level 1:colcon.colcon_core.package_discovery:discover_packages(path) discover
[1.327s] Level 1:colcon.colcon_core.package_discovery:discover_packages(path) using defaults
[1.403s] Level 1:colcon.colcon_core.package_discovery:discover_packages(prefix_path) check parameters
[1.403s] Level 1:colcon.colcon_core.package_discovery:discover_packages(prefix_path) discover
[1.408s] Level 1:colcon.colcon_core.package_discovery:discover_packages(prefix_path) using defaults
[1.412s] Level 5:colcon.colcon_core.verb:set package 'package_master' build argument 'cmake_args' from command line to 'None'
[1.412s] Level 5:colcon.colcon_core.verb:set package 'package_master' build argument 'cmake_target' from command line to 'None'
[1.412s] Level 5:colcon.colcon_core.verb:set package 'package_master' build argument 'cmake_target_skip_unavailable' from command line to 'False'
[1.412s] Level 5:colcon.colcon_core.verb:set package 'package_master' build argument 'cmake_clean_cache' from command line to 'False'
[1.412s] Level 5:colcon.colcon_core.verb:set package 'package_master' build argument 'cmake_clean_first' from command line to 'False'
[1.412s] Level 5:colcon.colcon_core.verb:set package 'package_master' build argument 'cmake_force_configure' from command line to 'False'
[1.412s] Level 5:colcon.colcon_core.verb:set package 'package_master' build argument 'ament_cmake_args' from command line to 'None'
[1.412s] Level 5:colcon.colcon_core.verb:set package 'package_master' build argument 'catkin_cmake_args' from command line to 'None'
[1.412s] Level 5:colcon.colcon_core.verb:set package 'package_master' build argument 'catkin_skip_building_tests' from command line to 'False'
[1.412s] DEBUG:colcon.colcon_core.verb:Building package 'package_master' with the following arguments: {'ament_cmake_args': None, 'build_base': '/home/rouillon/ProRob/build/package_master', 'catkin_cmake_args': None, 'catkin_skip_building_tests': False, 'cmake_args': None, 'cmake_clean_cache': False, 'cmake_clean_first': False, 'cmake_force_configure': False, 'cmake_target': None, 'cmake_target_skip_unavailable': False, 'install_base': '/home/rouillon/ProRob/install/package_master', 'merge_install': False, 'path': '/home/rouillon/ProRob/src/package_master', 'symlink_install': False, 'test_result_base': None}
[1.413s] Level 5:colcon.colcon_core.verb:set package 'package_master_interfaces' build argument 'cmake_args' from command line to 'None'
[1.413s] Level 5:colcon.colcon_core.verb:set package 'package_master_interfaces' build argument 'cmake_target' from command line to 'None'
[1.413s] Level 5:colcon.colcon_core.verb:set package 'package_master_interfaces' build argument 'cmake_target_skip_unavailable' from command line to 'False'
[1.413s] Level 5:colcon.colcon_core.verb:set package 'package_master_interfaces' build argument 'cmake_clean_cache' from command line to 'False'
[1.413s] Level 5:colcon.colcon_core.verb:set package 'package_master_interfaces' build argument 'cmake_clean_first' from command line to 'False'
[1.413s] Level 5:colcon.colcon_core.verb:set package 'package_master_interfaces' build argument 'cmake_force_configure' from command line to 'False'
[1.414s] Level 5:colcon.colcon_core.verb:set package 'package_master_interfaces' build argument 'ament_cmake_args' from command line to 'None'
[1.414s] Level 5:colcon.colcon_core.verb:set package 'package_master_interfaces' build argument 'catkin_cmake_args' from command line to 'None'
[1.414s] Level 5:colcon.colcon_core.verb:set package 'package_master_interfaces' build argument 'catkin_skip_building_tests' from command line to 'False'
[1.414s] DEBUG:colcon.colcon_core.verb:Building package 'package_master_interfaces' with the following arguments: {'ament_cmake_args': None, 'build_base': '/home/rouillon/ProRob/build/package_master_interfaces', 'catkin_cmake_args': None, 'catkin_skip_building_tests': False, 'cmake_args': None, 'cmake_clean_cache': False, 'cmake_clean_first': False, 'cmake_force_configure': False, 'cmake_target': None, 'cmake_target_skip_unavailable': False, 'install_base': '/home/rouillon/ProRob/install/package_master_interfaces', 'merge_install': False, 'path': '/home/rouillon/ProRob/src/package_master_interfaces', 'symlink_install': False, 'test_result_base': None}
[1.415s] Level 5:colcon.colcon_core.verb:set package 'py_srvcli' build argument 'cmake_args' from command line to 'None'
[1.415s] Level 5:colcon.colcon_core.verb:set package 'py_srvcli' build argument 'cmake_target' from command line to 'None'
[1.415s] Level 5:colcon.colcon_core.verb:set package 'py_srvcli' build argument 'cmake_target_skip_unavailable' from command line to 'False'
[1.415s] Level 5:colcon.colcon_core.verb:set package 'py_srvcli' build argument 'cmake_clean_cache' from command line to 'False'
[1.415s] Level 5:colcon.colcon_core.verb:set package 'py_srvcli' build argument 'cmake_clean_first' from command line to 'False'
[1.415s] Level 5:colcon.colcon_core.verb:set package 'py_srvcli' build argument 'cmake_force_configure' from command line to 'False'
[1.415s] Level 5:colcon.colcon_core.verb:set package 'py_srvcli' build argument 'ament_cmake_args' from command line to 'None'
[1.415s] Level 5:colcon.colcon_core.verb:set package 'py_srvcli' build argument 'catkin_cmake_args' from command line to 'None'
[1.415s] Level 5:colcon.colcon_core.verb:set package 'py_srvcli' build argument 'catkin_skip_building_tests' from command line to 'False'
[1.415s] DEBUG:colcon.colcon_core.verb:Building package 'py_srvcli' with the following arguments: {'ament_cmake_args': None, 'build_base': '/home/rouillon/ProRob/build/py_srvcli', 'catkin_cmake_args': None, 'catkin_skip_building_tests': False, 'cmake_args': None, 'cmake_clean_cache': False, 'cmake_clean_first': False, 'cmake_force_configure': False, 'cmake_target': None, 'cmake_target_skip_unavailable': False, 'install_base': '/home/rouillon/ProRob/install/py_srvcli', 'merge_install': False, 'path': '/home/rouillon/ProRob/src/py_srvcli', 'symlink_install': False, 'test_result_base': None}
[1.415s] INFO:colcon.colcon_core.executor:Executing jobs using 'parallel' executor
[1.418s] DEBUG:colcon.colcon_parallel_executor.executor.parallel:run_until_complete
[1.418s] INFO:colcon.colcon_ros.task.ament_python.build:Building ROS package in '/home/rouillon/ProRob/src/package_master' with build type 'ament_python'
[1.419s] Level 1:colcon.colcon_core.shell:create_environment_hook('package_master', 'ament_prefix_path')
[1.434s] INFO:colcon.colcon_core.plugin_system:Skipping extension 'colcon_core.shell.bat': Not used on non-Windows systems
[1.434s] INFO:colcon.colcon_core.shell:Creating environment hook '/home/rouillon/ProRob/install/package_master/share/package_master/hook/ament_prefix_path.ps1'
[1.440s] INFO:colcon.colcon_core.shell:Creating environment descriptor '/home/rouillon/ProRob/install/package_master/share/package_master/hook/ament_prefix_path.dsv'
[1.442s] INFO:colcon.colcon_core.shell:Creating environment hook '/home/rouillon/ProRob/install/package_master/share/package_master/hook/ament_prefix_path.sh'
[1.445s] INFO:colcon.colcon_core.shell:Skip shell extension 'powershell' for command environment: Not usable outside of PowerShell
[1.445s] DEBUG:colcon.colcon_core.shell:Skip shell extension 'dsv' for command environment
[1.457s] INFO:colcon.colcon_ros.task.ament_cmake.build:Building ROS package in '/home/rouillon/ProRob/src/package_master_interfaces' with build type 'ament_cmake'
[1.457s] INFO:colcon.colcon_cmake.task.cmake.build:Building CMake package in '/home/rouillon/ProRob/src/package_master_interfaces'
[1.458s] INFO:colcon.colcon_core.shell:Skip shell extension 'powershell' for command environment: Not usable outside of PowerShell
[1.462s] DEBUG:colcon.colcon_core.shell:Skip shell extension 'dsv' for command environment
[1.468s] INFO:colcon.colcon_ros.task.ament_python.build:Building ROS package in '/home/rouillon/ProRob/src/py_srvcli' with build type 'ament_python'
[1.469s] Level 1:colcon.colcon_core.shell:create_environment_hook('py_srvcli', 'ament_prefix_path')
[1.471s] INFO:colcon.colcon_core.shell:Creating environment hook '/home/rouillon/ProRob/install/py_srvcli/share/py_srvcli/hook/ament_prefix_path.ps1'
[1.475s] INFO:colcon.colcon_core.shell:Creating environment descriptor '/home/rouillon/ProRob/install/py_srvcli/share/py_srvcli/hook/ament_prefix_path.dsv'
[1.476s] INFO:colcon.colcon_core.shell:Creating environment hook '/home/rouillon/ProRob/install/py_srvcli/share/py_srvcli/hook/ament_prefix_path.sh'
[1.479s] INFO:colcon.colcon_core.shell:Skip shell extension 'powershell' for command environment: Not usable outside of PowerShell
[1.479s] DEBUG:colcon.colcon_core.shell:Skip shell extension 'dsv' for command environment
[2.163s] INFO:colcon.colcon_core.task.python.build:Building Python package in '/home/rouillon/ProRob/src/package_master'
[2.164s] INFO:colcon.colcon_core.shell:Skip shell extension 'powershell' for command environment: Not usable outside of PowerShell
[2.164s] DEBUG:colcon.colcon_core.shell:Skip shell extension 'dsv' for command environment
[2.192s] DEBUG:colcon.colcon_core.event_handler.log_command:Invoking command in '/home/rouillon/ProRob/build/package_master_interfaces': /usr/bin/cmake --build /home/rouillon/ProRob/build/package_master_interfaces -- -j4 -l4
[3.180s] INFO:colcon.colcon_core.task.python.build:Building Python package in '/home/rouillon/ProRob/src/py_srvcli'
[3.181s] INFO:colcon.colcon_core.shell:Skip shell extension 'powershell' for command environment: Not usable outside of PowerShell
[3.181s] DEBUG:colcon.colcon_core.shell:Skip shell extension 'dsv' for command environment
[3.599s] DEBUG:colcon.colcon_core.event_handler.log_command:Invoked command in '/home/rouillon/ProRob/build/package_master_interfaces' returned '0': /usr/bin/cmake --build /home/rouillon/ProRob/build/package_master_interfaces -- -j4 -l4
[3.628s] DEBUG:colcon.colcon_core.event_handler.log_command:Invoking command in '/home/rouillon/ProRob/build/package_master_interfaces': /usr/bin/cmake --install /home/rouillon/ProRob/build/package_master_interfaces
[3.897s] Level 1:colcon.colcon_core.environment:create_environment_scripts_only(package_master_interfaces)
[3.899s] DEBUG:colcon.colcon_core.event_handler.log_command:Invoked command in '/home/rouillon/ProRob/build/package_master_interfaces' returned '0': /usr/bin/cmake --install /home/rouillon/ProRob/build/package_master_interfaces
[3.917s] Level 1:colcon.colcon_core.environment:checking '/home/rouillon/ProRob/install/package_master_interfaces' for CMake module files
[3.920s] Level 1:colcon.colcon_core.environment:checking '/home/rouillon/ProRob/install/package_master_interfaces' for CMake config files
[3.923s] Level 1:colcon.colcon_core.shell:create_environment_hook('package_master_interfaces', 'cmake_prefix_path')
[3.924s] INFO:colcon.colcon_core.shell:Creating environment hook '/home/rouillon/ProRob/install/package_master_interfaces/share/package_master_interfaces/hook/cmake_prefix_path.ps1'
[3.927s] INFO:colcon.colcon_core.shell:Creating environment descriptor '/home/rouillon/ProRob/install/package_master_interfaces/share/package_master_interfaces/hook/cmake_prefix_path.dsv'
[3.928s] INFO:colcon.colcon_core.shell:Creating environment hook '/home/rouillon/ProRob/install/package_master_interfaces/share/package_master_interfaces/hook/cmake_prefix_path.sh'
[3.931s] Level 1:colcon.colcon_core.environment:checking '/home/rouillon/ProRob/install/package_master_interfaces/lib'
[3.931s] Level 1:colcon.colcon_core.shell:create_environment_hook('package_master_interfaces', 'ld_library_path_lib')
[3.932s] INFO:colcon.colcon_core.shell:Creating environment hook '/home/rouillon/ProRob/install/package_master_interfaces/share/package_master_interfaces/hook/ld_library_path_lib.ps1'
[3.933s] INFO:colcon.colcon_core.shell:Creating environment descriptor '/home/rouillon/ProRob/install/package_master_interfaces/share/package_master_interfaces/hook/ld_library_path_lib.dsv'
[3.934s] INFO:colcon.colcon_core.shell:Creating environment hook '/home/rouillon/ProRob/install/package_master_interfaces/share/package_master_interfaces/hook/ld_library_path_lib.sh'
[3.935s] Level 1:colcon.colcon_core.environment:checking '/home/rouillon/ProRob/install/package_master_interfaces/bin'
[3.936s] Level 1:colcon.colcon_core.environment:checking '/home/rouillon/ProRob/install/package_master_interfaces/lib/pkgconfig/package_master_interfaces.pc'
[3.937s] Level 1:colcon.colcon_core.environment:checking '/home/rouillon/ProRob/install/package_master_interfaces/lib/python3.10/site-packages'
[3.937s] Level 1:colcon.colcon_core.environment:checking '/home/rouillon/ProRob/install/package_master_interfaces/bin'
[3.938s] INFO:colcon.colcon_core.shell:Creating package script '/home/rouillon/ProRob/install/package_master_interfaces/share/package_master_interfaces/package.ps1'
[3.945s] INFO:colcon.colcon_core.shell:Creating package descriptor '/home/rouillon/ProRob/install/package_master_interfaces/share/package_master_interfaces/package.dsv'
[3.948s] INFO:colcon.colcon_core.shell:Creating package script '/home/rouillon/ProRob/install/package_master_interfaces/share/package_master_interfaces/package.sh'
[3.952s] INFO:colcon.colcon_core.shell:Creating package script '/home/rouillon/ProRob/install/package_master_interfaces/share/package_master_interfaces/package.bash'
[3.956s] INFO:colcon.colcon_core.shell:Creating package script '/home/rouillon/ProRob/install/package_master_interfaces/share/package_master_interfaces/package.zsh'
[3.961s] Level 1:colcon.colcon_core.environment:create_file_with_runtime_dependencies(/home/rouillon/ProRob/install/package_master_interfaces/share/colcon-core/packages/package_master_interfaces)
[3.964s] Level 1:colcon.colcon_core.environment:create_environment_scripts_only(package_master_interfaces)
[3.965s] Level 1:colcon.colcon_core.environment:checking '/home/rouillon/ProRob/install/package_master_interfaces' for CMake module files
[3.967s] Level 1:colcon.colcon_core.environment:checking '/home/rouillon/ProRob/install/package_master_interfaces' for CMake config files
[3.968s] Level 1:colcon.colcon_core.shell:create_environment_hook('package_master_interfaces', 'cmake_prefix_path')
[3.969s] INFO:colcon.colcon_core.shell:Creating environment hook '/home/rouillon/ProRob/install/package_master_interfaces/share/package_master_interfaces/hook/cmake_prefix_path.ps1'
[3.971s] INFO:colcon.colcon_core.shell:Creating environment descriptor '/home/rouillon/ProRob/install/package_master_interfaces/share/package_master_interfaces/hook/cmake_prefix_path.dsv'
[3.972s] INFO:colcon.colcon_core.shell:Creating environment hook '/home/rouillon/ProRob/install/package_master_interfaces/share/package_master_interfaces/hook/cmake_prefix_path.sh'
[3.974s] Level 1:colcon.colcon_core.environment:checking '/home/rouillon/ProRob/install/package_master_interfaces/lib'
[3.974s] Level 1:colcon.colcon_core.shell:create_environment_hook('package_master_interfaces', 'ld_library_path_lib')
[3.975s] INFO:colcon.colcon_core.shell:Creating environment hook '/home/rouillon/ProRob/install/package_master_interfaces/share/package_master_interfaces/hook/ld_library_path_lib.ps1'
[3.979s] INFO:colcon.colcon_core.shell:Creating environment descriptor '/home/rouillon/ProRob/install/package_master_interfaces/share/package_master_interfaces/hook/ld_library_path_lib.dsv'
[3.980s] INFO:colcon.colcon_core.shell:Creating environment hook '/home/rouillon/ProRob/install/package_master_interfaces/share/package_master_interfaces/hook/ld_library_path_lib.sh'
[3.985s] Level 1:colcon.colcon_core.environment:checking '/home/rouillon/ProRob/install/package_master_interfaces/bin'
[3.986s] Level 1:colcon.colcon_core.environment:checking '/home/rouillon/ProRob/install/package_master_interfaces/lib/pkgconfig/package_master_interfaces.pc'
[3.987s] Level 1:colcon.colcon_core.environment:checking '/home/rouillon/ProRob/install/package_master_interfaces/lib/python3.10/site-packages'
[3.989s] Level 1:colcon.colcon_core.environment:checking '/home/rouillon/ProRob/install/package_master_interfaces/bin'
[3.990s] INFO:colcon.colcon_core.shell:Creating package script '/home/rouillon/ProRob/install/package_master_interfaces/share/package_master_interfaces/package.ps1'
[3.994s] INFO:colcon.colcon_core.shell:Creating package descriptor '/home/rouillon/ProRob/install/package_master_interfaces/share/package_master_interfaces/package.dsv'
[3.997s] INFO:colcon.colcon_core.shell:Creating package script '/home/rouillon/ProRob/install/package_master_interfaces/share/package_master_interfaces/package.sh'
[3.999s] INFO:colcon.colcon_core.shell:Creating package script '/home/rouillon/ProRob/install/package_master_interfaces/share/package_master_interfaces/package.bash'
[4.001s] INFO:colcon.colcon_core.shell:Creating package script '/home/rouillon/ProRob/install/package_master_interfaces/share/package_master_interfaces/package.zsh'
[4.002s] Level 1:colcon.colcon_core.environment:create_file_with_runtime_dependencies(/home/rouillon/ProRob/install/package_master_interfaces/share/colcon-core/packages/package_master_interfaces)
[4.401s] DEBUG:colcon.colcon_core.event_handler.log_command:Invoking command in '/home/rouillon/ProRob/src/package_master': PYTHONPATH=/home/rouillon/ProRob/build/package_master/prefix_override:/usr/lib/python3/dist-packages/colcon_core/task/python/colcon_distutils_commands:/home/rouillon/ProRob/install/package_master/lib/python3.10/site-packages: /usr/bin/python3 -W ignore:setup.py install is deprecated -W ignore:easy_install command is deprecated setup.py egg_info --egg-base ../../build/package_master build --build-base /home/rouillon/ProRob/build/package_master/build install --record /home/rouillon/ProRob/build/package_master/install.log --single-version-externally-managed install_data
[4.439s] DEBUG:colcon.colcon_core.event_handler.log_command:Invoking command in '/home/rouillon/ProRob/src/py_srvcli': PYTHONPATH=/home/rouillon/ProRob/build/py_srvcli/prefix_override:/usr/lib/python3/dist-packages/colcon_core/task/python/colcon_distutils_commands:/home/rouillon/ProRob/install/py_srvcli/lib/python3.10/site-packages: /usr/bin/python3 -W ignore:setup.py install is deprecated -W ignore:easy_install command is deprecated setup.py egg_info --egg-base ../../build/py_srvcli build --build-base /home/rouillon/ProRob/build/py_srvcli/build install --record /home/rouillon/ProRob/build/py_srvcli/install.log --single-version-externally-managed install_data
[5.297s] Level 1:colcon.colcon_core.environment:checking '/home/rouillon/ProRob/install/package_master' for CMake module files
[5.300s] DEBUG:colcon.colcon_core.event_handler.log_command:Invoked command in '/home/rouillon/ProRob/src/package_master' returned '0': PYTHONPATH=/home/rouillon/ProRob/build/package_master/prefix_override:/usr/lib/python3/dist-packages/colcon_core/task/python/colcon_distutils_commands:/home/rouillon/ProRob/install/package_master/lib/python3.10/site-packages: /usr/bin/python3 -W ignore:setup.py install is deprecated -W ignore:easy_install command is deprecated setup.py egg_info --egg-base ../../build/package_master build --build-base /home/rouillon/ProRob/build/package_master/build install --record /home/rouillon/ProRob/build/package_master/install.log --single-version-externally-managed install_data
[5.302s] Level 1:colcon.colcon_core.environment:checking '/home/rouillon/ProRob/install/package_master' for CMake config files
[5.310s] Level 1:colcon.colcon_core.environment:checking '/home/rouillon/ProRob/install/package_master/lib'
[5.310s] Level 1:colcon.colcon_core.environment:checking '/home/rouillon/ProRob/install/package_master/bin'
[5.310s] Level 1:colcon.colcon_core.environment:checking '/home/rouillon/ProRob/install/package_master/lib/pkgconfig/package_master.pc'
[5.311s] Level 1:colcon.colcon_core.environment:checking '/home/rouillon/ProRob/install/package_master/lib/python3.10/site-packages'
[5.311s] Level 1:colcon.colcon_core.shell:create_environment_hook('package_master', 'pythonpath')
[5.312s] INFO:colcon.colcon_core.shell:Creating environment hook '/home/rouillon/ProRob/install/package_master/share/package_master/hook/pythonpath.ps1'
[5.313s] INFO:colcon.colcon_core.shell:Creating environment descriptor '/home/rouillon/ProRob/install/package_master/share/package_master/hook/pythonpath.dsv'
[5.315s] INFO:colcon.colcon_core.shell:Creating environment hook '/home/rouillon/ProRob/install/package_master/share/package_master/hook/pythonpath.sh'
[5.317s] Level 1:colcon.colcon_core.environment:checking '/home/rouillon/ProRob/install/package_master/bin'
[5.317s] Level 1:colcon.colcon_core.environment:create_environment_scripts_only(package_master)
[5.318s] INFO:colcon.colcon_core.shell:Creating package script '/home/rouillon/ProRob/install/package_master/share/package_master/package.ps1'
[5.320s] INFO:colcon.colcon_core.shell:Creating package descriptor '/home/rouillon/ProRob/install/package_master/share/package_master/package.dsv'
[5.322s] INFO:colcon.colcon_core.shell:Creating package script '/home/rouillon/ProRob/install/package_master/share/package_master/package.sh'
[5.324s] INFO:colcon.colcon_core.shell:Creating package script '/home/rouillon/ProRob/install/package_master/share/package_master/package.bash'
[5.325s] INFO:colcon.colcon_core.shell:Creating package script '/home/rouillon/ProRob/install/package_master/share/package_master/package.zsh'
[5.346s] Level 1:colcon.colcon_core.environment:create_file_with_runtime_dependencies(/home/rouillon/ProRob/install/package_master/share/colcon-core/packages/package_master)
[5.354s] Level 1:colcon.colcon_core.environment:checking '/home/rouillon/ProRob/install/py_srvcli' for CMake module files
[5.356s] DEBUG:colcon.colcon_core.event_handler.log_command:Invoked command in '/home/rouillon/ProRob/src/py_srvcli' returned '0': PYTHONPATH=/home/rouillon/ProRob/build/py_srvcli/prefix_override:/usr/lib/python3/dist-packages/colcon_core/task/python/colcon_distutils_commands:/home/rouillon/ProRob/install/py_srvcli/lib/python3.10/site-packages: /usr/bin/python3 -W ignore:setup.py install is deprecated -W ignore:easy_install command is deprecated setup.py egg_info --egg-base ../../build/py_srvcli build --build-base /home/rouillon/ProRob/build/py_srvcli/build install --record /home/rouillon/ProRob/build/py_srvcli/install.log --single-version-externally-managed install_data
[5.357s] Level 1:colcon.colcon_core.environment:checking '/home/rouillon/ProRob/install/py_srvcli' for CMake config files
[5.358s] Level 1:colcon.colcon_core.environment:checking '/home/rouillon/ProRob/install/py_srvcli/lib'
[5.358s] Level 1:colcon.colcon_core.environment:checking '/home/rouillon/ProRob/install/py_srvcli/bin'
[5.358s] Level 1:colcon.colcon_core.environment:checking '/home/rouillon/ProRob/install/py_srvcli/lib/pkgconfig/py_srvcli.pc'
[5.359s] Level 1:colcon.colcon_core.environment:checking '/home/rouillon/ProRob/install/py_srvcli/lib/python3.10/site-packages'
[5.359s] Level 1:colcon.colcon_core.shell:create_environment_hook('py_srvcli', 'pythonpath')
[5.360s] INFO:colcon.colcon_core.shell:Creating environment hook '/home/rouillon/ProRob/install/py_srvcli/share/py_srvcli/hook/pythonpath.ps1'
[5.361s] INFO:colcon.colcon_core.shell:Creating environment descriptor '/home/rouillon/ProRob/install/py_srvcli/share/py_srvcli/hook/pythonpath.dsv'
[5.361s] INFO:colcon.colcon_core.shell:Creating environment hook '/home/rouillon/ProRob/install/py_srvcli/share/py_srvcli/hook/pythonpath.sh'
[5.364s] Level 1:colcon.colcon_core.environment:checking '/home/rouillon/ProRob/install/py_srvcli/bin'
[5.364s] Level 1:colcon.colcon_core.environment:create_environment_scripts_only(py_srvcli)
[5.365s] INFO:colcon.colcon_core.shell:Creating package script '/home/rouillon/ProRob/install/py_srvcli/share/py_srvcli/package.ps1'
[5.366s] INFO:colcon.colcon_core.shell:Creating package descriptor '/home/rouillon/ProRob/install/py_srvcli/share/py_srvcli/package.dsv'
[5.367s] INFO:colcon.colcon_core.shell:Creating package script '/home/rouillon/ProRob/install/py_srvcli/share/py_srvcli/package.sh'
[5.368s] INFO:colcon.colcon_core.shell:Creating package script '/home/rouillon/ProRob/install/py_srvcli/share/py_srvcli/package.bash'
[5.368s] INFO:colcon.colcon_core.shell:Creating package script '/home/rouillon/ProRob/install/py_srvcli/share/py_srvcli/package.zsh'
[5.369s] Level 1:colcon.colcon_core.environment:create_file_with_runtime_dependencies(/home/rouillon/ProRob/install/py_srvcli/share/colcon-core/packages/py_srvcli)
[5.373s] DEBUG:colcon.colcon_parallel_executor.executor.parallel:closing loop
[5.374s] DEBUG:colcon.colcon_parallel_executor.executor.parallel:loop closed
[5.374s] DEBUG:colcon.colcon_parallel_executor.executor.parallel:run_until_complete finished with '0'
[5.374s] DEBUG:colcon.colcon_core.event_reactor:joining thread
[5.399s] INFO:colcon.colcon_core.plugin_system:Skipping extension 'colcon_notification.desktop_notification.terminal_notifier': Not used on non-Darwin systems
[5.400s] INFO:colcon.colcon_core.plugin_system:Skipping extension 'colcon_notification.desktop_notification.win32': Not used on non-Windows systems
[5.400s] INFO:colcon.colcon_notification.desktop_notification:Sending desktop notification using 'notify2'
[5.452s] DEBUG:colcon.colcon_core.event_reactor:joined thread
[5.453s] INFO:colcon.colcon_core.shell:Creating prefix script '/home/rouillon/ProRob/install/local_setup.ps1'
[5.457s] INFO:colcon.colcon_core.shell:Creating prefix util module '/home/rouillon/ProRob/install/_local_setup_util_ps1.py'
[5.475s] INFO:colcon.colcon_core.shell:Creating prefix chain script '/home/rouillon/ProRob/install/setup.ps1'
[5.480s] INFO:colcon.colcon_core.shell:Creating prefix script '/home/rouillon/ProRob/install/local_setup.sh'
[5.485s] INFO:colcon.colcon_core.shell:Creating prefix util module '/home/rouillon/ProRob/install/_local_setup_util_sh.py'
[5.487s] INFO:colcon.colcon_core.shell:Creating prefix chain script '/home/rouillon/ProRob/install/setup.sh'
[5.495s] INFO:colcon.colcon_core.shell:Creating prefix script '/home/rouillon/ProRob/install/local_setup.bash'
[5.498s] INFO:colcon.colcon_core.shell:Creating prefix chain script '/home/rouillon/ProRob/install/setup.bash'
[5.501s] INFO:colcon.colcon_core.shell:Creating prefix script '/home/rouillon/ProRob/install/local_setup.zsh'
[5.505s] INFO:colcon.colcon_core.shell:Creating prefix chain script '/home/rouillon/ProRob/install/setup.zsh'
