[1.028s] Invoking command in '/home/rouillon/ProRob/build/package_master_interfaces': CMAKE_PREFIX_PATH=${CMAKE_PREFIX_PATH}:/opt/ros/humble:/home/rouillon/ProRob/install/py_srvcli:/home/rouillon/ProRob/install/package_master /usr/bin/cmake --build /home/rouillon/ProRob/build/package_master_interfaces -- -j4 -l4
[1.149s] [35m[1mConsolidate compiler generated dependencies of target package_master_interfaces__rosidl_generator_c[0m
[1.169s] [  2%] Built target package_master_interfaces__cpp
[1.187s] [ 12%] Built target package_master_interfaces__rosidl_generator_c
[1.196s] [ 12%] Built target ament_cmake_python_copy_package_master_interfaces
[1.214s] [35m[1mConsolidate compiler generated dependencies of target package_master_interfaces__rosidl_typesupport_introspection_cpp[0m
[1.234s] [35m[1mConsolidate compiler generated dependencies of target package_master_interfaces__rosidl_typesupport_cpp[0m
[1.236s] [35m[1mConsolidate compiler generated dependencies of target package_master_interfaces__rosidl_typesupport_fastrtps_cpp[0m
[1.258s] [35m[1mConsolidate compiler generated dependencies of target package_master_interfaces__rosidl_typesupport_fastrtps_c[0m
[1.284s] [ 23%] Built target package_master_interfaces__rosidl_typesupport_introspection_cpp
[1.294s] [ 34%] Built target package_master_interfaces__rosidl_typesupport_cpp
[1.316s] [ 44%] Built target package_master_interfaces__rosidl_typesupport_fastrtps_cpp
[1.316s] [35m[1mConsolidate compiler generated dependencies of target package_master_interfaces__rosidl_typesupport_introspection_c[0m
[1.328s] [35m[1mConsolidate compiler generated dependencies of target package_master_interfaces__rosidl_typesupport_c[0m
[1.334s] [ 55%] Built target package_master_interfaces__rosidl_typesupport_fastrtps_c
[1.363s] [ 65%] Built target package_master_interfaces__rosidl_typesupport_introspection_c
[1.368s] [ 76%] Built target package_master_interfaces__rosidl_typesupport_c
[1.424s] [ 76%] Built target package_master_interfaces
[1.491s] [ 78%] Built target package_master_interfaces__py
[1.524s] [35m[1mConsolidate compiler generated dependencies of target package_master_interfaces__rosidl_generator_py[0m
[1.577s] [ 87%] Built target package_master_interfaces__rosidl_generator_py
[1.614s] [35m[1mConsolidate compiler generated dependencies of target package_master_interfaces__rosidl_typesupport_fastrtps_c__pyext[0m
[1.618s] [35m[1mConsolidate compiler generated dependencies of target package_master_interfaces__rosidl_typesupport_introspection_c__pyext[0m
[1.642s] [35m[1mConsolidate compiler generated dependencies of target package_master_interfaces__rosidl_typesupport_c__pyext[0m
[1.669s] [ 91%] Built target package_master_interfaces__rosidl_typesupport_fastrtps_c__pyext
[1.682s] [ 95%] Built target package_master_interfaces__rosidl_typesupport_introspection_c__pyext
[1.700s] [100%] Built target package_master_interfaces__rosidl_typesupport_c__pyext
[2.391s] running egg_info
[2.393s] writing package_master_interfaces.egg-info/PKG-INFO
[2.394s] writing dependency_links to package_master_interfaces.egg-info/dependency_links.txt
[2.395s] writing top-level names to package_master_interfaces.egg-info/top_level.txt
[2.404s] reading manifest file 'package_master_interfaces.egg-info/SOURCES.txt'
[2.406s] writing manifest file 'package_master_interfaces.egg-info/SOURCES.txt'
[2.487s] [100%] Built target ament_cmake_python_build_package_master_interfaces_egg
[2.522s] Invoked command in '/home/rouillon/ProRob/build/package_master_interfaces' returned '0': CMAKE_PREFIX_PATH=${CMAKE_PREFIX_PATH}:/opt/ros/humble:/home/rouillon/ProRob/install/py_srvcli:/home/rouillon/ProRob/install/package_master /usr/bin/cmake --build /home/rouillon/ProRob/build/package_master_interfaces -- -j4 -l4
[2.554s] Invoking command in '/home/rouillon/ProRob/build/package_master_interfaces': CMAKE_PREFIX_PATH=${CMAKE_PREFIX_PATH}:/opt/ros/humble:/home/rouillon/ProRob/install/py_srvcli:/home/rouillon/ProRob/install/package_master /usr/bin/cmake --install /home/rouillon/ProRob/build/package_master_interfaces
[2.590s] -- Install configuration: ""
[2.590s] -- Up-to-date: /home/rouillon/ProRob/install/package_master_interfaces/share/ament_index/resource_index/rosidl_interfaces/package_master_interfaces
[2.591s] -- Up-to-date: /home/rouillon/ProRob/install/package_master_interfaces/include/package_master_interfaces/package_master_interfaces
[2.591s] -- Up-to-date: /home/rouillon/ProRob/install/package_master_interfaces/include/package_master_interfaces/package_master_interfaces/msg
[2.594s] -- Up-to-date: /home/rouillon/ProRob/install/package_master_interfaces/include/package_master_interfaces/package_master_interfaces/msg/num.h
[2.594s] -- Up-to-date: /home/rouillon/ProRob/install/package_master_interfaces/include/package_master_interfaces/package_master_interfaces/msg/detail
[2.594s] -- Up-to-date: /home/rouillon/ProRob/install/package_master_interfaces/include/package_master_interfaces/package_master_interfaces/msg/detail/num__type_support.h
[2.595s] -- Up-to-date: /home/rouillon/ProRob/install/package_master_interfaces/include/package_master_interfaces/package_master_interfaces/msg/detail/num__struct.h
[2.595s] -- Up-to-date: /home/rouillon/ProRob/install/package_master_interfaces/include/package_master_interfaces/package_master_interfaces/msg/detail/num__functions.c
[2.595s] -- Up-to-date: /home/rouillon/ProRob/install/package_master_interfaces/include/package_master_interfaces/package_master_interfaces/msg/detail/num__functions.h
[2.595s] -- Up-to-date: /home/rouillon/ProRob/install/package_master_interfaces/include/package_master_interfaces/package_master_interfaces/msg/rosidl_generator_c__visibility_control.h
[2.596s] -- Up-to-date: /home/rouillon/ProRob/install/package_master_interfaces/include/package_master_interfaces/package_master_interfaces/srv
[2.596s] -- Up-to-date: /home/rouillon/ProRob/install/package_master_interfaces/include/package_master_interfaces/package_master_interfaces/srv/add_three_ints.h
[2.598s] -- Up-to-date: /home/rouillon/ProRob/install/package_master_interfaces/include/package_master_interfaces/package_master_interfaces/srv/detail
[2.598s] -- Up-to-date: /home/rouillon/ProRob/install/package_master_interfaces/include/package_master_interfaces/package_master_interfaces/srv/detail/robot_positions__type_support.h
[2.599s] -- Up-to-date: /home/rouillon/ProRob/install/package_master_interfaces/include/package_master_interfaces/package_master_interfaces/srv/detail/add_three_ints__type_support.h
[2.599s] -- Up-to-date: /home/rouillon/ProRob/install/package_master_interfaces/include/package_master_interfaces/package_master_interfaces/srv/detail/add_three_ints__struct.h
[2.599s] -- Up-to-date: /home/rouillon/ProRob/install/package_master_interfaces/include/package_master_interfaces/package_master_interfaces/srv/detail/robot_positions__functions.h
[2.599s] -- Up-to-date: /home/rouillon/ProRob/install/package_master_interfaces/include/package_master_interfaces/package_master_interfaces/srv/detail/add_three_ints__functions.h
[2.600s] -- Up-to-date: /home/rouillon/ProRob/install/package_master_interfaces/include/package_master_interfaces/package_master_interfaces/srv/detail/robot_positions__struct.h
[2.600s] -- Up-to-date: /home/rouillon/ProRob/install/package_master_interfaces/include/package_master_interfaces/package_master_interfaces/srv/detail/add_three_ints__functions.c
[2.600s] -- Up-to-date: /home/rouillon/ProRob/install/package_master_interfaces/include/package_master_interfaces/package_master_interfaces/srv/detail/robot_positions__functions.c
[2.600s] -- Up-to-date: /home/rouillon/ProRob/install/package_master_interfaces/include/package_master_interfaces/package_master_interfaces/srv/robot_positions.h
[2.601s] -- Up-to-date: /home/rouillon/ProRob/install/package_master_interfaces/share/package_master_interfaces/environment/library_path.sh
[2.601s] -- Up-to-date: /home/rouillon/ProRob/install/package_master_interfaces/share/package_master_interfaces/environment/library_path.dsv
[2.601s] -- Up-to-date: /home/rouillon/ProRob/install/package_master_interfaces/lib/libpackage_master_interfaces__rosidl_generator_c.so
[2.605s] -- Up-to-date: /home/rouillon/ProRob/install/package_master_interfaces/include/package_master_interfaces/package_master_interfaces
[2.606s] -- Up-to-date: /home/rouillon/ProRob/install/package_master_interfaces/include/package_master_interfaces/package_master_interfaces/msg
[2.606s] -- Up-to-date: /home/rouillon/ProRob/install/package_master_interfaces/include/package_master_interfaces/package_master_interfaces/msg/detail
[2.606s] -- Up-to-date: /home/rouillon/ProRob/install/package_master_interfaces/include/package_master_interfaces/package_master_interfaces/msg/detail/num__rosidl_typesupport_fastrtps_c.h
[2.607s] -- Up-to-date: /home/rouillon/ProRob/install/package_master_interfaces/include/package_master_interfaces/package_master_interfaces/msg/rosidl_typesupport_fastrtps_c__visibility_control.h
[2.607s] -- Up-to-date: /home/rouillon/ProRob/install/package_master_interfaces/include/package_master_interfaces/package_master_interfaces/srv
[2.609s] -- Up-to-date: /home/rouillon/ProRob/install/package_master_interfaces/include/package_master_interfaces/package_master_interfaces/srv/detail
[2.609s] -- Up-to-date: /home/rouillon/ProRob/install/package_master_interfaces/include/package_master_interfaces/package_master_interfaces/srv/detail/add_three_ints__rosidl_typesupport_fastrtps_c.h
[2.609s] -- Up-to-date: /home/rouillon/ProRob/install/package_master_interfaces/include/package_master_interfaces/package_master_interfaces/srv/detail/robot_positions__rosidl_typesupport_fastrtps_c.h
[2.610s] -- Up-to-date: /home/rouillon/ProRob/install/package_master_interfaces/lib/libpackage_master_interfaces__rosidl_typesupport_fastrtps_c.so
[2.612s] -- Up-to-date: /home/rouillon/ProRob/install/package_master_interfaces/include/package_master_interfaces/package_master_interfaces
[2.616s] -- Up-to-date: /home/rouillon/ProRob/install/package_master_interfaces/include/package_master_interfaces/package_master_interfaces/msg
[2.616s] -- Up-to-date: /home/rouillon/ProRob/install/package_master_interfaces/include/package_master_interfaces/package_master_interfaces/msg/detail
[2.617s] -- Up-to-date: /home/rouillon/ProRob/install/package_master_interfaces/include/package_master_interfaces/package_master_interfaces/msg/detail/num__type_support.c
[2.617s] -- Up-to-date: /home/rouillon/ProRob/install/package_master_interfaces/include/package_master_interfaces/package_master_interfaces/msg/detail/num__rosidl_typesupport_introspection_c.h
[2.617s] -- Up-to-date: /home/rouillon/ProRob/install/package_master_interfaces/include/package_master_interfaces/package_master_interfaces/msg/rosidl_typesupport_introspection_c__visibility_control.h
[2.618s] -- Up-to-date: /home/rouillon/ProRob/install/package_master_interfaces/include/package_master_interfaces/package_master_interfaces/srv
[2.618s] -- Up-to-date: /home/rouillon/ProRob/install/package_master_interfaces/include/package_master_interfaces/package_master_interfaces/srv/detail
[2.618s] -- Up-to-date: /home/rouillon/ProRob/install/package_master_interfaces/include/package_master_interfaces/package_master_interfaces/srv/detail/add_three_ints__type_support.c
[2.619s] -- Up-to-date: /home/rouillon/ProRob/install/package_master_interfaces/include/package_master_interfaces/package_master_interfaces/srv/detail/robot_positions__type_support.c
[2.619s] -- Up-to-date: /home/rouillon/ProRob/install/package_master_interfaces/include/package_master_interfaces/package_master_interfaces/srv/detail/add_three_ints__rosidl_typesupport_introspection_c.h
[2.619s] -- Up-to-date: /home/rouillon/ProRob/install/package_master_interfaces/include/package_master_interfaces/package_master_interfaces/srv/detail/robot_positions__rosidl_typesupport_introspection_c.h
[2.619s] -- Up-to-date: /home/rouillon/ProRob/install/package_master_interfaces/lib/libpackage_master_interfaces__rosidl_typesupport_introspection_c.so
[2.620s] -- Up-to-date: /home/rouillon/ProRob/install/package_master_interfaces/lib/libpackage_master_interfaces__rosidl_typesupport_c.so
[2.620s] -- Up-to-date: /home/rouillon/ProRob/install/package_master_interfaces/include/package_master_interfaces/package_master_interfaces
[2.620s] -- Up-to-date: /home/rouillon/ProRob/install/package_master_interfaces/include/package_master_interfaces/package_master_interfaces/msg
[2.621s] -- Up-to-date: /home/rouillon/ProRob/install/package_master_interfaces/include/package_master_interfaces/package_master_interfaces/msg/detail
[2.621s] -- Up-to-date: /home/rouillon/ProRob/install/package_master_interfaces/include/package_master_interfaces/package_master_interfaces/msg/detail/num__type_support.hpp
[2.621s] -- Up-to-date: /home/rouillon/ProRob/install/package_master_interfaces/include/package_master_interfaces/package_master_interfaces/msg/detail/num__struct.hpp
[2.621s] -- Up-to-date: /home/rouillon/ProRob/install/package_master_interfaces/include/package_master_interfaces/package_master_interfaces/msg/detail/num__builder.hpp
[2.622s] -- Up-to-date: /home/rouillon/ProRob/install/package_master_interfaces/include/package_master_interfaces/package_master_interfaces/msg/detail/num__traits.hpp
[2.622s] -- Up-to-date: /home/rouillon/ProRob/install/package_master_interfaces/include/package_master_interfaces/package_master_interfaces/msg/num.hpp
[2.622s] -- Up-to-date: /home/rouillon/ProRob/install/package_master_interfaces/include/package_master_interfaces/package_master_interfaces/msg/rosidl_generator_cpp__visibility_control.hpp
[2.623s] -- Up-to-date: /home/rouillon/ProRob/install/package_master_interfaces/include/package_master_interfaces/package_master_interfaces/srv
[2.623s] -- Up-to-date: /home/rouillon/ProRob/install/package_master_interfaces/include/package_master_interfaces/package_master_interfaces/srv/detail
[2.623s] -- Up-to-date: /home/rouillon/ProRob/install/package_master_interfaces/include/package_master_interfaces/package_master_interfaces/srv/detail/robot_positions__struct.hpp
[2.623s] -- Up-to-date: /home/rouillon/ProRob/install/package_master_interfaces/include/package_master_interfaces/package_master_interfaces/srv/detail/robot_positions__builder.hpp
[2.624s] -- Up-to-date: /home/rouillon/ProRob/install/package_master_interfaces/include/package_master_interfaces/package_master_interfaces/srv/detail/robot_positions__type_support.hpp
[2.624s] -- Up-to-date: /home/rouillon/ProRob/install/package_master_interfaces/include/package_master_interfaces/package_master_interfaces/srv/detail/add_three_ints__struct.hpp
[2.624s] -- Up-to-date: /home/rouillon/ProRob/install/package_master_interfaces/include/package_master_interfaces/package_master_interfaces/srv/detail/robot_positions__traits.hpp
[2.626s] -- Up-to-date: /home/rouillon/ProRob/install/package_master_interfaces/include/package_master_interfaces/package_master_interfaces/srv/detail/add_three_ints__type_support.hpp
[2.629s] -- Up-to-date: /home/rouillon/ProRob/install/package_master_interfaces/include/package_master_interfaces/package_master_interfaces/srv/detail/add_three_ints__traits.hpp
[2.630s] -- Up-to-date: /home/rouillon/ProRob/install/package_master_interfaces/include/package_master_interfaces/package_master_interfaces/srv/detail/add_three_ints__builder.hpp
[2.630s] -- Up-to-date: /home/rouillon/ProRob/install/package_master_interfaces/include/package_master_interfaces/package_master_interfaces/srv/add_three_ints.hpp
[2.630s] -- Up-to-date: /home/rouillon/ProRob/install/package_master_interfaces/include/package_master_interfaces/package_master_interfaces/srv/robot_positions.hpp
[2.631s] -- Up-to-date: /home/rouillon/ProRob/install/package_master_interfaces/include/package_master_interfaces/package_master_interfaces
[2.631s] -- Up-to-date: /home/rouillon/ProRob/install/package_master_interfaces/include/package_master_interfaces/package_master_interfaces/msg
[2.632s] -- Up-to-date: /home/rouillon/ProRob/install/package_master_interfaces/include/package_master_interfaces/package_master_interfaces/msg/detail
[2.632s] -- Up-to-date: /home/rouillon/ProRob/install/package_master_interfaces/include/package_master_interfaces/package_master_interfaces/msg/detail/num__rosidl_typesupport_fastrtps_cpp.hpp
[2.632s] -- Up-to-date: /home/rouillon/ProRob/install/package_master_interfaces/include/package_master_interfaces/package_master_interfaces/msg/detail/dds_fastrtps
[2.632s] -- Up-to-date: /home/rouillon/ProRob/install/package_master_interfaces/include/package_master_interfaces/package_master_interfaces/msg/rosidl_typesupport_fastrtps_cpp__visibility_control.h
[2.633s] -- Up-to-date: /home/rouillon/ProRob/install/package_master_interfaces/include/package_master_interfaces/package_master_interfaces/srv
[2.633s] -- Up-to-date: /home/rouillon/ProRob/install/package_master_interfaces/include/package_master_interfaces/package_master_interfaces/srv/detail
[2.633s] -- Up-to-date: /home/rouillon/ProRob/install/package_master_interfaces/include/package_master_interfaces/package_master_interfaces/srv/detail/add_three_ints__rosidl_typesupport_fastrtps_cpp.hpp
[2.633s] -- Up-to-date: /home/rouillon/ProRob/install/package_master_interfaces/include/package_master_interfaces/package_master_interfaces/srv/detail/robot_positions__rosidl_typesupport_fastrtps_cpp.hpp
[2.634s] -- Up-to-date: /home/rouillon/ProRob/install/package_master_interfaces/include/package_master_interfaces/package_master_interfaces/srv/detail/dds_fastrtps
[2.634s] -- Up-to-date: /home/rouillon/ProRob/install/package_master_interfaces/lib/libpackage_master_interfaces__rosidl_typesupport_fastrtps_cpp.so
[2.634s] -- Up-to-date: /home/rouillon/ProRob/install/package_master_interfaces/include/package_master_interfaces/package_master_interfaces
[2.634s] -- Up-to-date: /home/rouillon/ProRob/install/package_master_interfaces/include/package_master_interfaces/package_master_interfaces/msg
[2.635s] -- Up-to-date: /home/rouillon/ProRob/install/package_master_interfaces/include/package_master_interfaces/package_master_interfaces/msg/detail
[2.635s] -- Up-to-date: /home/rouillon/ProRob/install/package_master_interfaces/include/package_master_interfaces/package_master_interfaces/msg/detail/num__rosidl_typesupport_introspection_cpp.hpp
[2.635s] -- Up-to-date: /home/rouillon/ProRob/install/package_master_interfaces/include/package_master_interfaces/package_master_interfaces/msg/detail/num__type_support.cpp
[2.635s] -- Up-to-date: /home/rouillon/ProRob/install/package_master_interfaces/include/package_master_interfaces/package_master_interfaces/srv
[2.636s] -- Up-to-date: /home/rouillon/ProRob/install/package_master_interfaces/include/package_master_interfaces/package_master_interfaces/srv/detail
[2.636s] -- Up-to-date: /home/rouillon/ProRob/install/package_master_interfaces/include/package_master_interfaces/package_master_interfaces/srv/detail/robot_positions__rosidl_typesupport_introspection_cpp.hpp
[2.636s] -- Up-to-date: /home/rouillon/ProRob/install/package_master_interfaces/include/package_master_interfaces/package_master_interfaces/srv/detail/add_three_ints__type_support.cpp
[2.636s] -- Up-to-date: /home/rouillon/ProRob/install/package_master_interfaces/include/package_master_interfaces/package_master_interfaces/srv/detail/robot_positions__type_support.cpp
[2.637s] -- Up-to-date: /home/rouillon/ProRob/install/package_master_interfaces/include/package_master_interfaces/package_master_interfaces/srv/detail/add_three_ints__rosidl_typesupport_introspection_cpp.hpp
[2.637s] -- Up-to-date: /home/rouillon/ProRob/install/package_master_interfaces/lib/libpackage_master_interfaces__rosidl_typesupport_introspection_cpp.so
[2.637s] -- Up-to-date: /home/rouillon/ProRob/install/package_master_interfaces/lib/libpackage_master_interfaces__rosidl_typesupport_cpp.so
[2.637s] -- Up-to-date: /home/rouillon/ProRob/install/package_master_interfaces/share/package_master_interfaces/environment/pythonpath.sh
[2.638s] -- Up-to-date: /home/rouillon/ProRob/install/package_master_interfaces/share/package_master_interfaces/environment/pythonpath.dsv
[2.638s] -- Up-to-date: /home/rouillon/ProRob/install/package_master_interfaces/local/lib/python3.10/dist-packages/package_master_interfaces-0.0.0-py3.10.egg-info
[2.638s] -- Installing: /home/rouillon/ProRob/install/package_master_interfaces/local/lib/python3.10/dist-packages/package_master_interfaces-0.0.0-py3.10.egg-info/SOURCES.txt
[2.638s] -- Installing: /home/rouillon/ProRob/install/package_master_interfaces/local/lib/python3.10/dist-packages/package_master_interfaces-0.0.0-py3.10.egg-info/PKG-INFO
[2.639s] -- Installing: /home/rouillon/ProRob/install/package_master_interfaces/local/lib/python3.10/dist-packages/package_master_interfaces-0.0.0-py3.10.egg-info/dependency_links.txt
[2.639s] -- Installing: /home/rouillon/ProRob/install/package_master_interfaces/local/lib/python3.10/dist-packages/package_master_interfaces-0.0.0-py3.10.egg-info/top_level.txt
[2.639s] -- Up-to-date: /home/rouillon/ProRob/install/package_master_interfaces/local/lib/python3.10/dist-packages/package_master_interfaces
[2.639s] -- Up-to-date: /home/rouillon/ProRob/install/package_master_interfaces/local/lib/python3.10/dist-packages/package_master_interfaces/msg
[2.640s] -- Up-to-date: /home/rouillon/ProRob/install/package_master_interfaces/local/lib/python3.10/dist-packages/package_master_interfaces/msg/_num.py
[2.640s] -- Up-to-date: /home/rouillon/ProRob/install/package_master_interfaces/local/lib/python3.10/dist-packages/package_master_interfaces/msg/_num_s.c
[2.640s] -- Up-to-date: /home/rouillon/ProRob/install/package_master_interfaces/local/lib/python3.10/dist-packages/package_master_interfaces/msg/__init__.py
[2.640s] -- Up-to-date: /home/rouillon/ProRob/install/package_master_interfaces/local/lib/python3.10/dist-packages/package_master_interfaces/package_master_interfaces_s__rosidl_typesupport_c.cpython-310-x86_64-linux-gnu.so
[2.640s] -- Up-to-date: /home/rouillon/ProRob/install/package_master_interfaces/local/lib/python3.10/dist-packages/package_master_interfaces/_package_master_interfaces_s.ep.rosidl_typesupport_fastrtps_c.c
[2.641s] -- Up-to-date: /home/rouillon/ProRob/install/package_master_interfaces/local/lib/python3.10/dist-packages/package_master_interfaces/_package_master_interfaces_s.ep.rosidl_typesupport_introspection_c.c
[2.643s] -- Up-to-date: /home/rouillon/ProRob/install/package_master_interfaces/local/lib/python3.10/dist-packages/package_master_interfaces/package_master_interfaces_s__rosidl_typesupport_introspection_c.cpython-310-x86_64-linux-gnu.so
[2.644s] -- Up-to-date: /home/rouillon/ProRob/install/package_master_interfaces/local/lib/python3.10/dist-packages/package_master_interfaces/srv
[2.644s] -- Up-to-date: /home/rouillon/ProRob/install/package_master_interfaces/local/lib/python3.10/dist-packages/package_master_interfaces/srv/_add_three_ints_s.c
[2.644s] -- Up-to-date: /home/rouillon/ProRob/install/package_master_interfaces/local/lib/python3.10/dist-packages/package_master_interfaces/srv/_robot_positions.py
[2.644s] -- Up-to-date: /home/rouillon/ProRob/install/package_master_interfaces/local/lib/python3.10/dist-packages/package_master_interfaces/srv/__init__.py
[2.645s] -- Up-to-date: /home/rouillon/ProRob/install/package_master_interfaces/local/lib/python3.10/dist-packages/package_master_interfaces/srv/_robot_positions_s.c
[2.645s] -- Up-to-date: /home/rouillon/ProRob/install/package_master_interfaces/local/lib/python3.10/dist-packages/package_master_interfaces/srv/_add_three_ints.py
[2.645s] -- Up-to-date: /home/rouillon/ProRob/install/package_master_interfaces/local/lib/python3.10/dist-packages/package_master_interfaces/libpackage_master_interfaces__rosidl_generator_py.so
[2.645s] -- Up-to-date: /home/rouillon/ProRob/install/package_master_interfaces/local/lib/python3.10/dist-packages/package_master_interfaces/package_master_interfaces_s__rosidl_typesupport_fastrtps_c.cpython-310-x86_64-linux-gnu.so
[2.646s] -- Up-to-date: /home/rouillon/ProRob/install/package_master_interfaces/local/lib/python3.10/dist-packages/package_master_interfaces/_package_master_interfaces_s.ep.rosidl_typesupport_c.c
[2.646s] -- Up-to-date: /home/rouillon/ProRob/install/package_master_interfaces/local/lib/python3.10/dist-packages/package_master_interfaces/__init__.py
[2.763s] Listing '/home/rouillon/ProRob/install/package_master_interfaces/local/lib/python3.10/dist-packages/package_master_interfaces'...
[2.764s] Listing '/home/rouillon/ProRob/install/package_master_interfaces/local/lib/python3.10/dist-packages/package_master_interfaces/msg'...
[2.764s] Listing '/home/rouillon/ProRob/install/package_master_interfaces/local/lib/python3.10/dist-packages/package_master_interfaces/srv'...
[2.780s] -- Up-to-date: /home/rouillon/ProRob/install/package_master_interfaces/local/lib/python3.10/dist-packages/package_master_interfaces/package_master_interfaces_s__rosidl_typesupport_fastrtps_c.cpython-310-x86_64-linux-gnu.so
[2.781s] -- Up-to-date: /home/rouillon/ProRob/install/package_master_interfaces/local/lib/python3.10/dist-packages/package_master_interfaces/package_master_interfaces_s__rosidl_typesupport_introspection_c.cpython-310-x86_64-linux-gnu.so
[2.782s] -- Up-to-date: /home/rouillon/ProRob/install/package_master_interfaces/local/lib/python3.10/dist-packages/package_master_interfaces/package_master_interfaces_s__rosidl_typesupport_c.cpython-310-x86_64-linux-gnu.so
[2.783s] -- Up-to-date: /home/rouillon/ProRob/install/package_master_interfaces/lib/libpackage_master_interfaces__rosidl_generator_py.so
[2.784s] -- Up-to-date: /home/rouillon/ProRob/install/package_master_interfaces/share/package_master_interfaces/msg/Num.idl
[2.785s] -- Up-to-date: /home/rouillon/ProRob/install/package_master_interfaces/share/package_master_interfaces/srv/AddThreeInts.idl
[2.785s] -- Up-to-date: /home/rouillon/ProRob/install/package_master_interfaces/share/package_master_interfaces/srv/RobotPositions.idl
[2.785s] -- Up-to-date: /home/rouillon/ProRob/install/package_master_interfaces/share/package_master_interfaces/msg/Num.msg
[2.786s] -- Up-to-date: /home/rouillon/ProRob/install/package_master_interfaces/share/package_master_interfaces/srv/AddThreeInts.srv
[2.786s] -- Up-to-date: /home/rouillon/ProRob/install/package_master_interfaces/share/package_master_interfaces/srv/AddThreeInts_Request.msg
[2.786s] -- Up-to-date: /home/rouillon/ProRob/install/package_master_interfaces/share/package_master_interfaces/srv/AddThreeInts_Response.msg
[2.787s] -- Up-to-date: /home/rouillon/ProRob/install/package_master_interfaces/share/package_master_interfaces/srv/RobotPositions.srv
[2.787s] -- Up-to-date: /home/rouillon/ProRob/install/package_master_interfaces/share/package_master_interfaces/srv/RobotPositions_Request.msg
[2.788s] -- Up-to-date: /home/rouillon/ProRob/install/package_master_interfaces/share/package_master_interfaces/srv/RobotPositions_Response.msg
[2.788s] -- Up-to-date: /home/rouillon/ProRob/install/package_master_interfaces/share/ament_index/resource_index/package_run_dependencies/package_master_interfaces
[2.789s] -- Up-to-date: /home/rouillon/ProRob/install/package_master_interfaces/share/ament_index/resource_index/parent_prefix_path/package_master_interfaces
[2.789s] -- Up-to-date: /home/rouillon/ProRob/install/package_master_interfaces/share/package_master_interfaces/environment/ament_prefix_path.sh
[2.790s] -- Up-to-date: /home/rouillon/ProRob/install/package_master_interfaces/share/package_master_interfaces/environment/ament_prefix_path.dsv
[2.790s] -- Up-to-date: /home/rouillon/ProRob/install/package_master_interfaces/share/package_master_interfaces/environment/path.sh
[2.791s] -- Up-to-date: /home/rouillon/ProRob/install/package_master_interfaces/share/package_master_interfaces/environment/path.dsv
[2.791s] -- Up-to-date: /home/rouillon/ProRob/install/package_master_interfaces/share/package_master_interfaces/local_setup.bash
[2.792s] -- Up-to-date: /home/rouillon/ProRob/install/package_master_interfaces/share/package_master_interfaces/local_setup.sh
[2.792s] -- Up-to-date: /home/rouillon/ProRob/install/package_master_interfaces/share/package_master_interfaces/local_setup.zsh
[2.792s] -- Up-to-date: /home/rouillon/ProRob/install/package_master_interfaces/share/package_master_interfaces/local_setup.dsv
[2.793s] -- Installing: /home/rouillon/ProRob/install/package_master_interfaces/share/package_master_interfaces/package.dsv
[2.793s] -- Up-to-date: /home/rouillon/ProRob/install/package_master_interfaces/share/ament_index/resource_index/packages/package_master_interfaces
[2.793s] -- Up-to-date: /home/rouillon/ProRob/install/package_master_interfaces/share/package_master_interfaces/cmake/export_package_master_interfaces__rosidl_generator_cExport.cmake
[2.794s] -- Up-to-date: /home/rouillon/ProRob/install/package_master_interfaces/share/package_master_interfaces/cmake/export_package_master_interfaces__rosidl_generator_cExport-noconfig.cmake
[2.794s] -- Up-to-date: /home/rouillon/ProRob/install/package_master_interfaces/share/package_master_interfaces/cmake/export_package_master_interfaces__rosidl_typesupport_fastrtps_cExport.cmake
[2.794s] -- Up-to-date: /home/rouillon/ProRob/install/package_master_interfaces/share/package_master_interfaces/cmake/export_package_master_interfaces__rosidl_typesupport_fastrtps_cExport-noconfig.cmake
[2.794s] -- Up-to-date: /home/rouillon/ProRob/install/package_master_interfaces/share/package_master_interfaces/cmake/package_master_interfaces__rosidl_typesupport_introspection_cExport.cmake
[2.795s] -- Up-to-date: /home/rouillon/ProRob/install/package_master_interfaces/share/package_master_interfaces/cmake/package_master_interfaces__rosidl_typesupport_introspection_cExport-noconfig.cmake
[2.795s] -- Up-to-date: /home/rouillon/ProRob/install/package_master_interfaces/share/package_master_interfaces/cmake/package_master_interfaces__rosidl_typesupport_cExport.cmake
[2.795s] -- Up-to-date: /home/rouillon/ProRob/install/package_master_interfaces/share/package_master_interfaces/cmake/package_master_interfaces__rosidl_typesupport_cExport-noconfig.cmake
[2.796s] -- Up-to-date: /home/rouillon/ProRob/install/package_master_interfaces/share/package_master_interfaces/cmake/export_package_master_interfaces__rosidl_generator_cppExport.cmake
[2.796s] -- Up-to-date: /home/rouillon/ProRob/install/package_master_interfaces/share/package_master_interfaces/cmake/export_package_master_interfaces__rosidl_typesupport_fastrtps_cppExport.cmake
[2.796s] -- Up-to-date: /home/rouillon/ProRob/install/package_master_interfaces/share/package_master_interfaces/cmake/export_package_master_interfaces__rosidl_typesupport_fastrtps_cppExport-noconfig.cmake
[2.796s] -- Up-to-date: /home/rouillon/ProRob/install/package_master_interfaces/share/package_master_interfaces/cmake/package_master_interfaces__rosidl_typesupport_introspection_cppExport.cmake
[2.797s] -- Up-to-date: /home/rouillon/ProRob/install/package_master_interfaces/share/package_master_interfaces/cmake/package_master_interfaces__rosidl_typesupport_introspection_cppExport-noconfig.cmake
[2.797s] -- Up-to-date: /home/rouillon/ProRob/install/package_master_interfaces/share/package_master_interfaces/cmake/package_master_interfaces__rosidl_typesupport_cppExport.cmake
[2.797s] -- Up-to-date: /home/rouillon/ProRob/install/package_master_interfaces/share/package_master_interfaces/cmake/package_master_interfaces__rosidl_typesupport_cppExport-noconfig.cmake
[2.797s] -- Up-to-date: /home/rouillon/ProRob/install/package_master_interfaces/share/package_master_interfaces/cmake/export_package_master_interfaces__rosidl_generator_pyExport.cmake
[2.798s] -- Up-to-date: /home/rouillon/ProRob/install/package_master_interfaces/share/package_master_interfaces/cmake/export_package_master_interfaces__rosidl_generator_pyExport-noconfig.cmake
[2.798s] -- Up-to-date: /home/rouillon/ProRob/install/package_master_interfaces/share/package_master_interfaces/cmake/rosidl_cmake-extras.cmake
[2.798s] -- Up-to-date: /home/rouillon/ProRob/install/package_master_interfaces/share/package_master_interfaces/cmake/ament_cmake_export_include_directories-extras.cmake
[2.800s] -- Up-to-date: /home/rouillon/ProRob/install/package_master_interfaces/share/package_master_interfaces/cmake/ament_cmake_export_libraries-extras.cmake
[2.800s] -- Up-to-date: /home/rouillon/ProRob/install/package_master_interfaces/share/package_master_interfaces/cmake/ament_cmake_export_targets-extras.cmake
[2.801s] -- Up-to-date: /home/rouillon/ProRob/install/package_master_interfaces/share/package_master_interfaces/cmake/rosidl_cmake_export_typesupport_targets-extras.cmake
[2.802s] -- Up-to-date: /home/rouillon/ProRob/install/package_master_interfaces/share/package_master_interfaces/cmake/ament_cmake_export_dependencies-extras.cmake
[2.803s] -- Up-to-date: /home/rouillon/ProRob/install/package_master_interfaces/share/package_master_interfaces/cmake/rosidl_cmake_export_typesupport_libraries-extras.cmake
[2.803s] -- Up-to-date: /home/rouillon/ProRob/install/package_master_interfaces/share/package_master_interfaces/cmake/package_master_interfacesConfig.cmake
[2.803s] -- Up-to-date: /home/rouillon/ProRob/install/package_master_interfaces/share/package_master_interfaces/cmake/package_master_interfacesConfig-version.cmake
[2.804s] -- Up-to-date: /home/rouillon/ProRob/install/package_master_interfaces/share/package_master_interfaces/package.xml
[2.804s] Invoked command in '/home/rouillon/ProRob/build/package_master_interfaces' returned '0': CMAKE_PREFIX_PATH=${CMAKE_PREFIX_PATH}:/opt/ros/humble:/home/rouillon/ProRob/install/py_srvcli:/home/rouillon/ProRob/install/package_master /usr/bin/cmake --install /home/rouillon/ProRob/build/package_master_interfaces
