[0.260s] DEBUG:colcon:Command line arguments: ['/usr/bin/colcon', 'build']
[0.260s] DEBUG:colcon:Parsed command line arguments: Namespace(log_base=None, log_level=None, verb_name='build', build_base='build', install_base='install', merge_install=False, symlink_install=False, test_result_base=None, continue_on_error=False, executor='parallel', parallel_workers=4, event_handlers=None, ignore_user_meta=False, metas=['./colcon.meta'], base_paths=['.'], packages_ignore=None, packages_ignore_regex=None, paths=None, packages_up_to=None, packages_up_to_regex=None, packages_above=None, packages_above_and_dependencies=None, packages_above_depth=None, packages_select_by_dep=None, packages_skip_by_dep=None, packages_skip_up_to=None, packages_select_build_failed=False, packages_skip_build_finished=False, packages_select_test_failures=False, packages_skip_test_passed=False, packages_select=None, packages_skip=None, packages_select_regex=None, packages_skip_regex=None, packages_start=None, packages_end=None, allow_overriding=[], cmake_args=None, cmake_target=None, cmake_target_skip_unavailable=False, cmake_clean_cache=False, cmake_clean_first=False, cmake_force_configure=False, ament_cmake_args=None, catkin_cmake_args=None, catkin_skip_building_tests=False, mixin_files=None, mixin=None, verb_parser=<colcon_mixin.mixin.mixin_argument.MixinArgumentDecorator object at 0x766597143400>, verb_extension=<colcon_core.verb.build.BuildVerb object at 0x7665972889d0>, main=<bound method BuildVerb.main of <colcon_core.verb.build.BuildVerb object at 0x7665972889d0>>, mixin_verb=('build',))
[0.721s] Level 1:colcon.colcon_core.package_discovery:discover_packages(colcon_meta) check parameters
[0.721s] Level 1:colcon.colcon_core.package_discovery:discover_packages(recursive) check parameters
[0.721s] Level 1:colcon.colcon_core.package_discovery:discover_packages(ignore) check parameters
[0.721s] Level 1:colcon.colcon_core.package_discovery:discover_packages(path) check parameters
[0.721s] Level 1:colcon.colcon_core.package_discovery:discover_packages(colcon_meta) discover
[0.721s] Level 1:colcon.colcon_core.package_discovery:discover_packages(recursive) discover
[0.721s] INFO:colcon.colcon_core.package_discovery:Crawling recursively for packages in '/home/rouillon/ProRob'
[0.722s] Level 1:colcon.colcon_core.package_identification:_identify(.) by extensions ['ignore', 'ignore_ament_install']
[0.722s] Level 1:colcon.colcon_core.package_identification:_identify(.) by extension 'ignore'
[0.722s] Level 1:colcon.colcon_core.package_identification:_identify(.) by extension 'ignore_ament_install'
[0.722s] Level 1:colcon.colcon_core.package_identification:_identify(.) by extensions ['colcon_pkg']
[0.722s] Level 1:colcon.colcon_core.package_identification:_identify(.) by extension 'colcon_pkg'
[0.722s] Level 1:colcon.colcon_core.package_identification:_identify(.) by extensions ['colcon_meta']
[0.722s] Level 1:colcon.colcon_core.package_identification:_identify(.) by extension 'colcon_meta'
[0.722s] Level 1:colcon.colcon_core.package_identification:_identify(.) by extensions ['ros']
[0.722s] Level 1:colcon.colcon_core.package_identification:_identify(.) by extension 'ros'
[0.744s] Level 1:colcon.colcon_core.package_identification:_identify(.) by extensions ['cmake', 'python']
[0.744s] Level 1:colcon.colcon_core.package_identification:_identify(.) by extension 'cmake'
[0.744s] Level 1:colcon.colcon_core.package_identification:_identify(.) by extension 'python'
[0.744s] Level 1:colcon.colcon_core.package_identification:_identify(.) by extensions ['python_setup_py']
[0.744s] Level 1:colcon.colcon_core.package_identification:_identify(.) by extension 'python_setup_py'
[0.745s] Level 1:colcon.colcon_core.package_identification:_identify(build) by extensions ['ignore', 'ignore_ament_install']
[0.745s] Level 1:colcon.colcon_core.package_identification:_identify(build) by extension 'ignore'
[0.745s] Level 1:colcon.colcon_core.package_identification:_identify(build) ignored
[0.745s] Level 1:colcon.colcon_core.package_identification:_identify(install) by extensions ['ignore', 'ignore_ament_install']
[0.745s] Level 1:colcon.colcon_core.package_identification:_identify(install) by extension 'ignore'
[0.745s] Level 1:colcon.colcon_core.package_identification:_identify(install) ignored
[0.746s] Level 1:colcon.colcon_core.package_identification:_identify(log) by extensions ['ignore', 'ignore_ament_install']
[0.746s] Level 1:colcon.colcon_core.package_identification:_identify(log) by extension 'ignore'
[0.746s] Level 1:colcon.colcon_core.package_identification:_identify(log) ignored
[0.746s] Level 1:colcon.colcon_core.package_identification:_identify(src) by extensions ['ignore', 'ignore_ament_install']
[0.746s] Level 1:colcon.colcon_core.package_identification:_identify(src) by extension 'ignore'
[0.746s] Level 1:colcon.colcon_core.package_identification:_identify(src) by extension 'ignore_ament_install'
[0.746s] Level 1:colcon.colcon_core.package_identification:_identify(src) by extensions ['colcon_pkg']
[0.746s] Level 1:colcon.colcon_core.package_identification:_identify(src) by extension 'colcon_pkg'
[0.747s] Level 1:colcon.colcon_core.package_identification:_identify(src) by extensions ['colcon_meta']
[0.747s] Level 1:colcon.colcon_core.package_identification:_identify(src) by extension 'colcon_meta'
[0.747s] Level 1:colcon.colcon_core.package_identification:_identify(src) by extensions ['ros']
[0.747s] Level 1:colcon.colcon_core.package_identification:_identify(src) by extension 'ros'
[0.747s] Level 1:colcon.colcon_core.package_identification:_identify(src) by extensions ['cmake', 'python']
[0.747s] Level 1:colcon.colcon_core.package_identification:_identify(src) by extension 'cmake'
[0.747s] Level 1:colcon.colcon_core.package_identification:_identify(src) by extension 'python'
[0.747s] Level 1:colcon.colcon_core.package_identification:_identify(src) by extensions ['python_setup_py']
[0.747s] Level 1:colcon.colcon_core.package_identification:_identify(src) by extension 'python_setup_py'
[0.747s] Level 1:colcon.colcon_core.package_identification:_identify(src/package_master) by extensions ['ignore', 'ignore_ament_install']
[0.748s] Level 1:colcon.colcon_core.package_identification:_identify(src/package_master) by extension 'ignore'
[0.748s] Level 1:colcon.colcon_core.package_identification:_identify(src/package_master) by extension 'ignore_ament_install'
[0.748s] Level 1:colcon.colcon_core.package_identification:_identify(src/package_master) by extensions ['colcon_pkg']
[0.748s] Level 1:colcon.colcon_core.package_identification:_identify(src/package_master) by extension 'colcon_pkg'
[0.748s] Level 1:colcon.colcon_core.package_identification:_identify(src/package_master) by extensions ['colcon_meta']
[0.748s] Level 1:colcon.colcon_core.package_identification:_identify(src/package_master) by extension 'colcon_meta'
[0.748s] Level 1:colcon.colcon_core.package_identification:_identify(src/package_master) by extensions ['ros']
[0.748s] Level 1:colcon.colcon_core.package_identification:_identify(src/package_master) by extension 'ros'
[0.754s] DEBUG:colcon.colcon_core.package_identification:Package 'src/package_master' with type 'ros.ament_python' and name 'package_master'
[0.754s] Level 1:colcon.colcon_core.package_identification:_identify(src/package_master_interfaces) by extensions ['ignore', 'ignore_ament_install']
[0.755s] Level 1:colcon.colcon_core.package_identification:_identify(src/package_master_interfaces) by extension 'ignore'
[0.755s] Level 1:colcon.colcon_core.package_identification:_identify(src/package_master_interfaces) by extension 'ignore_ament_install'
[0.755s] Level 1:colcon.colcon_core.package_identification:_identify(src/package_master_interfaces) by extensions ['colcon_pkg']
[0.755s] Level 1:colcon.colcon_core.package_identification:_identify(src/package_master_interfaces) by extension 'colcon_pkg'
[0.755s] Level 1:colcon.colcon_core.package_identification:_identify(src/package_master_interfaces) by extensions ['colcon_meta']
[0.755s] Level 1:colcon.colcon_core.package_identification:_identify(src/package_master_interfaces) by extension 'colcon_meta'
[0.756s] Level 1:colcon.colcon_core.package_identification:_identify(src/package_master_interfaces) by extensions ['ros']
[0.756s] Level 1:colcon.colcon_core.package_identification:_identify(src/package_master_interfaces) by extension 'ros'
[0.758s] DEBUG:colcon.colcon_core.package_identification:Package 'src/package_master_interfaces' with type 'ros.ament_cmake' and name 'package_master_interfaces'
[0.758s] Level 1:colcon.colcon_core.package_identification:_identify(src/py_srvcli) by extensions ['ignore', 'ignore_ament_install']
[0.758s] Level 1:colcon.colcon_core.package_identification:_identify(src/py_srvcli) by extension 'ignore'
[0.758s] Level 1:colcon.colcon_core.package_identification:_identify(src/py_srvcli) by extension 'ignore_ament_install'
[0.758s] Level 1:colcon.colcon_core.package_identification:_identify(src/py_srvcli) by extensions ['colcon_pkg']
[0.758s] Level 1:colcon.colcon_core.package_identification:_identify(src/py_srvcli) by extension 'colcon_pkg'
[0.759s] Level 1:colcon.colcon_core.package_identification:_identify(src/py_srvcli) by extensions ['colcon_meta']
[0.759s] Level 1:colcon.colcon_core.package_identification:_identify(src/py_srvcli) by extension 'colcon_meta'
[0.759s] Level 1:colcon.colcon_core.package_identification:_identify(src/py_srvcli) by extensions ['ros']
[0.759s] Level 1:colcon.colcon_core.package_identification:_identify(src/py_srvcli) by extension 'ros'
[0.761s] DEBUG:colcon.colcon_core.package_identification:Package 'src/py_srvcli' with type 'ros.ament_python' and name 'py_srvcli'
[0.761s] Level 1:colcon.colcon_core.package_discovery:discover_packages(recursive) using defaults
[0.762s] Level 1:colcon.colcon_core.package_discovery:discover_packages(ignore) discover
[0.762s] Level 1:colcon.colcon_core.package_discovery:discover_packages(ignore) using defaults
[0.762s] Level 1:colcon.colcon_core.package_discovery:discover_packages(path) discover
[0.762s] Level 1:colcon.colcon_core.package_discovery:discover_packages(path) using defaults
[0.867s] Level 1:colcon.colcon_core.package_discovery:discover_packages(prefix_path) check parameters
[0.867s] Level 1:colcon.colcon_core.package_discovery:discover_packages(prefix_path) discover
[0.871s] DEBUG:colcon.colcon_installed_package_information.package_discovery:Found 3 installed packages in /home/rouillon/ProRob/install
[0.875s] DEBUG:colcon.colcon_installed_package_information.package_discovery:Found 270 installed packages in /opt/ros/humble
[0.879s] Level 1:colcon.colcon_core.package_discovery:discover_packages(prefix_path) using defaults
[1.015s] Level 5:colcon.colcon_core.verb:set package 'package_master' build argument 'cmake_args' from command line to 'None'
[1.015s] Level 5:colcon.colcon_core.verb:set package 'package_master' build argument 'cmake_target' from command line to 'None'
[1.015s] Level 5:colcon.colcon_core.verb:set package 'package_master' build argument 'cmake_target_skip_unavailable' from command line to 'False'
[1.015s] Level 5:colcon.colcon_core.verb:set package 'package_master' build argument 'cmake_clean_cache' from command line to 'False'
[1.015s] Level 5:colcon.colcon_core.verb:set package 'package_master' build argument 'cmake_clean_first' from command line to 'False'
[1.015s] Level 5:colcon.colcon_core.verb:set package 'package_master' build argument 'cmake_force_configure' from command line to 'False'
[1.015s] Level 5:colcon.colcon_core.verb:set package 'package_master' build argument 'ament_cmake_args' from command line to 'None'
[1.015s] Level 5:colcon.colcon_core.verb:set package 'package_master' build argument 'catkin_cmake_args' from command line to 'None'
[1.016s] Level 5:colcon.colcon_core.verb:set package 'package_master' build argument 'catkin_skip_building_tests' from command line to 'False'
[1.016s] DEBUG:colcon.colcon_core.verb:Building package 'package_master' with the following arguments: {'ament_cmake_args': None, 'build_base': '/home/rouillon/ProRob/build/package_master', 'catkin_cmake_args': None, 'catkin_skip_building_tests': False, 'cmake_args': None, 'cmake_clean_cache': False, 'cmake_clean_first': False, 'cmake_force_configure': False, 'cmake_target': None, 'cmake_target_skip_unavailable': False, 'install_base': '/home/rouillon/ProRob/install/package_master', 'merge_install': False, 'path': '/home/rouillon/ProRob/src/package_master', 'symlink_install': False, 'test_result_base': None}
[1.018s] Level 5:colcon.colcon_core.verb:set package 'package_master_interfaces' build argument 'cmake_args' from command line to 'None'
[1.019s] Level 5:colcon.colcon_core.verb:set package 'package_master_interfaces' build argument 'cmake_target' from command line to 'None'
[1.019s] Level 5:colcon.colcon_core.verb:set package 'package_master_interfaces' build argument 'cmake_target_skip_unavailable' from command line to 'False'
[1.019s] Level 5:colcon.colcon_core.verb:set package 'package_master_interfaces' build argument 'cmake_clean_cache' from command line to 'False'
[1.019s] Level 5:colcon.colcon_core.verb:set package 'package_master_interfaces' build argument 'cmake_clean_first' from command line to 'False'
[1.020s] Level 5:colcon.colcon_core.verb:set package 'package_master_interfaces' build argument 'cmake_force_configure' from command line to 'False'
[1.020s] Level 5:colcon.colcon_core.verb:set package 'package_master_interfaces' build argument 'ament_cmake_args' from command line to 'None'
[1.020s] Level 5:colcon.colcon_core.verb:set package 'package_master_interfaces' build argument 'catkin_cmake_args' from command line to 'None'
[1.020s] Level 5:colcon.colcon_core.verb:set package 'package_master_interfaces' build argument 'catkin_skip_building_tests' from command line to 'False'
[1.020s] DEBUG:colcon.colcon_core.verb:Building package 'package_master_interfaces' with the following arguments: {'ament_cmake_args': None, 'build_base': '/home/rouillon/ProRob/build/package_master_interfaces', 'catkin_cmake_args': None, 'catkin_skip_building_tests': False, 'cmake_args': None, 'cmake_clean_cache': False, 'cmake_clean_first': False, 'cmake_force_configure': False, 'cmake_target': None, 'cmake_target_skip_unavailable': False, 'install_base': '/home/rouillon/ProRob/install/package_master_interfaces', 'merge_install': False, 'path': '/home/rouillon/ProRob/src/package_master_interfaces', 'symlink_install': False, 'test_result_base': None}
[1.021s] Level 5:colcon.colcon_core.verb:set package 'py_srvcli' build argument 'cmake_args' from command line to 'None'
[1.021s] Level 5:colcon.colcon_core.verb:set package 'py_srvcli' build argument 'cmake_target' from command line to 'None'
[1.021s] Level 5:colcon.colcon_core.verb:set package 'py_srvcli' build argument 'cmake_target_skip_unavailable' from command line to 'False'
[1.021s] Level 5:colcon.colcon_core.verb:set package 'py_srvcli' build argument 'cmake_clean_cache' from command line to 'False'
[1.021s] Level 5:colcon.colcon_core.verb:set package 'py_srvcli' build argument 'cmake_clean_first' from command line to 'False'
[1.021s] Level 5:colcon.colcon_core.verb:set package 'py_srvcli' build argument 'cmake_force_configure' from command line to 'False'
[1.021s] Level 5:colcon.colcon_core.verb:set package 'py_srvcli' build argument 'ament_cmake_args' from command line to 'None'
[1.021s] Level 5:colcon.colcon_core.verb:set package 'py_srvcli' build argument 'catkin_cmake_args' from command line to 'None'
[1.021s] Level 5:colcon.colcon_core.verb:set package 'py_srvcli' build argument 'catkin_skip_building_tests' from command line to 'False'
[1.021s] DEBUG:colcon.colcon_core.verb:Building package 'py_srvcli' with the following arguments: {'ament_cmake_args': None, 'build_base': '/home/rouillon/ProRob/build/py_srvcli', 'catkin_cmake_args': None, 'catkin_skip_building_tests': False, 'cmake_args': None, 'cmake_clean_cache': False, 'cmake_clean_first': False, 'cmake_force_configure': False, 'cmake_target': None, 'cmake_target_skip_unavailable': False, 'install_base': '/home/rouillon/ProRob/install/py_srvcli', 'merge_install': False, 'path': '/home/rouillon/ProRob/src/py_srvcli', 'symlink_install': False, 'test_result_base': None}
[1.022s] INFO:colcon.colcon_core.executor:Executing jobs using 'parallel' executor
[1.024s] DEBUG:colcon.colcon_parallel_executor.executor.parallel:run_until_complete
[1.025s] INFO:colcon.colcon_ros.task.ament_python.build:Building ROS package in '/home/rouillon/ProRob/src/package_master' with build type 'ament_python'
[1.026s] Level 1:colcon.colcon_core.shell:create_environment_hook('package_master', 'ament_prefix_path')
[1.031s] INFO:colcon.colcon_core.plugin_system:Skipping extension 'colcon_core.shell.bat': Not used on non-Windows systems
[1.032s] INFO:colcon.colcon_core.shell:Creating environment hook '/home/rouillon/ProRob/install/package_master/share/package_master/hook/ament_prefix_path.ps1'
[1.034s] INFO:colcon.colcon_core.shell:Creating environment descriptor '/home/rouillon/ProRob/install/package_master/share/package_master/hook/ament_prefix_path.dsv'
[1.036s] INFO:colcon.colcon_core.shell:Creating environment hook '/home/rouillon/ProRob/install/package_master/share/package_master/hook/ament_prefix_path.sh'
[1.039s] INFO:colcon.colcon_core.shell:Skip shell extension 'powershell' for command environment: Not usable outside of PowerShell
[1.040s] DEBUG:colcon.colcon_core.shell:Skip shell extension 'dsv' for command environment
[1.057s] INFO:colcon.colcon_ros.task.ament_cmake.build:Building ROS package in '/home/rouillon/ProRob/src/package_master_interfaces' with build type 'ament_cmake'
[1.057s] INFO:colcon.colcon_cmake.task.cmake.build:Building CMake package in '/home/rouillon/ProRob/src/package_master_interfaces'
[1.058s] INFO:colcon.colcon_core.shell:Skip shell extension 'powershell' for command environment: Not usable outside of PowerShell
[1.059s] DEBUG:colcon.colcon_core.shell:Skip shell extension 'dsv' for command environment
[1.087s] INFO:colcon.colcon_ros.task.ament_python.build:Building ROS package in '/home/rouillon/ProRob/src/py_srvcli' with build type 'ament_python'
[1.087s] Level 1:colcon.colcon_core.shell:create_environment_hook('py_srvcli', 'ament_prefix_path')
[1.088s] INFO:colcon.colcon_core.shell:Creating environment hook '/home/rouillon/ProRob/install/py_srvcli/share/py_srvcli/hook/ament_prefix_path.ps1'
[1.090s] INFO:colcon.colcon_core.shell:Creating environment descriptor '/home/rouillon/ProRob/install/py_srvcli/share/py_srvcli/hook/ament_prefix_path.dsv'
[1.092s] INFO:colcon.colcon_core.shell:Creating environment hook '/home/rouillon/ProRob/install/py_srvcli/share/py_srvcli/hook/ament_prefix_path.sh'
[1.095s] INFO:colcon.colcon_core.shell:Skip shell extension 'powershell' for command environment: Not usable outside of PowerShell
[1.096s] DEBUG:colcon.colcon_core.shell:Skip shell extension 'dsv' for command environment
[1.953s] INFO:colcon.colcon_core.task.python.build:Building Python package in '/home/rouillon/ProRob/src/package_master'
[1.954s] INFO:colcon.colcon_core.shell:Skip shell extension 'powershell' for command environment: Not usable outside of PowerShell
[1.954s] DEBUG:colcon.colcon_core.shell:Skip shell extension 'dsv' for command environment
[1.974s] DEBUG:colcon.colcon_core.event_handler.log_command:Invoking command in '/home/rouillon/ProRob/build/package_master_interfaces': CMAKE_PREFIX_PATH=${CMAKE_PREFIX_PATH}:/home/rouillon/ProRob/install/py_srvcli:/home/rouillon/ProRob/install/package_master:/opt/ros/humble /usr/bin/cmake --build /home/rouillon/ProRob/build/package_master_interfaces -- -j4 -l4
[3.241s] INFO:colcon.colcon_core.task.python.build:Building Python package in '/home/rouillon/ProRob/src/py_srvcli'
[3.241s] INFO:colcon.colcon_core.shell:Skip shell extension 'powershell' for command environment: Not usable outside of PowerShell
[3.241s] DEBUG:colcon.colcon_core.shell:Skip shell extension 'dsv' for command environment
[3.586s] DEBUG:colcon.colcon_core.event_handler.log_command:Invoked command in '/home/rouillon/ProRob/build/package_master_interfaces' returned '0': CMAKE_PREFIX_PATH=${CMAKE_PREFIX_PATH}:/home/rouillon/ProRob/install/py_srvcli:/home/rouillon/ProRob/install/package_master:/opt/ros/humble /usr/bin/cmake --build /home/rouillon/ProRob/build/package_master_interfaces -- -j4 -l4
[3.613s] DEBUG:colcon.colcon_core.event_handler.log_command:Invoking command in '/home/rouillon/ProRob/build/package_master_interfaces': CMAKE_PREFIX_PATH=${CMAKE_PREFIX_PATH}:/home/rouillon/ProRob/install/py_srvcli:/home/rouillon/ProRob/install/package_master:/opt/ros/humble /usr/bin/cmake --install /home/rouillon/ProRob/build/package_master_interfaces
[3.812s] Level 1:colcon.colcon_core.environment:create_environment_scripts_only(package_master_interfaces)
[3.814s] DEBUG:colcon.colcon_core.event_handler.log_command:Invoked command in '/home/rouillon/ProRob/build/package_master_interfaces' returned '0': CMAKE_PREFIX_PATH=${CMAKE_PREFIX_PATH}:/home/rouillon/ProRob/install/py_srvcli:/home/rouillon/ProRob/install/package_master:/opt/ros/humble /usr/bin/cmake --install /home/rouillon/ProRob/build/package_master_interfaces
[3.822s] Level 1:colcon.colcon_core.environment:checking '/home/rouillon/ProRob/install/package_master_interfaces' for CMake module files
[3.824s] Level 1:colcon.colcon_core.environment:checking '/home/rouillon/ProRob/install/package_master_interfaces' for CMake config files
[3.825s] Level 1:colcon.colcon_core.shell:create_environment_hook('package_master_interfaces', 'cmake_prefix_path')
[3.826s] INFO:colcon.colcon_core.shell:Creating environment hook '/home/rouillon/ProRob/install/package_master_interfaces/share/package_master_interfaces/hook/cmake_prefix_path.ps1'
[3.828s] INFO:colcon.colcon_core.shell:Creating environment descriptor '/home/rouillon/ProRob/install/package_master_interfaces/share/package_master_interfaces/hook/cmake_prefix_path.dsv'
[3.829s] INFO:colcon.colcon_core.shell:Creating environment hook '/home/rouillon/ProRob/install/package_master_interfaces/share/package_master_interfaces/hook/cmake_prefix_path.sh'
[3.831s] Level 1:colcon.colcon_core.environment:checking '/home/rouillon/ProRob/install/package_master_interfaces/lib'
[3.832s] Level 1:colcon.colcon_core.shell:create_environment_hook('package_master_interfaces', 'ld_library_path_lib')
[3.833s] INFO:colcon.colcon_core.shell:Creating environment hook '/home/rouillon/ProRob/install/package_master_interfaces/share/package_master_interfaces/hook/ld_library_path_lib.ps1'
[3.834s] INFO:colcon.colcon_core.shell:Creating environment descriptor '/home/rouillon/ProRob/install/package_master_interfaces/share/package_master_interfaces/hook/ld_library_path_lib.dsv'
[3.836s] INFO:colcon.colcon_core.shell:Creating environment hook '/home/rouillon/ProRob/install/package_master_interfaces/share/package_master_interfaces/hook/ld_library_path_lib.sh'
[3.837s] Level 1:colcon.colcon_core.environment:checking '/home/rouillon/ProRob/install/package_master_interfaces/bin'
[3.837s] Level 1:colcon.colcon_core.environment:checking '/home/rouillon/ProRob/install/package_master_interfaces/lib/pkgconfig/package_master_interfaces.pc'
[3.838s] Level 1:colcon.colcon_core.environment:checking '/home/rouillon/ProRob/install/package_master_interfaces/lib/python3.10/site-packages'
[3.839s] Level 1:colcon.colcon_core.environment:checking '/home/rouillon/ProRob/install/package_master_interfaces/bin'
[3.840s] INFO:colcon.colcon_core.shell:Creating package script '/home/rouillon/ProRob/install/package_master_interfaces/share/package_master_interfaces/package.ps1'
[3.843s] INFO:colcon.colcon_core.shell:Creating package descriptor '/home/rouillon/ProRob/install/package_master_interfaces/share/package_master_interfaces/package.dsv'
[3.845s] INFO:colcon.colcon_core.shell:Creating package script '/home/rouillon/ProRob/install/package_master_interfaces/share/package_master_interfaces/package.sh'
[3.848s] INFO:colcon.colcon_core.shell:Creating package script '/home/rouillon/ProRob/install/package_master_interfaces/share/package_master_interfaces/package.bash'
[3.851s] INFO:colcon.colcon_core.shell:Creating package script '/home/rouillon/ProRob/install/package_master_interfaces/share/package_master_interfaces/package.zsh'
[3.854s] Level 1:colcon.colcon_core.environment:create_file_with_runtime_dependencies(/home/rouillon/ProRob/install/package_master_interfaces/share/colcon-core/packages/package_master_interfaces)
[3.856s] Level 1:colcon.colcon_core.environment:create_environment_scripts_only(package_master_interfaces)
[3.857s] Level 1:colcon.colcon_core.environment:checking '/home/rouillon/ProRob/install/package_master_interfaces' for CMake module files
[3.859s] Level 1:colcon.colcon_core.environment:checking '/home/rouillon/ProRob/install/package_master_interfaces' for CMake config files
[3.860s] Level 1:colcon.colcon_core.shell:create_environment_hook('package_master_interfaces', 'cmake_prefix_path')
[3.861s] INFO:colcon.colcon_core.shell:Creating environment hook '/home/rouillon/ProRob/install/package_master_interfaces/share/package_master_interfaces/hook/cmake_prefix_path.ps1'
[3.863s] INFO:colcon.colcon_core.shell:Creating environment descriptor '/home/rouillon/ProRob/install/package_master_interfaces/share/package_master_interfaces/hook/cmake_prefix_path.dsv'
[3.864s] INFO:colcon.colcon_core.shell:Creating environment hook '/home/rouillon/ProRob/install/package_master_interfaces/share/package_master_interfaces/hook/cmake_prefix_path.sh'
[3.866s] Level 1:colcon.colcon_core.environment:checking '/home/rouillon/ProRob/install/package_master_interfaces/lib'
[3.867s] Level 1:colcon.colcon_core.shell:create_environment_hook('package_master_interfaces', 'ld_library_path_lib')
[3.867s] INFO:colcon.colcon_core.shell:Creating environment hook '/home/rouillon/ProRob/install/package_master_interfaces/share/package_master_interfaces/hook/ld_library_path_lib.ps1'
[3.869s] INFO:colcon.colcon_core.shell:Creating environment descriptor '/home/rouillon/ProRob/install/package_master_interfaces/share/package_master_interfaces/hook/ld_library_path_lib.dsv'
[3.870s] INFO:colcon.colcon_core.shell:Creating environment hook '/home/rouillon/ProRob/install/package_master_interfaces/share/package_master_interfaces/hook/ld_library_path_lib.sh'
[3.871s] Level 1:colcon.colcon_core.environment:checking '/home/rouillon/ProRob/install/package_master_interfaces/bin'
[3.871s] Level 1:colcon.colcon_core.environment:checking '/home/rouillon/ProRob/install/package_master_interfaces/lib/pkgconfig/package_master_interfaces.pc'
[3.872s] Level 1:colcon.colcon_core.environment:checking '/home/rouillon/ProRob/install/package_master_interfaces/lib/python3.10/site-packages'
[3.873s] Level 1:colcon.colcon_core.environment:checking '/home/rouillon/ProRob/install/package_master_interfaces/bin'
[3.875s] INFO:colcon.colcon_core.shell:Creating package script '/home/rouillon/ProRob/install/package_master_interfaces/share/package_master_interfaces/package.ps1'
[3.876s] INFO:colcon.colcon_core.shell:Creating package descriptor '/home/rouillon/ProRob/install/package_master_interfaces/share/package_master_interfaces/package.dsv'
[3.878s] INFO:colcon.colcon_core.shell:Creating package script '/home/rouillon/ProRob/install/package_master_interfaces/share/package_master_interfaces/package.sh'
[3.879s] INFO:colcon.colcon_core.shell:Creating package script '/home/rouillon/ProRob/install/package_master_interfaces/share/package_master_interfaces/package.bash'
[3.881s] INFO:colcon.colcon_core.shell:Creating package script '/home/rouillon/ProRob/install/package_master_interfaces/share/package_master_interfaces/package.zsh'
[3.882s] Level 1:colcon.colcon_core.environment:create_file_with_runtime_dependencies(/home/rouillon/ProRob/install/package_master_interfaces/share/colcon-core/packages/package_master_interfaces)
[4.516s] DEBUG:colcon.colcon_core.event_handler.log_command:Invoking command in '/home/rouillon/ProRob/src/package_master': PYTHONPATH=/home/rouillon/ProRob/build/package_master/prefix_override:/usr/lib/python3/dist-packages/colcon_core/task/python/colcon_distutils_commands:/home/rouillon/ProRob/install/package_master/lib/python3.10/site-packages:${PYTHONPATH} /usr/bin/python3 -W ignore:setup.py install is deprecated -W ignore:easy_install command is deprecated setup.py egg_info --egg-base ../../build/package_master build --build-base /home/rouillon/ProRob/build/package_master/build install --record /home/rouillon/ProRob/build/package_master/install.log --single-version-externally-managed install_data
[4.538s] DEBUG:colcon.colcon_core.event_handler.log_command:Invoking command in '/home/rouillon/ProRob/src/py_srvcli': PYTHONPATH=/home/rouillon/ProRob/build/py_srvcli/prefix_override:/usr/lib/python3/dist-packages/colcon_core/task/python/colcon_distutils_commands:/home/rouillon/ProRob/install/py_srvcli/lib/python3.10/site-packages:${PYTHONPATH} /usr/bin/python3 -W ignore:setup.py install is deprecated -W ignore:easy_install command is deprecated setup.py egg_info --egg-base ../../build/py_srvcli build --build-base /home/rouillon/ProRob/build/py_srvcli/build install --record /home/rouillon/ProRob/build/py_srvcli/install.log --single-version-externally-managed install_data
[5.763s] Level 1:colcon.colcon_core.environment:checking '/home/rouillon/ProRob/install/package_master' for CMake module files
[5.768s] DEBUG:colcon.colcon_core.event_handler.log_command:Invoked command in '/home/rouillon/ProRob/src/package_master' returned '0': PYTHONPATH=/home/rouillon/ProRob/build/package_master/prefix_override:/usr/lib/python3/dist-packages/colcon_core/task/python/colcon_distutils_commands:/home/rouillon/ProRob/install/package_master/lib/python3.10/site-packages:${PYTHONPATH} /usr/bin/python3 -W ignore:setup.py install is deprecated -W ignore:easy_install command is deprecated setup.py egg_info --egg-base ../../build/package_master build --build-base /home/rouillon/ProRob/build/package_master/build install --record /home/rouillon/ProRob/build/package_master/install.log --single-version-externally-managed install_data
[5.769s] Level 1:colcon.colcon_core.environment:checking '/home/rouillon/ProRob/install/package_master' for CMake config files
[5.771s] Level 1:colcon.colcon_core.environment:checking '/home/rouillon/ProRob/install/package_master/lib'
[5.771s] Level 1:colcon.colcon_core.environment:checking '/home/rouillon/ProRob/install/package_master/bin'
[5.771s] Level 1:colcon.colcon_core.environment:checking '/home/rouillon/ProRob/install/package_master/lib/pkgconfig/package_master.pc'
[5.774s] Level 1:colcon.colcon_core.environment:checking '/home/rouillon/ProRob/install/package_master/lib/python3.10/site-packages'
[5.774s] Level 1:colcon.colcon_core.shell:create_environment_hook('package_master', 'pythonpath')
[5.775s] INFO:colcon.colcon_core.shell:Creating environment hook '/home/rouillon/ProRob/install/package_master/share/package_master/hook/pythonpath.ps1'
[5.777s] INFO:colcon.colcon_core.shell:Creating environment descriptor '/home/rouillon/ProRob/install/package_master/share/package_master/hook/pythonpath.dsv'
[5.778s] INFO:colcon.colcon_core.shell:Creating environment hook '/home/rouillon/ProRob/install/package_master/share/package_master/hook/pythonpath.sh'
[5.781s] Level 1:colcon.colcon_core.environment:checking '/home/rouillon/ProRob/install/package_master/bin'
[5.781s] Level 1:colcon.colcon_core.environment:create_environment_scripts_only(package_master)
[5.783s] INFO:colcon.colcon_core.shell:Creating package script '/home/rouillon/ProRob/install/package_master/share/package_master/package.ps1'
[5.786s] INFO:colcon.colcon_core.shell:Creating package descriptor '/home/rouillon/ProRob/install/package_master/share/package_master/package.dsv'
[5.787s] INFO:colcon.colcon_core.shell:Creating package script '/home/rouillon/ProRob/install/package_master/share/package_master/package.sh'
[5.789s] INFO:colcon.colcon_core.shell:Creating package script '/home/rouillon/ProRob/install/package_master/share/package_master/package.bash'
[5.790s] INFO:colcon.colcon_core.shell:Creating package script '/home/rouillon/ProRob/install/package_master/share/package_master/package.zsh'
[5.792s] Level 1:colcon.colcon_core.environment:create_file_with_runtime_dependencies(/home/rouillon/ProRob/install/package_master/share/colcon-core/packages/package_master)
[5.797s] Level 1:colcon.colcon_core.environment:checking '/home/rouillon/ProRob/install/py_srvcli' for CMake module files
[5.801s] DEBUG:colcon.colcon_core.event_handler.log_command:Invoked command in '/home/rouillon/ProRob/src/py_srvcli' returned '0': PYTHONPATH=/home/rouillon/ProRob/build/py_srvcli/prefix_override:/usr/lib/python3/dist-packages/colcon_core/task/python/colcon_distutils_commands:/home/rouillon/ProRob/install/py_srvcli/lib/python3.10/site-packages:${PYTHONPATH} /usr/bin/python3 -W ignore:setup.py install is deprecated -W ignore:easy_install command is deprecated setup.py egg_info --egg-base ../../build/py_srvcli build --build-base /home/rouillon/ProRob/build/py_srvcli/build install --record /home/rouillon/ProRob/build/py_srvcli/install.log --single-version-externally-managed install_data
[5.802s] Level 1:colcon.colcon_core.environment:checking '/home/rouillon/ProRob/install/py_srvcli' for CMake config files
[5.804s] Level 1:colcon.colcon_core.environment:checking '/home/rouillon/ProRob/install/py_srvcli/lib'
[5.804s] Level 1:colcon.colcon_core.environment:checking '/home/rouillon/ProRob/install/py_srvcli/bin'
[5.804s] Level 1:colcon.colcon_core.environment:checking '/home/rouillon/ProRob/install/py_srvcli/lib/pkgconfig/py_srvcli.pc'
[5.805s] Level 1:colcon.colcon_core.environment:checking '/home/rouillon/ProRob/install/py_srvcli/lib/python3.10/site-packages'
[5.805s] Level 1:colcon.colcon_core.shell:create_environment_hook('py_srvcli', 'pythonpath')
[5.806s] INFO:colcon.colcon_core.shell:Creating environment hook '/home/rouillon/ProRob/install/py_srvcli/share/py_srvcli/hook/pythonpath.ps1'
[5.808s] INFO:colcon.colcon_core.shell:Creating environment descriptor '/home/rouillon/ProRob/install/py_srvcli/share/py_srvcli/hook/pythonpath.dsv'
[5.809s] INFO:colcon.colcon_core.shell:Creating environment hook '/home/rouillon/ProRob/install/py_srvcli/share/py_srvcli/hook/pythonpath.sh'
[5.812s] Level 1:colcon.colcon_core.environment:checking '/home/rouillon/ProRob/install/py_srvcli/bin'
[5.812s] Level 1:colcon.colcon_core.environment:create_environment_scripts_only(py_srvcli)
[5.815s] INFO:colcon.colcon_core.shell:Creating package script '/home/rouillon/ProRob/install/py_srvcli/share/py_srvcli/package.ps1'
[5.817s] INFO:colcon.colcon_core.shell:Creating package descriptor '/home/rouillon/ProRob/install/py_srvcli/share/py_srvcli/package.dsv'
[5.819s] INFO:colcon.colcon_core.shell:Creating package script '/home/rouillon/ProRob/install/py_srvcli/share/py_srvcli/package.sh'
[5.820s] INFO:colcon.colcon_core.shell:Creating package script '/home/rouillon/ProRob/install/py_srvcli/share/py_srvcli/package.bash'
[5.822s] INFO:colcon.colcon_core.shell:Creating package script '/home/rouillon/ProRob/install/py_srvcli/share/py_srvcli/package.zsh'
[5.824s] Level 1:colcon.colcon_core.environment:create_file_with_runtime_dependencies(/home/rouillon/ProRob/install/py_srvcli/share/colcon-core/packages/py_srvcli)
[5.825s] DEBUG:colcon.colcon_parallel_executor.executor.parallel:closing loop
[5.829s] DEBUG:colcon.colcon_parallel_executor.executor.parallel:loop closed
[5.829s] DEBUG:colcon.colcon_parallel_executor.executor.parallel:run_until_complete finished with '0'
[5.829s] DEBUG:colcon.colcon_core.event_reactor:joining thread
[5.846s] INFO:colcon.colcon_core.plugin_system:Skipping extension 'colcon_notification.desktop_notification.terminal_notifier': Not used on non-Darwin systems
[5.847s] INFO:colcon.colcon_core.plugin_system:Skipping extension 'colcon_notification.desktop_notification.win32': Not used on non-Windows systems
[5.847s] INFO:colcon.colcon_notification.desktop_notification:Sending desktop notification using 'notify2'
[5.887s] DEBUG:colcon.colcon_core.event_reactor:joined thread
[5.888s] INFO:colcon.colcon_core.shell:Creating prefix script '/home/rouillon/ProRob/install/local_setup.ps1'
[5.892s] INFO:colcon.colcon_core.shell:Creating prefix util module '/home/rouillon/ProRob/install/_local_setup_util_ps1.py'
[5.899s] INFO:colcon.colcon_core.shell:Creating prefix chain script '/home/rouillon/ProRob/install/setup.ps1'
[5.903s] INFO:colcon.colcon_core.shell:Creating prefix script '/home/rouillon/ProRob/install/local_setup.sh'
[5.905s] INFO:colcon.colcon_core.shell:Creating prefix util module '/home/rouillon/ProRob/install/_local_setup_util_sh.py'
[5.907s] INFO:colcon.colcon_core.shell:Creating prefix chain script '/home/rouillon/ProRob/install/setup.sh'
[5.912s] INFO:colcon.colcon_core.shell:Creating prefix script '/home/rouillon/ProRob/install/local_setup.bash'
[5.914s] INFO:colcon.colcon_core.shell:Creating prefix chain script '/home/rouillon/ProRob/install/setup.bash'
[5.918s] INFO:colcon.colcon_core.shell:Creating prefix script '/home/rouillon/ProRob/install/local_setup.zsh'
[5.921s] INFO:colcon.colcon_core.shell:Creating prefix chain script '/home/rouillon/ProRob/install/setup.zsh'
