[1.765s] Invoking command in '/home/rouillon/ProRob/src/package_master': PYTHONPATH=/home/rouillon/ProRob/build/package_master/prefix_override:/usr/lib/python3/dist-packages/colcon_core/task/python/colcon_distutils_commands:/home/rouillon/ProRob/install/package_master/lib/python3.10/site-packages:${PYTHONPATH} /usr/bin/python3 -W ignore:setup.py install is deprecated -W ignore:easy_install command is deprecated setup.py egg_info --egg-base ../../build/package_master build --build-base /home/rouillon/ProRob/build/package_master/build install --record /home/rouillon/ProRob/build/package_master/install.log --single-version-externally-managed install_data
[2.217s] running egg_info
[2.218s] writing ../../build/package_master/package_master.egg-info/PKG-INFO
[2.219s] writing dependency_links to ../../build/package_master/package_master.egg-info/dependency_links.txt
[2.220s] writing entry points to ../../build/package_master/package_master.egg-info/entry_points.txt
[2.220s] writing requirements to ../../build/package_master/package_master.egg-info/requires.txt
[2.220s] writing top-level names to ../../build/package_master/package_master.egg-info/top_level.txt
[2.223s] reading manifest file '../../build/package_master/package_master.egg-info/SOURCES.txt'
[2.226s] writing manifest file '../../build/package_master/package_master.egg-info/SOURCES.txt'
[2.227s] running build
[2.227s] running build_py
[2.227s] copying package_master/drone_node.py -> /home/rouillon/ProRob/build/package_master/build/lib/package_master
[2.228s] running install
[2.229s] running install_lib
[2.230s] copying /home/rouillon/ProRob/build/package_master/build/lib/package_master/drone_node.py -> /home/rouillon/ProRob/install/package_master/lib/python3.10/site-packages/package_master
[2.231s] byte-compiling /home/rouillon/ProRob/install/package_master/lib/python3.10/site-packages/package_master/drone_node.py to drone_node.cpython-310.pyc
[2.232s] running install_data
[2.233s] running install_egg_info
[2.237s] removing '/home/rouillon/ProRob/install/package_master/lib/python3.10/site-packages/package_master-0.0.0-py3.10.egg-info' (and everything under it)
[2.237s] Copying ../../build/package_master/package_master.egg-info to /home/rouillon/ProRob/install/package_master/lib/python3.10/site-packages/package_master-0.0.0-py3.10.egg-info
[2.239s] running install_scripts
[2.281s] Installing client script to /home/rouillon/ProRob/install/package_master/lib/package_master
[2.282s] Installing service_node script to /home/rouillon/ProRob/install/package_master/lib/package_master
[2.282s] Installing service_test script to /home/rouillon/ProRob/install/package_master/lib/package_master
[2.282s] writing list of installed files to '/home/rouillon/ProRob/build/package_master/install.log'
[2.326s] Invoked command in '/home/rouillon/ProRob/src/package_master' returned '0': PYTHONPATH=/home/rouillon/ProRob/build/package_master/prefix_override:/usr/lib/python3/dist-packages/colcon_core/task/python/colcon_distutils_commands:/home/rouillon/ProRob/install/package_master/lib/python3.10/site-packages:${PYTHONPATH} /usr/bin/python3 -W ignore:setup.py install is deprecated -W ignore:easy_install command is deprecated setup.py egg_info --egg-base ../../build/package_master build --build-base /home/rouillon/ProRob/build/package_master/build install --record /home/rouillon/ProRob/build/package_master/install.log --single-version-externally-managed install_data
