running egg_info
creating ../../build/package_master/package_master.egg-info
writing ../../build/package_master/package_master.egg-info/PKG-INFO
writing dependency_links to ../../build/package_master/package_master.egg-info/dependency_links.txt
writing entry points to ../../build/package_master/package_master.egg-info/entry_points.txt
writing requirements to ../../build/package_master/package_master.egg-info/requires.txt
writing top-level names to ../../build/package_master/package_master.egg-info/top_level.txt
writing manifest file '../../build/package_master/package_master.egg-info/SOURCES.txt'
reading manifest file '../../build/package_master/package_master.egg-info/SOURCES.txt'
writing manifest file '../../build/package_master/package_master.egg-info/SOURCES.txt'
running build
running build_py
creating /home/rouillon/Documents/ProDroneTB/ProRob/build/package_master/build
creating /home/rouillon/Documents/ProDroneTB/ProRob/build/package_master/build/lib
creating /home/rouillon/Documents/ProDroneTB/ProRob/build/package_master/build/lib/package_master
copying package_master/service_member_function.py -> /home/rouillon/Documents/ProDroneTB/ProRob/build/package_master/build/lib/package_master
copying package_master/master_node_tb.py -> /home/rouillon/Documents/ProDroneTB/ProRob/build/package_master/build/lib/package_master
copying package_master/drone_node.py -> /home/rouillon/Documents/ProDroneTB/ProRob/build/package_master/build/lib/package_master
copying package_master/client_member_function.py -> /home/rouillon/Documents/ProDroneTB/ProRob/build/package_master/build/lib/package_master
copying package_master/tb_node.py -> /home/rouillon/Documents/ProDroneTB/ProRob/build/package_master/build/lib/package_master
copying package_master/service_pos.py -> /home/rouillon/Documents/ProDroneTB/ProRob/build/package_master/build/lib/package_master
copying package_master/master_node_drone.py -> /home/rouillon/Documents/ProDroneTB/ProRob/build/package_master/build/lib/package_master
copying package_master/master_node.py -> /home/rouillon/Documents/ProDroneTB/ProRob/build/package_master/build/lib/package_master
copying package_master/__init__.py -> /home/rouillon/Documents/ProDroneTB/ProRob/build/package_master/build/lib/package_master
running install
running install_lib
creating /home/rouillon/Documents/ProDroneTB/ProRob/install/package_master/lib/python3.10/site-packages/package_master
copying /home/rouillon/Documents/ProDroneTB/ProRob/build/package_master/build/lib/package_master/service_member_function.py -> /home/rouillon/Documents/ProDroneTB/ProRob/install/package_master/lib/python3.10/site-packages/package_master
copying /home/rouillon/Documents/ProDroneTB/ProRob/build/package_master/build/lib/package_master/master_node_tb.py -> /home/rouillon/Documents/ProDroneTB/ProRob/install/package_master/lib/python3.10/site-packages/package_master
copying /home/rouillon/Documents/ProDroneTB/ProRob/build/package_master/build/lib/package_master/drone_node.py -> /home/rouillon/Documents/ProDroneTB/ProRob/install/package_master/lib/python3.10/site-packages/package_master
copying /home/rouillon/Documents/ProDroneTB/ProRob/build/package_master/build/lib/package_master/client_member_function.py -> /home/rouillon/Documents/ProDroneTB/ProRob/install/package_master/lib/python3.10/site-packages/package_master
copying /home/rouillon/Documents/ProDroneTB/ProRob/build/package_master/build/lib/package_master/tb_node.py -> /home/rouillon/Documents/ProDroneTB/ProRob/install/package_master/lib/python3.10/site-packages/package_master
copying /home/rouillon/Documents/ProDroneTB/ProRob/build/package_master/build/lib/package_master/service_pos.py -> /home/rouillon/Documents/ProDroneTB/ProRob/install/package_master/lib/python3.10/site-packages/package_master
copying /home/rouillon/Documents/ProDroneTB/ProRob/build/package_master/build/lib/package_master/master_node_drone.py -> /home/rouillon/Documents/ProDroneTB/ProRob/install/package_master/lib/python3.10/site-packages/package_master
copying /home/rouillon/Documents/ProDroneTB/ProRob/build/package_master/build/lib/package_master/master_node.py -> /home/rouillon/Documents/ProDroneTB/ProRob/install/package_master/lib/python3.10/site-packages/package_master
copying /home/rouillon/Documents/ProDroneTB/ProRob/build/package_master/build/lib/package_master/__init__.py -> /home/rouillon/Documents/ProDroneTB/ProRob/install/package_master/lib/python3.10/site-packages/package_master
byte-compiling /home/rouillon/Documents/ProDroneTB/ProRob/install/package_master/lib/python3.10/site-packages/package_master/service_member_function.py to service_member_function.cpython-310.pyc
byte-compiling /home/rouillon/Documents/ProDroneTB/ProRob/install/package_master/lib/python3.10/site-packages/package_master/master_node_tb.py to master_node_tb.cpython-310.pyc
byte-compiling /home/rouillon/Documents/ProDroneTB/ProRob/install/package_master/lib/python3.10/site-packages/package_master/drone_node.py to drone_node.cpython-310.pyc
byte-compiling /home/rouillon/Documents/ProDroneTB/ProRob/install/package_master/lib/python3.10/site-packages/package_master/client_member_function.py to client_member_function.cpython-310.pyc
byte-compiling /home/rouillon/Documents/ProDroneTB/ProRob/install/package_master/lib/python3.10/site-packages/package_master/tb_node.py to tb_node.cpython-310.pyc
byte-compiling /home/rouillon/Documents/ProDroneTB/ProRob/install/package_master/lib/python3.10/site-packages/package_master/service_pos.py to service_pos.cpython-310.pyc
byte-compiling /home/rouillon/Documents/ProDroneTB/ProRob/install/package_master/lib/python3.10/site-packages/package_master/master_node_drone.py to master_node_drone.cpython-310.pyc
byte-compiling /home/rouillon/Documents/ProDroneTB/ProRob/install/package_master/lib/python3.10/site-packages/package_master/master_node.py to master_node.cpython-310.pyc
byte-compiling /home/rouillon/Documents/ProDroneTB/ProRob/install/package_master/lib/python3.10/site-packages/package_master/__init__.py to __init__.cpython-310.pyc
running install_data
creating /home/rouillon/Documents/ProDroneTB/ProRob/install/package_master/share/ament_index
creating /home/rouillon/Documents/ProDroneTB/ProRob/install/package_master/share/ament_index/resource_index
creating /home/rouillon/Documents/ProDroneTB/ProRob/install/package_master/share/ament_index/resource_index/packages
copying resource/package_master -> /home/rouillon/Documents/ProDroneTB/ProRob/install/package_master/share/ament_index/resource_index/packages
copying package.xml -> /home/rouillon/Documents/ProDroneTB/ProRob/install/package_master/share/package_master
running install_egg_info
Copying ../../build/package_master/package_master.egg-info to /home/rouillon/Documents/ProDroneTB/ProRob/install/package_master/lib/python3.10/site-packages/package_master-0.0.0-py3.10.egg-info
running install_scripts
Installing client script to /home/rouillon/Documents/ProDroneTB/ProRob/install/package_master/lib/package_master
Installing client_drone script to /home/rouillon/Documents/ProDroneTB/ProRob/install/package_master/lib/package_master
Installing client_tb script to /home/rouillon/Documents/ProDroneTB/ProRob/install/package_master/lib/package_master
Installing service_drone script to /home/rouillon/Documents/ProDroneTB/ProRob/install/package_master/lib/package_master
Installing service_tb script to /home/rouillon/Documents/ProDroneTB/ProRob/install/package_master/lib/package_master
Installing service_test script to /home/rouillon/Documents/ProDroneTB/ProRob/install/package_master/lib/package_master
writing list of installed files to '/home/rouillon/Documents/ProDroneTB/ProRob/build/package_master/install.log'
