[3.335s] Invoking command in '/home/rouillon/ProRob/src/package_master': PYTHONPATH=/home/rouillon/ProRob/build/package_master/prefix_override:/usr/lib/python3/dist-packages/colcon_core/task/python/colcon_distutils_commands:/home/rouillon/ProRob/install/package_master/lib/python3.10/site-packages:${PYTHONPATH} /usr/bin/python3 -W ignore:setup.py install is deprecated -W ignore:easy_install command is deprecated setup.py egg_info --egg-base ../../build/package_master build --build-base /home/rouillon/ProRob/build/package_master/build install --record /home/rouillon/ProRob/build/package_master/install.log --single-version-externally-managed install_data
[4.225s] running egg_info
[4.227s] writing ../../build/package_master/package_master.egg-info/PKG-INFO
[4.228s] writing dependency_links to ../../build/package_master/package_master.egg-info/dependency_links.txt
[4.229s] writing entry points to ../../build/package_master/package_master.egg-info/entry_points.txt
[4.230s] writing requirements to ../../build/package_master/package_master.egg-info/requires.txt
[4.230s] writing top-level names to ../../build/package_master/package_master.egg-info/top_level.txt
[4.237s] reading manifest file '../../build/package_master/package_master.egg-info/SOURCES.txt'
[4.241s] writing manifest file '../../build/package_master/package_master.egg-info/SOURCES.txt'
[4.242s] running build
[4.242s] running build_py
[4.243s] copying package_master/drone_node.py -> /home/rouillon/ProRob/build/package_master/build/lib/package_master
[4.243s] copying package_master/tb_node.py -> /home/rouillon/ProRob/build/package_master/build/lib/package_master
[4.245s] running install
[4.246s] running install_lib
[4.249s] copying /home/rouillon/ProRob/build/package_master/build/lib/package_master/drone_node.py -> /home/rouillon/ProRob/install/package_master/lib/python3.10/site-packages/package_master
[4.250s] copying /home/rouillon/ProRob/build/package_master/build/lib/package_master/tb_node.py -> /home/rouillon/ProRob/install/package_master/lib/python3.10/site-packages/package_master
[4.252s] byte-compiling /home/rouillon/ProRob/install/package_master/lib/python3.10/site-packages/package_master/drone_node.py to drone_node.cpython-310.pyc
[4.255s] byte-compiling /home/rouillon/ProRob/install/package_master/lib/python3.10/site-packages/package_master/tb_node.py to tb_node.cpython-310.pyc
[4.260s] running install_data
[4.260s] running install_egg_info
[4.267s] removing '/home/rouillon/ProRob/install/package_master/lib/python3.10/site-packages/package_master-0.0.0-py3.10.egg-info' (and everything under it)
[4.268s] Copying ../../build/package_master/package_master.egg-info to /home/rouillon/ProRob/install/package_master/lib/python3.10/site-packages/package_master-0.0.0-py3.10.egg-info
[4.273s] running install_scripts
[4.346s] Installing client script to /home/rouillon/ProRob/install/package_master/lib/package_master
[4.347s] Installing client_drone script to /home/rouillon/ProRob/install/package_master/lib/package_master
[4.347s] Installing client_tb script to /home/rouillon/ProRob/install/package_master/lib/package_master
[4.348s] Installing service_drone script to /home/rouillon/ProRob/install/package_master/lib/package_master
[4.349s] Installing service_tb script to /home/rouillon/ProRob/install/package_master/lib/package_master
[4.349s] Installing service_test script to /home/rouillon/ProRob/install/package_master/lib/package_master
[4.356s] writing list of installed files to '/home/rouillon/ProRob/build/package_master/install.log'
[4.428s] Invoked command in '/home/rouillon/ProRob/src/package_master' returned '0': PYTHONPATH=/home/rouillon/ProRob/build/package_master/prefix_override:/usr/lib/python3/dist-packages/colcon_core/task/python/colcon_distutils_commands:/home/rouillon/ProRob/install/package_master/lib/python3.10/site-packages:${PYTHONPATH} /usr/bin/python3 -W ignore:setup.py install is deprecated -W ignore:easy_install command is deprecated setup.py egg_info --egg-base ../../build/package_master build --build-base /home/rouillon/ProRob/build/package_master/build install --record /home/rouillon/ProRob/build/package_master/install.log --single-version-externally-managed install_data
