[0.816s] Invoking command in '/home/rouillon/Documents/ProDroneTB/ProRob/build/package_master_interfaces': CMAKE_PREFIX_PATH=${CMAKE_PREFIX_PATH}:/home/rouillon/Documents/ProDroneTB/ProRob/install/py_srvcli:/home/rouillon/Documents/ProDroneTB/ProRob/install/package_master:/opt/ros/humble /usr/bin/cmake --build /home/rouillon/Documents/ProDroneTB/ProRob/build/package_master_interfaces -- -j4 -l4
[0.970s] [  1%] Built target package_master_interfaces__cpp
[0.973s] [ 12%] Built target package_master_interfaces__rosidl_generator_c
[0.997s] [ 12%] Built target ament_cmake_python_copy_package_master_interfaces
[1.050s] [ 23%] Built target package_master_interfaces__rosidl_typesupport_cpp
[1.051s] [ 34%] Built target package_master_interfaces__rosidl_typesupport_introspection_cpp
[1.083s] [ 46%] Built target package_master_interfaces__rosidl_typesupport_fastrtps_cpp
[1.110s] [ 57%] Built target package_master_interfaces__rosidl_typesupport_fastrtps_c
[1.139s] [ 68%] Built target package_master_interfaces__rosidl_typesupport_c
[1.143s] [ 79%] Built target package_master_interfaces__rosidl_typesupport_introspection_c
[1.200s] [ 79%] Built target package_master_interfaces
[1.273s] [ 80%] Built target package_master_interfaces__py
[1.346s] [ 90%] Built target package_master_interfaces__rosidl_generator_py
[1.413s] [ 93%] Built target package_master_interfaces__rosidl_typesupport_introspection_c__pyext
[1.436s] [ 96%] Built target package_master_interfaces__rosidl_typesupport_fastrtps_c__pyext
[1.455s] [100%] Built target package_master_interfaces__rosidl_typesupport_c__pyext
[2.117s] running egg_info
[2.123s] writing package_master_interfaces.egg-info/PKG-INFO
[2.123s] writing dependency_links to package_master_interfaces.egg-info/dependency_links.txt
[2.123s] writing top-level names to package_master_interfaces.egg-info/top_level.txt
[2.139s] reading manifest file 'package_master_interfaces.egg-info/SOURCES.txt'
[2.139s] writing manifest file 'package_master_interfaces.egg-info/SOURCES.txt'
[2.220s] [100%] Built target ament_cmake_python_build_package_master_interfaces_egg
[2.261s] Invoked command in '/home/rouillon/Documents/ProDroneTB/ProRob/build/package_master_interfaces' returned '0': CMAKE_PREFIX_PATH=${CMAKE_PREFIX_PATH}:/home/rouillon/Documents/ProDroneTB/ProRob/install/py_srvcli:/home/rouillon/Documents/ProDroneTB/ProRob/install/package_master:/opt/ros/humble /usr/bin/cmake --build /home/rouillon/Documents/ProDroneTB/ProRob/build/package_master_interfaces -- -j4 -l4
[2.293s] Invoking command in '/home/rouillon/Documents/ProDroneTB/ProRob/build/package_master_interfaces': CMAKE_PREFIX_PATH=${CMAKE_PREFIX_PATH}:/home/rouillon/Documents/ProDroneTB/ProRob/install/py_srvcli:/home/rouillon/Documents/ProDroneTB/ProRob/install/package_master:/opt/ros/humble /usr/bin/cmake --install /home/rouillon/Documents/ProDroneTB/ProRob/build/package_master_interfaces
[2.314s] -- Install configuration: ""
[2.315s] -- Up-to-date: /home/rouillon/Documents/ProDroneTB/ProRob/install/package_master_interfaces/share/ament_index/resource_index/rosidl_interfaces/package_master_interfaces
[2.316s] -- Up-to-date: /home/rouillon/Documents/ProDroneTB/ProRob/install/package_master_interfaces/include/package_master_interfaces/package_master_interfaces
[2.317s] -- Up-to-date: /home/rouillon/Documents/ProDroneTB/ProRob/install/package_master_interfaces/include/package_master_interfaces/package_master_interfaces/msg
[2.318s] -- Up-to-date: /home/rouillon/Documents/ProDroneTB/ProRob/install/package_master_interfaces/include/package_master_interfaces/package_master_interfaces/msg/num.h
[2.318s] -- Up-to-date: /home/rouillon/Documents/ProDroneTB/ProRob/install/package_master_interfaces/include/package_master_interfaces/package_master_interfaces/msg/detail
[2.319s] -- Up-to-date: /home/rouillon/Documents/ProDroneTB/ProRob/install/package_master_interfaces/include/package_master_interfaces/package_master_interfaces/msg/detail/sequence_elments__functions.c
[2.319s] -- Up-to-date: /home/rouillon/Documents/ProDroneTB/ProRob/install/package_master_interfaces/include/package_master_interfaces/package_master_interfaces/msg/detail/num__type_support.h
[2.321s] -- Up-to-date: /home/rouillon/Documents/ProDroneTB/ProRob/install/package_master_interfaces/include/package_master_interfaces/package_master_interfaces/msg/detail/sequence_elments__struct.h
[2.321s] -- Up-to-date: /home/rouillon/Documents/ProDroneTB/ProRob/install/package_master_interfaces/include/package_master_interfaces/package_master_interfaces/msg/detail/sequence_elments__type_support.h
[2.322s] -- Up-to-date: /home/rouillon/Documents/ProDroneTB/ProRob/install/package_master_interfaces/include/package_master_interfaces/package_master_interfaces/msg/detail/num__struct.h
[2.322s] -- Up-to-date: /home/rouillon/Documents/ProDroneTB/ProRob/install/package_master_interfaces/include/package_master_interfaces/package_master_interfaces/msg/detail/sequence_elments__functions.h
[2.323s] -- Up-to-date: /home/rouillon/Documents/ProDroneTB/ProRob/install/package_master_interfaces/include/package_master_interfaces/package_master_interfaces/msg/detail/num__functions.c
[2.323s] -- Up-to-date: /home/rouillon/Documents/ProDroneTB/ProRob/install/package_master_interfaces/include/package_master_interfaces/package_master_interfaces/msg/detail/num__functions.h
[2.323s] -- Up-to-date: /home/rouillon/Documents/ProDroneTB/ProRob/install/package_master_interfaces/include/package_master_interfaces/package_master_interfaces/msg/rosidl_generator_c__visibility_control.h
[2.334s] -- Up-to-date: /home/rouillon/Documents/ProDroneTB/ProRob/install/package_master_interfaces/include/package_master_interfaces/package_master_interfaces/msg/sequence_elments.h
[2.334s] -- Up-to-date: /home/rouillon/Documents/ProDroneTB/ProRob/install/package_master_interfaces/include/package_master_interfaces/package_master_interfaces/srv
[2.335s] -- Up-to-date: /home/rouillon/Documents/ProDroneTB/ProRob/install/package_master_interfaces/include/package_master_interfaces/package_master_interfaces/srv/add_three_ints.h
[2.335s] -- Up-to-date: /home/rouillon/Documents/ProDroneTB/ProRob/install/package_master_interfaces/include/package_master_interfaces/package_master_interfaces/srv/detail
[2.335s] -- Up-to-date: /home/rouillon/Documents/ProDroneTB/ProRob/install/package_master_interfaces/include/package_master_interfaces/package_master_interfaces/srv/detail/robot_positions__type_support.h
[2.336s] -- Up-to-date: /home/rouillon/Documents/ProDroneTB/ProRob/install/package_master_interfaces/include/package_master_interfaces/package_master_interfaces/srv/detail/add_three_ints__type_support.h
[2.336s] -- Up-to-date: /home/rouillon/Documents/ProDroneTB/ProRob/install/package_master_interfaces/include/package_master_interfaces/package_master_interfaces/srv/detail/add_three_ints__struct.h
[2.339s] -- Up-to-date: /home/rouillon/Documents/ProDroneTB/ProRob/install/package_master_interfaces/include/package_master_interfaces/package_master_interfaces/srv/detail/robot_positions__functions.h
[2.340s] -- Up-to-date: /home/rouillon/Documents/ProDroneTB/ProRob/install/package_master_interfaces/include/package_master_interfaces/package_master_interfaces/srv/detail/send_positions__type_support.h
[2.340s] -- Up-to-date: /home/rouillon/Documents/ProDroneTB/ProRob/install/package_master_interfaces/include/package_master_interfaces/package_master_interfaces/srv/detail/add_three_ints__functions.h
[2.341s] -- Up-to-date: /home/rouillon/Documents/ProDroneTB/ProRob/install/package_master_interfaces/include/package_master_interfaces/package_master_interfaces/srv/detail/send_positions__struct.h
[2.341s] -- Up-to-date: /home/rouillon/Documents/ProDroneTB/ProRob/install/package_master_interfaces/include/package_master_interfaces/package_master_interfaces/srv/detail/robot_positions__struct.h
[2.342s] -- Up-to-date: /home/rouillon/Documents/ProDroneTB/ProRob/install/package_master_interfaces/include/package_master_interfaces/package_master_interfaces/srv/detail/send_positions__functions.h
[2.342s] -- Up-to-date: /home/rouillon/Documents/ProDroneTB/ProRob/install/package_master_interfaces/include/package_master_interfaces/package_master_interfaces/srv/detail/send_positions__functions.c
[2.343s] -- Up-to-date: /home/rouillon/Documents/ProDroneTB/ProRob/install/package_master_interfaces/include/package_master_interfaces/package_master_interfaces/srv/detail/add_three_ints__functions.c
[2.343s] -- Up-to-date: /home/rouillon/Documents/ProDroneTB/ProRob/install/package_master_interfaces/include/package_master_interfaces/package_master_interfaces/srv/detail/robot_positions__functions.c
[2.344s] -- Up-to-date: /home/rouillon/Documents/ProDroneTB/ProRob/install/package_master_interfaces/include/package_master_interfaces/package_master_interfaces/srv/robot_positions.h
[2.344s] -- Up-to-date: /home/rouillon/Documents/ProDroneTB/ProRob/install/package_master_interfaces/include/package_master_interfaces/package_master_interfaces/srv/send_positions.h
[2.345s] -- Up-to-date: /home/rouillon/Documents/ProDroneTB/ProRob/install/package_master_interfaces/share/package_master_interfaces/environment/library_path.sh
[2.346s] -- Up-to-date: /home/rouillon/Documents/ProDroneTB/ProRob/install/package_master_interfaces/share/package_master_interfaces/environment/library_path.dsv
[2.346s] -- Up-to-date: /home/rouillon/Documents/ProDroneTB/ProRob/install/package_master_interfaces/lib/libpackage_master_interfaces__rosidl_generator_c.so
[2.346s] -- Up-to-date: /home/rouillon/Documents/ProDroneTB/ProRob/install/package_master_interfaces/include/package_master_interfaces/package_master_interfaces
[2.347s] -- Up-to-date: /home/rouillon/Documents/ProDroneTB/ProRob/install/package_master_interfaces/include/package_master_interfaces/package_master_interfaces/msg
[2.347s] -- Up-to-date: /home/rouillon/Documents/ProDroneTB/ProRob/install/package_master_interfaces/include/package_master_interfaces/package_master_interfaces/msg/detail
[2.348s] -- Up-to-date: /home/rouillon/Documents/ProDroneTB/ProRob/install/package_master_interfaces/include/package_master_interfaces/package_master_interfaces/msg/detail/num__rosidl_typesupport_fastrtps_c.h
[2.348s] -- Up-to-date: /home/rouillon/Documents/ProDroneTB/ProRob/install/package_master_interfaces/include/package_master_interfaces/package_master_interfaces/msg/detail/sequence_elments__rosidl_typesupport_fastrtps_c.h
[2.348s] -- Up-to-date: /home/rouillon/Documents/ProDroneTB/ProRob/install/package_master_interfaces/include/package_master_interfaces/package_master_interfaces/msg/rosidl_typesupport_fastrtps_c__visibility_control.h
[2.349s] -- Up-to-date: /home/rouillon/Documents/ProDroneTB/ProRob/install/package_master_interfaces/include/package_master_interfaces/package_master_interfaces/srv
[2.350s] -- Up-to-date: /home/rouillon/Documents/ProDroneTB/ProRob/install/package_master_interfaces/include/package_master_interfaces/package_master_interfaces/srv/detail
[2.350s] -- Up-to-date: /home/rouillon/Documents/ProDroneTB/ProRob/install/package_master_interfaces/include/package_master_interfaces/package_master_interfaces/srv/detail/add_three_ints__rosidl_typesupport_fastrtps_c.h
[2.351s] -- Up-to-date: /home/rouillon/Documents/ProDroneTB/ProRob/install/package_master_interfaces/include/package_master_interfaces/package_master_interfaces/srv/detail/robot_positions__rosidl_typesupport_fastrtps_c.h
[2.351s] -- Up-to-date: /home/rouillon/Documents/ProDroneTB/ProRob/install/package_master_interfaces/include/package_master_interfaces/package_master_interfaces/srv/detail/send_positions__rosidl_typesupport_fastrtps_c.h
[2.351s] -- Up-to-date: /home/rouillon/Documents/ProDroneTB/ProRob/install/package_master_interfaces/lib/libpackage_master_interfaces__rosidl_typesupport_fastrtps_c.so
[2.352s] -- Up-to-date: /home/rouillon/Documents/ProDroneTB/ProRob/install/package_master_interfaces/include/package_master_interfaces/package_master_interfaces
[2.352s] -- Up-to-date: /home/rouillon/Documents/ProDroneTB/ProRob/install/package_master_interfaces/include/package_master_interfaces/package_master_interfaces/msg
[2.353s] -- Up-to-date: /home/rouillon/Documents/ProDroneTB/ProRob/install/package_master_interfaces/include/package_master_interfaces/package_master_interfaces/msg/detail
[2.353s] -- Up-to-date: /home/rouillon/Documents/ProDroneTB/ProRob/install/package_master_interfaces/include/package_master_interfaces/package_master_interfaces/msg/detail/sequence_elments__type_support.c
[2.353s] -- Up-to-date: /home/rouillon/Documents/ProDroneTB/ProRob/install/package_master_interfaces/include/package_master_interfaces/package_master_interfaces/msg/detail/num__type_support.c
[2.353s] -- Up-to-date: /home/rouillon/Documents/ProDroneTB/ProRob/install/package_master_interfaces/include/package_master_interfaces/package_master_interfaces/msg/detail/num__rosidl_typesupport_introspection_c.h
[2.354s] -- Up-to-date: /home/rouillon/Documents/ProDroneTB/ProRob/install/package_master_interfaces/include/package_master_interfaces/package_master_interfaces/msg/detail/sequence_elments__rosidl_typesupport_introspection_c.h
[2.354s] -- Up-to-date: /home/rouillon/Documents/ProDroneTB/ProRob/install/package_master_interfaces/include/package_master_interfaces/package_master_interfaces/msg/rosidl_typesupport_introspection_c__visibility_control.h
[2.354s] -- Up-to-date: /home/rouillon/Documents/ProDroneTB/ProRob/install/package_master_interfaces/include/package_master_interfaces/package_master_interfaces/srv
[2.354s] -- Up-to-date: /home/rouillon/Documents/ProDroneTB/ProRob/install/package_master_interfaces/include/package_master_interfaces/package_master_interfaces/srv/detail
[2.354s] -- Up-to-date: /home/rouillon/Documents/ProDroneTB/ProRob/install/package_master_interfaces/include/package_master_interfaces/package_master_interfaces/srv/detail/send_positions__rosidl_typesupport_introspection_c.h
[2.355s] -- Up-to-date: /home/rouillon/Documents/ProDroneTB/ProRob/install/package_master_interfaces/include/package_master_interfaces/package_master_interfaces/srv/detail/add_three_ints__type_support.c
[2.355s] -- Up-to-date: /home/rouillon/Documents/ProDroneTB/ProRob/install/package_master_interfaces/include/package_master_interfaces/package_master_interfaces/srv/detail/robot_positions__type_support.c
[2.355s] -- Up-to-date: /home/rouillon/Documents/ProDroneTB/ProRob/install/package_master_interfaces/include/package_master_interfaces/package_master_interfaces/srv/detail/add_three_ints__rosidl_typesupport_introspection_c.h
[2.356s] -- Up-to-date: /home/rouillon/Documents/ProDroneTB/ProRob/install/package_master_interfaces/include/package_master_interfaces/package_master_interfaces/srv/detail/send_positions__type_support.c
[2.356s] -- Up-to-date: /home/rouillon/Documents/ProDroneTB/ProRob/install/package_master_interfaces/include/package_master_interfaces/package_master_interfaces/srv/detail/robot_positions__rosidl_typesupport_introspection_c.h
[2.356s] -- Up-to-date: /home/rouillon/Documents/ProDroneTB/ProRob/install/package_master_interfaces/lib/libpackage_master_interfaces__rosidl_typesupport_introspection_c.so
[2.356s] -- Up-to-date: /home/rouillon/Documents/ProDroneTB/ProRob/install/package_master_interfaces/lib/libpackage_master_interfaces__rosidl_typesupport_c.so
[2.357s] -- Up-to-date: /home/rouillon/Documents/ProDroneTB/ProRob/install/package_master_interfaces/include/package_master_interfaces/package_master_interfaces
[2.357s] -- Up-to-date: /home/rouillon/Documents/ProDroneTB/ProRob/install/package_master_interfaces/include/package_master_interfaces/package_master_interfaces/msg
[2.357s] -- Up-to-date: /home/rouillon/Documents/ProDroneTB/ProRob/install/package_master_interfaces/include/package_master_interfaces/package_master_interfaces/msg/detail
[2.357s] -- Up-to-date: /home/rouillon/Documents/ProDroneTB/ProRob/install/package_master_interfaces/include/package_master_interfaces/package_master_interfaces/msg/detail/num__type_support.hpp
[2.357s] -- Up-to-date: /home/rouillon/Documents/ProDroneTB/ProRob/install/package_master_interfaces/include/package_master_interfaces/package_master_interfaces/msg/detail/sequence_elments__builder.hpp
[2.358s] -- Up-to-date: /home/rouillon/Documents/ProDroneTB/ProRob/install/package_master_interfaces/include/package_master_interfaces/package_master_interfaces/msg/detail/sequence_elments__type_support.hpp
[2.358s] -- Up-to-date: /home/rouillon/Documents/ProDroneTB/ProRob/install/package_master_interfaces/include/package_master_interfaces/package_master_interfaces/msg/detail/sequence_elments__traits.hpp
[2.358s] -- Up-to-date: /home/rouillon/Documents/ProDroneTB/ProRob/install/package_master_interfaces/include/package_master_interfaces/package_master_interfaces/msg/detail/num__struct.hpp
[2.358s] -- Up-to-date: /home/rouillon/Documents/ProDroneTB/ProRob/install/package_master_interfaces/include/package_master_interfaces/package_master_interfaces/msg/detail/sequence_elments__struct.hpp
[2.359s] -- Up-to-date: /home/rouillon/Documents/ProDroneTB/ProRob/install/package_master_interfaces/include/package_master_interfaces/package_master_interfaces/msg/detail/num__builder.hpp
[2.359s] -- Up-to-date: /home/rouillon/Documents/ProDroneTB/ProRob/install/package_master_interfaces/include/package_master_interfaces/package_master_interfaces/msg/detail/num__traits.hpp
[2.359s] -- Up-to-date: /home/rouillon/Documents/ProDroneTB/ProRob/install/package_master_interfaces/include/package_master_interfaces/package_master_interfaces/msg/num.hpp
[2.359s] -- Up-to-date: /home/rouillon/Documents/ProDroneTB/ProRob/install/package_master_interfaces/include/package_master_interfaces/package_master_interfaces/msg/sequence_elments.hpp
[2.360s] -- Up-to-date: /home/rouillon/Documents/ProDroneTB/ProRob/install/package_master_interfaces/include/package_master_interfaces/package_master_interfaces/msg/rosidl_generator_cpp__visibility_control.hpp
[2.360s] -- Up-to-date: /home/rouillon/Documents/ProDroneTB/ProRob/install/package_master_interfaces/include/package_master_interfaces/package_master_interfaces/srv
[2.360s] -- Up-to-date: /home/rouillon/Documents/ProDroneTB/ProRob/install/package_master_interfaces/include/package_master_interfaces/package_master_interfaces/srv/send_positions.hpp
[2.360s] -- Up-to-date: /home/rouillon/Documents/ProDroneTB/ProRob/install/package_master_interfaces/include/package_master_interfaces/package_master_interfaces/srv/detail
[2.360s] -- Up-to-date: /home/rouillon/Documents/ProDroneTB/ProRob/install/package_master_interfaces/include/package_master_interfaces/package_master_interfaces/srv/detail/robot_positions__struct.hpp
[2.361s] -- Up-to-date: /home/rouillon/Documents/ProDroneTB/ProRob/install/package_master_interfaces/include/package_master_interfaces/package_master_interfaces/srv/detail/robot_positions__builder.hpp
[2.361s] -- Up-to-date: /home/rouillon/Documents/ProDroneTB/ProRob/install/package_master_interfaces/include/package_master_interfaces/package_master_interfaces/srv/detail/robot_positions__type_support.hpp
[2.361s] -- Up-to-date: /home/rouillon/Documents/ProDroneTB/ProRob/install/package_master_interfaces/include/package_master_interfaces/package_master_interfaces/srv/detail/add_three_ints__struct.hpp
[2.361s] -- Up-to-date: /home/rouillon/Documents/ProDroneTB/ProRob/install/package_master_interfaces/include/package_master_interfaces/package_master_interfaces/srv/detail/robot_positions__traits.hpp
[2.362s] -- Up-to-date: /home/rouillon/Documents/ProDroneTB/ProRob/install/package_master_interfaces/include/package_master_interfaces/package_master_interfaces/srv/detail/send_positions__traits.hpp
[2.362s] -- Up-to-date: /home/rouillon/Documents/ProDroneTB/ProRob/install/package_master_interfaces/include/package_master_interfaces/package_master_interfaces/srv/detail/add_three_ints__type_support.hpp
[2.362s] -- Up-to-date: /home/rouillon/Documents/ProDroneTB/ProRob/install/package_master_interfaces/include/package_master_interfaces/package_master_interfaces/srv/detail/send_positions__type_support.hpp
[2.362s] -- Up-to-date: /home/rouillon/Documents/ProDroneTB/ProRob/install/package_master_interfaces/include/package_master_interfaces/package_master_interfaces/srv/detail/send_positions__struct.hpp
[2.362s] -- Up-to-date: /home/rouillon/Documents/ProDroneTB/ProRob/install/package_master_interfaces/include/package_master_interfaces/package_master_interfaces/srv/detail/add_three_ints__traits.hpp
[2.363s] -- Up-to-date: /home/rouillon/Documents/ProDroneTB/ProRob/install/package_master_interfaces/include/package_master_interfaces/package_master_interfaces/srv/detail/add_three_ints__builder.hpp
[2.363s] -- Up-to-date: /home/rouillon/Documents/ProDroneTB/ProRob/install/package_master_interfaces/include/package_master_interfaces/package_master_interfaces/srv/detail/send_positions__builder.hpp
[2.363s] -- Up-to-date: /home/rouillon/Documents/ProDroneTB/ProRob/install/package_master_interfaces/include/package_master_interfaces/package_master_interfaces/srv/add_three_ints.hpp
[2.363s] -- Up-to-date: /home/rouillon/Documents/ProDroneTB/ProRob/install/package_master_interfaces/include/package_master_interfaces/package_master_interfaces/srv/robot_positions.hpp
[2.364s] -- Up-to-date: /home/rouillon/Documents/ProDroneTB/ProRob/install/package_master_interfaces/include/package_master_interfaces/package_master_interfaces
[2.364s] -- Up-to-date: /home/rouillon/Documents/ProDroneTB/ProRob/install/package_master_interfaces/include/package_master_interfaces/package_master_interfaces/msg
[2.364s] -- Up-to-date: /home/rouillon/Documents/ProDroneTB/ProRob/install/package_master_interfaces/include/package_master_interfaces/package_master_interfaces/msg/detail
[2.364s] -- Up-to-date: /home/rouillon/Documents/ProDroneTB/ProRob/install/package_master_interfaces/include/package_master_interfaces/package_master_interfaces/msg/detail/sequence_elments__rosidl_typesupport_fastrtps_cpp.hpp
[2.365s] -- Up-to-date: /home/rouillon/Documents/ProDroneTB/ProRob/install/package_master_interfaces/include/package_master_interfaces/package_master_interfaces/msg/detail/num__rosidl_typesupport_fastrtps_cpp.hpp
[2.365s] -- Up-to-date: /home/rouillon/Documents/ProDroneTB/ProRob/install/package_master_interfaces/include/package_master_interfaces/package_master_interfaces/msg/detail/dds_fastrtps
[2.365s] -- Up-to-date: /home/rouillon/Documents/ProDroneTB/ProRob/install/package_master_interfaces/include/package_master_interfaces/package_master_interfaces/msg/rosidl_typesupport_fastrtps_cpp__visibility_control.h
[2.365s] -- Up-to-date: /home/rouillon/Documents/ProDroneTB/ProRob/install/package_master_interfaces/include/package_master_interfaces/package_master_interfaces/srv
[2.366s] -- Up-to-date: /home/rouillon/Documents/ProDroneTB/ProRob/install/package_master_interfaces/include/package_master_interfaces/package_master_interfaces/srv/detail
[2.366s] -- Up-to-date: /home/rouillon/Documents/ProDroneTB/ProRob/install/package_master_interfaces/include/package_master_interfaces/package_master_interfaces/srv/detail/add_three_ints__rosidl_typesupport_fastrtps_cpp.hpp
[2.366s] -- Up-to-date: /home/rouillon/Documents/ProDroneTB/ProRob/install/package_master_interfaces/include/package_master_interfaces/package_master_interfaces/srv/detail/robot_positions__rosidl_typesupport_fastrtps_cpp.hpp
[2.367s] -- Up-to-date: /home/rouillon/Documents/ProDroneTB/ProRob/install/package_master_interfaces/include/package_master_interfaces/package_master_interfaces/srv/detail/dds_fastrtps
[2.367s] -- Up-to-date: /home/rouillon/Documents/ProDroneTB/ProRob/install/package_master_interfaces/include/package_master_interfaces/package_master_interfaces/srv/detail/send_positions__rosidl_typesupport_fastrtps_cpp.hpp
[2.368s] -- Up-to-date: /home/rouillon/Documents/ProDroneTB/ProRob/install/package_master_interfaces/lib/libpackage_master_interfaces__rosidl_typesupport_fastrtps_cpp.so
[2.368s] -- Up-to-date: /home/rouillon/Documents/ProDroneTB/ProRob/install/package_master_interfaces/include/package_master_interfaces/package_master_interfaces
[2.368s] -- Up-to-date: /home/rouillon/Documents/ProDroneTB/ProRob/install/package_master_interfaces/include/package_master_interfaces/package_master_interfaces/msg
[2.368s] -- Up-to-date: /home/rouillon/Documents/ProDroneTB/ProRob/install/package_master_interfaces/include/package_master_interfaces/package_master_interfaces/msg/detail
[2.368s] -- Up-to-date: /home/rouillon/Documents/ProDroneTB/ProRob/install/package_master_interfaces/include/package_master_interfaces/package_master_interfaces/msg/detail/num__rosidl_typesupport_introspection_cpp.hpp
[2.369s] -- Up-to-date: /home/rouillon/Documents/ProDroneTB/ProRob/install/package_master_interfaces/include/package_master_interfaces/package_master_interfaces/msg/detail/num__type_support.cpp
[2.369s] -- Up-to-date: /home/rouillon/Documents/ProDroneTB/ProRob/install/package_master_interfaces/include/package_master_interfaces/package_master_interfaces/msg/detail/sequence_elments__type_support.cpp
[2.369s] -- Up-to-date: /home/rouillon/Documents/ProDroneTB/ProRob/install/package_master_interfaces/include/package_master_interfaces/package_master_interfaces/msg/detail/sequence_elments__rosidl_typesupport_introspection_cpp.hpp
[2.369s] -- Up-to-date: /home/rouillon/Documents/ProDroneTB/ProRob/install/package_master_interfaces/include/package_master_interfaces/package_master_interfaces/srv
[2.370s] -- Up-to-date: /home/rouillon/Documents/ProDroneTB/ProRob/install/package_master_interfaces/include/package_master_interfaces/package_master_interfaces/srv/detail
[2.370s] -- Up-to-date: /home/rouillon/Documents/ProDroneTB/ProRob/install/package_master_interfaces/include/package_master_interfaces/package_master_interfaces/srv/detail/robot_positions__rosidl_typesupport_introspection_cpp.hpp
[2.370s] -- Up-to-date: /home/rouillon/Documents/ProDroneTB/ProRob/install/package_master_interfaces/include/package_master_interfaces/package_master_interfaces/srv/detail/add_three_ints__type_support.cpp
[2.371s] -- Up-to-date: /home/rouillon/Documents/ProDroneTB/ProRob/install/package_master_interfaces/include/package_master_interfaces/package_master_interfaces/srv/detail/send_positions__rosidl_typesupport_introspection_cpp.hpp
[2.371s] -- Up-to-date: /home/rouillon/Documents/ProDroneTB/ProRob/install/package_master_interfaces/include/package_master_interfaces/package_master_interfaces/srv/detail/robot_positions__type_support.cpp
[2.372s] -- Up-to-date: /home/rouillon/Documents/ProDroneTB/ProRob/install/package_master_interfaces/include/package_master_interfaces/package_master_interfaces/srv/detail/add_three_ints__rosidl_typesupport_introspection_cpp.hpp
[2.372s] -- Up-to-date: /home/rouillon/Documents/ProDroneTB/ProRob/install/package_master_interfaces/include/package_master_interfaces/package_master_interfaces/srv/detail/send_positions__type_support.cpp
[2.372s] -- Up-to-date: /home/rouillon/Documents/ProDroneTB/ProRob/install/package_master_interfaces/lib/libpackage_master_interfaces__rosidl_typesupport_introspection_cpp.so
[2.372s] -- Up-to-date: /home/rouillon/Documents/ProDroneTB/ProRob/install/package_master_interfaces/lib/libpackage_master_interfaces__rosidl_typesupport_cpp.so
[2.372s] -- Up-to-date: /home/rouillon/Documents/ProDroneTB/ProRob/install/package_master_interfaces/share/package_master_interfaces/environment/pythonpath.sh
[2.373s] -- Up-to-date: /home/rouillon/Documents/ProDroneTB/ProRob/install/package_master_interfaces/share/package_master_interfaces/environment/pythonpath.dsv
[2.373s] -- Up-to-date: /home/rouillon/Documents/ProDroneTB/ProRob/install/package_master_interfaces/local/lib/python3.10/dist-packages/package_master_interfaces-0.0.0-py3.10.egg-info
[2.373s] -- Installing: /home/rouillon/Documents/ProDroneTB/ProRob/install/package_master_interfaces/local/lib/python3.10/dist-packages/package_master_interfaces-0.0.0-py3.10.egg-info/SOURCES.txt
[2.373s] -- Installing: /home/rouillon/Documents/ProDroneTB/ProRob/install/package_master_interfaces/local/lib/python3.10/dist-packages/package_master_interfaces-0.0.0-py3.10.egg-info/PKG-INFO
[2.374s] -- Installing: /home/rouillon/Documents/ProDroneTB/ProRob/install/package_master_interfaces/local/lib/python3.10/dist-packages/package_master_interfaces-0.0.0-py3.10.egg-info/dependency_links.txt
[2.374s] -- Installing: /home/rouillon/Documents/ProDroneTB/ProRob/install/package_master_interfaces/local/lib/python3.10/dist-packages/package_master_interfaces-0.0.0-py3.10.egg-info/top_level.txt
[2.374s] -- Up-to-date: /home/rouillon/Documents/ProDroneTB/ProRob/install/package_master_interfaces/local/lib/python3.10/dist-packages/package_master_interfaces
[2.374s] -- Up-to-date: /home/rouillon/Documents/ProDroneTB/ProRob/install/package_master_interfaces/local/lib/python3.10/dist-packages/package_master_interfaces/msg
[2.375s] -- Up-to-date: /home/rouillon/Documents/ProDroneTB/ProRob/install/package_master_interfaces/local/lib/python3.10/dist-packages/package_master_interfaces/msg/_num.py
[2.375s] -- Up-to-date: /home/rouillon/Documents/ProDroneTB/ProRob/install/package_master_interfaces/local/lib/python3.10/dist-packages/package_master_interfaces/msg/_sequence_elments_s.c
[2.375s] -- Up-to-date: /home/rouillon/Documents/ProDroneTB/ProRob/install/package_master_interfaces/local/lib/python3.10/dist-packages/package_master_interfaces/msg/_num_s.c
[2.375s] -- Up-to-date: /home/rouillon/Documents/ProDroneTB/ProRob/install/package_master_interfaces/local/lib/python3.10/dist-packages/package_master_interfaces/msg/_sequence_elments.py
[2.376s] -- Up-to-date: /home/rouillon/Documents/ProDroneTB/ProRob/install/package_master_interfaces/local/lib/python3.10/dist-packages/package_master_interfaces/msg/__init__.py
[2.376s] -- Up-to-date: /home/rouillon/Documents/ProDroneTB/ProRob/install/package_master_interfaces/local/lib/python3.10/dist-packages/package_master_interfaces/package_master_interfaces_s__rosidl_typesupport_c.cpython-310-x86_64-linux-gnu.so
[2.376s] -- Up-to-date: /home/rouillon/Documents/ProDroneTB/ProRob/install/package_master_interfaces/local/lib/python3.10/dist-packages/package_master_interfaces/_package_master_interfaces_s.ep.rosidl_typesupport_fastrtps_c.c
[2.376s] -- Up-to-date: /home/rouillon/Documents/ProDroneTB/ProRob/install/package_master_interfaces/local/lib/python3.10/dist-packages/package_master_interfaces/_package_master_interfaces_s.ep.rosidl_typesupport_introspection_c.c
[2.376s] -- Up-to-date: /home/rouillon/Documents/ProDroneTB/ProRob/install/package_master_interfaces/local/lib/python3.10/dist-packages/package_master_interfaces/package_master_interfaces_s__rosidl_typesupport_introspection_c.cpython-310-x86_64-linux-gnu.so
[2.377s] -- Up-to-date: /home/rouillon/Documents/ProDroneTB/ProRob/install/package_master_interfaces/local/lib/python3.10/dist-packages/package_master_interfaces/srv
[2.377s] -- Up-to-date: /home/rouillon/Documents/ProDroneTB/ProRob/install/package_master_interfaces/local/lib/python3.10/dist-packages/package_master_interfaces/srv/_add_three_ints_s.c
[2.377s] -- Up-to-date: /home/rouillon/Documents/ProDroneTB/ProRob/install/package_master_interfaces/local/lib/python3.10/dist-packages/package_master_interfaces/srv/_send_positions_s.c
[2.377s] -- Up-to-date: /home/rouillon/Documents/ProDroneTB/ProRob/install/package_master_interfaces/local/lib/python3.10/dist-packages/package_master_interfaces/srv/_send_positions.py
[2.378s] -- Up-to-date: /home/rouillon/Documents/ProDroneTB/ProRob/install/package_master_interfaces/local/lib/python3.10/dist-packages/package_master_interfaces/srv/_robot_positions.py
[2.378s] -- Up-to-date: /home/rouillon/Documents/ProDroneTB/ProRob/install/package_master_interfaces/local/lib/python3.10/dist-packages/package_master_interfaces/srv/__init__.py
[2.378s] -- Up-to-date: /home/rouillon/Documents/ProDroneTB/ProRob/install/package_master_interfaces/local/lib/python3.10/dist-packages/package_master_interfaces/srv/_robot_positions_s.c
[2.378s] -- Up-to-date: /home/rouillon/Documents/ProDroneTB/ProRob/install/package_master_interfaces/local/lib/python3.10/dist-packages/package_master_interfaces/srv/_add_three_ints.py
[2.378s] -- Up-to-date: /home/rouillon/Documents/ProDroneTB/ProRob/install/package_master_interfaces/local/lib/python3.10/dist-packages/package_master_interfaces/libpackage_master_interfaces__rosidl_generator_py.so
[2.379s] -- Up-to-date: /home/rouillon/Documents/ProDroneTB/ProRob/install/package_master_interfaces/local/lib/python3.10/dist-packages/package_master_interfaces/package_master_interfaces_s__rosidl_typesupport_fastrtps_c.cpython-310-x86_64-linux-gnu.so
[2.379s] -- Up-to-date: /home/rouillon/Documents/ProDroneTB/ProRob/install/package_master_interfaces/local/lib/python3.10/dist-packages/package_master_interfaces/_package_master_interfaces_s.ep.rosidl_typesupport_c.c
[2.379s] -- Up-to-date: /home/rouillon/Documents/ProDroneTB/ProRob/install/package_master_interfaces/local/lib/python3.10/dist-packages/package_master_interfaces/__init__.py
[2.467s] Listing '/home/rouillon/Documents/ProDroneTB/ProRob/install/package_master_interfaces/local/lib/python3.10/dist-packages/package_master_interfaces'...
[2.469s] Listing '/home/rouillon/Documents/ProDroneTB/ProRob/install/package_master_interfaces/local/lib/python3.10/dist-packages/package_master_interfaces/msg'...
[2.470s] Listing '/home/rouillon/Documents/ProDroneTB/ProRob/install/package_master_interfaces/local/lib/python3.10/dist-packages/package_master_interfaces/srv'...
[2.487s] -- Up-to-date: /home/rouillon/Documents/ProDroneTB/ProRob/install/package_master_interfaces/local/lib/python3.10/dist-packages/package_master_interfaces/package_master_interfaces_s__rosidl_typesupport_fastrtps_c.cpython-310-x86_64-linux-gnu.so
[2.487s] -- Up-to-date: /home/rouillon/Documents/ProDroneTB/ProRob/install/package_master_interfaces/local/lib/python3.10/dist-packages/package_master_interfaces/package_master_interfaces_s__rosidl_typesupport_introspection_c.cpython-310-x86_64-linux-gnu.so
[2.489s] -- Up-to-date: /home/rouillon/Documents/ProDroneTB/ProRob/install/package_master_interfaces/local/lib/python3.10/dist-packages/package_master_interfaces/package_master_interfaces_s__rosidl_typesupport_c.cpython-310-x86_64-linux-gnu.so
[2.490s] -- Up-to-date: /home/rouillon/Documents/ProDroneTB/ProRob/install/package_master_interfaces/lib/libpackage_master_interfaces__rosidl_generator_py.so
[2.490s] -- Up-to-date: /home/rouillon/Documents/ProDroneTB/ProRob/install/package_master_interfaces/share/package_master_interfaces/msg/Num.idl
[2.491s] -- Up-to-date: /home/rouillon/Documents/ProDroneTB/ProRob/install/package_master_interfaces/share/package_master_interfaces/msg/SequenceElments.idl
[2.492s] -- Up-to-date: /home/rouillon/Documents/ProDroneTB/ProRob/install/package_master_interfaces/share/package_master_interfaces/srv/AddThreeInts.idl
[2.493s] -- Up-to-date: /home/rouillon/Documents/ProDroneTB/ProRob/install/package_master_interfaces/share/package_master_interfaces/srv/RobotPositions.idl
[2.493s] -- Up-to-date: /home/rouillon/Documents/ProDroneTB/ProRob/install/package_master_interfaces/share/package_master_interfaces/srv/SendPositions.idl
[2.494s] -- Up-to-date: /home/rouillon/Documents/ProDroneTB/ProRob/install/package_master_interfaces/share/package_master_interfaces/msg/Num.msg
[2.495s] -- Up-to-date: /home/rouillon/Documents/ProDroneTB/ProRob/install/package_master_interfaces/share/package_master_interfaces/msg/SequenceElments.msg
[2.496s] -- Up-to-date: /home/rouillon/Documents/ProDroneTB/ProRob/install/package_master_interfaces/share/package_master_interfaces/srv/AddThreeInts.srv
[2.496s] -- Up-to-date: /home/rouillon/Documents/ProDroneTB/ProRob/install/package_master_interfaces/share/package_master_interfaces/srv/AddThreeInts_Request.msg
[2.496s] -- Up-to-date: /home/rouillon/Documents/ProDroneTB/ProRob/install/package_master_interfaces/share/package_master_interfaces/srv/AddThreeInts_Response.msg
[2.497s] -- Up-to-date: /home/rouillon/Documents/ProDroneTB/ProRob/install/package_master_interfaces/share/package_master_interfaces/srv/RobotPositions.srv
[2.497s] -- Up-to-date: /home/rouillon/Documents/ProDroneTB/ProRob/install/package_master_interfaces/share/package_master_interfaces/srv/RobotPositions_Request.msg
[2.497s] -- Up-to-date: /home/rouillon/Documents/ProDroneTB/ProRob/install/package_master_interfaces/share/package_master_interfaces/srv/RobotPositions_Response.msg
[2.498s] -- Up-to-date: /home/rouillon/Documents/ProDroneTB/ProRob/install/package_master_interfaces/share/package_master_interfaces/srv/SendPositions.srv
[2.498s] -- Up-to-date: /home/rouillon/Documents/ProDroneTB/ProRob/install/package_master_interfaces/share/package_master_interfaces/srv/SendPositions_Request.msg
[2.498s] -- Up-to-date: /home/rouillon/Documents/ProDroneTB/ProRob/install/package_master_interfaces/share/package_master_interfaces/srv/SendPositions_Response.msg
[2.499s] -- Up-to-date: /home/rouillon/Documents/ProDroneTB/ProRob/install/package_master_interfaces/share/ament_index/resource_index/package_run_dependencies/package_master_interfaces
[2.499s] -- Up-to-date: /home/rouillon/Documents/ProDroneTB/ProRob/install/package_master_interfaces/share/ament_index/resource_index/parent_prefix_path/package_master_interfaces
[2.500s] -- Up-to-date: /home/rouillon/Documents/ProDroneTB/ProRob/install/package_master_interfaces/share/package_master_interfaces/environment/ament_prefix_path.sh
[2.500s] -- Up-to-date: /home/rouillon/Documents/ProDroneTB/ProRob/install/package_master_interfaces/share/package_master_interfaces/environment/ament_prefix_path.dsv
[2.501s] -- Up-to-date: /home/rouillon/Documents/ProDroneTB/ProRob/install/package_master_interfaces/share/package_master_interfaces/environment/path.sh
[2.502s] -- Up-to-date: /home/rouillon/Documents/ProDroneTB/ProRob/install/package_master_interfaces/share/package_master_interfaces/environment/path.dsv
[2.502s] -- Up-to-date: /home/rouillon/Documents/ProDroneTB/ProRob/install/package_master_interfaces/share/package_master_interfaces/local_setup.bash
[2.503s] -- Up-to-date: /home/rouillon/Documents/ProDroneTB/ProRob/install/package_master_interfaces/share/package_master_interfaces/local_setup.sh
[2.504s] -- Up-to-date: /home/rouillon/Documents/ProDroneTB/ProRob/install/package_master_interfaces/share/package_master_interfaces/local_setup.zsh
[2.504s] -- Up-to-date: /home/rouillon/Documents/ProDroneTB/ProRob/install/package_master_interfaces/share/package_master_interfaces/local_setup.dsv
[2.504s] -- Installing: /home/rouillon/Documents/ProDroneTB/ProRob/install/package_master_interfaces/share/package_master_interfaces/package.dsv
[2.505s] -- Up-to-date: /home/rouillon/Documents/ProDroneTB/ProRob/install/package_master_interfaces/share/ament_index/resource_index/packages/package_master_interfaces
[2.506s] -- Up-to-date: /home/rouillon/Documents/ProDroneTB/ProRob/install/package_master_interfaces/share/package_master_interfaces/cmake/export_package_master_interfaces__rosidl_generator_cExport.cmake
[2.507s] -- Up-to-date: /home/rouillon/Documents/ProDroneTB/ProRob/install/package_master_interfaces/share/package_master_interfaces/cmake/export_package_master_interfaces__rosidl_generator_cExport-noconfig.cmake
[2.507s] -- Up-to-date: /home/rouillon/Documents/ProDroneTB/ProRob/install/package_master_interfaces/share/package_master_interfaces/cmake/export_package_master_interfaces__rosidl_typesupport_fastrtps_cExport.cmake
[2.508s] -- Up-to-date: /home/rouillon/Documents/ProDroneTB/ProRob/install/package_master_interfaces/share/package_master_interfaces/cmake/export_package_master_interfaces__rosidl_typesupport_fastrtps_cExport-noconfig.cmake
[2.508s] -- Up-to-date: /home/rouillon/Documents/ProDroneTB/ProRob/install/package_master_interfaces/share/package_master_interfaces/cmake/package_master_interfaces__rosidl_typesupport_introspection_cExport.cmake
[2.508s] -- Up-to-date: /home/rouillon/Documents/ProDroneTB/ProRob/install/package_master_interfaces/share/package_master_interfaces/cmake/package_master_interfaces__rosidl_typesupport_introspection_cExport-noconfig.cmake
[2.509s] -- Up-to-date: /home/rouillon/Documents/ProDroneTB/ProRob/install/package_master_interfaces/share/package_master_interfaces/cmake/package_master_interfaces__rosidl_typesupport_cExport.cmake
[2.509s] -- Up-to-date: /home/rouillon/Documents/ProDroneTB/ProRob/install/package_master_interfaces/share/package_master_interfaces/cmake/package_master_interfaces__rosidl_typesupport_cExport-noconfig.cmake
[2.509s] -- Up-to-date: /home/rouillon/Documents/ProDroneTB/ProRob/install/package_master_interfaces/share/package_master_interfaces/cmake/export_package_master_interfaces__rosidl_generator_cppExport.cmake
[2.510s] -- Up-to-date: /home/rouillon/Documents/ProDroneTB/ProRob/install/package_master_interfaces/share/package_master_interfaces/cmake/export_package_master_interfaces__rosidl_typesupport_fastrtps_cppExport.cmake
[2.510s] -- Up-to-date: /home/rouillon/Documents/ProDroneTB/ProRob/install/package_master_interfaces/share/package_master_interfaces/cmake/export_package_master_interfaces__rosidl_typesupport_fastrtps_cppExport-noconfig.cmake
[2.511s] -- Up-to-date: /home/rouillon/Documents/ProDroneTB/ProRob/install/package_master_interfaces/share/package_master_interfaces/cmake/package_master_interfaces__rosidl_typesupport_introspection_cppExport.cmake
[2.511s] -- Up-to-date: /home/rouillon/Documents/ProDroneTB/ProRob/install/package_master_interfaces/share/package_master_interfaces/cmake/package_master_interfaces__rosidl_typesupport_introspection_cppExport-noconfig.cmake
[2.511s] -- Up-to-date: /home/rouillon/Documents/ProDroneTB/ProRob/install/package_master_interfaces/share/package_master_interfaces/cmake/package_master_interfaces__rosidl_typesupport_cppExport.cmake
[2.512s] -- Up-to-date: /home/rouillon/Documents/ProDroneTB/ProRob/install/package_master_interfaces/share/package_master_interfaces/cmake/package_master_interfaces__rosidl_typesupport_cppExport-noconfig.cmake
[2.513s] -- Up-to-date: /home/rouillon/Documents/ProDroneTB/ProRob/install/package_master_interfaces/share/package_master_interfaces/cmake/export_package_master_interfaces__rosidl_generator_pyExport.cmake
[2.513s] -- Up-to-date: /home/rouillon/Documents/ProDroneTB/ProRob/install/package_master_interfaces/share/package_master_interfaces/cmake/export_package_master_interfaces__rosidl_generator_pyExport-noconfig.cmake
[2.513s] -- Up-to-date: /home/rouillon/Documents/ProDroneTB/ProRob/install/package_master_interfaces/share/package_master_interfaces/cmake/rosidl_cmake-extras.cmake
[2.514s] -- Up-to-date: /home/rouillon/Documents/ProDroneTB/ProRob/install/package_master_interfaces/share/package_master_interfaces/cmake/ament_cmake_export_include_directories-extras.cmake
[2.514s] -- Up-to-date: /home/rouillon/Documents/ProDroneTB/ProRob/install/package_master_interfaces/share/package_master_interfaces/cmake/ament_cmake_export_libraries-extras.cmake
[2.514s] -- Up-to-date: /home/rouillon/Documents/ProDroneTB/ProRob/install/package_master_interfaces/share/package_master_interfaces/cmake/ament_cmake_export_targets-extras.cmake
[2.515s] -- Up-to-date: /home/rouillon/Documents/ProDroneTB/ProRob/install/package_master_interfaces/share/package_master_interfaces/cmake/rosidl_cmake_export_typesupport_targets-extras.cmake
[2.515s] -- Up-to-date: /home/rouillon/Documents/ProDroneTB/ProRob/install/package_master_interfaces/share/package_master_interfaces/cmake/ament_cmake_export_dependencies-extras.cmake
[2.516s] -- Up-to-date: /home/rouillon/Documents/ProDroneTB/ProRob/install/package_master_interfaces/share/package_master_interfaces/cmake/rosidl_cmake_export_typesupport_libraries-extras.cmake
[2.516s] -- Up-to-date: /home/rouillon/Documents/ProDroneTB/ProRob/install/package_master_interfaces/share/package_master_interfaces/cmake/package_master_interfacesConfig.cmake
[2.517s] -- Up-to-date: /home/rouillon/Documents/ProDroneTB/ProRob/install/package_master_interfaces/share/package_master_interfaces/cmake/package_master_interfacesConfig-version.cmake
[2.517s] -- Up-to-date: /home/rouillon/Documents/ProDroneTB/ProRob/install/package_master_interfaces/share/package_master_interfaces/package.xml
[2.527s] Invoked command in '/home/rouillon/Documents/ProDroneTB/ProRob/build/package_master_interfaces' returned '0': CMAKE_PREFIX_PATH=${CMAKE_PREFIX_PATH}:/home/rouillon/Documents/ProDroneTB/ProRob/install/py_srvcli:/home/rouillon/Documents/ProDroneTB/ProRob/install/package_master:/opt/ros/humble /usr/bin/cmake --install /home/rouillon/Documents/ProDroneTB/ProRob/build/package_master_interfaces
