[3.258s] Invoking command in '/home/rouillon/ProRob/src/package_master': PYTHONPATH=/home/rouillon/ProRob/build/package_master/prefix_override:/usr/lib/python3/dist-packages/colcon_core/task/python/colcon_distutils_commands:/home/rouillon/ProRob/install/package_master/lib/python3.10/site-packages:${PYTHONPATH} /usr/bin/python3 -W ignore:setup.py install is deprecated -W ignore:easy_install command is deprecated setup.py egg_info --egg-base ../../build/package_master build --build-base /home/rouillon/ProRob/build/package_master/build install --record /home/rouillon/ProRob/build/package_master/install.log --single-version-externally-managed install_data
[4.096s] running egg_info
[4.097s] writing ../../build/package_master/package_master.egg-info/PKG-INFO
[4.097s] writing dependency_links to ../../build/package_master/package_master.egg-info/dependency_links.txt
[4.097s] writing entry points to ../../build/package_master/package_master.egg-info/entry_points.txt
[4.097s] writing requirements to ../../build/package_master/package_master.egg-info/requires.txt
[4.098s] writing top-level names to ../../build/package_master/package_master.egg-info/top_level.txt
[4.104s] reading manifest file '../../build/package_master/package_master.egg-info/SOURCES.txt'
[4.109s] writing manifest file '../../build/package_master/package_master.egg-info/SOURCES.txt'
[4.110s] running build
[4.110s] running build_py
[4.111s] copying package_master/master_node_tb.py -> /home/rouillon/ProRob/build/package_master/build/lib/package_master
[4.112s] copying package_master/drone_node.py -> /home/rouillon/ProRob/build/package_master/build/lib/package_master
[4.112s] copying package_master/tb_node.py -> /home/rouillon/ProRob/build/package_master/build/lib/package_master
[4.114s] running install
[4.116s] running install_lib
[4.119s] copying /home/rouillon/ProRob/build/package_master/build/lib/package_master/master_node_tb.py -> /home/rouillon/ProRob/install/package_master/lib/python3.10/site-packages/package_master
[4.119s] copying /home/rouillon/ProRob/build/package_master/build/lib/package_master/drone_node.py -> /home/rouillon/ProRob/install/package_master/lib/python3.10/site-packages/package_master
[4.120s] copying /home/rouillon/ProRob/build/package_master/build/lib/package_master/tb_node.py -> /home/rouillon/ProRob/install/package_master/lib/python3.10/site-packages/package_master
[4.121s] byte-compiling /home/rouillon/ProRob/install/package_master/lib/python3.10/site-packages/package_master/master_node_tb.py to master_node_tb.cpython-310.pyc
[4.125s] byte-compiling /home/rouillon/ProRob/install/package_master/lib/python3.10/site-packages/package_master/drone_node.py to drone_node.cpython-310.pyc
[4.128s] byte-compiling /home/rouillon/ProRob/install/package_master/lib/python3.10/site-packages/package_master/tb_node.py to tb_node.cpython-310.pyc
[4.131s] running install_data
[4.131s] running install_egg_info
[4.138s] removing '/home/rouillon/ProRob/install/package_master/lib/python3.10/site-packages/package_master-0.0.0-py3.10.egg-info' (and everything under it)
[4.138s] Copying ../../build/package_master/package_master.egg-info to /home/rouillon/ProRob/install/package_master/lib/python3.10/site-packages/package_master-0.0.0-py3.10.egg-info
[4.140s] running install_scripts
[4.206s] Installing client script to /home/rouillon/ProRob/install/package_master/lib/package_master
[4.207s] Installing client_drone script to /home/rouillon/ProRob/install/package_master/lib/package_master
[4.208s] Installing client_tb script to /home/rouillon/ProRob/install/package_master/lib/package_master
[4.208s] Installing service_drone script to /home/rouillon/ProRob/install/package_master/lib/package_master
[4.209s] Installing service_tb script to /home/rouillon/ProRob/install/package_master/lib/package_master
[4.209s] Installing service_test script to /home/rouillon/ProRob/install/package_master/lib/package_master
[4.210s] writing list of installed files to '/home/rouillon/ProRob/build/package_master/install.log'
[4.266s] Invoked command in '/home/rouillon/ProRob/src/package_master' returned '0': PYTHONPATH=/home/rouillon/ProRob/build/package_master/prefix_override:/usr/lib/python3/dist-packages/colcon_core/task/python/colcon_distutils_commands:/home/rouillon/ProRob/install/package_master/lib/python3.10/site-packages:${PYTHONPATH} /usr/bin/python3 -W ignore:setup.py install is deprecated -W ignore:easy_install command is deprecated setup.py egg_info --egg-base ../../build/package_master build --build-base /home/rouillon/ProRob/build/package_master/build install --record /home/rouillon/ProRob/build/package_master/install.log --single-version-externally-managed install_data
