[3.341s] Invoking command in '/home/rouillon/Documents/ProDroneTB/ProRob/src/package_master': PYTHONPATH=/home/rouillon/Documents/ProDroneTB/ProRob/build/package_master/prefix_override:/usr/lib/python3/dist-packages/colcon_core/task/python/colcon_distutils_commands:/home/rouillon/Documents/ProDroneTB/ProRob/install/package_master/lib/python3.10/site-packages:${PYTHONPATH} /usr/bin/python3 -W ignore:setup.py install is deprecated -W ignore:easy_install command is deprecated setup.py egg_info --egg-base ../../build/package_master build --build-base /home/rouillon/Documents/ProDroneTB/ProRob/build/package_master/build install --record /home/rouillon/Documents/ProDroneTB/ProRob/build/package_master/install.log --single-version-externally-managed install_data
[4.163s] running egg_info
[4.165s] writing ../../build/package_master/package_master.egg-info/PKG-INFO
[4.165s] writing dependency_links to ../../build/package_master/package_master.egg-info/dependency_links.txt
[4.166s] writing entry points to ../../build/package_master/package_master.egg-info/entry_points.txt
[4.167s] writing requirements to ../../build/package_master/package_master.egg-info/requires.txt
[4.167s] writing top-level names to ../../build/package_master/package_master.egg-info/top_level.txt
[4.174s] reading manifest file '../../build/package_master/package_master.egg-info/SOURCES.txt'
[4.179s] writing manifest file '../../build/package_master/package_master.egg-info/SOURCES.txt'
[4.179s] running build
[4.179s] running build_py
[4.180s] copying package_master/master_node_tb.py -> /home/rouillon/Documents/ProDroneTB/ProRob/build/package_master/build/lib/package_master
[4.181s] copying package_master/tb_node.py -> /home/rouillon/Documents/ProDroneTB/ProRob/build/package_master/build/lib/package_master
[4.183s] running install
[4.189s] running install_lib
[4.189s] copying /home/rouillon/Documents/ProDroneTB/ProRob/build/package_master/build/lib/package_master/master_node_tb.py -> /home/rouillon/Documents/ProDroneTB/ProRob/install/package_master/lib/python3.10/site-packages/package_master
[4.190s] copying /home/rouillon/Documents/ProDroneTB/ProRob/build/package_master/build/lib/package_master/tb_node.py -> /home/rouillon/Documents/ProDroneTB/ProRob/install/package_master/lib/python3.10/site-packages/package_master
[4.190s] byte-compiling /home/rouillon/Documents/ProDroneTB/ProRob/install/package_master/lib/python3.10/site-packages/package_master/master_node_tb.py to master_node_tb.cpython-310.pyc
[4.193s] byte-compiling /home/rouillon/Documents/ProDroneTB/ProRob/install/package_master/lib/python3.10/site-packages/package_master/tb_node.py to tb_node.cpython-310.pyc
[4.196s] running install_data
[4.197s] running install_egg_info
[4.207s] removing '/home/rouillon/Documents/ProDroneTB/ProRob/install/package_master/lib/python3.10/site-packages/package_master-0.0.0-py3.10.egg-info' (and everything under it)
[4.208s] Copying ../../build/package_master/package_master.egg-info to /home/rouillon/Documents/ProDroneTB/ProRob/install/package_master/lib/python3.10/site-packages/package_master-0.0.0-py3.10.egg-info
[4.210s] running install_scripts
[4.286s] Installing client script to /home/rouillon/Documents/ProDroneTB/ProRob/install/package_master/lib/package_master
[4.287s] Installing client_drone script to /home/rouillon/Documents/ProDroneTB/ProRob/install/package_master/lib/package_master
[4.287s] Installing client_tb script to /home/rouillon/Documents/ProDroneTB/ProRob/install/package_master/lib/package_master
[4.291s] Installing service_drone script to /home/rouillon/Documents/ProDroneTB/ProRob/install/package_master/lib/package_master
[4.295s] Installing service_tb script to /home/rouillon/Documents/ProDroneTB/ProRob/install/package_master/lib/package_master
[4.301s] Installing service_test script to /home/rouillon/Documents/ProDroneTB/ProRob/install/package_master/lib/package_master
[4.305s] writing list of installed files to '/home/rouillon/Documents/ProDroneTB/ProRob/build/package_master/install.log'
[4.386s] Invoked command in '/home/rouillon/Documents/ProDroneTB/ProRob/src/package_master' returned '0': PYTHONPATH=/home/rouillon/Documents/ProDroneTB/ProRob/build/package_master/prefix_override:/usr/lib/python3/dist-packages/colcon_core/task/python/colcon_distutils_commands:/home/rouillon/Documents/ProDroneTB/ProRob/install/package_master/lib/python3.10/site-packages:${PYTHONPATH} /usr/bin/python3 -W ignore:setup.py install is deprecated -W ignore:easy_install command is deprecated setup.py egg_info --egg-base ../../build/package_master build --build-base /home/rouillon/Documents/ProDroneTB/ProRob/build/package_master/build install --record /home/rouillon/Documents/ProDroneTB/ProRob/build/package_master/install.log --single-version-externally-managed install_data
