/home/fabian/ProRob/ProRob/install/package_master/lib/python3.10/site-packages/package_master/tb_node.py
/home/fabian/ProRob/ProRob/install/package_master/lib/python3.10/site-packages/package_master/__init__.py
/home/fabian/ProRob/ProRob/install/package_master/lib/python3.10/site-packages/package_master/drone_node.py
/home/fabian/ProRob/ProRob/install/package_master/lib/python3.10/site-packages/package_master/service_member_function.py
/home/fabian/ProRob/ProRob/install/package_master/lib/python3.10/site-packages/package_master/master_node_tb.py
/home/fabian/ProRob/ProRob/install/package_master/lib/python3.10/site-packages/package_master/master_node.py
/home/fabian/ProRob/ProRob/install/package_master/lib/python3.10/site-packages/package_master/master_node_drone.py
/home/fabian/ProRob/ProRob/install/package_master/lib/python3.10/site-packages/package_master/client_member_function.py
/home/fabian/ProRob/ProRob/install/package_master/lib/python3.10/site-packages/package_master/service_pos.py
/home/fabian/ProRob/ProRob/install/package_master/lib/python3.10/site-packages/package_master/__pycache__/tb_node.cpython-310.pyc
/home/fabian/ProRob/ProRob/install/package_master/lib/python3.10/site-packages/package_master/__pycache__/__init__.cpython-310.pyc
/home/fabian/ProRob/ProRob/install/package_master/lib/python3.10/site-packages/package_master/__pycache__/drone_node.cpython-310.pyc
/home/fabian/ProRob/ProRob/install/package_master/lib/python3.10/site-packages/package_master/__pycache__/service_member_function.cpython-310.pyc
/home/fabian/ProRob/ProRob/install/package_master/lib/python3.10/site-packages/package_master/__pycache__/master_node_tb.cpython-310.pyc
/home/fabian/ProRob/ProRob/install/package_master/lib/python3.10/site-packages/package_master/__pycache__/master_node.cpython-310.pyc
/home/fabian/ProRob/ProRob/install/package_master/lib/python3.10/site-packages/package_master/__pycache__/master_node_drone.cpython-310.pyc
/home/fabian/ProRob/ProRob/install/package_master/lib/python3.10/site-packages/package_master/__pycache__/client_member_function.cpython-310.pyc
/home/fabian/ProRob/ProRob/install/package_master/lib/python3.10/site-packages/package_master/__pycache__/service_pos.cpython-310.pyc
/home/fabian/ProRob/ProRob/install/package_master/share/ament_index/resource_index/packages/package_master
/home/fabian/ProRob/ProRob/install/package_master/share/package_master/package.xml
/home/fabian/ProRob/ProRob/install/package_master/lib/python3.10/site-packages/package_master-0.0.0-py3.10.egg-info/top_level.txt
/home/fabian/ProRob/ProRob/install/package_master/lib/python3.10/site-packages/package_master-0.0.0-py3.10.egg-info/dependency_links.txt
/home/fabian/ProRob/ProRob/install/package_master/lib/python3.10/site-packages/package_master-0.0.0-py3.10.egg-info/SOURCES.txt
/home/fabian/ProRob/ProRob/install/package_master/lib/python3.10/site-packages/package_master-0.0.0-py3.10.egg-info/PKG-INFO
/home/fabian/ProRob/ProRob/install/package_master/lib/python3.10/site-packages/package_master-0.0.0-py3.10.egg-info/entry_points.txt
/home/fabian/ProRob/ProRob/install/package_master/lib/python3.10/site-packages/package_master-0.0.0-py3.10.egg-info/zip-safe
/home/fabian/ProRob/ProRob/install/package_master/lib/python3.10/site-packages/package_master-0.0.0-py3.10.egg-info/requires.txt
/home/fabian/ProRob/ProRob/install/package_master/lib/package_master/client
/home/fabian/ProRob/ProRob/install/package_master/lib/package_master/client_drone
/home/fabian/ProRob/ProRob/install/package_master/lib/package_master/client_tb
/home/fabian/ProRob/ProRob/install/package_master/lib/package_master/service_drone
/home/fabian/ProRob/ProRob/install/package_master/lib/package_master/service_tb
/home/fabian/ProRob/ProRob/install/package_master/lib/package_master/service_test
