[0.521s] Invoking command in '/home/rouillon/Documents/ProDroneTB/ProRob/build/package_master_interfaces': CMAKE_PREFIX_PATH=${CMAKE_PREFIX_PATH}:/home/rouillon/Documents/ProDroneTB/ProRob/install/py_srvcli:/home/rouillon/Documents/ProDroneTB/ProRob/install/package_master:/home/rouillon/ProRob/install/py_srvcli:/home/rouillon/ProRob/install/package_master:/opt/ros/humble /usr/bin/cmake /home/rouillon/Documents/ProDroneTB/ProRob/src/package_master_interfaces -DCMAKE_INSTALL_PREFIX=/home/rouillon/Documents/ProDroneTB/ProRob/install/package_master_interfaces
[0.539s] -- Found ament_cmake: 1.3.11 (/opt/ros/humble/share/ament_cmake/cmake)
[0.780s] -- Found ament_lint_auto: 0.12.11 (/opt/ros/humble/share/ament_lint_auto/cmake)
[0.903s] -- Found rosidl_default_generators: 1.2.0 (/opt/ros/humble/share/rosidl_default_generators/cmake)
[0.907s] -- Using all available rosidl_typesupport_c: rosidl_typesupport_fastrtps_c;rosidl_typesupport_introspection_c
[0.913s] -- Found rosidl_adapter: 3.1.6 (/opt/ros/humble/share/rosidl_adapter/cmake)
[0.975s] -- Using all available rosidl_typesupport_cpp: rosidl_typesupport_fastrtps_cpp;rosidl_typesupport_introspection_cpp
[1.355s] [31mCMake Error at /opt/ros/humble/share/rosidl_adapter/cmake/rosidl_adapt_interfaces.cmake:59 (message):
[1.355s]   execute_process(/usr/bin/python3 -m rosidl_adapter --package-name
[1.355s]   package_master_interfaces --arguments-file
[1.355s]   /home/rouillon/Documents/ProDroneTB/ProRob/build/package_master_interfaces/rosidl_adapter__arguments__package_master_interfaces.json
[1.355s]   --output-dir
[1.355s]   /home/rouillon/Documents/ProDroneTB/ProRob/build/package_master_interfaces/rosidl_adapter/package_master_interfaces
[1.356s]   --output-file
[1.356s]   /home/rouillon/Documents/ProDroneTB/ProRob/build/package_master_interfaces/rosidl_adapter/package_master_interfaces.idls)
[1.356s]   returned error code 1:
[1.356s] 
[1.356s]   Error processing 'float32 T' of
[1.356s]   'package_master_interfaces/SequenceElments': ''T' is an invalid field name.
[1.356s]   It should have the pattern '^(?!.*__)(?!.*_$)[a-z][a-z0-9_]*$''
[1.356s] 
[1.356s]   Traceback (most recent call last):
[1.356s] 
[1.357s]     File "/usr/lib/python3.10/runpy.py", line 196, in _run_module_as_main
[1.357s]       return _run_code(code, main_globals, None,
[1.357s]     File "/usr/lib/python3.10/runpy.py", line 86, in _run_code
[1.357s]       exec(code, run_globals)
[1.357s]     File "/opt/ros/humble/local/lib/python3.10/dist-packages/rosidl_adapter/__main__.py", line 19, in <module>
[1.357s]       sys.exit(main())
[1.357s]     File "/opt/ros/humble/local/lib/python3.10/dist-packages/rosidl_adapter/main.py", line 53, in main
[1.357s]       abs_idl_file = convert_to_idl(
[1.357s]     File "/opt/ros/humble/local/lib/python3.10/dist-packages/rosidl_adapter/__init__.py", line 19, in convert_to_idl
[1.358s]       return convert_msg_to_idl(
[1.358s]     File "/opt/ros/humble/local/lib/python3.10/dist-packages/rosidl_adapter/msg/__init__.py", line 28, in convert_msg_to_idl
[1.358s]       msg = parse_message_string(package_name, input_file.stem, content)
[1.358s]     File "/opt/ros/humble/local/lib/python3.10/dist-packages/rosidl_adapter/parser.py", line 519, in parse_message_string
[1.362s]       fields.append(Field(
[1.362s]     File "/opt/ros/humble/local/lib/python3.10/dist-packages/rosidl_adapter/parser.py", line 354, in __init__
[1.362s]       raise NameError(
[1.362s] 
[1.362s]   NameError: 'T' is an invalid field name.  It should have the pattern
[1.362s]   '^(?!.*__)(?!.*_$)[a-z][a-z0-9_]*$'
[1.362s] 
[1.362s] Call Stack (most recent call first):
[1.363s]   /opt/ros/humble/share/rosidl_cmake/cmake/rosidl_generate_interfaces.cmake:130 (rosidl_adapt_interfaces)
[1.363s]   CMakeLists.txt:28 (rosidl_generate_interfaces)
[1.363s] 
[1.363s] [0m
[1.363s] -- Configuring incomplete, errors occurred!
[1.363s] See also "/home/rouillon/Documents/ProDroneTB/ProRob/build/package_master_interfaces/CMakeFiles/CMakeOutput.log".
[1.375s] Invoked command in '/home/rouillon/Documents/ProDroneTB/ProRob/build/package_master_interfaces' returned '1': CMAKE_PREFIX_PATH=${CMAKE_PREFIX_PATH}:/home/rouillon/Documents/ProDroneTB/ProRob/install/py_srvcli:/home/rouillon/Documents/ProDroneTB/ProRob/install/package_master:/home/rouillon/ProRob/install/py_srvcli:/home/rouillon/ProRob/install/package_master:/opt/ros/humble /usr/bin/cmake /home/rouillon/Documents/ProDroneTB/ProRob/src/package_master_interfaces -DCMAKE_INSTALL_PREFIX=/home/rouillon/Documents/ProDroneTB/ProRob/install/package_master_interfaces
