[0.791s] Invoking command in '/home/rouillon/ProRob/build/package_master_interfaces': CMAKE_PREFIX_PATH=/opt/ros/humble /usr/bin/cmake --build /home/rouillon/ProRob/build/package_master_interfaces -- -j4 -l4
[1.042s] -- Found ament_cmake: 1.3.11 (/opt/ros/humble/share/ament_cmake/cmake)
[1.586s] -- Found ament_lint_auto: 0.12.11 (/opt/ros/humble/share/ament_lint_auto/cmake)
[1.853s] -- Found rosidl_default_generators: 1.2.0 (/opt/ros/humble/share/rosidl_default_generators/cmake)
[1.868s] -- Using all available rosidl_typesupport_c: rosidl_typesupport_fastrtps_c;rosidl_typesupport_introspection_c
[1.893s] -- Found rosidl_adapter: 3.1.6 (/opt/ros/humble/share/rosidl_adapter/cmake)
[2.077s] -- Using all available rosidl_typesupport_cpp: rosidl_typesupport_fastrtps_cpp;rosidl_typesupport_introspection_cpp
[3.117s] -- Found ament_cmake_ros: 0.10.0 (/opt/ros/humble/share/ament_cmake_ros/cmake)
[3.872s] -- Using all available rosidl_typesupport_c: rosidl_typesupport_fastrtps_c;rosidl_typesupport_introspection_c
[4.859s] -- Using all available rosidl_typesupport_cpp: rosidl_typesupport_fastrtps_cpp;rosidl_typesupport_introspection_cpp
[4.948s] -- Found python_cmake_module: 0.10.0 (/opt/ros/humble/share/python_cmake_module/cmake)
[5.025s] -- Using PYTHON_EXECUTABLE: /usr/bin/python3
[5.026s] -- Using PYTHON_INCLUDE_DIRS: /usr/include/python3.10
[5.026s] -- Using PYTHON_LIBRARIES: /usr/lib/x86_64-linux-gnu/libpython3.10.so
[5.089s] -- Added test 'lint_cmake' to check CMake code style
[5.097s] -- Added test 'xmllint' to check XML markup files
[5.129s] -- Configuring done
[5.338s] -- Generating done
[5.377s] -- Build files have been written to: /home/rouillon/ProRob/build/package_master_interfaces
[5.434s] [  1%] [34m[1mGenerating C code for ROS interfaces[0m
[5.464s] [  3%] [34m[1mGenerating C++ code for ROS interfaces[0m
[5.516s] [  3%] Built target ament_cmake_python_copy_package_master_interfaces
[6.524s] running egg_info
[6.528s] writing package_master_interfaces.egg-info/PKG-INFO
[6.528s] writing dependency_links to package_master_interfaces.egg-info/dependency_links.txt
[6.528s] writing top-level names to package_master_interfaces.egg-info/top_level.txt
[6.538s] reading manifest file 'package_master_interfaces.egg-info/SOURCES.txt'
[6.541s] writing manifest file 'package_master_interfaces.egg-info/SOURCES.txt'
[6.617s] [  3%] Built target ament_cmake_python_build_package_master_interfaces_egg
[8.245s] [35m[1mConsolidate compiler generated dependencies of target package_master_interfaces__rosidl_generator_c[0m
[8.285s] [  5%] [32mBuilding C object CMakeFiles/package_master_interfaces__rosidl_generator_c.dir/rosidl_generator_c/package_master_interfaces/msg/detail/num__functions.c.o[0m
[8.296s] [  7%] [32mBuilding C object CMakeFiles/package_master_interfaces__rosidl_generator_c.dir/rosidl_generator_c/package_master_interfaces/srv/detail/add_three_ints__functions.c.o[0m
[8.394s] [  9%] [32mBuilding C object CMakeFiles/package_master_interfaces__rosidl_generator_c.dir/rosidl_generator_c/package_master_interfaces/srv/detail/robot_positions__functions.c.o[0m
[8.396s] [  9%] Built target package_master_interfaces__cpp
[8.423s] [ 10%] [32mBuilding C object CMakeFiles/package_master_interfaces__rosidl_generator_c.dir/rosidl_generator_c/package_master_interfaces/srv/detail/send_positions__functions.c.o[0m
[8.593s] [ 12%] [34m[1mGenerating C++ type support dispatch for ROS interfaces[0m
[8.598s] [ 14%] [34m[1mGenerating C++ type support for eProsima Fast-RTPS[0m
[8.609s] [ 16%] [34m[1mGenerating C++ introspection for ROS interfaces[0m
[8.632s] [ 18%] [32m[1mLinking C shared library libpackage_master_interfaces__rosidl_generator_c.so[0m
[8.785s] [ 18%] Built target package_master_interfaces__rosidl_generator_c
[8.820s] [ 20%] [34m[1mGenerating C type support for eProsima Fast-RTPS[0m
[11.184s] [35m[1mConsolidate compiler generated dependencies of target package_master_interfaces__rosidl_typesupport_cpp[0m
[11.232s] [35m[1mConsolidate compiler generated dependencies of target package_master_interfaces__rosidl_typesupport_introspection_cpp[0m
[11.275s] [ 21%] [32mBuilding CXX object CMakeFiles/package_master_interfaces__rosidl_typesupport_cpp.dir/rosidl_typesupport_cpp/package_master_interfaces/msg/num__type_support.cpp.o[0m
[11.286s] [ 23%] [32mBuilding CXX object CMakeFiles/package_master_interfaces__rosidl_typesupport_introspection_cpp.dir/rosidl_typesupport_introspection_cpp/package_master_interfaces/msg/detail/num__type_support.cpp.o[0m
[11.593s] [35m[1mConsolidate compiler generated dependencies of target package_master_interfaces__rosidl_typesupport_fastrtps_cpp[0m
[11.640s] [ 25%] [32mBuilding CXX object CMakeFiles/package_master_interfaces__rosidl_typesupport_fastrtps_cpp.dir/rosidl_typesupport_fastrtps_cpp/package_master_interfaces/msg/detail/dds_fastrtps/num__type_support.cpp.o[0m
[11.739s] [35m[1mConsolidate compiler generated dependencies of target package_master_interfaces__rosidl_typesupport_fastrtps_c[0m
[11.801s] [ 27%] [32mBuilding CXX object CMakeFiles/package_master_interfaces__rosidl_typesupport_fastrtps_c.dir/rosidl_typesupport_fastrtps_c/package_master_interfaces/msg/detail/num__type_support_c.cpp.o[0m
[13.712s] [ 29%] [32mBuilding CXX object CMakeFiles/package_master_interfaces__rosidl_typesupport_cpp.dir/rosidl_typesupport_cpp/package_master_interfaces/srv/add_three_ints__type_support.cpp.o[0m
[14.008s] [ 30%] [32mBuilding CXX object CMakeFiles/package_master_interfaces__rosidl_typesupport_fastrtps_c.dir/rosidl_typesupport_fastrtps_c/package_master_interfaces/srv/detail/add_three_ints__type_support_c.cpp.o[0m
[14.068s] [ 32%] [32mBuilding CXX object CMakeFiles/package_master_interfaces__rosidl_typesupport_introspection_cpp.dir/rosidl_typesupport_introspection_cpp/package_master_interfaces/srv/detail/add_three_ints__type_support.cpp.o[0m
[14.172s] [ 34%] [32mBuilding CXX object CMakeFiles/package_master_interfaces__rosidl_typesupport_fastrtps_cpp.dir/rosidl_typesupport_fastrtps_cpp/package_master_interfaces/srv/detail/dds_fastrtps/add_three_ints__type_support.cpp.o[0m
[14.735s] [ 36%] [32mBuilding CXX object CMakeFiles/package_master_interfaces__rosidl_typesupport_cpp.dir/rosidl_typesupport_cpp/package_master_interfaces/srv/robot_positions__type_support.cpp.o[0m
[15.307s] [ 38%] [32mBuilding CXX object CMakeFiles/package_master_interfaces__rosidl_typesupport_fastrtps_c.dir/rosidl_typesupport_fastrtps_c/package_master_interfaces/srv/detail/robot_positions__type_support_c.cpp.o[0m
[15.472s] [ 40%] [32mBuilding CXX object CMakeFiles/package_master_interfaces__rosidl_typesupport_introspection_cpp.dir/rosidl_typesupport_introspection_cpp/package_master_interfaces/srv/detail/robot_positions__type_support.cpp.o[0m
[15.614s] [ 41%] [32mBuilding CXX object CMakeFiles/package_master_interfaces__rosidl_typesupport_fastrtps_cpp.dir/rosidl_typesupport_fastrtps_cpp/package_master_interfaces/srv/detail/dds_fastrtps/robot_positions__type_support.cpp.o[0m
[15.719s] [ 43%] [32mBuilding CXX object CMakeFiles/package_master_interfaces__rosidl_typesupport_cpp.dir/rosidl_typesupport_cpp/package_master_interfaces/srv/send_positions__type_support.cpp.o[0m
[16.756s] [ 45%] [32mBuilding CXX object CMakeFiles/package_master_interfaces__rosidl_typesupport_fastrtps_c.dir/rosidl_typesupport_fastrtps_c/package_master_interfaces/srv/detail/send_positions__type_support_c.cpp.o[0m
[16.795s] [ 47%] [32m[1mLinking CXX shared library libpackage_master_interfaces__rosidl_typesupport_cpp.so[0m
[16.950s] [ 47%] Built target package_master_interfaces__rosidl_typesupport_cpp
[16.992s] [ 49%] [34m[1mGenerating C introspection for ROS interfaces[0m
[17.305s] [ 50%] [32mBuilding CXX object CMakeFiles/package_master_interfaces__rosidl_typesupport_introspection_cpp.dir/rosidl_typesupport_introspection_cpp/package_master_interfaces/srv/detail/send_positions__type_support.cpp.o[0m
[17.498s] [ 52%] [32mBuilding CXX object CMakeFiles/package_master_interfaces__rosidl_typesupport_fastrtps_cpp.dir/rosidl_typesupport_fastrtps_cpp/package_master_interfaces/srv/detail/dds_fastrtps/send_positions__type_support.cpp.o[0m
[18.103s] [ 54%] [32m[1mLinking CXX shared library libpackage_master_interfaces__rosidl_typesupport_fastrtps_c.so[0m
[18.384s] [ 54%] Built target package_master_interfaces__rosidl_typesupport_fastrtps_c
[18.415s] [ 56%] [34m[1mGenerating C type support dispatch for ROS interfaces[0m
[18.949s] [ 58%] [32m[1mLinking CXX shared library libpackage_master_interfaces__rosidl_typesupport_introspection_cpp.so[0m
[19.609s] [ 60%] [32m[1mLinking CXX shared library libpackage_master_interfaces__rosidl_typesupport_fastrtps_cpp.so[0m
[19.824s] [35m[1mConsolidate compiler generated dependencies of target package_master_interfaces__rosidl_typesupport_introspection_c[0m
[19.835s] [ 60%] Built target package_master_interfaces__rosidl_typesupport_introspection_cpp
[19.856s] [ 61%] [32mBuilding C object CMakeFiles/package_master_interfaces__rosidl_typesupport_introspection_c.dir/rosidl_typesupport_introspection_c/package_master_interfaces/msg/detail/num__type_support.c.o[0m
[19.881s] [ 63%] [32mBuilding C object CMakeFiles/package_master_interfaces__rosidl_typesupport_introspection_c.dir/rosidl_typesupport_introspection_c/package_master_interfaces/srv/detail/add_three_ints__type_support.c.o[0m
[19.882s] [ 63%] Built target package_master_interfaces__rosidl_typesupport_fastrtps_cpp
[19.912s] [ 65%] [32mBuilding C object CMakeFiles/package_master_interfaces__rosidl_typesupport_introspection_c.dir/rosidl_typesupport_introspection_c/package_master_interfaces/srv/detail/robot_positions__type_support.c.o[0m
[20.018s] [ 67%] [32mBuilding C object CMakeFiles/package_master_interfaces__rosidl_typesupport_introspection_c.dir/rosidl_typesupport_introspection_c/package_master_interfaces/srv/detail/send_positions__type_support.c.o[0m
[20.166s] [ 69%] [32m[1mLinking C shared library libpackage_master_interfaces__rosidl_typesupport_introspection_c.so[0m
[20.251s] [ 69%] Built target package_master_interfaces__rosidl_typesupport_introspection_c
[20.656s] [35m[1mConsolidate compiler generated dependencies of target package_master_interfaces__rosidl_typesupport_c[0m
[20.683s] [ 70%] [32mBuilding CXX object CMakeFiles/package_master_interfaces__rosidl_typesupport_c.dir/rosidl_typesupport_c/package_master_interfaces/srv/add_three_ints__type_support.cpp.o[0m
[20.684s] [ 72%] [32mBuilding CXX object CMakeFiles/package_master_interfaces__rosidl_typesupport_c.dir/rosidl_typesupport_c/package_master_interfaces/msg/num__type_support.cpp.o[0m
[20.684s] [ 74%] [32mBuilding CXX object CMakeFiles/package_master_interfaces__rosidl_typesupport_c.dir/rosidl_typesupport_c/package_master_interfaces/srv/send_positions__type_support.cpp.o[0m
[20.690s] [ 76%] [32mBuilding CXX object CMakeFiles/package_master_interfaces__rosidl_typesupport_c.dir/rosidl_typesupport_c/package_master_interfaces/srv/robot_positions__type_support.cpp.o[0m
[20.795s] [ 78%] [32m[1mLinking CXX shared library libpackage_master_interfaces__rosidl_typesupport_c.so[0m
[20.906s] [ 78%] Built target package_master_interfaces__rosidl_typesupport_c
[20.955s] [ 78%] Built target package_master_interfaces
[21.008s] [ 80%] [34m[1mGenerating Python code for ROS interfaces[0m
[24.265s] [ 80%] Built target package_master_interfaces__py
[24.293s] [35m[1mConsolidate compiler generated dependencies of target package_master_interfaces__rosidl_generator_py[0m
[24.348s] [ 81%] [32mBuilding C object CMakeFiles/package_master_interfaces__rosidl_generator_py.dir/rosidl_generator_py/package_master_interfaces/msg/_num_s.c.o[0m
[24.349s] [ 83%] [32mBuilding C object CMakeFiles/package_master_interfaces__rosidl_generator_py.dir/rosidl_generator_py/package_master_interfaces/srv/_add_three_ints_s.c.o[0m
[24.357s] [ 85%] [32mBuilding C object CMakeFiles/package_master_interfaces__rosidl_generator_py.dir/rosidl_generator_py/package_master_interfaces/srv/_robot_positions_s.c.o[0m
[24.357s] [ 87%] [32mBuilding C object CMakeFiles/package_master_interfaces__rosidl_generator_py.dir/rosidl_generator_py/package_master_interfaces/srv/_send_positions_s.c.o[0m
[24.874s] [ 89%] [32m[1mLinking C shared library rosidl_generator_py/package_master_interfaces/libpackage_master_interfaces__rosidl_generator_py.so[0m
[24.977s] [ 89%] Built target package_master_interfaces__rosidl_generator_py
[25.003s] [35m[1mConsolidate compiler generated dependencies of target package_master_interfaces__rosidl_typesupport_fastrtps_c__pyext[0m
[25.003s] [35m[1mConsolidate compiler generated dependencies of target package_master_interfaces__rosidl_typesupport_c__pyext[0m
[25.005s] [35m[1mConsolidate compiler generated dependencies of target package_master_interfaces__rosidl_typesupport_introspection_c__pyext[0m
[25.039s] [ 90%] [32mBuilding C object CMakeFiles/package_master_interfaces__rosidl_typesupport_c__pyext.dir/rosidl_generator_py/package_master_interfaces/_package_master_interfaces_s.ep.rosidl_typesupport_c.c.o[0m
[25.040s] [ 92%] [32mBuilding C object CMakeFiles/package_master_interfaces__rosidl_typesupport_fastrtps_c__pyext.dir/rosidl_generator_py/package_master_interfaces/_package_master_interfaces_s.ep.rosidl_typesupport_fastrtps_c.c.o[0m
[25.040s] [ 94%] [32mBuilding C object CMakeFiles/package_master_interfaces__rosidl_typesupport_introspection_c__pyext.dir/rosidl_generator_py/package_master_interfaces/_package_master_interfaces_s.ep.rosidl_typesupport_introspection_c.c.o[0m
[25.417s] [ 96%] [32m[1mLinking C shared library rosidl_generator_py/package_master_interfaces/package_master_interfaces_s__rosidl_typesupport_c.cpython-310-x86_64-linux-gnu.so[0m
[25.438s] [ 98%] [32m[1mLinking C shared library rosidl_generator_py/package_master_interfaces/package_master_interfaces_s__rosidl_typesupport_introspection_c.cpython-310-x86_64-linux-gnu.so[0m
[25.467s] [100%] [32m[1mLinking C shared library rosidl_generator_py/package_master_interfaces/package_master_interfaces_s__rosidl_typesupport_fastrtps_c.cpython-310-x86_64-linux-gnu.so[0m
[25.518s] [100%] Built target package_master_interfaces__rosidl_typesupport_c__pyext
[25.542s] [100%] Built target package_master_interfaces__rosidl_typesupport_introspection_c__pyext
[25.578s] [100%] Built target package_master_interfaces__rosidl_typesupport_fastrtps_c__pyext
[25.605s] Invoked command in '/home/rouillon/ProRob/build/package_master_interfaces' returned '0': CMAKE_PREFIX_PATH=/opt/ros/humble /usr/bin/cmake --build /home/rouillon/ProRob/build/package_master_interfaces -- -j4 -l4
[25.630s] Invoking command in '/home/rouillon/ProRob/build/package_master_interfaces': CMAKE_PREFIX_PATH=/opt/ros/humble /usr/bin/cmake --install /home/rouillon/ProRob/build/package_master_interfaces
[25.652s] -- Install configuration: ""
[25.654s] -- Installing: /home/rouillon/ProRob/install/package_master_interfaces/share/ament_index/resource_index/rosidl_interfaces/package_master_interfaces
[25.656s] -- Up-to-date: /home/rouillon/ProRob/install/package_master_interfaces/include/package_master_interfaces/package_master_interfaces
[25.657s] -- Up-to-date: /home/rouillon/ProRob/install/package_master_interfaces/include/package_master_interfaces/package_master_interfaces/msg
[25.658s] -- Installing: /home/rouillon/ProRob/install/package_master_interfaces/include/package_master_interfaces/package_master_interfaces/msg/num.h
[25.659s] -- Up-to-date: /home/rouillon/ProRob/install/package_master_interfaces/include/package_master_interfaces/package_master_interfaces/msg/detail
[25.660s] -- Installing: /home/rouillon/ProRob/install/package_master_interfaces/include/package_master_interfaces/package_master_interfaces/msg/detail/num__type_support.h
[25.661s] -- Installing: /home/rouillon/ProRob/install/package_master_interfaces/include/package_master_interfaces/package_master_interfaces/msg/detail/num__struct.h
[25.661s] -- Installing: /home/rouillon/ProRob/install/package_master_interfaces/include/package_master_interfaces/package_master_interfaces/msg/detail/num__functions.c
[25.662s] -- Installing: /home/rouillon/ProRob/install/package_master_interfaces/include/package_master_interfaces/package_master_interfaces/msg/detail/num__functions.h
[25.662s] -- Up-to-date: /home/rouillon/ProRob/install/package_master_interfaces/include/package_master_interfaces/package_master_interfaces/msg/rosidl_generator_c__visibility_control.h
[25.663s] -- Up-to-date: /home/rouillon/ProRob/install/package_master_interfaces/include/package_master_interfaces/package_master_interfaces/srv
[25.664s] -- Installing: /home/rouillon/ProRob/install/package_master_interfaces/include/package_master_interfaces/package_master_interfaces/srv/add_three_ints.h
[25.664s] -- Up-to-date: /home/rouillon/ProRob/install/package_master_interfaces/include/package_master_interfaces/package_master_interfaces/srv/detail
[25.664s] -- Installing: /home/rouillon/ProRob/install/package_master_interfaces/include/package_master_interfaces/package_master_interfaces/srv/detail/robot_positions__type_support.h
[25.665s] -- Installing: /home/rouillon/ProRob/install/package_master_interfaces/include/package_master_interfaces/package_master_interfaces/srv/detail/add_three_ints__type_support.h
[25.665s] -- Installing: /home/rouillon/ProRob/install/package_master_interfaces/include/package_master_interfaces/package_master_interfaces/srv/detail/add_three_ints__struct.h
[25.666s] -- Installing: /home/rouillon/ProRob/install/package_master_interfaces/include/package_master_interfaces/package_master_interfaces/srv/detail/robot_positions__functions.h
[25.666s] -- Installing: /home/rouillon/ProRob/install/package_master_interfaces/include/package_master_interfaces/package_master_interfaces/srv/detail/send_positions__type_support.h
[25.666s] -- Installing: /home/rouillon/ProRob/install/package_master_interfaces/include/package_master_interfaces/package_master_interfaces/srv/detail/add_three_ints__functions.h
[25.667s] -- Installing: /home/rouillon/ProRob/install/package_master_interfaces/include/package_master_interfaces/package_master_interfaces/srv/detail/send_positions__struct.h
[25.668s] -- Installing: /home/rouillon/ProRob/install/package_master_interfaces/include/package_master_interfaces/package_master_interfaces/srv/detail/robot_positions__struct.h
[25.668s] -- Installing: /home/rouillon/ProRob/install/package_master_interfaces/include/package_master_interfaces/package_master_interfaces/srv/detail/send_positions__functions.h
[25.669s] -- Installing: /home/rouillon/ProRob/install/package_master_interfaces/include/package_master_interfaces/package_master_interfaces/srv/detail/send_positions__functions.c
[25.669s] -- Installing: /home/rouillon/ProRob/install/package_master_interfaces/include/package_master_interfaces/package_master_interfaces/srv/detail/add_three_ints__functions.c
[25.669s] -- Installing: /home/rouillon/ProRob/install/package_master_interfaces/include/package_master_interfaces/package_master_interfaces/srv/detail/robot_positions__functions.c
[25.669s] -- Installing: /home/rouillon/ProRob/install/package_master_interfaces/include/package_master_interfaces/package_master_interfaces/srv/robot_positions.h
[25.670s] -- Installing: /home/rouillon/ProRob/install/package_master_interfaces/include/package_master_interfaces/package_master_interfaces/srv/send_positions.h
[25.671s] -- Up-to-date: /home/rouillon/ProRob/install/package_master_interfaces/share/package_master_interfaces/environment/library_path.sh
[25.671s] -- Installing: /home/rouillon/ProRob/install/package_master_interfaces/share/package_master_interfaces/environment/library_path.dsv
[25.675s] -- Installing: /home/rouillon/ProRob/install/package_master_interfaces/lib/libpackage_master_interfaces__rosidl_generator_c.so
[25.676s] -- Set runtime path of "/home/rouillon/ProRob/install/package_master_interfaces/lib/libpackage_master_interfaces__rosidl_generator_c.so" to ""
[25.677s] -- Up-to-date: /home/rouillon/ProRob/install/package_master_interfaces/include/package_master_interfaces/package_master_interfaces
[25.677s] -- Up-to-date: /home/rouillon/ProRob/install/package_master_interfaces/include/package_master_interfaces/package_master_interfaces/msg
[25.677s] -- Up-to-date: /home/rouillon/ProRob/install/package_master_interfaces/include/package_master_interfaces/package_master_interfaces/msg/detail
[25.677s] -- Installing: /home/rouillon/ProRob/install/package_master_interfaces/include/package_master_interfaces/package_master_interfaces/msg/detail/num__rosidl_typesupport_fastrtps_c.h
[25.678s] -- Up-to-date: /home/rouillon/ProRob/install/package_master_interfaces/include/package_master_interfaces/package_master_interfaces/msg/rosidl_typesupport_fastrtps_c__visibility_control.h
[25.678s] -- Up-to-date: /home/rouillon/ProRob/install/package_master_interfaces/include/package_master_interfaces/package_master_interfaces/srv
[25.679s] -- Up-to-date: /home/rouillon/ProRob/install/package_master_interfaces/include/package_master_interfaces/package_master_interfaces/srv/detail
[25.679s] -- Installing: /home/rouillon/ProRob/install/package_master_interfaces/include/package_master_interfaces/package_master_interfaces/srv/detail/add_three_ints__rosidl_typesupport_fastrtps_c.h
[25.679s] -- Installing: /home/rouillon/ProRob/install/package_master_interfaces/include/package_master_interfaces/package_master_interfaces/srv/detail/robot_positions__rosidl_typesupport_fastrtps_c.h
[25.680s] -- Installing: /home/rouillon/ProRob/install/package_master_interfaces/include/package_master_interfaces/package_master_interfaces/srv/detail/send_positions__rosidl_typesupport_fastrtps_c.h
[25.680s] -- Installing: /home/rouillon/ProRob/install/package_master_interfaces/lib/libpackage_master_interfaces__rosidl_typesupport_fastrtps_c.so
[25.681s] -- Set runtime path of "/home/rouillon/ProRob/install/package_master_interfaces/lib/libpackage_master_interfaces__rosidl_typesupport_fastrtps_c.so" to ""
[25.682s] -- Up-to-date: /home/rouillon/ProRob/install/package_master_interfaces/include/package_master_interfaces/package_master_interfaces
[25.682s] -- Up-to-date: /home/rouillon/ProRob/install/package_master_interfaces/include/package_master_interfaces/package_master_interfaces/msg
[25.682s] -- Up-to-date: /home/rouillon/ProRob/install/package_master_interfaces/include/package_master_interfaces/package_master_interfaces/msg/detail
[25.683s] -- Installing: /home/rouillon/ProRob/install/package_master_interfaces/include/package_master_interfaces/package_master_interfaces/msg/detail/num__type_support.c
[25.684s] -- Installing: /home/rouillon/ProRob/install/package_master_interfaces/include/package_master_interfaces/package_master_interfaces/msg/detail/num__rosidl_typesupport_introspection_c.h
[25.684s] -- Up-to-date: /home/rouillon/ProRob/install/package_master_interfaces/include/package_master_interfaces/package_master_interfaces/msg/rosidl_typesupport_introspection_c__visibility_control.h
[25.685s] -- Up-to-date: /home/rouillon/ProRob/install/package_master_interfaces/include/package_master_interfaces/package_master_interfaces/srv
[25.685s] -- Up-to-date: /home/rouillon/ProRob/install/package_master_interfaces/include/package_master_interfaces/package_master_interfaces/srv/detail
[25.686s] -- Installing: /home/rouillon/ProRob/install/package_master_interfaces/include/package_master_interfaces/package_master_interfaces/srv/detail/send_positions__rosidl_typesupport_introspection_c.h
[25.686s] -- Installing: /home/rouillon/ProRob/install/package_master_interfaces/include/package_master_interfaces/package_master_interfaces/srv/detail/add_three_ints__type_support.c
[25.686s] -- Installing: /home/rouillon/ProRob/install/package_master_interfaces/include/package_master_interfaces/package_master_interfaces/srv/detail/robot_positions__type_support.c
[25.687s] -- Installing: /home/rouillon/ProRob/install/package_master_interfaces/include/package_master_interfaces/package_master_interfaces/srv/detail/add_three_ints__rosidl_typesupport_introspection_c.h
[25.687s] -- Installing: /home/rouillon/ProRob/install/package_master_interfaces/include/package_master_interfaces/package_master_interfaces/srv/detail/send_positions__type_support.c
[25.687s] -- Installing: /home/rouillon/ProRob/install/package_master_interfaces/include/package_master_interfaces/package_master_interfaces/srv/detail/robot_positions__rosidl_typesupport_introspection_c.h
[25.689s] -- Installing: /home/rouillon/ProRob/install/package_master_interfaces/lib/libpackage_master_interfaces__rosidl_typesupport_introspection_c.so
[25.691s] -- Set runtime path of "/home/rouillon/ProRob/install/package_master_interfaces/lib/libpackage_master_interfaces__rosidl_typesupport_introspection_c.so" to ""
[25.693s] -- Installing: /home/rouillon/ProRob/install/package_master_interfaces/lib/libpackage_master_interfaces__rosidl_typesupport_c.so
[25.694s] -- Set runtime path of "/home/rouillon/ProRob/install/package_master_interfaces/lib/libpackage_master_interfaces__rosidl_typesupport_c.so" to ""
[25.694s] -- Up-to-date: /home/rouillon/ProRob/install/package_master_interfaces/include/package_master_interfaces/package_master_interfaces
[25.695s] -- Up-to-date: /home/rouillon/ProRob/install/package_master_interfaces/include/package_master_interfaces/package_master_interfaces/msg
[25.695s] -- Up-to-date: /home/rouillon/ProRob/install/package_master_interfaces/include/package_master_interfaces/package_master_interfaces/msg/detail
[25.695s] -- Installing: /home/rouillon/ProRob/install/package_master_interfaces/include/package_master_interfaces/package_master_interfaces/msg/detail/num__type_support.hpp
[25.695s] -- Installing: /home/rouillon/ProRob/install/package_master_interfaces/include/package_master_interfaces/package_master_interfaces/msg/detail/num__struct.hpp
[25.696s] -- Installing: /home/rouillon/ProRob/install/package_master_interfaces/include/package_master_interfaces/package_master_interfaces/msg/detail/num__builder.hpp
[25.696s] -- Installing: /home/rouillon/ProRob/install/package_master_interfaces/include/package_master_interfaces/package_master_interfaces/msg/detail/num__traits.hpp
[25.696s] -- Installing: /home/rouillon/ProRob/install/package_master_interfaces/include/package_master_interfaces/package_master_interfaces/msg/num.hpp
[25.697s] -- Up-to-date: /home/rouillon/ProRob/install/package_master_interfaces/include/package_master_interfaces/package_master_interfaces/msg/rosidl_generator_cpp__visibility_control.hpp
[25.697s] -- Up-to-date: /home/rouillon/ProRob/install/package_master_interfaces/include/package_master_interfaces/package_master_interfaces/srv
[25.698s] -- Installing: /home/rouillon/ProRob/install/package_master_interfaces/include/package_master_interfaces/package_master_interfaces/srv/send_positions.hpp
[25.698s] -- Up-to-date: /home/rouillon/ProRob/install/package_master_interfaces/include/package_master_interfaces/package_master_interfaces/srv/detail
[25.698s] -- Installing: /home/rouillon/ProRob/install/package_master_interfaces/include/package_master_interfaces/package_master_interfaces/srv/detail/robot_positions__struct.hpp
[25.698s] -- Installing: /home/rouillon/ProRob/install/package_master_interfaces/include/package_master_interfaces/package_master_interfaces/srv/detail/robot_positions__builder.hpp
[25.699s] -- Installing: /home/rouillon/ProRob/install/package_master_interfaces/include/package_master_interfaces/package_master_interfaces/srv/detail/robot_positions__type_support.hpp
[25.699s] -- Installing: /home/rouillon/ProRob/install/package_master_interfaces/include/package_master_interfaces/package_master_interfaces/srv/detail/add_three_ints__struct.hpp
[25.699s] -- Installing: /home/rouillon/ProRob/install/package_master_interfaces/include/package_master_interfaces/package_master_interfaces/srv/detail/robot_positions__traits.hpp
[25.699s] -- Installing: /home/rouillon/ProRob/install/package_master_interfaces/include/package_master_interfaces/package_master_interfaces/srv/detail/send_positions__traits.hpp
[25.700s] -- Installing: /home/rouillon/ProRob/install/package_master_interfaces/include/package_master_interfaces/package_master_interfaces/srv/detail/add_three_ints__type_support.hpp
[25.700s] -- Installing: /home/rouillon/ProRob/install/package_master_interfaces/include/package_master_interfaces/package_master_interfaces/srv/detail/send_positions__type_support.hpp
[25.700s] -- Installing: /home/rouillon/ProRob/install/package_master_interfaces/include/package_master_interfaces/package_master_interfaces/srv/detail/send_positions__struct.hpp
[25.701s] -- Installing: /home/rouillon/ProRob/install/package_master_interfaces/include/package_master_interfaces/package_master_interfaces/srv/detail/add_three_ints__traits.hpp
[25.701s] -- Installing: /home/rouillon/ProRob/install/package_master_interfaces/include/package_master_interfaces/package_master_interfaces/srv/detail/add_three_ints__builder.hpp
[25.701s] -- Installing: /home/rouillon/ProRob/install/package_master_interfaces/include/package_master_interfaces/package_master_interfaces/srv/detail/send_positions__builder.hpp
[25.701s] -- Installing: /home/rouillon/ProRob/install/package_master_interfaces/include/package_master_interfaces/package_master_interfaces/srv/add_three_ints.hpp
[25.702s] -- Installing: /home/rouillon/ProRob/install/package_master_interfaces/include/package_master_interfaces/package_master_interfaces/srv/robot_positions.hpp
[25.702s] -- Up-to-date: /home/rouillon/ProRob/install/package_master_interfaces/include/package_master_interfaces/package_master_interfaces
[25.702s] -- Up-to-date: /home/rouillon/ProRob/install/package_master_interfaces/include/package_master_interfaces/package_master_interfaces/msg
[25.703s] -- Up-to-date: /home/rouillon/ProRob/install/package_master_interfaces/include/package_master_interfaces/package_master_interfaces/msg/detail
[25.703s] -- Installing: /home/rouillon/ProRob/install/package_master_interfaces/include/package_master_interfaces/package_master_interfaces/msg/detail/num__rosidl_typesupport_fastrtps_cpp.hpp
[25.703s] -- Up-to-date: /home/rouillon/ProRob/install/package_master_interfaces/include/package_master_interfaces/package_master_interfaces/msg/detail/dds_fastrtps
[25.703s] -- Up-to-date: /home/rouillon/ProRob/install/package_master_interfaces/include/package_master_interfaces/package_master_interfaces/msg/rosidl_typesupport_fastrtps_cpp__visibility_control.h
[25.703s] -- Up-to-date: /home/rouillon/ProRob/install/package_master_interfaces/include/package_master_interfaces/package_master_interfaces/srv
[25.703s] -- Up-to-date: /home/rouillon/ProRob/install/package_master_interfaces/include/package_master_interfaces/package_master_interfaces/srv/detail
[25.704s] -- Installing: /home/rouillon/ProRob/install/package_master_interfaces/include/package_master_interfaces/package_master_interfaces/srv/detail/add_three_ints__rosidl_typesupport_fastrtps_cpp.hpp
[25.704s] -- Installing: /home/rouillon/ProRob/install/package_master_interfaces/include/package_master_interfaces/package_master_interfaces/srv/detail/robot_positions__rosidl_typesupport_fastrtps_cpp.hpp
[25.705s] -- Up-to-date: /home/rouillon/ProRob/install/package_master_interfaces/include/package_master_interfaces/package_master_interfaces/srv/detail/dds_fastrtps
[25.705s] -- Installing: /home/rouillon/ProRob/install/package_master_interfaces/include/package_master_interfaces/package_master_interfaces/srv/detail/send_positions__rosidl_typesupport_fastrtps_cpp.hpp
[25.706s] -- Installing: /home/rouillon/ProRob/install/package_master_interfaces/lib/libpackage_master_interfaces__rosidl_typesupport_fastrtps_cpp.so
[25.707s] -- Set runtime path of "/home/rouillon/ProRob/install/package_master_interfaces/lib/libpackage_master_interfaces__rosidl_typesupport_fastrtps_cpp.so" to ""
[25.708s] -- Up-to-date: /home/rouillon/ProRob/install/package_master_interfaces/include/package_master_interfaces/package_master_interfaces
[25.708s] -- Up-to-date: /home/rouillon/ProRob/install/package_master_interfaces/include/package_master_interfaces/package_master_interfaces/msg
[25.708s] -- Up-to-date: /home/rouillon/ProRob/install/package_master_interfaces/include/package_master_interfaces/package_master_interfaces/msg/detail
[25.708s] -- Installing: /home/rouillon/ProRob/install/package_master_interfaces/include/package_master_interfaces/package_master_interfaces/msg/detail/num__rosidl_typesupport_introspection_cpp.hpp
[25.709s] -- Installing: /home/rouillon/ProRob/install/package_master_interfaces/include/package_master_interfaces/package_master_interfaces/msg/detail/num__type_support.cpp
[25.709s] -- Up-to-date: /home/rouillon/ProRob/install/package_master_interfaces/include/package_master_interfaces/package_master_interfaces/srv
[25.709s] -- Up-to-date: /home/rouillon/ProRob/install/package_master_interfaces/include/package_master_interfaces/package_master_interfaces/srv/detail
[25.710s] -- Installing: /home/rouillon/ProRob/install/package_master_interfaces/include/package_master_interfaces/package_master_interfaces/srv/detail/robot_positions__rosidl_typesupport_introspection_cpp.hpp
[25.710s] -- Installing: /home/rouillon/ProRob/install/package_master_interfaces/include/package_master_interfaces/package_master_interfaces/srv/detail/add_three_ints__type_support.cpp
[25.710s] -- Installing: /home/rouillon/ProRob/install/package_master_interfaces/include/package_master_interfaces/package_master_interfaces/srv/detail/send_positions__rosidl_typesupport_introspection_cpp.hpp
[25.711s] -- Installing: /home/rouillon/ProRob/install/package_master_interfaces/include/package_master_interfaces/package_master_interfaces/srv/detail/robot_positions__type_support.cpp
[25.711s] -- Installing: /home/rouillon/ProRob/install/package_master_interfaces/include/package_master_interfaces/package_master_interfaces/srv/detail/add_three_ints__rosidl_typesupport_introspection_cpp.hpp
[25.712s] -- Installing: /home/rouillon/ProRob/install/package_master_interfaces/include/package_master_interfaces/package_master_interfaces/srv/detail/send_positions__type_support.cpp
[25.714s] -- Installing: /home/rouillon/ProRob/install/package_master_interfaces/lib/libpackage_master_interfaces__rosidl_typesupport_introspection_cpp.so
[25.715s] -- Set runtime path of "/home/rouillon/ProRob/install/package_master_interfaces/lib/libpackage_master_interfaces__rosidl_typesupport_introspection_cpp.so" to ""
[25.717s] -- Installing: /home/rouillon/ProRob/install/package_master_interfaces/lib/libpackage_master_interfaces__rosidl_typesupport_cpp.so
[25.718s] -- Set runtime path of "/home/rouillon/ProRob/install/package_master_interfaces/lib/libpackage_master_interfaces__rosidl_typesupport_cpp.so" to ""
[25.719s] -- Up-to-date: /home/rouillon/ProRob/install/package_master_interfaces/share/package_master_interfaces/environment/pythonpath.sh
[25.719s] -- Installing: /home/rouillon/ProRob/install/package_master_interfaces/share/package_master_interfaces/environment/pythonpath.dsv
[25.722s] -- Up-to-date: /home/rouillon/ProRob/install/package_master_interfaces/local/lib/python3.10/dist-packages/package_master_interfaces-0.0.0-py3.10.egg-info
[25.722s] -- Installing: /home/rouillon/ProRob/install/package_master_interfaces/local/lib/python3.10/dist-packages/package_master_interfaces-0.0.0-py3.10.egg-info/SOURCES.txt
[25.723s] -- Installing: /home/rouillon/ProRob/install/package_master_interfaces/local/lib/python3.10/dist-packages/package_master_interfaces-0.0.0-py3.10.egg-info/PKG-INFO
[25.723s] -- Installing: /home/rouillon/ProRob/install/package_master_interfaces/local/lib/python3.10/dist-packages/package_master_interfaces-0.0.0-py3.10.egg-info/dependency_links.txt
[25.724s] -- Installing: /home/rouillon/ProRob/install/package_master_interfaces/local/lib/python3.10/dist-packages/package_master_interfaces-0.0.0-py3.10.egg-info/top_level.txt
[25.724s] -- Up-to-date: /home/rouillon/ProRob/install/package_master_interfaces/local/lib/python3.10/dist-packages/package_master_interfaces
[25.725s] -- Up-to-date: /home/rouillon/ProRob/install/package_master_interfaces/local/lib/python3.10/dist-packages/package_master_interfaces/msg
[25.726s] -- Installing: /home/rouillon/ProRob/install/package_master_interfaces/local/lib/python3.10/dist-packages/package_master_interfaces/msg/_num.py
[25.726s] -- Installing: /home/rouillon/ProRob/install/package_master_interfaces/local/lib/python3.10/dist-packages/package_master_interfaces/msg/_num_s.c
[25.726s] -- Installing: /home/rouillon/ProRob/install/package_master_interfaces/local/lib/python3.10/dist-packages/package_master_interfaces/msg/__init__.py
[25.727s] -- Installing: /home/rouillon/ProRob/install/package_master_interfaces/local/lib/python3.10/dist-packages/package_master_interfaces/package_master_interfaces_s__rosidl_typesupport_c.cpython-310-x86_64-linux-gnu.so
[25.727s] -- Installing: /home/rouillon/ProRob/install/package_master_interfaces/local/lib/python3.10/dist-packages/package_master_interfaces/_package_master_interfaces_s.ep.rosidl_typesupport_fastrtps_c.c
[25.727s] -- Installing: /home/rouillon/ProRob/install/package_master_interfaces/local/lib/python3.10/dist-packages/package_master_interfaces/_package_master_interfaces_s.ep.rosidl_typesupport_introspection_c.c
[25.728s] -- Installing: /home/rouillon/ProRob/install/package_master_interfaces/local/lib/python3.10/dist-packages/package_master_interfaces/package_master_interfaces_s__rosidl_typesupport_introspection_c.cpython-310-x86_64-linux-gnu.so
[25.729s] -- Up-to-date: /home/rouillon/ProRob/install/package_master_interfaces/local/lib/python3.10/dist-packages/package_master_interfaces/srv
[25.729s] -- Installing: /home/rouillon/ProRob/install/package_master_interfaces/local/lib/python3.10/dist-packages/package_master_interfaces/srv/_add_three_ints_s.c
[25.729s] -- Installing: /home/rouillon/ProRob/install/package_master_interfaces/local/lib/python3.10/dist-packages/package_master_interfaces/srv/_send_positions_s.c
[25.730s] -- Installing: /home/rouillon/ProRob/install/package_master_interfaces/local/lib/python3.10/dist-packages/package_master_interfaces/srv/_send_positions.py
[25.730s] -- Installing: /home/rouillon/ProRob/install/package_master_interfaces/local/lib/python3.10/dist-packages/package_master_interfaces/srv/_robot_positions.py
[25.730s] -- Installing: /home/rouillon/ProRob/install/package_master_interfaces/local/lib/python3.10/dist-packages/package_master_interfaces/srv/__init__.py
[25.731s] -- Installing: /home/rouillon/ProRob/install/package_master_interfaces/local/lib/python3.10/dist-packages/package_master_interfaces/srv/_robot_positions_s.c
[25.731s] -- Installing: /home/rouillon/ProRob/install/package_master_interfaces/local/lib/python3.10/dist-packages/package_master_interfaces/srv/_add_three_ints.py
[25.732s] -- Installing: /home/rouillon/ProRob/install/package_master_interfaces/local/lib/python3.10/dist-packages/package_master_interfaces/libpackage_master_interfaces__rosidl_generator_py.so
[25.732s] -- Installing: /home/rouillon/ProRob/install/package_master_interfaces/local/lib/python3.10/dist-packages/package_master_interfaces/package_master_interfaces_s__rosidl_typesupport_fastrtps_c.cpython-310-x86_64-linux-gnu.so
[25.733s] -- Installing: /home/rouillon/ProRob/install/package_master_interfaces/local/lib/python3.10/dist-packages/package_master_interfaces/_package_master_interfaces_s.ep.rosidl_typesupport_c.c
[25.733s] -- Installing: /home/rouillon/ProRob/install/package_master_interfaces/local/lib/python3.10/dist-packages/package_master_interfaces/__init__.py
[25.857s] Listing '/home/rouillon/ProRob/install/package_master_interfaces/local/lib/python3.10/dist-packages/package_master_interfaces'...
[25.858s] Compiling '/home/rouillon/ProRob/install/package_master_interfaces/local/lib/python3.10/dist-packages/package_master_interfaces/__init__.py'...
[25.858s] Listing '/home/rouillon/ProRob/install/package_master_interfaces/local/lib/python3.10/dist-packages/package_master_interfaces/msg'...
[25.858s] Compiling '/home/rouillon/ProRob/install/package_master_interfaces/local/lib/python3.10/dist-packages/package_master_interfaces/msg/__init__.py'...
[25.858s] Compiling '/home/rouillon/ProRob/install/package_master_interfaces/local/lib/python3.10/dist-packages/package_master_interfaces/msg/_num.py'...
[25.859s] Listing '/home/rouillon/ProRob/install/package_master_interfaces/local/lib/python3.10/dist-packages/package_master_interfaces/srv'...
[25.859s] Compiling '/home/rouillon/ProRob/install/package_master_interfaces/local/lib/python3.10/dist-packages/package_master_interfaces/srv/__init__.py'...
[25.859s] Compiling '/home/rouillon/ProRob/install/package_master_interfaces/local/lib/python3.10/dist-packages/package_master_interfaces/srv/_add_three_ints.py'...
[25.860s] Compiling '/home/rouillon/ProRob/install/package_master_interfaces/local/lib/python3.10/dist-packages/package_master_interfaces/srv/_robot_positions.py'...
[25.860s] Compiling '/home/rouillon/ProRob/install/package_master_interfaces/local/lib/python3.10/dist-packages/package_master_interfaces/srv/_send_positions.py'...
[25.873s] -- Installing: /home/rouillon/ProRob/install/package_master_interfaces/local/lib/python3.10/dist-packages/package_master_interfaces/package_master_interfaces_s__rosidl_typesupport_fastrtps_c.cpython-310-x86_64-linux-gnu.so
[25.874s] -- Set runtime path of "/home/rouillon/ProRob/install/package_master_interfaces/local/lib/python3.10/dist-packages/package_master_interfaces/package_master_interfaces_s__rosidl_typesupport_fastrtps_c.cpython-310-x86_64-linux-gnu.so" to ""
[25.874s] -- Installing: /home/rouillon/ProRob/install/package_master_interfaces/local/lib/python3.10/dist-packages/package_master_interfaces/package_master_interfaces_s__rosidl_typesupport_introspection_c.cpython-310-x86_64-linux-gnu.so
[25.877s] -- Set runtime path of "/home/rouillon/ProRob/install/package_master_interfaces/local/lib/python3.10/dist-packages/package_master_interfaces/package_master_interfaces_s__rosidl_typesupport_introspection_c.cpython-310-x86_64-linux-gnu.so" to ""
[25.877s] -- Installing: /home/rouillon/ProRob/install/package_master_interfaces/local/lib/python3.10/dist-packages/package_master_interfaces/package_master_interfaces_s__rosidl_typesupport_c.cpython-310-x86_64-linux-gnu.so
[25.878s] -- Set runtime path of "/home/rouillon/ProRob/install/package_master_interfaces/local/lib/python3.10/dist-packages/package_master_interfaces/package_master_interfaces_s__rosidl_typesupport_c.cpython-310-x86_64-linux-gnu.so" to ""
[25.880s] -- Installing: /home/rouillon/ProRob/install/package_master_interfaces/lib/libpackage_master_interfaces__rosidl_generator_py.so
[25.881s] -- Set runtime path of "/home/rouillon/ProRob/install/package_master_interfaces/lib/libpackage_master_interfaces__rosidl_generator_py.so" to ""
[25.881s] -- Up-to-date: /home/rouillon/ProRob/install/package_master_interfaces/share/package_master_interfaces/msg/Num.idl
[25.882s] -- Up-to-date: /home/rouillon/ProRob/install/package_master_interfaces/share/package_master_interfaces/srv/AddThreeInts.idl
[25.883s] -- Up-to-date: /home/rouillon/ProRob/install/package_master_interfaces/share/package_master_interfaces/srv/RobotPositions.idl
[25.884s] -- Installing: /home/rouillon/ProRob/install/package_master_interfaces/share/package_master_interfaces/srv/SendPositions.idl
[25.884s] -- Up-to-date: /home/rouillon/ProRob/install/package_master_interfaces/share/package_master_interfaces/msg/Num.msg
[25.884s] -- Up-to-date: /home/rouillon/ProRob/install/package_master_interfaces/share/package_master_interfaces/srv/AddThreeInts.srv
[25.884s] -- Up-to-date: /home/rouillon/ProRob/install/package_master_interfaces/share/package_master_interfaces/srv/AddThreeInts_Request.msg
[25.884s] -- Up-to-date: /home/rouillon/ProRob/install/package_master_interfaces/share/package_master_interfaces/srv/AddThreeInts_Response.msg
[25.885s] -- Up-to-date: /home/rouillon/ProRob/install/package_master_interfaces/share/package_master_interfaces/srv/RobotPositions.srv
[25.885s] -- Up-to-date: /home/rouillon/ProRob/install/package_master_interfaces/share/package_master_interfaces/srv/RobotPositions_Request.msg
[25.885s] -- Up-to-date: /home/rouillon/ProRob/install/package_master_interfaces/share/package_master_interfaces/srv/RobotPositions_Response.msg
[25.886s] -- Installing: /home/rouillon/ProRob/install/package_master_interfaces/share/package_master_interfaces/srv/SendPositions.srv
[25.886s] -- Installing: /home/rouillon/ProRob/install/package_master_interfaces/share/package_master_interfaces/srv/SendPositions_Request.msg
[25.886s] -- Installing: /home/rouillon/ProRob/install/package_master_interfaces/share/package_master_interfaces/srv/SendPositions_Response.msg
[25.887s] -- Up-to-date: /home/rouillon/ProRob/install/package_master_interfaces/share/ament_index/resource_index/package_run_dependencies/package_master_interfaces
[25.887s] -- Installing: /home/rouillon/ProRob/install/package_master_interfaces/share/ament_index/resource_index/parent_prefix_path/package_master_interfaces
[25.887s] -- Up-to-date: /home/rouillon/ProRob/install/package_master_interfaces/share/package_master_interfaces/environment/ament_prefix_path.sh
[25.887s] -- Installing: /home/rouillon/ProRob/install/package_master_interfaces/share/package_master_interfaces/environment/ament_prefix_path.dsv
[25.888s] -- Up-to-date: /home/rouillon/ProRob/install/package_master_interfaces/share/package_master_interfaces/environment/path.sh
[25.888s] -- Installing: /home/rouillon/ProRob/install/package_master_interfaces/share/package_master_interfaces/environment/path.dsv
[25.889s] -- Up-to-date: /home/rouillon/ProRob/install/package_master_interfaces/share/package_master_interfaces/local_setup.bash
[25.889s] -- Up-to-date: /home/rouillon/ProRob/install/package_master_interfaces/share/package_master_interfaces/local_setup.sh
[25.889s] -- Up-to-date: /home/rouillon/ProRob/install/package_master_interfaces/share/package_master_interfaces/local_setup.zsh
[25.889s] -- Installing: /home/rouillon/ProRob/install/package_master_interfaces/share/package_master_interfaces/local_setup.dsv
[25.890s] -- Installing: /home/rouillon/ProRob/install/package_master_interfaces/share/package_master_interfaces/package.dsv
[25.890s] -- Up-to-date: /home/rouillon/ProRob/install/package_master_interfaces/share/ament_index/resource_index/packages/package_master_interfaces
[25.892s] -- Up-to-date: /home/rouillon/ProRob/install/package_master_interfaces/share/package_master_interfaces/cmake/export_package_master_interfaces__rosidl_generator_cExport.cmake
[25.892s] -- Up-to-date: /home/rouillon/ProRob/install/package_master_interfaces/share/package_master_interfaces/cmake/export_package_master_interfaces__rosidl_generator_cExport-noconfig.cmake
[25.893s] -- Up-to-date: /home/rouillon/ProRob/install/package_master_interfaces/share/package_master_interfaces/cmake/export_package_master_interfaces__rosidl_typesupport_fastrtps_cExport.cmake
[25.893s] -- Up-to-date: /home/rouillon/ProRob/install/package_master_interfaces/share/package_master_interfaces/cmake/export_package_master_interfaces__rosidl_typesupport_fastrtps_cExport-noconfig.cmake
[25.894s] -- Up-to-date: /home/rouillon/ProRob/install/package_master_interfaces/share/package_master_interfaces/cmake/package_master_interfaces__rosidl_typesupport_introspection_cExport.cmake
[25.894s] -- Up-to-date: /home/rouillon/ProRob/install/package_master_interfaces/share/package_master_interfaces/cmake/package_master_interfaces__rosidl_typesupport_introspection_cExport-noconfig.cmake
[25.895s] -- Up-to-date: /home/rouillon/ProRob/install/package_master_interfaces/share/package_master_interfaces/cmake/package_master_interfaces__rosidl_typesupport_cExport.cmake
[25.895s] -- Up-to-date: /home/rouillon/ProRob/install/package_master_interfaces/share/package_master_interfaces/cmake/package_master_interfaces__rosidl_typesupport_cExport-noconfig.cmake
[25.896s] -- Up-to-date: /home/rouillon/ProRob/install/package_master_interfaces/share/package_master_interfaces/cmake/export_package_master_interfaces__rosidl_generator_cppExport.cmake
[25.897s] -- Up-to-date: /home/rouillon/ProRob/install/package_master_interfaces/share/package_master_interfaces/cmake/export_package_master_interfaces__rosidl_typesupport_fastrtps_cppExport.cmake
[25.897s] -- Up-to-date: /home/rouillon/ProRob/install/package_master_interfaces/share/package_master_interfaces/cmake/export_package_master_interfaces__rosidl_typesupport_fastrtps_cppExport-noconfig.cmake
[25.898s] -- Up-to-date: /home/rouillon/ProRob/install/package_master_interfaces/share/package_master_interfaces/cmake/package_master_interfaces__rosidl_typesupport_introspection_cppExport.cmake
[25.899s] -- Up-to-date: /home/rouillon/ProRob/install/package_master_interfaces/share/package_master_interfaces/cmake/package_master_interfaces__rosidl_typesupport_introspection_cppExport-noconfig.cmake
[25.899s] -- Up-to-date: /home/rouillon/ProRob/install/package_master_interfaces/share/package_master_interfaces/cmake/package_master_interfaces__rosidl_typesupport_cppExport.cmake
[25.900s] -- Up-to-date: /home/rouillon/ProRob/install/package_master_interfaces/share/package_master_interfaces/cmake/package_master_interfaces__rosidl_typesupport_cppExport-noconfig.cmake
[25.900s] -- Up-to-date: /home/rouillon/ProRob/install/package_master_interfaces/share/package_master_interfaces/cmake/export_package_master_interfaces__rosidl_generator_pyExport.cmake
[25.900s] -- Up-to-date: /home/rouillon/ProRob/install/package_master_interfaces/share/package_master_interfaces/cmake/export_package_master_interfaces__rosidl_generator_pyExport-noconfig.cmake
[25.901s] -- Installing: /home/rouillon/ProRob/install/package_master_interfaces/share/package_master_interfaces/cmake/rosidl_cmake-extras.cmake
[25.901s] -- Up-to-date: /home/rouillon/ProRob/install/package_master_interfaces/share/package_master_interfaces/cmake/ament_cmake_export_include_directories-extras.cmake
[25.901s] -- Up-to-date: /home/rouillon/ProRob/install/package_master_interfaces/share/package_master_interfaces/cmake/ament_cmake_export_libraries-extras.cmake
[25.902s] -- Up-to-date: /home/rouillon/ProRob/install/package_master_interfaces/share/package_master_interfaces/cmake/ament_cmake_export_targets-extras.cmake
[25.902s] -- Up-to-date: /home/rouillon/ProRob/install/package_master_interfaces/share/package_master_interfaces/cmake/rosidl_cmake_export_typesupport_targets-extras.cmake
[25.902s] -- Up-to-date: /home/rouillon/ProRob/install/package_master_interfaces/share/package_master_interfaces/cmake/ament_cmake_export_dependencies-extras.cmake
[25.902s] -- Up-to-date: /home/rouillon/ProRob/install/package_master_interfaces/share/package_master_interfaces/cmake/rosidl_cmake_export_typesupport_libraries-extras.cmake
[25.903s] -- Up-to-date: /home/rouillon/ProRob/install/package_master_interfaces/share/package_master_interfaces/cmake/package_master_interfacesConfig.cmake
[25.903s] -- Up-to-date: /home/rouillon/ProRob/install/package_master_interfaces/share/package_master_interfaces/cmake/package_master_interfacesConfig-version.cmake
[25.903s] -- Up-to-date: /home/rouillon/ProRob/install/package_master_interfaces/share/package_master_interfaces/package.xml
[25.908s] Invoked command in '/home/rouillon/ProRob/build/package_master_interfaces' returned '0': CMAKE_PREFIX_PATH=/opt/ros/humble /usr/bin/cmake --install /home/rouillon/ProRob/build/package_master_interfaces
