[1.841s] Invoking command in '/home/rouillon/ProRob/src/package_master': PYTHONPATH=/home/rouillon/ProRob/src/package_master/build/package_master/prefix_override:/usr/lib/python3/dist-packages/colcon_core/task/python/colcon_distutils_commands:/home/rouillon/ProRob/src/package_master/install/package_master/lib/python3.10/site-packages:${PYTHONPATH} /usr/bin/python3 -W ignore:setup.py install is deprecated -W ignore:easy_install command is deprecated setup.py egg_info --egg-base build/package_master build --build-base /home/rouillon/ProRob/src/package_master/build/package_master/build install --record /home/rouillon/ProRob/src/package_master/build/package_master/install.log --single-version-externally-managed install_data
[2.581s] running egg_info
[2.584s] writing build/package_master/package_master.egg-info/PKG-INFO
[2.584s] writing dependency_links to build/package_master/package_master.egg-info/dependency_links.txt
[2.585s] writing entry points to build/package_master/package_master.egg-info/entry_points.txt
[2.586s] writing requirements to build/package_master/package_master.egg-info/requires.txt
[2.586s] writing top-level names to build/package_master/package_master.egg-info/top_level.txt
[2.595s] reading manifest file 'build/package_master/package_master.egg-info/SOURCES.txt'
[2.598s] writing manifest file 'build/package_master/package_master.egg-info/SOURCES.txt'
[2.599s] running build
[2.600s] running build_py
[2.600s] copying package_master/service_member_function.py -> /home/rouillon/ProRob/src/package_master/build/package_master/build/lib/package_master
[2.600s] copying package_master/master_node.py -> /home/rouillon/ProRob/src/package_master/build/package_master/build/lib/package_master
[2.601s] running install
[2.603s] running install_lib
[2.605s] copying /home/rouillon/ProRob/src/package_master/build/package_master/build/lib/package_master/service_member_function.py -> /home/rouillon/ProRob/src/package_master/install/package_master/lib/python3.10/site-packages/package_master
[2.606s] copying /home/rouillon/ProRob/src/package_master/build/package_master/build/lib/package_master/master_node.py -> /home/rouillon/ProRob/src/package_master/install/package_master/lib/python3.10/site-packages/package_master
[2.607s] byte-compiling /home/rouillon/ProRob/src/package_master/install/package_master/lib/python3.10/site-packages/package_master/service_member_function.py to service_member_function.cpython-310.pyc
[2.609s] byte-compiling /home/rouillon/ProRob/src/package_master/install/package_master/lib/python3.10/site-packages/package_master/master_node.py to master_node.cpython-310.pyc
[2.611s] running install_data
[2.612s] running install_egg_info
[2.619s] removing '/home/rouillon/ProRob/src/package_master/install/package_master/lib/python3.10/site-packages/package_master-0.0.0-py3.10.egg-info' (and everything under it)
[2.622s] Copying build/package_master/package_master.egg-info to /home/rouillon/ProRob/src/package_master/install/package_master/lib/python3.10/site-packages/package_master-0.0.0-py3.10.egg-info
[2.627s] running install_scripts
[2.686s] Installing client script to /home/rouillon/ProRob/src/package_master/install/package_master/lib/package_master
[2.687s] Installing service_test = package_master.service_member_function:mainservice_node script to /home/rouillon/ProRob/src/package_master/install/package_master/lib/package_master
[2.688s] writing list of installed files to '/home/rouillon/ProRob/src/package_master/build/package_master/install.log'
[2.732s] Invoked command in '/home/rouillon/ProRob/src/package_master' returned '0': PYTHONPATH=/home/rouillon/ProRob/src/package_master/build/package_master/prefix_override:/usr/lib/python3/dist-packages/colcon_core/task/python/colcon_distutils_commands:/home/rouillon/ProRob/src/package_master/install/package_master/lib/python3.10/site-packages:${PYTHONPATH} /usr/bin/python3 -W ignore:setup.py install is deprecated -W ignore:easy_install command is deprecated setup.py egg_info --egg-base build/package_master build --build-base /home/rouillon/ProRob/src/package_master/build/package_master/build install --record /home/rouillon/ProRob/src/package_master/build/package_master/install.log --single-version-externally-managed install_data
