[1.255s] Invoking command in '/home/rouillon/ProRob/src/package_master': PYTHONPATH=/home/rouillon/ProRob/src/package_master/build/package_master/prefix_override:/usr/lib/python3/dist-packages/colcon_core/task/python/colcon_distutils_commands:/home/rouillon/ProRob/src/package_master/install/package_master/lib/python3.10/site-packages:${PYTHONPATH} /usr/bin/python3 -W ignore:setup.py install is deprecated -W ignore:easy_install command is deprecated setup.py egg_info --egg-base build/package_master build --build-base /home/rouillon/ProRob/src/package_master/build/package_master/build install --record /home/rouillon/ProRob/src/package_master/build/package_master/install.log --single-version-externally-managed install_data
[1.748s] running egg_info
[1.751s] creating build/package_master/package_master.egg-info
[1.751s] writing build/package_master/package_master.egg-info/PKG-INFO
[1.751s] writing dependency_links to build/package_master/package_master.egg-info/dependency_links.txt
[1.751s] writing entry points to build/package_master/package_master.egg-info/entry_points.txt
[1.751s] writing requirements to build/package_master/package_master.egg-info/requires.txt
[1.751s] writing top-level names to build/package_master/package_master.egg-info/top_level.txt
[1.751s] writing manifest file 'build/package_master/package_master.egg-info/SOURCES.txt'
[1.754s] reading manifest file 'build/package_master/package_master.egg-info/SOURCES.txt'
[1.757s] writing manifest file 'build/package_master/package_master.egg-info/SOURCES.txt'
[1.757s] running build
[1.757s] running build_py
[1.757s] creating /home/rouillon/ProRob/src/package_master/build/package_master/build
[1.757s] creating /home/rouillon/ProRob/src/package_master/build/package_master/build/lib
[1.759s] creating /home/rouillon/ProRob/src/package_master/build/package_master/build/lib/package_master
[1.759s] copying package_master/__init__.py -> /home/rouillon/ProRob/src/package_master/build/package_master/build/lib/package_master
[1.760s] running install
[1.760s] running install_lib
[1.761s] creating /home/rouillon/ProRob/src/package_master/install/package_master/lib/python3.10/site-packages/package_master
[1.761s] copying /home/rouillon/ProRob/src/package_master/build/package_master/build/lib/package_master/__init__.py -> /home/rouillon/ProRob/src/package_master/install/package_master/lib/python3.10/site-packages/package_master
[1.764s] byte-compiling /home/rouillon/ProRob/src/package_master/install/package_master/lib/python3.10/site-packages/package_master/__init__.py to __init__.cpython-310.pyc
[1.764s] running install_data
[1.764s] creating /home/rouillon/ProRob/src/package_master/install/package_master/share/ament_index
[1.764s] creating /home/rouillon/ProRob/src/package_master/install/package_master/share/ament_index/resource_index
[1.764s] creating /home/rouillon/ProRob/src/package_master/install/package_master/share/ament_index/resource_index/packages
[1.764s] copying resource/package_master -> /home/rouillon/ProRob/src/package_master/install/package_master/share/ament_index/resource_index/packages
[1.765s] copying package.xml -> /home/rouillon/ProRob/src/package_master/install/package_master/share/package_master
[1.765s] running install_egg_info
[1.765s] Copying build/package_master/package_master.egg-info to /home/rouillon/ProRob/src/package_master/install/package_master/lib/python3.10/site-packages/package_master-0.0.0-py3.10.egg-info
[1.766s] running install_scripts
[1.805s] writing list of installed files to '/home/rouillon/ProRob/src/package_master/build/package_master/install.log'
[1.838s] Invoked command in '/home/rouillon/ProRob/src/package_master' returned '0': PYTHONPATH=/home/rouillon/ProRob/src/package_master/build/package_master/prefix_override:/usr/lib/python3/dist-packages/colcon_core/task/python/colcon_distutils_commands:/home/rouillon/ProRob/src/package_master/install/package_master/lib/python3.10/site-packages:${PYTHONPATH} /usr/bin/python3 -W ignore:setup.py install is deprecated -W ignore:easy_install command is deprecated setup.py egg_info --egg-base build/package_master build --build-base /home/rouillon/ProRob/src/package_master/build/package_master/build install --record /home/rouillon/ProRob/src/package_master/build/package_master/install.log --single-version-externally-managed install_data
