[3.999s] Invoking command in '/home/rouillon/Documents/ProDroneTB/ProRob/src/py_srvcli': PYTHONPATH=/home/rouillon/Documents/ProDroneTB/ProRob/build/py_srvcli/prefix_override:/usr/lib/python3/dist-packages/colcon_core/task/python/colcon_distutils_commands:/home/rouillon/Documents/ProDroneTB/ProRob/install/py_srvcli/lib/python3.10/site-packages:${PYTHONPATH} /usr/bin/python3 -W ignore:setup.py install is deprecated -W ignore:easy_install command is deprecated setup.py egg_info --egg-base ../../build/py_srvcli build --build-base /home/rouillon/Documents/ProDroneTB/ProRob/build/py_srvcli/build install --record /home/rouillon/Documents/ProDroneTB/ProRob/build/py_srvcli/install.log --single-version-externally-managed install_data
[5.057s] running egg_info
[5.059s] writing ../../build/py_srvcli/py_srvcli.egg-info/PKG-INFO
[5.060s] writing dependency_links to ../../build/py_srvcli/py_srvcli.egg-info/dependency_links.txt
[5.061s] writing entry points to ../../build/py_srvcli/py_srvcli.egg-info/entry_points.txt
[5.062s] writing requirements to ../../build/py_srvcli/py_srvcli.egg-info/requires.txt
[5.063s] writing top-level names to ../../build/py_srvcli/py_srvcli.egg-info/top_level.txt
[5.069s] reading manifest file '../../build/py_srvcli/py_srvcli.egg-info/SOURCES.txt'
[5.075s] writing manifest file '../../build/py_srvcli/py_srvcli.egg-info/SOURCES.txt'
[5.076s] running build
[5.076s] running build_py
[5.077s] running install
[5.078s] running install_lib
[5.082s] running install_data
[5.082s] running install_egg_info
[5.091s] removing '/home/rouillon/Documents/ProDroneTB/ProRob/install/py_srvcli/lib/python3.10/site-packages/py_srvcli-0.0.0-py3.10.egg-info' (and everything under it)
[5.092s] Copying ../../build/py_srvcli/py_srvcli.egg-info to /home/rouillon/Documents/ProDroneTB/ProRob/install/py_srvcli/lib/python3.10/site-packages/py_srvcli-0.0.0-py3.10.egg-info
[5.094s] running install_scripts
[5.178s] writing list of installed files to '/home/rouillon/Documents/ProDroneTB/ProRob/build/py_srvcli/install.log'
[5.265s] Invoked command in '/home/rouillon/Documents/ProDroneTB/ProRob/src/py_srvcli' returned '0': PYTHONPATH=/home/rouillon/Documents/ProDroneTB/ProRob/build/py_srvcli/prefix_override:/usr/lib/python3/dist-packages/colcon_core/task/python/colcon_distutils_commands:/home/rouillon/Documents/ProDroneTB/ProRob/install/py_srvcli/lib/python3.10/site-packages:${PYTHONPATH} /usr/bin/python3 -W ignore:setup.py install is deprecated -W ignore:easy_install command is deprecated setup.py egg_info --egg-base ../../build/py_srvcli build --build-base /home/rouillon/Documents/ProDroneTB/ProRob/build/py_srvcli/build install --record /home/rouillon/Documents/ProDroneTB/ProRob/build/py_srvcli/install.log --single-version-externally-managed install_data
