[0.087s] DEBUG:colcon:Command line arguments: ['/usr/bin/colcon', 'build']
[0.087s] DEBUG:colcon:Parsed command line arguments: Namespace(log_base=None, log_level=None, verb_name='build', build_base='build', install_base='install', merge_install=False, symlink_install=False, test_result_base=None, continue_on_error=False, executor='parallel', parallel_workers=12, event_handlers=None, ignore_user_meta=False, metas=['./colcon.meta'], base_paths=['.'], packages_ignore=None, packages_ignore_regex=None, paths=None, packages_up_to=None, packages_up_to_regex=None, packages_above=None, packages_above_and_dependencies=None, packages_above_depth=None, packages_select_by_dep=None, packages_skip_by_dep=None, packages_skip_up_to=None, packages_select_build_failed=False, packages_skip_build_finished=False, packages_select_test_failures=False, packages_skip_test_passed=False, packages_select=None, packages_skip=None, packages_select_regex=None, packages_skip_regex=None, packages_start=None, packages_end=None, allow_overriding=[], cmake_args=None, cmake_target=None, cmake_target_skip_unavailable=False, cmake_clean_cache=False, cmake_clean_first=False, cmake_force_configure=False, ament_cmake_args=None, catkin_cmake_args=None, catkin_skip_building_tests=False, mixin_files=None, mixin=None, verb_parser=<colcon_mixin.mixin.mixin_argument.MixinArgumentDecorator object at 0x74bbafdb9180>, verb_extension=<colcon_core.verb.build.BuildVerb object at 0x74bbafeb27a0>, main=<bound method BuildVerb.main of <colcon_core.verb.build.BuildVerb object at 0x74bbafeb27a0>>, mixin_verb=('build',))
[0.283s] Level 1:colcon.colcon_core.package_discovery:discover_packages(colcon_meta) check parameters
[0.283s] Level 1:colcon.colcon_core.package_discovery:discover_packages(recursive) check parameters
[0.283s] Level 1:colcon.colcon_core.package_discovery:discover_packages(ignore) check parameters
[0.283s] Level 1:colcon.colcon_core.package_discovery:discover_packages(path) check parameters
[0.283s] Level 1:colcon.colcon_core.package_discovery:discover_packages(colcon_meta) discover
[0.283s] Level 1:colcon.colcon_core.package_discovery:discover_packages(recursive) discover
[0.283s] INFO:colcon.colcon_core.package_discovery:Crawling recursively for packages in '/home/fabian/ProRob/ProRob'
[0.283s] Level 1:colcon.colcon_core.package_identification:_identify(.) by extensions ['ignore', 'ignore_ament_install']
[0.284s] Level 1:colcon.colcon_core.package_identification:_identify(.) by extension 'ignore'
[0.284s] Level 1:colcon.colcon_core.package_identification:_identify(.) by extension 'ignore_ament_install'
[0.284s] Level 1:colcon.colcon_core.package_identification:_identify(.) by extensions ['colcon_pkg']
[0.284s] Level 1:colcon.colcon_core.package_identification:_identify(.) by extension 'colcon_pkg'
[0.284s] Level 1:colcon.colcon_core.package_identification:_identify(.) by extensions ['colcon_meta']
[0.284s] Level 1:colcon.colcon_core.package_identification:_identify(.) by extension 'colcon_meta'
[0.284s] Level 1:colcon.colcon_core.package_identification:_identify(.) by extensions ['ros']
[0.284s] Level 1:colcon.colcon_core.package_identification:_identify(.) by extension 'ros'
[0.301s] Level 1:colcon.colcon_core.package_identification:_identify(.) by extensions ['cmake', 'python']
[0.301s] Level 1:colcon.colcon_core.package_identification:_identify(.) by extension 'cmake'
[0.301s] Level 1:colcon.colcon_core.package_identification:_identify(.) by extension 'python'
[0.301s] Level 1:colcon.colcon_core.package_identification:_identify(.) by extensions ['python_setup_py']
[0.301s] Level 1:colcon.colcon_core.package_identification:_identify(.) by extension 'python_setup_py'
[0.301s] Level 1:colcon.colcon_core.package_identification:_identify(build) by extensions ['ignore', 'ignore_ament_install']
[0.301s] Level 1:colcon.colcon_core.package_identification:_identify(build) by extension 'ignore'
[0.301s] Level 1:colcon.colcon_core.package_identification:_identify(build) ignored
[0.301s] Level 1:colcon.colcon_core.package_identification:_identify(cache) by extensions ['ignore', 'ignore_ament_install']
[0.301s] Level 1:colcon.colcon_core.package_identification:_identify(cache) by extension 'ignore'
[0.301s] Level 1:colcon.colcon_core.package_identification:_identify(cache) by extension 'ignore_ament_install'
[0.301s] Level 1:colcon.colcon_core.package_identification:_identify(cache) by extensions ['colcon_pkg']
[0.302s] Level 1:colcon.colcon_core.package_identification:_identify(cache) by extension 'colcon_pkg'
[0.302s] Level 1:colcon.colcon_core.package_identification:_identify(cache) by extensions ['colcon_meta']
[0.302s] Level 1:colcon.colcon_core.package_identification:_identify(cache) by extension 'colcon_meta'
[0.302s] Level 1:colcon.colcon_core.package_identification:_identify(cache) by extensions ['ros']
[0.302s] Level 1:colcon.colcon_core.package_identification:_identify(cache) by extension 'ros'
[0.302s] Level 1:colcon.colcon_core.package_identification:_identify(cache) by extensions ['cmake', 'python']
[0.302s] Level 1:colcon.colcon_core.package_identification:_identify(cache) by extension 'cmake'
[0.302s] Level 1:colcon.colcon_core.package_identification:_identify(cache) by extension 'python'
[0.302s] Level 1:colcon.colcon_core.package_identification:_identify(cache) by extensions ['python_setup_py']
[0.302s] Level 1:colcon.colcon_core.package_identification:_identify(cache) by extension 'python_setup_py'
[0.302s] Level 1:colcon.colcon_core.package_identification:_identify(install) by extensions ['ignore', 'ignore_ament_install']
[0.302s] Level 1:colcon.colcon_core.package_identification:_identify(install) by extension 'ignore'
[0.302s] Level 1:colcon.colcon_core.package_identification:_identify(install) ignored
[0.302s] Level 1:colcon.colcon_core.package_identification:_identify(log) by extensions ['ignore', 'ignore_ament_install']
[0.302s] Level 1:colcon.colcon_core.package_identification:_identify(log) by extension 'ignore'
[0.302s] Level 1:colcon.colcon_core.package_identification:_identify(log) ignored
[0.303s] Level 1:colcon.colcon_core.package_identification:_identify(src) by extensions ['ignore', 'ignore_ament_install']
[0.303s] Level 1:colcon.colcon_core.package_identification:_identify(src) by extension 'ignore'
[0.303s] Level 1:colcon.colcon_core.package_identification:_identify(src) by extension 'ignore_ament_install'
[0.303s] Level 1:colcon.colcon_core.package_identification:_identify(src) by extensions ['colcon_pkg']
[0.303s] Level 1:colcon.colcon_core.package_identification:_identify(src) by extension 'colcon_pkg'
[0.303s] Level 1:colcon.colcon_core.package_identification:_identify(src) by extensions ['colcon_meta']
[0.303s] Level 1:colcon.colcon_core.package_identification:_identify(src) by extension 'colcon_meta'
[0.303s] Level 1:colcon.colcon_core.package_identification:_identify(src) by extensions ['ros']
[0.303s] Level 1:colcon.colcon_core.package_identification:_identify(src) by extension 'ros'
[0.303s] Level 1:colcon.colcon_core.package_identification:_identify(src) by extensions ['cmake', 'python']
[0.303s] Level 1:colcon.colcon_core.package_identification:_identify(src) by extension 'cmake'
[0.303s] Level 1:colcon.colcon_core.package_identification:_identify(src) by extension 'python'
[0.303s] Level 1:colcon.colcon_core.package_identification:_identify(src) by extensions ['python_setup_py']
[0.303s] Level 1:colcon.colcon_core.package_identification:_identify(src) by extension 'python_setup_py'
[0.303s] Level 1:colcon.colcon_core.package_identification:_identify(src/package_master) by extensions ['ignore', 'ignore_ament_install']
[0.303s] Level 1:colcon.colcon_core.package_identification:_identify(src/package_master) by extension 'ignore'
[0.303s] Level 1:colcon.colcon_core.package_identification:_identify(src/package_master) by extension 'ignore_ament_install'
[0.303s] Level 1:colcon.colcon_core.package_identification:_identify(src/package_master) by extensions ['colcon_pkg']
[0.303s] Level 1:colcon.colcon_core.package_identification:_identify(src/package_master) by extension 'colcon_pkg'
[0.303s] Level 1:colcon.colcon_core.package_identification:_identify(src/package_master) by extensions ['colcon_meta']
[0.303s] Level 1:colcon.colcon_core.package_identification:_identify(src/package_master) by extension 'colcon_meta'
[0.303s] Level 1:colcon.colcon_core.package_identification:_identify(src/package_master) by extensions ['ros']
[0.304s] Level 1:colcon.colcon_core.package_identification:_identify(src/package_master) by extension 'ros'
[0.306s] DEBUG:colcon.colcon_core.package_identification:Package 'src/package_master' with type 'ros.ament_python' and name 'package_master'
[0.306s] Level 1:colcon.colcon_core.package_identification:_identify(src/package_master_interfaces) by extensions ['ignore', 'ignore_ament_install']
[0.306s] Level 1:colcon.colcon_core.package_identification:_identify(src/package_master_interfaces) by extension 'ignore'
[0.306s] Level 1:colcon.colcon_core.package_identification:_identify(src/package_master_interfaces) by extension 'ignore_ament_install'
[0.306s] Level 1:colcon.colcon_core.package_identification:_identify(src/package_master_interfaces) by extensions ['colcon_pkg']
[0.306s] Level 1:colcon.colcon_core.package_identification:_identify(src/package_master_interfaces) by extension 'colcon_pkg'
[0.306s] Level 1:colcon.colcon_core.package_identification:_identify(src/package_master_interfaces) by extensions ['colcon_meta']
[0.306s] Level 1:colcon.colcon_core.package_identification:_identify(src/package_master_interfaces) by extension 'colcon_meta'
[0.307s] Level 1:colcon.colcon_core.package_identification:_identify(src/package_master_interfaces) by extensions ['ros']
[0.307s] Level 1:colcon.colcon_core.package_identification:_identify(src/package_master_interfaces) by extension 'ros'
[0.307s] DEBUG:colcon.colcon_core.package_identification:Package 'src/package_master_interfaces' with type 'ros.ament_cmake' and name 'package_master_interfaces'
[0.307s] Level 1:colcon.colcon_core.package_identification:_identify(src/py_srvcli) by extensions ['ignore', 'ignore_ament_install']
[0.307s] Level 1:colcon.colcon_core.package_identification:_identify(src/py_srvcli) by extension 'ignore'
[0.307s] Level 1:colcon.colcon_core.package_identification:_identify(src/py_srvcli) by extension 'ignore_ament_install'
[0.307s] Level 1:colcon.colcon_core.package_identification:_identify(src/py_srvcli) by extensions ['colcon_pkg']
[0.307s] Level 1:colcon.colcon_core.package_identification:_identify(src/py_srvcli) by extension 'colcon_pkg'
[0.307s] Level 1:colcon.colcon_core.package_identification:_identify(src/py_srvcli) by extensions ['colcon_meta']
[0.307s] Level 1:colcon.colcon_core.package_identification:_identify(src/py_srvcli) by extension 'colcon_meta'
[0.307s] Level 1:colcon.colcon_core.package_identification:_identify(src/py_srvcli) by extensions ['ros']
[0.307s] Level 1:colcon.colcon_core.package_identification:_identify(src/py_srvcli) by extension 'ros'
[0.308s] DEBUG:colcon.colcon_core.package_identification:Package 'src/py_srvcli' with type 'ros.ament_python' and name 'py_srvcli'
[0.308s] Level 1:colcon.colcon_core.package_discovery:discover_packages(recursive) using defaults
[0.308s] Level 1:colcon.colcon_core.package_discovery:discover_packages(ignore) discover
[0.308s] Level 1:colcon.colcon_core.package_discovery:discover_packages(ignore) using defaults
[0.308s] Level 1:colcon.colcon_core.package_discovery:discover_packages(path) discover
[0.308s] Level 1:colcon.colcon_core.package_discovery:discover_packages(path) using defaults
[0.324s] Level 1:colcon.colcon_core.package_discovery:discover_packages(prefix_path) check parameters
[0.325s] Level 1:colcon.colcon_core.package_discovery:discover_packages(prefix_path) discover
[0.326s] DEBUG:colcon.colcon_installed_package_information.package_discovery:Found 3 installed packages in /home/fabian/ProRob/ProRob/install
[0.327s] DEBUG:colcon.colcon_installed_package_information.package_discovery:Found 294 installed packages in /opt/ros/humble
[0.328s] Level 1:colcon.colcon_core.package_discovery:discover_packages(prefix_path) using defaults
[0.361s] Level 5:colcon.colcon_core.verb:set package 'package_master' build argument 'cmake_args' from command line to 'None'
[0.361s] Level 5:colcon.colcon_core.verb:set package 'package_master' build argument 'cmake_target' from command line to 'None'
[0.361s] Level 5:colcon.colcon_core.verb:set package 'package_master' build argument 'cmake_target_skip_unavailable' from command line to 'False'
[0.361s] Level 5:colcon.colcon_core.verb:set package 'package_master' build argument 'cmake_clean_cache' from command line to 'False'
[0.361s] Level 5:colcon.colcon_core.verb:set package 'package_master' build argument 'cmake_clean_first' from command line to 'False'
[0.361s] Level 5:colcon.colcon_core.verb:set package 'package_master' build argument 'cmake_force_configure' from command line to 'False'
[0.361s] Level 5:colcon.colcon_core.verb:set package 'package_master' build argument 'ament_cmake_args' from command line to 'None'
[0.361s] Level 5:colcon.colcon_core.verb:set package 'package_master' build argument 'catkin_cmake_args' from command line to 'None'
[0.361s] Level 5:colcon.colcon_core.verb:set package 'package_master' build argument 'catkin_skip_building_tests' from command line to 'False'
[0.361s] DEBUG:colcon.colcon_core.verb:Building package 'package_master' with the following arguments: {'ament_cmake_args': None, 'build_base': '/home/fabian/ProRob/ProRob/build/package_master', 'catkin_cmake_args': None, 'catkin_skip_building_tests': False, 'cmake_args': None, 'cmake_clean_cache': False, 'cmake_clean_first': False, 'cmake_force_configure': False, 'cmake_target': None, 'cmake_target_skip_unavailable': False, 'install_base': '/home/fabian/ProRob/ProRob/install/package_master', 'merge_install': False, 'path': '/home/fabian/ProRob/ProRob/src/package_master', 'symlink_install': False, 'test_result_base': None}
[0.361s] Level 5:colcon.colcon_core.verb:set package 'package_master_interfaces' build argument 'cmake_args' from command line to 'None'
[0.362s] Level 5:colcon.colcon_core.verb:set package 'package_master_interfaces' build argument 'cmake_target' from command line to 'None'
[0.362s] Level 5:colcon.colcon_core.verb:set package 'package_master_interfaces' build argument 'cmake_target_skip_unavailable' from command line to 'False'
[0.362s] Level 5:colcon.colcon_core.verb:set package 'package_master_interfaces' build argument 'cmake_clean_cache' from command line to 'False'
[0.362s] Level 5:colcon.colcon_core.verb:set package 'package_master_interfaces' build argument 'cmake_clean_first' from command line to 'False'
[0.362s] Level 5:colcon.colcon_core.verb:set package 'package_master_interfaces' build argument 'cmake_force_configure' from command line to 'False'
[0.362s] Level 5:colcon.colcon_core.verb:set package 'package_master_interfaces' build argument 'ament_cmake_args' from command line to 'None'
[0.362s] Level 5:colcon.colcon_core.verb:set package 'package_master_interfaces' build argument 'catkin_cmake_args' from command line to 'None'
[0.362s] Level 5:colcon.colcon_core.verb:set package 'package_master_interfaces' build argument 'catkin_skip_building_tests' from command line to 'False'
[0.362s] DEBUG:colcon.colcon_core.verb:Building package 'package_master_interfaces' with the following arguments: {'ament_cmake_args': None, 'build_base': '/home/fabian/ProRob/ProRob/build/package_master_interfaces', 'catkin_cmake_args': None, 'catkin_skip_building_tests': False, 'cmake_args': None, 'cmake_clean_cache': False, 'cmake_clean_first': False, 'cmake_force_configure': False, 'cmake_target': None, 'cmake_target_skip_unavailable': False, 'install_base': '/home/fabian/ProRob/ProRob/install/package_master_interfaces', 'merge_install': False, 'path': '/home/fabian/ProRob/ProRob/src/package_master_interfaces', 'symlink_install': False, 'test_result_base': None}
[0.362s] Level 5:colcon.colcon_core.verb:set package 'py_srvcli' build argument 'cmake_args' from command line to 'None'
[0.362s] Level 5:colcon.colcon_core.verb:set package 'py_srvcli' build argument 'cmake_target' from command line to 'None'
[0.362s] Level 5:colcon.colcon_core.verb:set package 'py_srvcli' build argument 'cmake_target_skip_unavailable' from command line to 'False'
[0.362s] Level 5:colcon.colcon_core.verb:set package 'py_srvcli' build argument 'cmake_clean_cache' from command line to 'False'
[0.362s] Level 5:colcon.colcon_core.verb:set package 'py_srvcli' build argument 'cmake_clean_first' from command line to 'False'
[0.362s] Level 5:colcon.colcon_core.verb:set package 'py_srvcli' build argument 'cmake_force_configure' from command line to 'False'
[0.362s] Level 5:colcon.colcon_core.verb:set package 'py_srvcli' build argument 'ament_cmake_args' from command line to 'None'
[0.362s] Level 5:colcon.colcon_core.verb:set package 'py_srvcli' build argument 'catkin_cmake_args' from command line to 'None'
[0.362s] Level 5:colcon.colcon_core.verb:set package 'py_srvcli' build argument 'catkin_skip_building_tests' from command line to 'False'
[0.362s] DEBUG:colcon.colcon_core.verb:Building package 'py_srvcli' with the following arguments: {'ament_cmake_args': None, 'build_base': '/home/fabian/ProRob/ProRob/build/py_srvcli', 'catkin_cmake_args': None, 'catkin_skip_building_tests': False, 'cmake_args': None, 'cmake_clean_cache': False, 'cmake_clean_first': False, 'cmake_force_configure': False, 'cmake_target': None, 'cmake_target_skip_unavailable': False, 'install_base': '/home/fabian/ProRob/ProRob/install/py_srvcli', 'merge_install': False, 'path': '/home/fabian/ProRob/ProRob/src/py_srvcli', 'symlink_install': False, 'test_result_base': None}
[0.362s] INFO:colcon.colcon_core.executor:Executing jobs using 'parallel' executor
[0.363s] DEBUG:colcon.colcon_parallel_executor.executor.parallel:run_until_complete
[0.364s] INFO:colcon.colcon_ros.task.ament_python.build:Building ROS package in '/home/fabian/ProRob/ProRob/src/package_master' with build type 'ament_python'
[0.364s] Level 1:colcon.colcon_core.shell:create_environment_hook('package_master', 'ament_prefix_path')
[0.365s] INFO:colcon.colcon_core.plugin_system:Skipping extension 'colcon_core.shell.bat': Not used on non-Windows systems
[0.366s] INFO:colcon.colcon_core.shell:Creating environment hook '/home/fabian/ProRob/ProRob/install/package_master/share/package_master/hook/ament_prefix_path.ps1'
[0.366s] INFO:colcon.colcon_core.shell:Creating environment descriptor '/home/fabian/ProRob/ProRob/install/package_master/share/package_master/hook/ament_prefix_path.dsv'
[0.367s] INFO:colcon.colcon_core.shell:Creating environment hook '/home/fabian/ProRob/ProRob/install/package_master/share/package_master/hook/ament_prefix_path.sh'
[0.367s] INFO:colcon.colcon_core.shell:Skip shell extension 'powershell' for command environment: Not usable outside of PowerShell
[0.367s] DEBUG:colcon.colcon_core.shell:Skip shell extension 'dsv' for command environment
[0.370s] INFO:colcon.colcon_ros.task.ament_cmake.build:Building ROS package in '/home/fabian/ProRob/ProRob/src/package_master_interfaces' with build type 'ament_cmake'
[0.370s] INFO:colcon.colcon_cmake.task.cmake.build:Building CMake package in '/home/fabian/ProRob/ProRob/src/package_master_interfaces'
[0.371s] INFO:colcon.colcon_core.shell:Skip shell extension 'powershell' for command environment: Not usable outside of PowerShell
[0.371s] DEBUG:colcon.colcon_core.shell:Skip shell extension 'dsv' for command environment
[0.374s] INFO:colcon.colcon_ros.task.ament_python.build:Building ROS package in '/home/fabian/ProRob/ProRob/src/py_srvcli' with build type 'ament_python'
[0.374s] Level 1:colcon.colcon_core.shell:create_environment_hook('py_srvcli', 'ament_prefix_path')
[0.374s] INFO:colcon.colcon_core.shell:Creating environment hook '/home/fabian/ProRob/ProRob/install/py_srvcli/share/py_srvcli/hook/ament_prefix_path.ps1'
[0.374s] INFO:colcon.colcon_core.shell:Creating environment descriptor '/home/fabian/ProRob/ProRob/install/py_srvcli/share/py_srvcli/hook/ament_prefix_path.dsv'
[0.375s] INFO:colcon.colcon_core.shell:Creating environment hook '/home/fabian/ProRob/ProRob/install/py_srvcli/share/py_srvcli/hook/ament_prefix_path.sh'
[0.375s] INFO:colcon.colcon_core.shell:Skip shell extension 'powershell' for command environment: Not usable outside of PowerShell
[0.375s] DEBUG:colcon.colcon_core.shell:Skip shell extension 'dsv' for command environment
[0.722s] INFO:colcon.colcon_core.task.python.build:Building Python package in '/home/fabian/ProRob/ProRob/src/package_master'
[0.722s] INFO:colcon.colcon_core.shell:Skip shell extension 'powershell' for command environment: Not usable outside of PowerShell
[0.722s] DEBUG:colcon.colcon_core.shell:Skip shell extension 'dsv' for command environment
[0.731s] DEBUG:colcon.colcon_core.event_handler.log_command:Invoking command in '/home/fabian/ProRob/ProRob/build/package_master_interfaces': CMAKE_PREFIX_PATH=${CMAKE_PREFIX_PATH}:/home/fabian/ProRob/ProRob/install/py_srvcli:/home/fabian/ProRob/ProRob/install/package_master:/opt/ros/humble /usr/bin/cmake --build /home/fabian/ProRob/ProRob/build/package_master_interfaces -- -j12 -l12
[1.200s] INFO:colcon.colcon_core.task.python.build:Building Python package in '/home/fabian/ProRob/ProRob/src/py_srvcli'
[1.200s] INFO:colcon.colcon_core.shell:Skip shell extension 'powershell' for command environment: Not usable outside of PowerShell
[1.200s] DEBUG:colcon.colcon_core.shell:Skip shell extension 'dsv' for command environment
[1.337s] DEBUG:colcon.colcon_core.event_handler.log_command:Invoked command in '/home/fabian/ProRob/ProRob/build/package_master_interfaces' returned '0': CMAKE_PREFIX_PATH=${CMAKE_PREFIX_PATH}:/home/fabian/ProRob/ProRob/install/py_srvcli:/home/fabian/ProRob/ProRob/install/package_master:/opt/ros/humble /usr/bin/cmake --build /home/fabian/ProRob/ProRob/build/package_master_interfaces -- -j12 -l12
[1.352s] DEBUG:colcon.colcon_core.event_handler.log_command:Invoking command in '/home/fabian/ProRob/ProRob/build/package_master_interfaces': CMAKE_PREFIX_PATH=${CMAKE_PREFIX_PATH}:/home/fabian/ProRob/ProRob/install/py_srvcli:/home/fabian/ProRob/ProRob/install/package_master:/opt/ros/humble /usr/bin/cmake --install /home/fabian/ProRob/ProRob/build/package_master_interfaces
[1.445s] Level 1:colcon.colcon_core.environment:create_environment_scripts_only(package_master_interfaces)
[1.446s] DEBUG:colcon.colcon_core.event_handler.log_command:Invoked command in '/home/fabian/ProRob/ProRob/build/package_master_interfaces' returned '0': CMAKE_PREFIX_PATH=${CMAKE_PREFIX_PATH}:/home/fabian/ProRob/ProRob/install/py_srvcli:/home/fabian/ProRob/ProRob/install/package_master:/opt/ros/humble /usr/bin/cmake --install /home/fabian/ProRob/ProRob/build/package_master_interfaces
[1.449s] Level 1:colcon.colcon_core.environment:checking '/home/fabian/ProRob/ProRob/install/package_master_interfaces' for CMake module files
[1.450s] Level 1:colcon.colcon_core.environment:checking '/home/fabian/ProRob/ProRob/install/package_master_interfaces' for CMake config files
[1.451s] Level 1:colcon.colcon_core.shell:create_environment_hook('package_master_interfaces', 'cmake_prefix_path')
[1.451s] INFO:colcon.colcon_core.shell:Creating environment hook '/home/fabian/ProRob/ProRob/install/package_master_interfaces/share/package_master_interfaces/hook/cmake_prefix_path.ps1'
[1.452s] INFO:colcon.colcon_core.shell:Creating environment descriptor '/home/fabian/ProRob/ProRob/install/package_master_interfaces/share/package_master_interfaces/hook/cmake_prefix_path.dsv'
[1.452s] INFO:colcon.colcon_core.shell:Creating environment hook '/home/fabian/ProRob/ProRob/install/package_master_interfaces/share/package_master_interfaces/hook/cmake_prefix_path.sh'
[1.453s] Level 1:colcon.colcon_core.environment:checking '/home/fabian/ProRob/ProRob/install/package_master_interfaces/lib'
[1.454s] Level 1:colcon.colcon_core.shell:create_environment_hook('package_master_interfaces', 'ld_library_path_lib')
[1.454s] INFO:colcon.colcon_core.shell:Creating environment hook '/home/fabian/ProRob/ProRob/install/package_master_interfaces/share/package_master_interfaces/hook/ld_library_path_lib.ps1'
[1.454s] INFO:colcon.colcon_core.shell:Creating environment descriptor '/home/fabian/ProRob/ProRob/install/package_master_interfaces/share/package_master_interfaces/hook/ld_library_path_lib.dsv'
[1.455s] INFO:colcon.colcon_core.shell:Creating environment hook '/home/fabian/ProRob/ProRob/install/package_master_interfaces/share/package_master_interfaces/hook/ld_library_path_lib.sh'
[1.456s] Level 1:colcon.colcon_core.environment:checking '/home/fabian/ProRob/ProRob/install/package_master_interfaces/bin'
[1.456s] Level 1:colcon.colcon_core.environment:checking '/home/fabian/ProRob/ProRob/install/package_master_interfaces/lib/pkgconfig/package_master_interfaces.pc'
[1.456s] Level 1:colcon.colcon_core.environment:checking '/home/fabian/ProRob/ProRob/install/package_master_interfaces/lib/python3.10/site-packages'
[1.456s] Level 1:colcon.colcon_core.environment:checking '/home/fabian/ProRob/ProRob/install/package_master_interfaces/bin'
[1.457s] INFO:colcon.colcon_core.shell:Creating package script '/home/fabian/ProRob/ProRob/install/package_master_interfaces/share/package_master_interfaces/package.ps1'
[1.458s] INFO:colcon.colcon_core.shell:Creating package descriptor '/home/fabian/ProRob/ProRob/install/package_master_interfaces/share/package_master_interfaces/package.dsv'
[1.459s] INFO:colcon.colcon_core.shell:Creating package script '/home/fabian/ProRob/ProRob/install/package_master_interfaces/share/package_master_interfaces/package.sh'
[1.460s] INFO:colcon.colcon_core.shell:Creating package script '/home/fabian/ProRob/ProRob/install/package_master_interfaces/share/package_master_interfaces/package.bash'
[1.461s] INFO:colcon.colcon_core.shell:Creating package script '/home/fabian/ProRob/ProRob/install/package_master_interfaces/share/package_master_interfaces/package.zsh'
[1.462s] Level 1:colcon.colcon_core.environment:create_file_with_runtime_dependencies(/home/fabian/ProRob/ProRob/install/package_master_interfaces/share/colcon-core/packages/package_master_interfaces)
[1.463s] Level 1:colcon.colcon_core.environment:create_environment_scripts_only(package_master_interfaces)
[1.464s] Level 1:colcon.colcon_core.environment:checking '/home/fabian/ProRob/ProRob/install/package_master_interfaces' for CMake module files
[1.465s] Level 1:colcon.colcon_core.environment:checking '/home/fabian/ProRob/ProRob/install/package_master_interfaces' for CMake config files
[1.466s] Level 1:colcon.colcon_core.shell:create_environment_hook('package_master_interfaces', 'cmake_prefix_path')
[1.466s] INFO:colcon.colcon_core.shell:Creating environment hook '/home/fabian/ProRob/ProRob/install/package_master_interfaces/share/package_master_interfaces/hook/cmake_prefix_path.ps1'
[1.467s] INFO:colcon.colcon_core.shell:Creating environment descriptor '/home/fabian/ProRob/ProRob/install/package_master_interfaces/share/package_master_interfaces/hook/cmake_prefix_path.dsv'
[1.467s] INFO:colcon.colcon_core.shell:Creating environment hook '/home/fabian/ProRob/ProRob/install/package_master_interfaces/share/package_master_interfaces/hook/cmake_prefix_path.sh'
[1.468s] Level 1:colcon.colcon_core.environment:checking '/home/fabian/ProRob/ProRob/install/package_master_interfaces/lib'
[1.468s] Level 1:colcon.colcon_core.shell:create_environment_hook('package_master_interfaces', 'ld_library_path_lib')
[1.469s] INFO:colcon.colcon_core.shell:Creating environment hook '/home/fabian/ProRob/ProRob/install/package_master_interfaces/share/package_master_interfaces/hook/ld_library_path_lib.ps1'
[1.469s] INFO:colcon.colcon_core.shell:Creating environment descriptor '/home/fabian/ProRob/ProRob/install/package_master_interfaces/share/package_master_interfaces/hook/ld_library_path_lib.dsv'
[1.470s] INFO:colcon.colcon_core.shell:Creating environment hook '/home/fabian/ProRob/ProRob/install/package_master_interfaces/share/package_master_interfaces/hook/ld_library_path_lib.sh'
[1.470s] Level 1:colcon.colcon_core.environment:checking '/home/fabian/ProRob/ProRob/install/package_master_interfaces/bin'
[1.470s] Level 1:colcon.colcon_core.environment:checking '/home/fabian/ProRob/ProRob/install/package_master_interfaces/lib/pkgconfig/package_master_interfaces.pc'
[1.471s] Level 1:colcon.colcon_core.environment:checking '/home/fabian/ProRob/ProRob/install/package_master_interfaces/lib/python3.10/site-packages'
[1.471s] Level 1:colcon.colcon_core.environment:checking '/home/fabian/ProRob/ProRob/install/package_master_interfaces/bin'
[1.472s] INFO:colcon.colcon_core.shell:Creating package script '/home/fabian/ProRob/ProRob/install/package_master_interfaces/share/package_master_interfaces/package.ps1'
[1.473s] INFO:colcon.colcon_core.shell:Creating package descriptor '/home/fabian/ProRob/ProRob/install/package_master_interfaces/share/package_master_interfaces/package.dsv'
[1.473s] INFO:colcon.colcon_core.shell:Creating package script '/home/fabian/ProRob/ProRob/install/package_master_interfaces/share/package_master_interfaces/package.sh'
[1.474s] INFO:colcon.colcon_core.shell:Creating package script '/home/fabian/ProRob/ProRob/install/package_master_interfaces/share/package_master_interfaces/package.bash'
[1.475s] INFO:colcon.colcon_core.shell:Creating package script '/home/fabian/ProRob/ProRob/install/package_master_interfaces/share/package_master_interfaces/package.zsh'
[1.475s] Level 1:colcon.colcon_core.environment:create_file_with_runtime_dependencies(/home/fabian/ProRob/ProRob/install/package_master_interfaces/share/colcon-core/packages/package_master_interfaces)
[1.788s] DEBUG:colcon.colcon_core.event_handler.log_command:Invoking command in '/home/fabian/ProRob/ProRob/src/package_master': PYTHONPATH=/home/fabian/ProRob/ProRob/build/package_master/prefix_override:/usr/lib/python3/dist-packages/colcon_core/task/python/colcon_distutils_commands:/home/fabian/ProRob/ProRob/install/package_master/lib/python3.10/site-packages:${PYTHONPATH} /usr/bin/python3 -W ignore:setup.py install is deprecated -W ignore:easy_install command is deprecated setup.py egg_info --egg-base ../../build/package_master build --build-base /home/fabian/ProRob/ProRob/build/package_master/build install --record /home/fabian/ProRob/ProRob/build/package_master/install.log --single-version-externally-managed install_data
[1.791s] DEBUG:colcon.colcon_core.event_handler.log_command:Invoking command in '/home/fabian/ProRob/ProRob/src/py_srvcli': PYTHONPATH=/home/fabian/ProRob/ProRob/build/py_srvcli/prefix_override:/usr/lib/python3/dist-packages/colcon_core/task/python/colcon_distutils_commands:/home/fabian/ProRob/ProRob/install/py_srvcli/lib/python3.10/site-packages:${PYTHONPATH} /usr/bin/python3 -W ignore:setup.py install is deprecated -W ignore:easy_install command is deprecated setup.py egg_info --egg-base ../../build/py_srvcli build --build-base /home/fabian/ProRob/ProRob/build/py_srvcli/build install --record /home/fabian/ProRob/ProRob/build/py_srvcli/install.log --single-version-externally-managed install_data
[2.218s] Level 1:colcon.colcon_core.environment:checking '/home/fabian/ProRob/ProRob/install/py_srvcli' for CMake module files
[2.219s] DEBUG:colcon.colcon_core.event_handler.log_command:Invoked command in '/home/fabian/ProRob/ProRob/src/py_srvcli' returned '0': PYTHONPATH=/home/fabian/ProRob/ProRob/build/py_srvcli/prefix_override:/usr/lib/python3/dist-packages/colcon_core/task/python/colcon_distutils_commands:/home/fabian/ProRob/ProRob/install/py_srvcli/lib/python3.10/site-packages:${PYTHONPATH} /usr/bin/python3 -W ignore:setup.py install is deprecated -W ignore:easy_install command is deprecated setup.py egg_info --egg-base ../../build/py_srvcli build --build-base /home/fabian/ProRob/ProRob/build/py_srvcli/build install --record /home/fabian/ProRob/ProRob/build/py_srvcli/install.log --single-version-externally-managed install_data
[2.219s] Level 1:colcon.colcon_core.environment:checking '/home/fabian/ProRob/ProRob/install/py_srvcli' for CMake config files
[2.220s] Level 1:colcon.colcon_core.environment:checking '/home/fabian/ProRob/ProRob/install/py_srvcli/lib'
[2.220s] Level 1:colcon.colcon_core.environment:checking '/home/fabian/ProRob/ProRob/install/py_srvcli/bin'
[2.220s] Level 1:colcon.colcon_core.environment:checking '/home/fabian/ProRob/ProRob/install/py_srvcli/lib/pkgconfig/py_srvcli.pc'
[2.220s] Level 1:colcon.colcon_core.environment:checking '/home/fabian/ProRob/ProRob/install/py_srvcli/lib/python3.10/site-packages'
[2.221s] Level 1:colcon.colcon_core.shell:create_environment_hook('py_srvcli', 'pythonpath')
[2.221s] INFO:colcon.colcon_core.shell:Creating environment hook '/home/fabian/ProRob/ProRob/install/py_srvcli/share/py_srvcli/hook/pythonpath.ps1'
[2.221s] INFO:colcon.colcon_core.shell:Creating environment descriptor '/home/fabian/ProRob/ProRob/install/py_srvcli/share/py_srvcli/hook/pythonpath.dsv'
[2.222s] INFO:colcon.colcon_core.shell:Creating environment hook '/home/fabian/ProRob/ProRob/install/py_srvcli/share/py_srvcli/hook/pythonpath.sh'
[2.222s] Level 1:colcon.colcon_core.environment:checking '/home/fabian/ProRob/ProRob/install/py_srvcli/bin'
[2.223s] Level 1:colcon.colcon_core.environment:create_environment_scripts_only(py_srvcli)
[2.223s] INFO:colcon.colcon_core.shell:Creating package script '/home/fabian/ProRob/ProRob/install/py_srvcli/share/py_srvcli/package.ps1'
[2.223s] INFO:colcon.colcon_core.shell:Creating package descriptor '/home/fabian/ProRob/ProRob/install/py_srvcli/share/py_srvcli/package.dsv'
[2.224s] INFO:colcon.colcon_core.shell:Creating package script '/home/fabian/ProRob/ProRob/install/py_srvcli/share/py_srvcli/package.sh'
[2.224s] INFO:colcon.colcon_core.shell:Creating package script '/home/fabian/ProRob/ProRob/install/py_srvcli/share/py_srvcli/package.bash'
[2.225s] INFO:colcon.colcon_core.shell:Creating package script '/home/fabian/ProRob/ProRob/install/py_srvcli/share/py_srvcli/package.zsh'
[2.225s] Level 1:colcon.colcon_core.environment:create_file_with_runtime_dependencies(/home/fabian/ProRob/ProRob/install/py_srvcli/share/colcon-core/packages/py_srvcli)
[2.226s] Level 1:colcon.colcon_core.environment:checking '/home/fabian/ProRob/ProRob/install/package_master' for CMake module files
[2.227s] DEBUG:colcon.colcon_core.event_handler.log_command:Invoked command in '/home/fabian/ProRob/ProRob/src/package_master' returned '0': PYTHONPATH=/home/fabian/ProRob/ProRob/build/package_master/prefix_override:/usr/lib/python3/dist-packages/colcon_core/task/python/colcon_distutils_commands:/home/fabian/ProRob/ProRob/install/package_master/lib/python3.10/site-packages:${PYTHONPATH} /usr/bin/python3 -W ignore:setup.py install is deprecated -W ignore:easy_install command is deprecated setup.py egg_info --egg-base ../../build/package_master build --build-base /home/fabian/ProRob/ProRob/build/package_master/build install --record /home/fabian/ProRob/ProRob/build/package_master/install.log --single-version-externally-managed install_data
[2.227s] Level 1:colcon.colcon_core.environment:checking '/home/fabian/ProRob/ProRob/install/package_master' for CMake config files
[2.228s] Level 1:colcon.colcon_core.environment:checking '/home/fabian/ProRob/ProRob/install/package_master/lib'
[2.228s] Level 1:colcon.colcon_core.environment:checking '/home/fabian/ProRob/ProRob/install/package_master/bin'
[2.228s] Level 1:colcon.colcon_core.environment:checking '/home/fabian/ProRob/ProRob/install/package_master/lib/pkgconfig/package_master.pc'
[2.228s] Level 1:colcon.colcon_core.environment:checking '/home/fabian/ProRob/ProRob/install/package_master/lib/python3.10/site-packages'
[2.229s] Level 1:colcon.colcon_core.shell:create_environment_hook('package_master', 'pythonpath')
[2.229s] INFO:colcon.colcon_core.shell:Creating environment hook '/home/fabian/ProRob/ProRob/install/package_master/share/package_master/hook/pythonpath.ps1'
[2.229s] INFO:colcon.colcon_core.shell:Creating environment descriptor '/home/fabian/ProRob/ProRob/install/package_master/share/package_master/hook/pythonpath.dsv'
[2.230s] INFO:colcon.colcon_core.shell:Creating environment hook '/home/fabian/ProRob/ProRob/install/package_master/share/package_master/hook/pythonpath.sh'
[2.230s] Level 1:colcon.colcon_core.environment:checking '/home/fabian/ProRob/ProRob/install/package_master/bin'
[2.230s] Level 1:colcon.colcon_core.environment:create_environment_scripts_only(package_master)
[2.231s] INFO:colcon.colcon_core.shell:Creating package script '/home/fabian/ProRob/ProRob/install/package_master/share/package_master/package.ps1'
[2.231s] INFO:colcon.colcon_core.shell:Creating package descriptor '/home/fabian/ProRob/ProRob/install/package_master/share/package_master/package.dsv'
[2.231s] INFO:colcon.colcon_core.shell:Creating package script '/home/fabian/ProRob/ProRob/install/package_master/share/package_master/package.sh'
[2.232s] INFO:colcon.colcon_core.shell:Creating package script '/home/fabian/ProRob/ProRob/install/package_master/share/package_master/package.bash'
[2.232s] INFO:colcon.colcon_core.shell:Creating package script '/home/fabian/ProRob/ProRob/install/package_master/share/package_master/package.zsh'
[2.233s] Level 1:colcon.colcon_core.environment:create_file_with_runtime_dependencies(/home/fabian/ProRob/ProRob/install/package_master/share/colcon-core/packages/package_master)
[2.233s] DEBUG:colcon.colcon_parallel_executor.executor.parallel:closing loop
[2.233s] DEBUG:colcon.colcon_parallel_executor.executor.parallel:loop closed
[2.233s] DEBUG:colcon.colcon_parallel_executor.executor.parallel:run_until_complete finished with '0'
[2.234s] DEBUG:colcon.colcon_core.event_reactor:joining thread
[2.239s] INFO:colcon.colcon_core.plugin_system:Skipping extension 'colcon_notification.desktop_notification.terminal_notifier': Not used on non-Darwin systems
[2.239s] INFO:colcon.colcon_core.plugin_system:Skipping extension 'colcon_notification.desktop_notification.win32': Not used on non-Windows systems
[2.239s] INFO:colcon.colcon_notification.desktop_notification:Sending desktop notification using 'notify2'
[2.250s] DEBUG:colcon.colcon_core.event_reactor:joined thread
[2.250s] INFO:colcon.colcon_core.shell:Creating prefix script '/home/fabian/ProRob/ProRob/install/local_setup.ps1'
[2.252s] INFO:colcon.colcon_core.shell:Creating prefix util module '/home/fabian/ProRob/ProRob/install/_local_setup_util_ps1.py'
[2.253s] INFO:colcon.colcon_core.shell:Creating prefix chain script '/home/fabian/ProRob/ProRob/install/setup.ps1'
[2.254s] INFO:colcon.colcon_core.shell:Creating prefix script '/home/fabian/ProRob/ProRob/install/local_setup.sh'
[2.255s] INFO:colcon.colcon_core.shell:Creating prefix util module '/home/fabian/ProRob/ProRob/install/_local_setup_util_sh.py'
[2.256s] INFO:colcon.colcon_core.shell:Creating prefix chain script '/home/fabian/ProRob/ProRob/install/setup.sh'
[2.257s] INFO:colcon.colcon_core.shell:Creating prefix script '/home/fabian/ProRob/ProRob/install/local_setup.bash'
[2.257s] INFO:colcon.colcon_core.shell:Creating prefix chain script '/home/fabian/ProRob/ProRob/install/setup.bash'
[2.258s] INFO:colcon.colcon_core.shell:Creating prefix script '/home/fabian/ProRob/ProRob/install/local_setup.zsh'
[2.259s] INFO:colcon.colcon_core.shell:Creating prefix chain script '/home/fabian/ProRob/ProRob/install/setup.zsh'
