[0.893s] Invoking command in '/home/rouillon/Documents/ProDroneTB/ProRob/build/package_master_interfaces': CMAKE_PREFIX_PATH=${CMAKE_PREFIX_PATH}:/home/rouillon/Documents/ProDroneTB/ProRob/install/py_srvcli:/home/rouillon/Documents/ProDroneTB/ProRob/install/package_master:/opt/ros/humble /usr/bin/cmake --build /home/rouillon/Documents/ProDroneTB/ProRob/build/package_master_interfaces -- -j4 -l4
[1.054s] [  1%] Built target package_master_interfaces__cpp
[1.069s] [ 12%] Built target package_master_interfaces__rosidl_generator_c
[1.088s] [ 12%] Built target ament_cmake_python_copy_package_master_interfaces
[1.153s] [ 23%] Built target package_master_interfaces__rosidl_typesupport_cpp
[1.154s] [ 34%] Built target package_master_interfaces__rosidl_typesupport_fastrtps_cpp
[1.201s] [ 46%] Built target package_master_interfaces__rosidl_typesupport_fastrtps_c
[1.211s] [ 57%] Built target package_master_interfaces__rosidl_typesupport_introspection_cpp
[1.227s] [ 68%] Built target package_master_interfaces__rosidl_typesupport_introspection_c
[1.242s] [ 79%] Built target package_master_interfaces__rosidl_typesupport_c
[1.296s] [ 79%] Built target package_master_interfaces
[1.383s] [ 80%] Built target package_master_interfaces__py
[1.466s] [ 90%] Built target package_master_interfaces__rosidl_generator_py
[1.559s] [ 93%] Built target package_master_interfaces__rosidl_typesupport_c__pyext
[1.561s] [ 96%] Built target package_master_interfaces__rosidl_typesupport_fastrtps_c__pyext
[1.575s] [100%] Built target package_master_interfaces__rosidl_typesupport_introspection_c__pyext
[2.224s] running egg_info
[2.236s] writing package_master_interfaces.egg-info/PKG-INFO
[2.236s] writing dependency_links to package_master_interfaces.egg-info/dependency_links.txt
[2.236s] writing top-level names to package_master_interfaces.egg-info/top_level.txt
[2.237s] reading manifest file 'package_master_interfaces.egg-info/SOURCES.txt'
[2.243s] writing manifest file 'package_master_interfaces.egg-info/SOURCES.txt'
[2.313s] [100%] Built target ament_cmake_python_build_package_master_interfaces_egg
[2.358s] Invoked command in '/home/rouillon/Documents/ProDroneTB/ProRob/build/package_master_interfaces' returned '0': CMAKE_PREFIX_PATH=${CMAKE_PREFIX_PATH}:/home/rouillon/Documents/ProDroneTB/ProRob/install/py_srvcli:/home/rouillon/Documents/ProDroneTB/ProRob/install/package_master:/opt/ros/humble /usr/bin/cmake --build /home/rouillon/Documents/ProDroneTB/ProRob/build/package_master_interfaces -- -j4 -l4
[2.383s] Invoking command in '/home/rouillon/Documents/ProDroneTB/ProRob/build/package_master_interfaces': CMAKE_PREFIX_PATH=${CMAKE_PREFIX_PATH}:/home/rouillon/Documents/ProDroneTB/ProRob/install/py_srvcli:/home/rouillon/Documents/ProDroneTB/ProRob/install/package_master:/opt/ros/humble /usr/bin/cmake --install /home/rouillon/Documents/ProDroneTB/ProRob/build/package_master_interfaces
[2.405s] -- Install configuration: ""
[2.405s] -- Up-to-date: /home/rouillon/Documents/ProDroneTB/ProRob/install/package_master_interfaces/share/ament_index/resource_index/rosidl_interfaces/package_master_interfaces
[2.406s] -- Up-to-date: /home/rouillon/Documents/ProDroneTB/ProRob/install/package_master_interfaces/include/package_master_interfaces/package_master_interfaces
[2.406s] -- Up-to-date: /home/rouillon/Documents/ProDroneTB/ProRob/install/package_master_interfaces/include/package_master_interfaces/package_master_interfaces/msg
[2.407s] -- Up-to-date: /home/rouillon/Documents/ProDroneTB/ProRob/install/package_master_interfaces/include/package_master_interfaces/package_master_interfaces/msg/num.h
[2.407s] -- Up-to-date: /home/rouillon/Documents/ProDroneTB/ProRob/install/package_master_interfaces/include/package_master_interfaces/package_master_interfaces/msg/detail
[2.407s] -- Up-to-date: /home/rouillon/Documents/ProDroneTB/ProRob/install/package_master_interfaces/include/package_master_interfaces/package_master_interfaces/msg/detail/sequence_elments__functions.c
[2.409s] -- Up-to-date: /home/rouillon/Documents/ProDroneTB/ProRob/install/package_master_interfaces/include/package_master_interfaces/package_master_interfaces/msg/detail/num__type_support.h
[2.410s] -- Up-to-date: /home/rouillon/Documents/ProDroneTB/ProRob/install/package_master_interfaces/include/package_master_interfaces/package_master_interfaces/msg/detail/sequence_elments__struct.h
[2.410s] -- Up-to-date: /home/rouillon/Documents/ProDroneTB/ProRob/install/package_master_interfaces/include/package_master_interfaces/package_master_interfaces/msg/detail/sequence_elments__type_support.h
[2.410s] -- Up-to-date: /home/rouillon/Documents/ProDroneTB/ProRob/install/package_master_interfaces/include/package_master_interfaces/package_master_interfaces/msg/detail/num__struct.h
[2.411s] -- Up-to-date: /home/rouillon/Documents/ProDroneTB/ProRob/install/package_master_interfaces/include/package_master_interfaces/package_master_interfaces/msg/detail/sequence_elments__functions.h
[2.411s] -- Up-to-date: /home/rouillon/Documents/ProDroneTB/ProRob/install/package_master_interfaces/include/package_master_interfaces/package_master_interfaces/msg/detail/num__functions.c
[2.411s] -- Up-to-date: /home/rouillon/Documents/ProDroneTB/ProRob/install/package_master_interfaces/include/package_master_interfaces/package_master_interfaces/msg/detail/num__functions.h
[2.411s] -- Up-to-date: /home/rouillon/Documents/ProDroneTB/ProRob/install/package_master_interfaces/include/package_master_interfaces/package_master_interfaces/msg/rosidl_generator_c__visibility_control.h
[2.412s] -- Up-to-date: /home/rouillon/Documents/ProDroneTB/ProRob/install/package_master_interfaces/include/package_master_interfaces/package_master_interfaces/msg/sequence_elments.h
[2.412s] -- Up-to-date: /home/rouillon/Documents/ProDroneTB/ProRob/install/package_master_interfaces/include/package_master_interfaces/package_master_interfaces/srv
[2.412s] -- Up-to-date: /home/rouillon/Documents/ProDroneTB/ProRob/install/package_master_interfaces/include/package_master_interfaces/package_master_interfaces/srv/add_three_ints.h
[2.412s] -- Up-to-date: /home/rouillon/Documents/ProDroneTB/ProRob/install/package_master_interfaces/include/package_master_interfaces/package_master_interfaces/srv/detail
[2.413s] -- Up-to-date: /home/rouillon/Documents/ProDroneTB/ProRob/install/package_master_interfaces/include/package_master_interfaces/package_master_interfaces/srv/detail/robot_positions__type_support.h
[2.413s] -- Up-to-date: /home/rouillon/Documents/ProDroneTB/ProRob/install/package_master_interfaces/include/package_master_interfaces/package_master_interfaces/srv/detail/add_three_ints__type_support.h
[2.413s] -- Up-to-date: /home/rouillon/Documents/ProDroneTB/ProRob/install/package_master_interfaces/include/package_master_interfaces/package_master_interfaces/srv/detail/add_three_ints__struct.h
[2.413s] -- Up-to-date: /home/rouillon/Documents/ProDroneTB/ProRob/install/package_master_interfaces/include/package_master_interfaces/package_master_interfaces/srv/detail/robot_positions__functions.h
[2.413s] -- Up-to-date: /home/rouillon/Documents/ProDroneTB/ProRob/install/package_master_interfaces/include/package_master_interfaces/package_master_interfaces/srv/detail/send_positions__type_support.h
[2.414s] -- Up-to-date: /home/rouillon/Documents/ProDroneTB/ProRob/install/package_master_interfaces/include/package_master_interfaces/package_master_interfaces/srv/detail/add_three_ints__functions.h
[2.414s] -- Up-to-date: /home/rouillon/Documents/ProDroneTB/ProRob/install/package_master_interfaces/include/package_master_interfaces/package_master_interfaces/srv/detail/send_positions__struct.h
[2.414s] -- Up-to-date: /home/rouillon/Documents/ProDroneTB/ProRob/install/package_master_interfaces/include/package_master_interfaces/package_master_interfaces/srv/detail/robot_positions__struct.h
[2.414s] -- Up-to-date: /home/rouillon/Documents/ProDroneTB/ProRob/install/package_master_interfaces/include/package_master_interfaces/package_master_interfaces/srv/detail/send_positions__functions.h
[2.415s] -- Up-to-date: /home/rouillon/Documents/ProDroneTB/ProRob/install/package_master_interfaces/include/package_master_interfaces/package_master_interfaces/srv/detail/send_positions__functions.c
[2.415s] -- Up-to-date: /home/rouillon/Documents/ProDroneTB/ProRob/install/package_master_interfaces/include/package_master_interfaces/package_master_interfaces/srv/detail/add_three_ints__functions.c
[2.415s] -- Up-to-date: /home/rouillon/Documents/ProDroneTB/ProRob/install/package_master_interfaces/include/package_master_interfaces/package_master_interfaces/srv/detail/robot_positions__functions.c
[2.416s] -- Up-to-date: /home/rouillon/Documents/ProDroneTB/ProRob/install/package_master_interfaces/include/package_master_interfaces/package_master_interfaces/srv/robot_positions.h
[2.416s] -- Up-to-date: /home/rouillon/Documents/ProDroneTB/ProRob/install/package_master_interfaces/include/package_master_interfaces/package_master_interfaces/srv/send_positions.h
[2.417s] -- Up-to-date: /home/rouillon/Documents/ProDroneTB/ProRob/install/package_master_interfaces/share/package_master_interfaces/environment/library_path.sh
[2.417s] -- Up-to-date: /home/rouillon/Documents/ProDroneTB/ProRob/install/package_master_interfaces/share/package_master_interfaces/environment/library_path.dsv
[2.417s] -- Up-to-date: /home/rouillon/Documents/ProDroneTB/ProRob/install/package_master_interfaces/lib/libpackage_master_interfaces__rosidl_generator_c.so
[2.417s] -- Up-to-date: /home/rouillon/Documents/ProDroneTB/ProRob/install/package_master_interfaces/include/package_master_interfaces/package_master_interfaces
[2.418s] -- Up-to-date: /home/rouillon/Documents/ProDroneTB/ProRob/install/package_master_interfaces/include/package_master_interfaces/package_master_interfaces/msg
[2.418s] -- Up-to-date: /home/rouillon/Documents/ProDroneTB/ProRob/install/package_master_interfaces/include/package_master_interfaces/package_master_interfaces/msg/detail
[2.418s] -- Up-to-date: /home/rouillon/Documents/ProDroneTB/ProRob/install/package_master_interfaces/include/package_master_interfaces/package_master_interfaces/msg/detail/num__rosidl_typesupport_fastrtps_c.h
[2.418s] -- Up-to-date: /home/rouillon/Documents/ProDroneTB/ProRob/install/package_master_interfaces/include/package_master_interfaces/package_master_interfaces/msg/detail/sequence_elments__rosidl_typesupport_fastrtps_c.h
[2.419s] -- Up-to-date: /home/rouillon/Documents/ProDroneTB/ProRob/install/package_master_interfaces/include/package_master_interfaces/package_master_interfaces/msg/rosidl_typesupport_fastrtps_c__visibility_control.h
[2.419s] -- Up-to-date: /home/rouillon/Documents/ProDroneTB/ProRob/install/package_master_interfaces/include/package_master_interfaces/package_master_interfaces/srv
[2.420s] -- Up-to-date: /home/rouillon/Documents/ProDroneTB/ProRob/install/package_master_interfaces/include/package_master_interfaces/package_master_interfaces/srv/detail
[2.420s] -- Up-to-date: /home/rouillon/Documents/ProDroneTB/ProRob/install/package_master_interfaces/include/package_master_interfaces/package_master_interfaces/srv/detail/add_three_ints__rosidl_typesupport_fastrtps_c.h
[2.421s] -- Up-to-date: /home/rouillon/Documents/ProDroneTB/ProRob/install/package_master_interfaces/include/package_master_interfaces/package_master_interfaces/srv/detail/robot_positions__rosidl_typesupport_fastrtps_c.h
[2.422s] -- Up-to-date: /home/rouillon/Documents/ProDroneTB/ProRob/install/package_master_interfaces/include/package_master_interfaces/package_master_interfaces/srv/detail/send_positions__rosidl_typesupport_fastrtps_c.h
[2.422s] -- Up-to-date: /home/rouillon/Documents/ProDroneTB/ProRob/install/package_master_interfaces/lib/libpackage_master_interfaces__rosidl_typesupport_fastrtps_c.so
[2.423s] -- Up-to-date: /home/rouillon/Documents/ProDroneTB/ProRob/install/package_master_interfaces/include/package_master_interfaces/package_master_interfaces
[2.423s] -- Up-to-date: /home/rouillon/Documents/ProDroneTB/ProRob/install/package_master_interfaces/include/package_master_interfaces/package_master_interfaces/msg
[2.423s] -- Up-to-date: /home/rouillon/Documents/ProDroneTB/ProRob/install/package_master_interfaces/include/package_master_interfaces/package_master_interfaces/msg/detail
[2.424s] -- Up-to-date: /home/rouillon/Documents/ProDroneTB/ProRob/install/package_master_interfaces/include/package_master_interfaces/package_master_interfaces/msg/detail/sequence_elments__type_support.c
[2.424s] -- Up-to-date: /home/rouillon/Documents/ProDroneTB/ProRob/install/package_master_interfaces/include/package_master_interfaces/package_master_interfaces/msg/detail/num__type_support.c
[2.424s] -- Up-to-date: /home/rouillon/Documents/ProDroneTB/ProRob/install/package_master_interfaces/include/package_master_interfaces/package_master_interfaces/msg/detail/num__rosidl_typesupport_introspection_c.h
[2.428s] -- Up-to-date: /home/rouillon/Documents/ProDroneTB/ProRob/install/package_master_interfaces/include/package_master_interfaces/package_master_interfaces/msg/detail/sequence_elments__rosidl_typesupport_introspection_c.h
[2.429s] -- Up-to-date: /home/rouillon/Documents/ProDroneTB/ProRob/install/package_master_interfaces/include/package_master_interfaces/package_master_interfaces/msg/rosidl_typesupport_introspection_c__visibility_control.h
[2.429s] -- Up-to-date: /home/rouillon/Documents/ProDroneTB/ProRob/install/package_master_interfaces/include/package_master_interfaces/package_master_interfaces/srv
[2.429s] -- Up-to-date: /home/rouillon/Documents/ProDroneTB/ProRob/install/package_master_interfaces/include/package_master_interfaces/package_master_interfaces/srv/detail
[2.430s] -- Up-to-date: /home/rouillon/Documents/ProDroneTB/ProRob/install/package_master_interfaces/include/package_master_interfaces/package_master_interfaces/srv/detail/send_positions__rosidl_typesupport_introspection_c.h
[2.430s] -- Up-to-date: /home/rouillon/Documents/ProDroneTB/ProRob/install/package_master_interfaces/include/package_master_interfaces/package_master_interfaces/srv/detail/add_three_ints__type_support.c
[2.430s] -- Up-to-date: /home/rouillon/Documents/ProDroneTB/ProRob/install/package_master_interfaces/include/package_master_interfaces/package_master_interfaces/srv/detail/robot_positions__type_support.c
[2.430s] -- Up-to-date: /home/rouillon/Documents/ProDroneTB/ProRob/install/package_master_interfaces/include/package_master_interfaces/package_master_interfaces/srv/detail/add_three_ints__rosidl_typesupport_introspection_c.h
[2.431s] -- Up-to-date: /home/rouillon/Documents/ProDroneTB/ProRob/install/package_master_interfaces/include/package_master_interfaces/package_master_interfaces/srv/detail/send_positions__type_support.c
[2.431s] -- Up-to-date: /home/rouillon/Documents/ProDroneTB/ProRob/install/package_master_interfaces/include/package_master_interfaces/package_master_interfaces/srv/detail/robot_positions__rosidl_typesupport_introspection_c.h
[2.431s] -- Up-to-date: /home/rouillon/Documents/ProDroneTB/ProRob/install/package_master_interfaces/lib/libpackage_master_interfaces__rosidl_typesupport_introspection_c.so
[2.431s] -- Up-to-date: /home/rouillon/Documents/ProDroneTB/ProRob/install/package_master_interfaces/lib/libpackage_master_interfaces__rosidl_typesupport_c.so
[2.435s] -- Up-to-date: /home/rouillon/Documents/ProDroneTB/ProRob/install/package_master_interfaces/include/package_master_interfaces/package_master_interfaces
[2.435s] -- Up-to-date: /home/rouillon/Documents/ProDroneTB/ProRob/install/package_master_interfaces/include/package_master_interfaces/package_master_interfaces/msg
[2.435s] -- Up-to-date: /home/rouillon/Documents/ProDroneTB/ProRob/install/package_master_interfaces/include/package_master_interfaces/package_master_interfaces/msg/detail
[2.435s] -- Up-to-date: /home/rouillon/Documents/ProDroneTB/ProRob/install/package_master_interfaces/include/package_master_interfaces/package_master_interfaces/msg/detail/num__type_support.hpp
[2.435s] -- Up-to-date: /home/rouillon/Documents/ProDroneTB/ProRob/install/package_master_interfaces/include/package_master_interfaces/package_master_interfaces/msg/detail/sequence_elments__builder.hpp
[2.436s] -- Up-to-date: /home/rouillon/Documents/ProDroneTB/ProRob/install/package_master_interfaces/include/package_master_interfaces/package_master_interfaces/msg/detail/sequence_elments__type_support.hpp
[2.436s] -- Up-to-date: /home/rouillon/Documents/ProDroneTB/ProRob/install/package_master_interfaces/include/package_master_interfaces/package_master_interfaces/msg/detail/sequence_elments__traits.hpp
[2.436s] -- Up-to-date: /home/rouillon/Documents/ProDroneTB/ProRob/install/package_master_interfaces/include/package_master_interfaces/package_master_interfaces/msg/detail/num__struct.hpp
[2.436s] -- Up-to-date: /home/rouillon/Documents/ProDroneTB/ProRob/install/package_master_interfaces/include/package_master_interfaces/package_master_interfaces/msg/detail/sequence_elments__struct.hpp
[2.437s] -- Up-to-date: /home/rouillon/Documents/ProDroneTB/ProRob/install/package_master_interfaces/include/package_master_interfaces/package_master_interfaces/msg/detail/num__builder.hpp
[2.437s] -- Up-to-date: /home/rouillon/Documents/ProDroneTB/ProRob/install/package_master_interfaces/include/package_master_interfaces/package_master_interfaces/msg/detail/num__traits.hpp
[2.437s] -- Up-to-date: /home/rouillon/Documents/ProDroneTB/ProRob/install/package_master_interfaces/include/package_master_interfaces/package_master_interfaces/msg/num.hpp
[2.438s] -- Up-to-date: /home/rouillon/Documents/ProDroneTB/ProRob/install/package_master_interfaces/include/package_master_interfaces/package_master_interfaces/msg/sequence_elments.hpp
[2.441s] -- Up-to-date: /home/rouillon/Documents/ProDroneTB/ProRob/install/package_master_interfaces/include/package_master_interfaces/package_master_interfaces/msg/rosidl_generator_cpp__visibility_control.hpp
[2.442s] -- Up-to-date: /home/rouillon/Documents/ProDroneTB/ProRob/install/package_master_interfaces/include/package_master_interfaces/package_master_interfaces/srv
[2.442s] -- Up-to-date: /home/rouillon/Documents/ProDroneTB/ProRob/install/package_master_interfaces/include/package_master_interfaces/package_master_interfaces/srv/send_positions.hpp
[2.442s] -- Up-to-date: /home/rouillon/Documents/ProDroneTB/ProRob/install/package_master_interfaces/include/package_master_interfaces/package_master_interfaces/srv/detail
[2.443s] -- Up-to-date: /home/rouillon/Documents/ProDroneTB/ProRob/install/package_master_interfaces/include/package_master_interfaces/package_master_interfaces/srv/detail/robot_positions__struct.hpp
[2.443s] -- Up-to-date: /home/rouillon/Documents/ProDroneTB/ProRob/install/package_master_interfaces/include/package_master_interfaces/package_master_interfaces/srv/detail/robot_positions__builder.hpp
[2.444s] -- Up-to-date: /home/rouillon/Documents/ProDroneTB/ProRob/install/package_master_interfaces/include/package_master_interfaces/package_master_interfaces/srv/detail/robot_positions__type_support.hpp
[2.444s] -- Up-to-date: /home/rouillon/Documents/ProDroneTB/ProRob/install/package_master_interfaces/include/package_master_interfaces/package_master_interfaces/srv/detail/add_three_ints__struct.hpp
[2.444s] -- Up-to-date: /home/rouillon/Documents/ProDroneTB/ProRob/install/package_master_interfaces/include/package_master_interfaces/package_master_interfaces/srv/detail/robot_positions__traits.hpp
[2.444s] -- Up-to-date: /home/rouillon/Documents/ProDroneTB/ProRob/install/package_master_interfaces/include/package_master_interfaces/package_master_interfaces/srv/detail/send_positions__traits.hpp
[2.445s] -- Up-to-date: /home/rouillon/Documents/ProDroneTB/ProRob/install/package_master_interfaces/include/package_master_interfaces/package_master_interfaces/srv/detail/add_three_ints__type_support.hpp
[2.445s] -- Up-to-date: /home/rouillon/Documents/ProDroneTB/ProRob/install/package_master_interfaces/include/package_master_interfaces/package_master_interfaces/srv/detail/send_positions__type_support.hpp
[2.445s] -- Up-to-date: /home/rouillon/Documents/ProDroneTB/ProRob/install/package_master_interfaces/include/package_master_interfaces/package_master_interfaces/srv/detail/send_positions__struct.hpp
[2.446s] -- Up-to-date: /home/rouillon/Documents/ProDroneTB/ProRob/install/package_master_interfaces/include/package_master_interfaces/package_master_interfaces/srv/detail/add_three_ints__traits.hpp
[2.446s] -- Up-to-date: /home/rouillon/Documents/ProDroneTB/ProRob/install/package_master_interfaces/include/package_master_interfaces/package_master_interfaces/srv/detail/add_three_ints__builder.hpp
[2.446s] -- Up-to-date: /home/rouillon/Documents/ProDroneTB/ProRob/install/package_master_interfaces/include/package_master_interfaces/package_master_interfaces/srv/detail/send_positions__builder.hpp
[2.447s] -- Up-to-date: /home/rouillon/Documents/ProDroneTB/ProRob/install/package_master_interfaces/include/package_master_interfaces/package_master_interfaces/srv/add_three_ints.hpp
[2.447s] -- Up-to-date: /home/rouillon/Documents/ProDroneTB/ProRob/install/package_master_interfaces/include/package_master_interfaces/package_master_interfaces/srv/robot_positions.hpp
[2.447s] -- Up-to-date: /home/rouillon/Documents/ProDroneTB/ProRob/install/package_master_interfaces/include/package_master_interfaces/package_master_interfaces
[2.448s] -- Up-to-date: /home/rouillon/Documents/ProDroneTB/ProRob/install/package_master_interfaces/include/package_master_interfaces/package_master_interfaces/msg
[2.448s] -- Up-to-date: /home/rouillon/Documents/ProDroneTB/ProRob/install/package_master_interfaces/include/package_master_interfaces/package_master_interfaces/msg/detail
[2.448s] -- Up-to-date: /home/rouillon/Documents/ProDroneTB/ProRob/install/package_master_interfaces/include/package_master_interfaces/package_master_interfaces/msg/detail/sequence_elments__rosidl_typesupport_fastrtps_cpp.hpp
[2.449s] -- Up-to-date: /home/rouillon/Documents/ProDroneTB/ProRob/install/package_master_interfaces/include/package_master_interfaces/package_master_interfaces/msg/detail/num__rosidl_typesupport_fastrtps_cpp.hpp
[2.449s] -- Up-to-date: /home/rouillon/Documents/ProDroneTB/ProRob/install/package_master_interfaces/include/package_master_interfaces/package_master_interfaces/msg/detail/dds_fastrtps
[2.450s] -- Up-to-date: /home/rouillon/Documents/ProDroneTB/ProRob/install/package_master_interfaces/include/package_master_interfaces/package_master_interfaces/msg/rosidl_typesupport_fastrtps_cpp__visibility_control.h
[2.450s] -- Up-to-date: /home/rouillon/Documents/ProDroneTB/ProRob/install/package_master_interfaces/include/package_master_interfaces/package_master_interfaces/srv
[2.450s] -- Up-to-date: /home/rouillon/Documents/ProDroneTB/ProRob/install/package_master_interfaces/include/package_master_interfaces/package_master_interfaces/srv/detail
[2.451s] -- Up-to-date: /home/rouillon/Documents/ProDroneTB/ProRob/install/package_master_interfaces/include/package_master_interfaces/package_master_interfaces/srv/detail/add_three_ints__rosidl_typesupport_fastrtps_cpp.hpp
[2.451s] -- Up-to-date: /home/rouillon/Documents/ProDroneTB/ProRob/install/package_master_interfaces/include/package_master_interfaces/package_master_interfaces/srv/detail/robot_positions__rosidl_typesupport_fastrtps_cpp.hpp
[2.451s] -- Up-to-date: /home/rouillon/Documents/ProDroneTB/ProRob/install/package_master_interfaces/include/package_master_interfaces/package_master_interfaces/srv/detail/dds_fastrtps
[2.451s] -- Up-to-date: /home/rouillon/Documents/ProDroneTB/ProRob/install/package_master_interfaces/include/package_master_interfaces/package_master_interfaces/srv/detail/send_positions__rosidl_typesupport_fastrtps_cpp.hpp
[2.452s] -- Up-to-date: /home/rouillon/Documents/ProDroneTB/ProRob/install/package_master_interfaces/lib/libpackage_master_interfaces__rosidl_typesupport_fastrtps_cpp.so
[2.452s] -- Up-to-date: /home/rouillon/Documents/ProDroneTB/ProRob/install/package_master_interfaces/include/package_master_interfaces/package_master_interfaces
[2.452s] -- Up-to-date: /home/rouillon/Documents/ProDroneTB/ProRob/install/package_master_interfaces/include/package_master_interfaces/package_master_interfaces/msg
[2.452s] -- Up-to-date: /home/rouillon/Documents/ProDroneTB/ProRob/install/package_master_interfaces/include/package_master_interfaces/package_master_interfaces/msg/detail
[2.453s] -- Up-to-date: /home/rouillon/Documents/ProDroneTB/ProRob/install/package_master_interfaces/include/package_master_interfaces/package_master_interfaces/msg/detail/num__rosidl_typesupport_introspection_cpp.hpp
[2.453s] -- Up-to-date: /home/rouillon/Documents/ProDroneTB/ProRob/install/package_master_interfaces/include/package_master_interfaces/package_master_interfaces/msg/detail/num__type_support.cpp
[2.453s] -- Up-to-date: /home/rouillon/Documents/ProDroneTB/ProRob/install/package_master_interfaces/include/package_master_interfaces/package_master_interfaces/msg/detail/sequence_elments__type_support.cpp
[2.453s] -- Up-to-date: /home/rouillon/Documents/ProDroneTB/ProRob/install/package_master_interfaces/include/package_master_interfaces/package_master_interfaces/msg/detail/sequence_elments__rosidl_typesupport_introspection_cpp.hpp
[2.454s] -- Up-to-date: /home/rouillon/Documents/ProDroneTB/ProRob/install/package_master_interfaces/include/package_master_interfaces/package_master_interfaces/srv
[2.454s] -- Up-to-date: /home/rouillon/Documents/ProDroneTB/ProRob/install/package_master_interfaces/include/package_master_interfaces/package_master_interfaces/srv/detail
[2.454s] -- Up-to-date: /home/rouillon/Documents/ProDroneTB/ProRob/install/package_master_interfaces/include/package_master_interfaces/package_master_interfaces/srv/detail/robot_positions__rosidl_typesupport_introspection_cpp.hpp
[2.455s] -- Up-to-date: /home/rouillon/Documents/ProDroneTB/ProRob/install/package_master_interfaces/include/package_master_interfaces/package_master_interfaces/srv/detail/add_three_ints__type_support.cpp
[2.455s] -- Up-to-date: /home/rouillon/Documents/ProDroneTB/ProRob/install/package_master_interfaces/include/package_master_interfaces/package_master_interfaces/srv/detail/send_positions__rosidl_typesupport_introspection_cpp.hpp
[2.455s] -- Up-to-date: /home/rouillon/Documents/ProDroneTB/ProRob/install/package_master_interfaces/include/package_master_interfaces/package_master_interfaces/srv/detail/robot_positions__type_support.cpp
[2.455s] -- Up-to-date: /home/rouillon/Documents/ProDroneTB/ProRob/install/package_master_interfaces/include/package_master_interfaces/package_master_interfaces/srv/detail/add_three_ints__rosidl_typesupport_introspection_cpp.hpp
[2.456s] -- Up-to-date: /home/rouillon/Documents/ProDroneTB/ProRob/install/package_master_interfaces/include/package_master_interfaces/package_master_interfaces/srv/detail/send_positions__type_support.cpp
[2.456s] -- Up-to-date: /home/rouillon/Documents/ProDroneTB/ProRob/install/package_master_interfaces/lib/libpackage_master_interfaces__rosidl_typesupport_introspection_cpp.so
[2.456s] -- Up-to-date: /home/rouillon/Documents/ProDroneTB/ProRob/install/package_master_interfaces/lib/libpackage_master_interfaces__rosidl_typesupport_cpp.so
[2.456s] -- Up-to-date: /home/rouillon/Documents/ProDroneTB/ProRob/install/package_master_interfaces/share/package_master_interfaces/environment/pythonpath.sh
[2.457s] -- Up-to-date: /home/rouillon/Documents/ProDroneTB/ProRob/install/package_master_interfaces/share/package_master_interfaces/environment/pythonpath.dsv
[2.457s] -- Up-to-date: /home/rouillon/Documents/ProDroneTB/ProRob/install/package_master_interfaces/local/lib/python3.10/dist-packages/package_master_interfaces-0.0.0-py3.10.egg-info
[2.457s] -- Installing: /home/rouillon/Documents/ProDroneTB/ProRob/install/package_master_interfaces/local/lib/python3.10/dist-packages/package_master_interfaces-0.0.0-py3.10.egg-info/SOURCES.txt
[2.457s] -- Installing: /home/rouillon/Documents/ProDroneTB/ProRob/install/package_master_interfaces/local/lib/python3.10/dist-packages/package_master_interfaces-0.0.0-py3.10.egg-info/PKG-INFO
[2.457s] -- Installing: /home/rouillon/Documents/ProDroneTB/ProRob/install/package_master_interfaces/local/lib/python3.10/dist-packages/package_master_interfaces-0.0.0-py3.10.egg-info/dependency_links.txt
[2.458s] -- Installing: /home/rouillon/Documents/ProDroneTB/ProRob/install/package_master_interfaces/local/lib/python3.10/dist-packages/package_master_interfaces-0.0.0-py3.10.egg-info/top_level.txt
[2.458s] -- Up-to-date: /home/rouillon/Documents/ProDroneTB/ProRob/install/package_master_interfaces/local/lib/python3.10/dist-packages/package_master_interfaces
[2.458s] -- Up-to-date: /home/rouillon/Documents/ProDroneTB/ProRob/install/package_master_interfaces/local/lib/python3.10/dist-packages/package_master_interfaces/msg
[2.458s] -- Up-to-date: /home/rouillon/Documents/ProDroneTB/ProRob/install/package_master_interfaces/local/lib/python3.10/dist-packages/package_master_interfaces/msg/_num.py
[2.458s] -- Up-to-date: /home/rouillon/Documents/ProDroneTB/ProRob/install/package_master_interfaces/local/lib/python3.10/dist-packages/package_master_interfaces/msg/_sequence_elments_s.c
[2.459s] -- Up-to-date: /home/rouillon/Documents/ProDroneTB/ProRob/install/package_master_interfaces/local/lib/python3.10/dist-packages/package_master_interfaces/msg/_num_s.c
[2.459s] -- Up-to-date: /home/rouillon/Documents/ProDroneTB/ProRob/install/package_master_interfaces/local/lib/python3.10/dist-packages/package_master_interfaces/msg/_sequence_elments.py
[2.459s] -- Up-to-date: /home/rouillon/Documents/ProDroneTB/ProRob/install/package_master_interfaces/local/lib/python3.10/dist-packages/package_master_interfaces/msg/__init__.py
[2.459s] -- Up-to-date: /home/rouillon/Documents/ProDroneTB/ProRob/install/package_master_interfaces/local/lib/python3.10/dist-packages/package_master_interfaces/package_master_interfaces_s__rosidl_typesupport_c.cpython-310-x86_64-linux-gnu.so
[2.460s] -- Up-to-date: /home/rouillon/Documents/ProDroneTB/ProRob/install/package_master_interfaces/local/lib/python3.10/dist-packages/package_master_interfaces/_package_master_interfaces_s.ep.rosidl_typesupport_fastrtps_c.c
[2.460s] -- Up-to-date: /home/rouillon/Documents/ProDroneTB/ProRob/install/package_master_interfaces/local/lib/python3.10/dist-packages/package_master_interfaces/_package_master_interfaces_s.ep.rosidl_typesupport_introspection_c.c
[2.460s] -- Up-to-date: /home/rouillon/Documents/ProDroneTB/ProRob/install/package_master_interfaces/local/lib/python3.10/dist-packages/package_master_interfaces/package_master_interfaces_s__rosidl_typesupport_introspection_c.cpython-310-x86_64-linux-gnu.so
[2.460s] -- Up-to-date: /home/rouillon/Documents/ProDroneTB/ProRob/install/package_master_interfaces/local/lib/python3.10/dist-packages/package_master_interfaces/srv
[2.461s] -- Up-to-date: /home/rouillon/Documents/ProDroneTB/ProRob/install/package_master_interfaces/local/lib/python3.10/dist-packages/package_master_interfaces/srv/_add_three_ints_s.c
[2.461s] -- Up-to-date: /home/rouillon/Documents/ProDroneTB/ProRob/install/package_master_interfaces/local/lib/python3.10/dist-packages/package_master_interfaces/srv/_send_positions_s.c
[2.461s] -- Up-to-date: /home/rouillon/Documents/ProDroneTB/ProRob/install/package_master_interfaces/local/lib/python3.10/dist-packages/package_master_interfaces/srv/_send_positions.py
[2.461s] -- Up-to-date: /home/rouillon/Documents/ProDroneTB/ProRob/install/package_master_interfaces/local/lib/python3.10/dist-packages/package_master_interfaces/srv/_robot_positions.py
[2.461s] -- Up-to-date: /home/rouillon/Documents/ProDroneTB/ProRob/install/package_master_interfaces/local/lib/python3.10/dist-packages/package_master_interfaces/srv/__init__.py
[2.462s] -- Up-to-date: /home/rouillon/Documents/ProDroneTB/ProRob/install/package_master_interfaces/local/lib/python3.10/dist-packages/package_master_interfaces/srv/_robot_positions_s.c
[2.462s] -- Up-to-date: /home/rouillon/Documents/ProDroneTB/ProRob/install/package_master_interfaces/local/lib/python3.10/dist-packages/package_master_interfaces/srv/_add_three_ints.py
[2.462s] -- Up-to-date: /home/rouillon/Documents/ProDroneTB/ProRob/install/package_master_interfaces/local/lib/python3.10/dist-packages/package_master_interfaces/libpackage_master_interfaces__rosidl_generator_py.so
[2.462s] -- Up-to-date: /home/rouillon/Documents/ProDroneTB/ProRob/install/package_master_interfaces/local/lib/python3.10/dist-packages/package_master_interfaces/package_master_interfaces_s__rosidl_typesupport_fastrtps_c.cpython-310-x86_64-linux-gnu.so
[2.463s] -- Up-to-date: /home/rouillon/Documents/ProDroneTB/ProRob/install/package_master_interfaces/local/lib/python3.10/dist-packages/package_master_interfaces/_package_master_interfaces_s.ep.rosidl_typesupport_c.c
[2.463s] -- Up-to-date: /home/rouillon/Documents/ProDroneTB/ProRob/install/package_master_interfaces/local/lib/python3.10/dist-packages/package_master_interfaces/__init__.py
[2.567s] Listing '/home/rouillon/Documents/ProDroneTB/ProRob/install/package_master_interfaces/local/lib/python3.10/dist-packages/package_master_interfaces'...
[2.568s] Listing '/home/rouillon/Documents/ProDroneTB/ProRob/install/package_master_interfaces/local/lib/python3.10/dist-packages/package_master_interfaces/msg'...
[2.568s] Listing '/home/rouillon/Documents/ProDroneTB/ProRob/install/package_master_interfaces/local/lib/python3.10/dist-packages/package_master_interfaces/srv'...
[2.578s] -- Up-to-date: /home/rouillon/Documents/ProDroneTB/ProRob/install/package_master_interfaces/local/lib/python3.10/dist-packages/package_master_interfaces/package_master_interfaces_s__rosidl_typesupport_fastrtps_c.cpython-310-x86_64-linux-gnu.so
[2.579s] -- Up-to-date: /home/rouillon/Documents/ProDroneTB/ProRob/install/package_master_interfaces/local/lib/python3.10/dist-packages/package_master_interfaces/package_master_interfaces_s__rosidl_typesupport_introspection_c.cpython-310-x86_64-linux-gnu.so
[2.580s] -- Up-to-date: /home/rouillon/Documents/ProDroneTB/ProRob/install/package_master_interfaces/local/lib/python3.10/dist-packages/package_master_interfaces/package_master_interfaces_s__rosidl_typesupport_c.cpython-310-x86_64-linux-gnu.so
[2.581s] -- Up-to-date: /home/rouillon/Documents/ProDroneTB/ProRob/install/package_master_interfaces/lib/libpackage_master_interfaces__rosidl_generator_py.so
[2.582s] -- Up-to-date: /home/rouillon/Documents/ProDroneTB/ProRob/install/package_master_interfaces/share/package_master_interfaces/msg/Num.idl
[2.582s] -- Up-to-date: /home/rouillon/Documents/ProDroneTB/ProRob/install/package_master_interfaces/share/package_master_interfaces/msg/SequenceElments.idl
[2.582s] -- Up-to-date: /home/rouillon/Documents/ProDroneTB/ProRob/install/package_master_interfaces/share/package_master_interfaces/srv/AddThreeInts.idl
[2.583s] -- Up-to-date: /home/rouillon/Documents/ProDroneTB/ProRob/install/package_master_interfaces/share/package_master_interfaces/srv/RobotPositions.idl
[2.583s] -- Up-to-date: /home/rouillon/Documents/ProDroneTB/ProRob/install/package_master_interfaces/share/package_master_interfaces/srv/SendPositions.idl
[2.584s] -- Up-to-date: /home/rouillon/Documents/ProDroneTB/ProRob/install/package_master_interfaces/share/package_master_interfaces/msg/Num.msg
[2.585s] -- Up-to-date: /home/rouillon/Documents/ProDroneTB/ProRob/install/package_master_interfaces/share/package_master_interfaces/msg/SequenceElments.msg
[2.586s] -- Up-to-date: /home/rouillon/Documents/ProDroneTB/ProRob/install/package_master_interfaces/share/package_master_interfaces/srv/AddThreeInts.srv
[2.586s] -- Up-to-date: /home/rouillon/Documents/ProDroneTB/ProRob/install/package_master_interfaces/share/package_master_interfaces/srv/AddThreeInts_Request.msg
[2.587s] -- Up-to-date: /home/rouillon/Documents/ProDroneTB/ProRob/install/package_master_interfaces/share/package_master_interfaces/srv/AddThreeInts_Response.msg
[2.588s] -- Up-to-date: /home/rouillon/Documents/ProDroneTB/ProRob/install/package_master_interfaces/share/package_master_interfaces/srv/RobotPositions.srv
[2.589s] -- Up-to-date: /home/rouillon/Documents/ProDroneTB/ProRob/install/package_master_interfaces/share/package_master_interfaces/srv/RobotPositions_Request.msg
[2.590s] -- Up-to-date: /home/rouillon/Documents/ProDroneTB/ProRob/install/package_master_interfaces/share/package_master_interfaces/srv/RobotPositions_Response.msg
[2.590s] -- Up-to-date: /home/rouillon/Documents/ProDroneTB/ProRob/install/package_master_interfaces/share/package_master_interfaces/srv/SendPositions.srv
[2.590s] -- Up-to-date: /home/rouillon/Documents/ProDroneTB/ProRob/install/package_master_interfaces/share/package_master_interfaces/srv/SendPositions_Request.msg
[2.591s] -- Up-to-date: /home/rouillon/Documents/ProDroneTB/ProRob/install/package_master_interfaces/share/package_master_interfaces/srv/SendPositions_Response.msg
[2.591s] -- Up-to-date: /home/rouillon/Documents/ProDroneTB/ProRob/install/package_master_interfaces/share/ament_index/resource_index/package_run_dependencies/package_master_interfaces
[2.592s] -- Up-to-date: /home/rouillon/Documents/ProDroneTB/ProRob/install/package_master_interfaces/share/ament_index/resource_index/parent_prefix_path/package_master_interfaces
[2.592s] -- Up-to-date: /home/rouillon/Documents/ProDroneTB/ProRob/install/package_master_interfaces/share/package_master_interfaces/environment/ament_prefix_path.sh
[2.592s] -- Up-to-date: /home/rouillon/Documents/ProDroneTB/ProRob/install/package_master_interfaces/share/package_master_interfaces/environment/ament_prefix_path.dsv
[2.592s] -- Up-to-date: /home/rouillon/Documents/ProDroneTB/ProRob/install/package_master_interfaces/share/package_master_interfaces/environment/path.sh
[2.593s] -- Up-to-date: /home/rouillon/Documents/ProDroneTB/ProRob/install/package_master_interfaces/share/package_master_interfaces/environment/path.dsv
[2.593s] -- Up-to-date: /home/rouillon/Documents/ProDroneTB/ProRob/install/package_master_interfaces/share/package_master_interfaces/local_setup.bash
[2.594s] -- Up-to-date: /home/rouillon/Documents/ProDroneTB/ProRob/install/package_master_interfaces/share/package_master_interfaces/local_setup.sh
[2.594s] -- Up-to-date: /home/rouillon/Documents/ProDroneTB/ProRob/install/package_master_interfaces/share/package_master_interfaces/local_setup.zsh
[2.594s] -- Up-to-date: /home/rouillon/Documents/ProDroneTB/ProRob/install/package_master_interfaces/share/package_master_interfaces/local_setup.dsv
[2.595s] -- Installing: /home/rouillon/Documents/ProDroneTB/ProRob/install/package_master_interfaces/share/package_master_interfaces/package.dsv
[2.595s] -- Up-to-date: /home/rouillon/Documents/ProDroneTB/ProRob/install/package_master_interfaces/share/ament_index/resource_index/packages/package_master_interfaces
[2.595s] -- Up-to-date: /home/rouillon/Documents/ProDroneTB/ProRob/install/package_master_interfaces/share/package_master_interfaces/cmake/export_package_master_interfaces__rosidl_generator_cExport.cmake
[2.595s] -- Up-to-date: /home/rouillon/Documents/ProDroneTB/ProRob/install/package_master_interfaces/share/package_master_interfaces/cmake/export_package_master_interfaces__rosidl_generator_cExport-noconfig.cmake
[2.596s] -- Up-to-date: /home/rouillon/Documents/ProDroneTB/ProRob/install/package_master_interfaces/share/package_master_interfaces/cmake/export_package_master_interfaces__rosidl_typesupport_fastrtps_cExport.cmake
[2.597s] -- Up-to-date: /home/rouillon/Documents/ProDroneTB/ProRob/install/package_master_interfaces/share/package_master_interfaces/cmake/export_package_master_interfaces__rosidl_typesupport_fastrtps_cExport-noconfig.cmake
[2.597s] -- Up-to-date: /home/rouillon/Documents/ProDroneTB/ProRob/install/package_master_interfaces/share/package_master_interfaces/cmake/package_master_interfaces__rosidl_typesupport_introspection_cExport.cmake
[2.598s] -- Up-to-date: /home/rouillon/Documents/ProDroneTB/ProRob/install/package_master_interfaces/share/package_master_interfaces/cmake/package_master_interfaces__rosidl_typesupport_introspection_cExport-noconfig.cmake
[2.598s] -- Up-to-date: /home/rouillon/Documents/ProDroneTB/ProRob/install/package_master_interfaces/share/package_master_interfaces/cmake/package_master_interfaces__rosidl_typesupport_cExport.cmake
[2.598s] -- Up-to-date: /home/rouillon/Documents/ProDroneTB/ProRob/install/package_master_interfaces/share/package_master_interfaces/cmake/package_master_interfaces__rosidl_typesupport_cExport-noconfig.cmake
[2.598s] -- Up-to-date: /home/rouillon/Documents/ProDroneTB/ProRob/install/package_master_interfaces/share/package_master_interfaces/cmake/export_package_master_interfaces__rosidl_generator_cppExport.cmake
[2.599s] -- Up-to-date: /home/rouillon/Documents/ProDroneTB/ProRob/install/package_master_interfaces/share/package_master_interfaces/cmake/export_package_master_interfaces__rosidl_typesupport_fastrtps_cppExport.cmake
[2.599s] -- Up-to-date: /home/rouillon/Documents/ProDroneTB/ProRob/install/package_master_interfaces/share/package_master_interfaces/cmake/export_package_master_interfaces__rosidl_typesupport_fastrtps_cppExport-noconfig.cmake
[2.600s] -- Up-to-date: /home/rouillon/Documents/ProDroneTB/ProRob/install/package_master_interfaces/share/package_master_interfaces/cmake/package_master_interfaces__rosidl_typesupport_introspection_cppExport.cmake
[2.600s] -- Up-to-date: /home/rouillon/Documents/ProDroneTB/ProRob/install/package_master_interfaces/share/package_master_interfaces/cmake/package_master_interfaces__rosidl_typesupport_introspection_cppExport-noconfig.cmake
[2.600s] -- Up-to-date: /home/rouillon/Documents/ProDroneTB/ProRob/install/package_master_interfaces/share/package_master_interfaces/cmake/package_master_interfaces__rosidl_typesupport_cppExport.cmake
[2.600s] -- Up-to-date: /home/rouillon/Documents/ProDroneTB/ProRob/install/package_master_interfaces/share/package_master_interfaces/cmake/package_master_interfaces__rosidl_typesupport_cppExport-noconfig.cmake
[2.601s] -- Up-to-date: /home/rouillon/Documents/ProDroneTB/ProRob/install/package_master_interfaces/share/package_master_interfaces/cmake/export_package_master_interfaces__rosidl_generator_pyExport.cmake
[2.601s] -- Up-to-date: /home/rouillon/Documents/ProDroneTB/ProRob/install/package_master_interfaces/share/package_master_interfaces/cmake/export_package_master_interfaces__rosidl_generator_pyExport-noconfig.cmake
[2.601s] -- Up-to-date: /home/rouillon/Documents/ProDroneTB/ProRob/install/package_master_interfaces/share/package_master_interfaces/cmake/rosidl_cmake-extras.cmake
[2.602s] -- Up-to-date: /home/rouillon/Documents/ProDroneTB/ProRob/install/package_master_interfaces/share/package_master_interfaces/cmake/ament_cmake_export_include_directories-extras.cmake
[2.602s] -- Up-to-date: /home/rouillon/Documents/ProDroneTB/ProRob/install/package_master_interfaces/share/package_master_interfaces/cmake/ament_cmake_export_libraries-extras.cmake
[2.602s] -- Up-to-date: /home/rouillon/Documents/ProDroneTB/ProRob/install/package_master_interfaces/share/package_master_interfaces/cmake/ament_cmake_export_targets-extras.cmake
[2.603s] -- Up-to-date: /home/rouillon/Documents/ProDroneTB/ProRob/install/package_master_interfaces/share/package_master_interfaces/cmake/rosidl_cmake_export_typesupport_targets-extras.cmake
[2.603s] -- Up-to-date: /home/rouillon/Documents/ProDroneTB/ProRob/install/package_master_interfaces/share/package_master_interfaces/cmake/ament_cmake_export_dependencies-extras.cmake
[2.603s] -- Up-to-date: /home/rouillon/Documents/ProDroneTB/ProRob/install/package_master_interfaces/share/package_master_interfaces/cmake/rosidl_cmake_export_typesupport_libraries-extras.cmake
[2.604s] -- Up-to-date: /home/rouillon/Documents/ProDroneTB/ProRob/install/package_master_interfaces/share/package_master_interfaces/cmake/package_master_interfacesConfig.cmake
[2.605s] -- Up-to-date: /home/rouillon/Documents/ProDroneTB/ProRob/install/package_master_interfaces/share/package_master_interfaces/cmake/package_master_interfacesConfig-version.cmake
[2.605s] -- Up-to-date: /home/rouillon/Documents/ProDroneTB/ProRob/install/package_master_interfaces/share/package_master_interfaces/package.xml
[2.610s] Invoked command in '/home/rouillon/Documents/ProDroneTB/ProRob/build/package_master_interfaces' returned '0': CMAKE_PREFIX_PATH=${CMAKE_PREFIX_PATH}:/home/rouillon/Documents/ProDroneTB/ProRob/install/py_srvcli:/home/rouillon/Documents/ProDroneTB/ProRob/install/package_master:/opt/ros/humble /usr/bin/cmake --install /home/rouillon/Documents/ProDroneTB/ProRob/build/package_master_interfaces
