[0.319s] Invoking command in '/home/fabian/ProRob/ProRob/build/package_master_interfaces': CMAKE_PREFIX_PATH=${CMAKE_PREFIX_PATH}:/home/fabian/ProRob/ProRob/install/py_srvcli:/home/fabian/ProRob/ProRob/install/package_master:/opt/ros/humble /usr/bin/cmake --build /home/fabian/ProRob/ProRob/build/package_master_interfaces -- -j12 -l12
[0.403s] [  4%] Built target package_master_interfaces__cpp
[0.403s] [ 12%] Built target package_master_interfaces__rosidl_generator_c
[0.423s] [ 12%] Built target ament_cmake_python_copy_package_master_interfaces
[0.448s] [ 23%] Built target package_master_interfaces__rosidl_typesupport_cpp
[0.451s] [ 46%] Built target package_master_interfaces__rosidl_typesupport_introspection_cpp
[0.451s] [ 46%] Built target package_master_interfaces__rosidl_typesupport_fastrtps_cpp
[0.469s] [ 68%] Built target package_master_interfaces__rosidl_typesupport_introspection_c
[0.470s] [ 68%] Built target package_master_interfaces__rosidl_typesupport_c
[0.470s] [ 79%] Built target package_master_interfaces__rosidl_typesupport_fastrtps_c
[0.504s] [ 79%] Built target package_master_interfaces
[0.535s] [ 80%] Built target package_master_interfaces__py
[0.569s] [ 90%] Built target package_master_interfaces__rosidl_generator_py
[0.601s] [100%] Built target package_master_interfaces__rosidl_typesupport_introspection_c__pyext
[0.601s] [100%] Built target package_master_interfaces__rosidl_typesupport_c__pyext
[0.601s] [100%] Built target package_master_interfaces__rosidl_typesupport_fastrtps_c__pyext
[0.822s] running egg_info
[0.831s] writing package_master_interfaces.egg-info/PKG-INFO
[0.832s] writing dependency_links to package_master_interfaces.egg-info/dependency_links.txt
[0.832s] writing top-level names to package_master_interfaces.egg-info/top_level.txt
[0.836s] reading manifest file 'package_master_interfaces.egg-info/SOURCES.txt'
[0.837s] writing manifest file 'package_master_interfaces.egg-info/SOURCES.txt'
[0.884s] [100%] Built target ament_cmake_python_build_package_master_interfaces_egg
[0.902s] Invoked command in '/home/fabian/ProRob/ProRob/build/package_master_interfaces' returned '0': CMAKE_PREFIX_PATH=${CMAKE_PREFIX_PATH}:/home/fabian/ProRob/ProRob/install/py_srvcli:/home/fabian/ProRob/ProRob/install/package_master:/opt/ros/humble /usr/bin/cmake --build /home/fabian/ProRob/ProRob/build/package_master_interfaces -- -j12 -l12
[0.917s] Invoking command in '/home/fabian/ProRob/ProRob/build/package_master_interfaces': CMAKE_PREFIX_PATH=${CMAKE_PREFIX_PATH}:/home/fabian/ProRob/ProRob/install/py_srvcli:/home/fabian/ProRob/ProRob/install/package_master:/opt/ros/humble /usr/bin/cmake --install /home/fabian/ProRob/ProRob/build/package_master_interfaces
[0.929s] -- Install configuration: ""
[0.929s] -- Up-to-date: /home/fabian/ProRob/ProRob/install/package_master_interfaces/share/ament_index/resource_index/rosidl_interfaces/package_master_interfaces
[0.929s] -- Up-to-date: /home/fabian/ProRob/ProRob/install/package_master_interfaces/include/package_master_interfaces/package_master_interfaces
[0.929s] -- Up-to-date: /home/fabian/ProRob/ProRob/install/package_master_interfaces/include/package_master_interfaces/package_master_interfaces/srv
[0.930s] -- Up-to-date: /home/fabian/ProRob/ProRob/install/package_master_interfaces/include/package_master_interfaces/package_master_interfaces/srv/detail
[0.930s] -- Up-to-date: /home/fabian/ProRob/ProRob/install/package_master_interfaces/include/package_master_interfaces/package_master_interfaces/srv/detail/add_three_ints__type_support.h
[0.930s] -- Up-to-date: /home/fabian/ProRob/ProRob/install/package_master_interfaces/include/package_master_interfaces/package_master_interfaces/srv/detail/send_positions__type_support.h
[0.930s] -- Up-to-date: /home/fabian/ProRob/ProRob/install/package_master_interfaces/include/package_master_interfaces/package_master_interfaces/srv/detail/send_positions__functions.c
[0.930s] -- Up-to-date: /home/fabian/ProRob/ProRob/install/package_master_interfaces/include/package_master_interfaces/package_master_interfaces/srv/detail/send_positions__functions.h
[0.931s] -- Up-to-date: /home/fabian/ProRob/ProRob/install/package_master_interfaces/include/package_master_interfaces/package_master_interfaces/srv/detail/send_positions__struct.h
[0.931s] -- Up-to-date: /home/fabian/ProRob/ProRob/install/package_master_interfaces/include/package_master_interfaces/package_master_interfaces/srv/detail/add_three_ints__struct.h
[0.931s] -- Up-to-date: /home/fabian/ProRob/ProRob/install/package_master_interfaces/include/package_master_interfaces/package_master_interfaces/srv/detail/add_three_ints__functions.c
[0.931s] -- Up-to-date: /home/fabian/ProRob/ProRob/install/package_master_interfaces/include/package_master_interfaces/package_master_interfaces/srv/detail/robot_positions__struct.h
[0.931s] -- Up-to-date: /home/fabian/ProRob/ProRob/install/package_master_interfaces/include/package_master_interfaces/package_master_interfaces/srv/detail/add_three_ints__functions.h
[0.931s] -- Up-to-date: /home/fabian/ProRob/ProRob/install/package_master_interfaces/include/package_master_interfaces/package_master_interfaces/srv/detail/robot_positions__type_support.h
[0.931s] -- Up-to-date: /home/fabian/ProRob/ProRob/install/package_master_interfaces/include/package_master_interfaces/package_master_interfaces/srv/detail/robot_positions__functions.h
[0.931s] -- Up-to-date: /home/fabian/ProRob/ProRob/install/package_master_interfaces/include/package_master_interfaces/package_master_interfaces/srv/detail/robot_positions__functions.c
[0.931s] -- Up-to-date: /home/fabian/ProRob/ProRob/install/package_master_interfaces/include/package_master_interfaces/package_master_interfaces/srv/add_three_ints.h
[0.931s] -- Up-to-date: /home/fabian/ProRob/ProRob/install/package_master_interfaces/include/package_master_interfaces/package_master_interfaces/srv/robot_positions.h
[0.932s] -- Up-to-date: /home/fabian/ProRob/ProRob/install/package_master_interfaces/include/package_master_interfaces/package_master_interfaces/srv/send_positions.h
[0.932s] -- Up-to-date: /home/fabian/ProRob/ProRob/install/package_master_interfaces/include/package_master_interfaces/package_master_interfaces/msg
[0.932s] -- Up-to-date: /home/fabian/ProRob/ProRob/install/package_master_interfaces/include/package_master_interfaces/package_master_interfaces/msg/detail
[0.932s] -- Up-to-date: /home/fabian/ProRob/ProRob/install/package_master_interfaces/include/package_master_interfaces/package_master_interfaces/msg/detail/num__type_support.h
[0.932s] -- Up-to-date: /home/fabian/ProRob/ProRob/install/package_master_interfaces/include/package_master_interfaces/package_master_interfaces/msg/detail/sequence_elments__functions.c
[0.932s] -- Up-to-date: /home/fabian/ProRob/ProRob/install/package_master_interfaces/include/package_master_interfaces/package_master_interfaces/msg/detail/sequence_elments__type_support.h
[0.932s] -- Up-to-date: /home/fabian/ProRob/ProRob/install/package_master_interfaces/include/package_master_interfaces/package_master_interfaces/msg/detail/sequence_elments__functions.h
[0.932s] -- Up-to-date: /home/fabian/ProRob/ProRob/install/package_master_interfaces/include/package_master_interfaces/package_master_interfaces/msg/detail/num__functions.c
[0.933s] -- Up-to-date: /home/fabian/ProRob/ProRob/install/package_master_interfaces/include/package_master_interfaces/package_master_interfaces/msg/detail/num__functions.h
[0.933s] -- Up-to-date: /home/fabian/ProRob/ProRob/install/package_master_interfaces/include/package_master_interfaces/package_master_interfaces/msg/detail/sequence_elments__struct.h
[0.933s] -- Up-to-date: /home/fabian/ProRob/ProRob/install/package_master_interfaces/include/package_master_interfaces/package_master_interfaces/msg/detail/num__struct.h
[0.933s] -- Up-to-date: /home/fabian/ProRob/ProRob/install/package_master_interfaces/include/package_master_interfaces/package_master_interfaces/msg/sequence_elments.h
[0.933s] -- Up-to-date: /home/fabian/ProRob/ProRob/install/package_master_interfaces/include/package_master_interfaces/package_master_interfaces/msg/rosidl_generator_c__visibility_control.h
[0.933s] -- Up-to-date: /home/fabian/ProRob/ProRob/install/package_master_interfaces/include/package_master_interfaces/package_master_interfaces/msg/num.h
[0.933s] -- Up-to-date: /home/fabian/ProRob/ProRob/install/package_master_interfaces/share/package_master_interfaces/environment/library_path.sh
[0.933s] -- Up-to-date: /home/fabian/ProRob/ProRob/install/package_master_interfaces/share/package_master_interfaces/environment/library_path.dsv
[0.933s] -- Up-to-date: /home/fabian/ProRob/ProRob/install/package_master_interfaces/lib/libpackage_master_interfaces__rosidl_generator_c.so
[0.934s] -- Up-to-date: /home/fabian/ProRob/ProRob/install/package_master_interfaces/include/package_master_interfaces/package_master_interfaces
[0.934s] -- Up-to-date: /home/fabian/ProRob/ProRob/install/package_master_interfaces/include/package_master_interfaces/package_master_interfaces/srv
[0.934s] -- Up-to-date: /home/fabian/ProRob/ProRob/install/package_master_interfaces/include/package_master_interfaces/package_master_interfaces/srv/detail
[0.934s] -- Up-to-date: /home/fabian/ProRob/ProRob/install/package_master_interfaces/include/package_master_interfaces/package_master_interfaces/srv/detail/send_positions__rosidl_typesupport_fastrtps_c.h
[0.934s] -- Up-to-date: /home/fabian/ProRob/ProRob/install/package_master_interfaces/include/package_master_interfaces/package_master_interfaces/srv/detail/add_three_ints__rosidl_typesupport_fastrtps_c.h
[0.934s] -- Up-to-date: /home/fabian/ProRob/ProRob/install/package_master_interfaces/include/package_master_interfaces/package_master_interfaces/srv/detail/robot_positions__rosidl_typesupport_fastrtps_c.h
[0.934s] -- Up-to-date: /home/fabian/ProRob/ProRob/install/package_master_interfaces/include/package_master_interfaces/package_master_interfaces/msg
[0.934s] -- Up-to-date: /home/fabian/ProRob/ProRob/install/package_master_interfaces/include/package_master_interfaces/package_master_interfaces/msg/detail
[0.935s] -- Up-to-date: /home/fabian/ProRob/ProRob/install/package_master_interfaces/include/package_master_interfaces/package_master_interfaces/msg/detail/num__rosidl_typesupport_fastrtps_c.h
[0.935s] -- Up-to-date: /home/fabian/ProRob/ProRob/install/package_master_interfaces/include/package_master_interfaces/package_master_interfaces/msg/detail/sequence_elments__rosidl_typesupport_fastrtps_c.h
[0.935s] -- Up-to-date: /home/fabian/ProRob/ProRob/install/package_master_interfaces/include/package_master_interfaces/package_master_interfaces/msg/rosidl_typesupport_fastrtps_c__visibility_control.h
[0.935s] -- Up-to-date: /home/fabian/ProRob/ProRob/install/package_master_interfaces/lib/libpackage_master_interfaces__rosidl_typesupport_fastrtps_c.so
[0.935s] -- Up-to-date: /home/fabian/ProRob/ProRob/install/package_master_interfaces/include/package_master_interfaces/package_master_interfaces
[0.935s] -- Up-to-date: /home/fabian/ProRob/ProRob/install/package_master_interfaces/include/package_master_interfaces/package_master_interfaces/srv
[0.935s] -- Up-to-date: /home/fabian/ProRob/ProRob/install/package_master_interfaces/include/package_master_interfaces/package_master_interfaces/srv/detail
[0.935s] -- Up-to-date: /home/fabian/ProRob/ProRob/install/package_master_interfaces/include/package_master_interfaces/package_master_interfaces/srv/detail/robot_positions__rosidl_typesupport_introspection_c.h
[0.936s] -- Up-to-date: /home/fabian/ProRob/ProRob/install/package_master_interfaces/include/package_master_interfaces/package_master_interfaces/srv/detail/send_positions__type_support.c
[0.936s] -- Up-to-date: /home/fabian/ProRob/ProRob/install/package_master_interfaces/include/package_master_interfaces/package_master_interfaces/srv/detail/send_positions__rosidl_typesupport_introspection_c.h
[0.936s] -- Up-to-date: /home/fabian/ProRob/ProRob/install/package_master_interfaces/include/package_master_interfaces/package_master_interfaces/srv/detail/add_three_ints__type_support.c
[0.936s] -- Up-to-date: /home/fabian/ProRob/ProRob/install/package_master_interfaces/include/package_master_interfaces/package_master_interfaces/srv/detail/robot_positions__type_support.c
[0.936s] -- Up-to-date: /home/fabian/ProRob/ProRob/install/package_master_interfaces/include/package_master_interfaces/package_master_interfaces/srv/detail/add_three_ints__rosidl_typesupport_introspection_c.h
[0.936s] -- Up-to-date: /home/fabian/ProRob/ProRob/install/package_master_interfaces/include/package_master_interfaces/package_master_interfaces/msg
[0.936s] -- Up-to-date: /home/fabian/ProRob/ProRob/install/package_master_interfaces/include/package_master_interfaces/package_master_interfaces/msg/detail
[0.936s] -- Up-to-date: /home/fabian/ProRob/ProRob/install/package_master_interfaces/include/package_master_interfaces/package_master_interfaces/msg/detail/num__rosidl_typesupport_introspection_c.h
[0.937s] -- Up-to-date: /home/fabian/ProRob/ProRob/install/package_master_interfaces/include/package_master_interfaces/package_master_interfaces/msg/detail/sequence_elments__type_support.c
[0.937s] -- Up-to-date: /home/fabian/ProRob/ProRob/install/package_master_interfaces/include/package_master_interfaces/package_master_interfaces/msg/detail/sequence_elments__rosidl_typesupport_introspection_c.h
[0.937s] -- Up-to-date: /home/fabian/ProRob/ProRob/install/package_master_interfaces/include/package_master_interfaces/package_master_interfaces/msg/detail/num__type_support.c
[0.937s] -- Up-to-date: /home/fabian/ProRob/ProRob/install/package_master_interfaces/include/package_master_interfaces/package_master_interfaces/msg/rosidl_typesupport_introspection_c__visibility_control.h
[0.937s] -- Up-to-date: /home/fabian/ProRob/ProRob/install/package_master_interfaces/lib/libpackage_master_interfaces__rosidl_typesupport_introspection_c.so
[0.937s] -- Up-to-date: /home/fabian/ProRob/ProRob/install/package_master_interfaces/lib/libpackage_master_interfaces__rosidl_typesupport_c.so
[0.937s] -- Up-to-date: /home/fabian/ProRob/ProRob/install/package_master_interfaces/include/package_master_interfaces/package_master_interfaces
[0.937s] -- Up-to-date: /home/fabian/ProRob/ProRob/install/package_master_interfaces/include/package_master_interfaces/package_master_interfaces/srv
[0.938s] -- Up-to-date: /home/fabian/ProRob/ProRob/install/package_master_interfaces/include/package_master_interfaces/package_master_interfaces/srv/detail
[0.938s] -- Up-to-date: /home/fabian/ProRob/ProRob/install/package_master_interfaces/include/package_master_interfaces/package_master_interfaces/srv/detail/send_positions__builder.hpp
[0.938s] -- Up-to-date: /home/fabian/ProRob/ProRob/install/package_master_interfaces/include/package_master_interfaces/package_master_interfaces/srv/detail/robot_positions__struct.hpp
[0.938s] -- Up-to-date: /home/fabian/ProRob/ProRob/install/package_master_interfaces/include/package_master_interfaces/package_master_interfaces/srv/detail/send_positions__traits.hpp
[0.938s] -- Up-to-date: /home/fabian/ProRob/ProRob/install/package_master_interfaces/include/package_master_interfaces/package_master_interfaces/srv/detail/add_three_ints__type_support.hpp
[0.938s] -- Up-to-date: /home/fabian/ProRob/ProRob/install/package_master_interfaces/include/package_master_interfaces/package_master_interfaces/srv/detail/robot_positions__type_support.hpp
[0.938s] -- Up-to-date: /home/fabian/ProRob/ProRob/install/package_master_interfaces/include/package_master_interfaces/package_master_interfaces/srv/detail/send_positions__type_support.hpp
[0.938s] -- Up-to-date: /home/fabian/ProRob/ProRob/install/package_master_interfaces/include/package_master_interfaces/package_master_interfaces/srv/detail/send_positions__struct.hpp
[0.938s] -- Up-to-date: /home/fabian/ProRob/ProRob/install/package_master_interfaces/include/package_master_interfaces/package_master_interfaces/srv/detail/robot_positions__traits.hpp
[0.938s] -- Up-to-date: /home/fabian/ProRob/ProRob/install/package_master_interfaces/include/package_master_interfaces/package_master_interfaces/srv/detail/add_three_ints__builder.hpp
[0.939s] -- Up-to-date: /home/fabian/ProRob/ProRob/install/package_master_interfaces/include/package_master_interfaces/package_master_interfaces/srv/detail/add_three_ints__traits.hpp
[0.939s] -- Up-to-date: /home/fabian/ProRob/ProRob/install/package_master_interfaces/include/package_master_interfaces/package_master_interfaces/srv/detail/add_three_ints__struct.hpp
[0.939s] -- Up-to-date: /home/fabian/ProRob/ProRob/install/package_master_interfaces/include/package_master_interfaces/package_master_interfaces/srv/detail/robot_positions__builder.hpp
[0.939s] -- Up-to-date: /home/fabian/ProRob/ProRob/install/package_master_interfaces/include/package_master_interfaces/package_master_interfaces/srv/send_positions.hpp
[0.939s] -- Up-to-date: /home/fabian/ProRob/ProRob/install/package_master_interfaces/include/package_master_interfaces/package_master_interfaces/srv/robot_positions.hpp
[0.939s] -- Up-to-date: /home/fabian/ProRob/ProRob/install/package_master_interfaces/include/package_master_interfaces/package_master_interfaces/srv/add_three_ints.hpp
[0.939s] -- Up-to-date: /home/fabian/ProRob/ProRob/install/package_master_interfaces/include/package_master_interfaces/package_master_interfaces/msg
[0.939s] -- Up-to-date: /home/fabian/ProRob/ProRob/install/package_master_interfaces/include/package_master_interfaces/package_master_interfaces/msg/num.hpp
[0.939s] -- Up-to-date: /home/fabian/ProRob/ProRob/install/package_master_interfaces/include/package_master_interfaces/package_master_interfaces/msg/detail
[0.939s] -- Up-to-date: /home/fabian/ProRob/ProRob/install/package_master_interfaces/include/package_master_interfaces/package_master_interfaces/msg/detail/sequence_elments__traits.hpp
[0.940s] -- Up-to-date: /home/fabian/ProRob/ProRob/install/package_master_interfaces/include/package_master_interfaces/package_master_interfaces/msg/detail/sequence_elments__struct.hpp
[0.940s] -- Up-to-date: /home/fabian/ProRob/ProRob/install/package_master_interfaces/include/package_master_interfaces/package_master_interfaces/msg/detail/num__traits.hpp
[0.940s] -- Up-to-date: /home/fabian/ProRob/ProRob/install/package_master_interfaces/include/package_master_interfaces/package_master_interfaces/msg/detail/sequence_elments__builder.hpp
[0.940s] -- Up-to-date: /home/fabian/ProRob/ProRob/install/package_master_interfaces/include/package_master_interfaces/package_master_interfaces/msg/detail/num__struct.hpp
[0.940s] -- Up-to-date: /home/fabian/ProRob/ProRob/install/package_master_interfaces/include/package_master_interfaces/package_master_interfaces/msg/detail/sequence_elments__type_support.hpp
[0.940s] -- Up-to-date: /home/fabian/ProRob/ProRob/install/package_master_interfaces/include/package_master_interfaces/package_master_interfaces/msg/detail/num__type_support.hpp
[0.940s] -- Up-to-date: /home/fabian/ProRob/ProRob/install/package_master_interfaces/include/package_master_interfaces/package_master_interfaces/msg/detail/num__builder.hpp
[0.940s] -- Up-to-date: /home/fabian/ProRob/ProRob/install/package_master_interfaces/include/package_master_interfaces/package_master_interfaces/msg/sequence_elments.hpp
[0.940s] -- Up-to-date: /home/fabian/ProRob/ProRob/install/package_master_interfaces/include/package_master_interfaces/package_master_interfaces/msg/rosidl_generator_cpp__visibility_control.hpp
[0.941s] -- Up-to-date: /home/fabian/ProRob/ProRob/install/package_master_interfaces/include/package_master_interfaces/package_master_interfaces
[0.941s] -- Up-to-date: /home/fabian/ProRob/ProRob/install/package_master_interfaces/include/package_master_interfaces/package_master_interfaces/srv
[0.941s] -- Up-to-date: /home/fabian/ProRob/ProRob/install/package_master_interfaces/include/package_master_interfaces/package_master_interfaces/srv/detail
[0.941s] -- Up-to-date: /home/fabian/ProRob/ProRob/install/package_master_interfaces/include/package_master_interfaces/package_master_interfaces/srv/detail/send_positions__rosidl_typesupport_fastrtps_cpp.hpp
[0.941s] -- Up-to-date: /home/fabian/ProRob/ProRob/install/package_master_interfaces/include/package_master_interfaces/package_master_interfaces/srv/detail/dds_fastrtps
[0.941s] -- Up-to-date: /home/fabian/ProRob/ProRob/install/package_master_interfaces/include/package_master_interfaces/package_master_interfaces/srv/detail/add_three_ints__rosidl_typesupport_fastrtps_cpp.hpp
[0.941s] -- Up-to-date: /home/fabian/ProRob/ProRob/install/package_master_interfaces/include/package_master_interfaces/package_master_interfaces/srv/detail/robot_positions__rosidl_typesupport_fastrtps_cpp.hpp
[0.941s] -- Up-to-date: /home/fabian/ProRob/ProRob/install/package_master_interfaces/include/package_master_interfaces/package_master_interfaces/msg
[0.941s] -- Up-to-date: /home/fabian/ProRob/ProRob/install/package_master_interfaces/include/package_master_interfaces/package_master_interfaces/msg/detail
[0.941s] -- Up-to-date: /home/fabian/ProRob/ProRob/install/package_master_interfaces/include/package_master_interfaces/package_master_interfaces/msg/detail/num__rosidl_typesupport_fastrtps_cpp.hpp
[0.941s] -- Up-to-date: /home/fabian/ProRob/ProRob/install/package_master_interfaces/include/package_master_interfaces/package_master_interfaces/msg/detail/sequence_elments__rosidl_typesupport_fastrtps_cpp.hpp
[0.942s] -- Up-to-date: /home/fabian/ProRob/ProRob/install/package_master_interfaces/include/package_master_interfaces/package_master_interfaces/msg/detail/dds_fastrtps
[0.942s] -- Up-to-date: /home/fabian/ProRob/ProRob/install/package_master_interfaces/include/package_master_interfaces/package_master_interfaces/msg/rosidl_typesupport_fastrtps_cpp__visibility_control.h
[0.942s] -- Up-to-date: /home/fabian/ProRob/ProRob/install/package_master_interfaces/lib/libpackage_master_interfaces__rosidl_typesupport_fastrtps_cpp.so
[0.942s] -- Up-to-date: /home/fabian/ProRob/ProRob/install/package_master_interfaces/include/package_master_interfaces/package_master_interfaces
[0.942s] -- Up-to-date: /home/fabian/ProRob/ProRob/install/package_master_interfaces/include/package_master_interfaces/package_master_interfaces/srv
[0.942s] -- Up-to-date: /home/fabian/ProRob/ProRob/install/package_master_interfaces/include/package_master_interfaces/package_master_interfaces/srv/detail
[0.942s] -- Up-to-date: /home/fabian/ProRob/ProRob/install/package_master_interfaces/include/package_master_interfaces/package_master_interfaces/srv/detail/send_positions__rosidl_typesupport_introspection_cpp.hpp
[0.942s] -- Up-to-date: /home/fabian/ProRob/ProRob/install/package_master_interfaces/include/package_master_interfaces/package_master_interfaces/srv/detail/robot_positions__rosidl_typesupport_introspection_cpp.hpp
[0.942s] -- Up-to-date: /home/fabian/ProRob/ProRob/install/package_master_interfaces/include/package_master_interfaces/package_master_interfaces/srv/detail/robot_positions__type_support.cpp
[0.942s] -- Up-to-date: /home/fabian/ProRob/ProRob/install/package_master_interfaces/include/package_master_interfaces/package_master_interfaces/srv/detail/add_three_ints__rosidl_typesupport_introspection_cpp.hpp
[0.942s] -- Up-to-date: /home/fabian/ProRob/ProRob/install/package_master_interfaces/include/package_master_interfaces/package_master_interfaces/srv/detail/add_three_ints__type_support.cpp
[0.942s] -- Up-to-date: /home/fabian/ProRob/ProRob/install/package_master_interfaces/include/package_master_interfaces/package_master_interfaces/srv/detail/send_positions__type_support.cpp
[0.942s] -- Up-to-date: /home/fabian/ProRob/ProRob/install/package_master_interfaces/include/package_master_interfaces/package_master_interfaces/msg
[0.943s] -- Up-to-date: /home/fabian/ProRob/ProRob/install/package_master_interfaces/include/package_master_interfaces/package_master_interfaces/msg/detail
[0.943s] -- Up-to-date: /home/fabian/ProRob/ProRob/install/package_master_interfaces/include/package_master_interfaces/package_master_interfaces/msg/detail/sequence_elments__type_support.cpp
[0.943s] -- Up-to-date: /home/fabian/ProRob/ProRob/install/package_master_interfaces/include/package_master_interfaces/package_master_interfaces/msg/detail/num__type_support.cpp
[0.943s] -- Up-to-date: /home/fabian/ProRob/ProRob/install/package_master_interfaces/include/package_master_interfaces/package_master_interfaces/msg/detail/sequence_elments__rosidl_typesupport_introspection_cpp.hpp
[0.943s] -- Up-to-date: /home/fabian/ProRob/ProRob/install/package_master_interfaces/include/package_master_interfaces/package_master_interfaces/msg/detail/num__rosidl_typesupport_introspection_cpp.hpp
[0.943s] -- Up-to-date: /home/fabian/ProRob/ProRob/install/package_master_interfaces/lib/libpackage_master_interfaces__rosidl_typesupport_introspection_cpp.so
[0.943s] -- Up-to-date: /home/fabian/ProRob/ProRob/install/package_master_interfaces/lib/libpackage_master_interfaces__rosidl_typesupport_cpp.so
[0.943s] -- Up-to-date: /home/fabian/ProRob/ProRob/install/package_master_interfaces/share/package_master_interfaces/environment/pythonpath.sh
[0.943s] -- Up-to-date: /home/fabian/ProRob/ProRob/install/package_master_interfaces/share/package_master_interfaces/environment/pythonpath.dsv
[0.943s] -- Up-to-date: /home/fabian/ProRob/ProRob/install/package_master_interfaces/local/lib/python3.10/dist-packages/package_master_interfaces-0.0.0-py3.10.egg-info
[0.943s] -- Installing: /home/fabian/ProRob/ProRob/install/package_master_interfaces/local/lib/python3.10/dist-packages/package_master_interfaces-0.0.0-py3.10.egg-info/top_level.txt
[0.943s] -- Installing: /home/fabian/ProRob/ProRob/install/package_master_interfaces/local/lib/python3.10/dist-packages/package_master_interfaces-0.0.0-py3.10.egg-info/dependency_links.txt
[0.943s] -- Installing: /home/fabian/ProRob/ProRob/install/package_master_interfaces/local/lib/python3.10/dist-packages/package_master_interfaces-0.0.0-py3.10.egg-info/SOURCES.txt
[0.944s] -- Installing: /home/fabian/ProRob/ProRob/install/package_master_interfaces/local/lib/python3.10/dist-packages/package_master_interfaces-0.0.0-py3.10.egg-info/PKG-INFO
[0.944s] -- Up-to-date: /home/fabian/ProRob/ProRob/install/package_master_interfaces/local/lib/python3.10/dist-packages/package_master_interfaces
[0.944s] -- Up-to-date: /home/fabian/ProRob/ProRob/install/package_master_interfaces/local/lib/python3.10/dist-packages/package_master_interfaces/_package_master_interfaces_s.ep.rosidl_typesupport_fastrtps_c.c
[0.944s] -- Up-to-date: /home/fabian/ProRob/ProRob/install/package_master_interfaces/local/lib/python3.10/dist-packages/package_master_interfaces/__init__.py
[0.944s] -- Up-to-date: /home/fabian/ProRob/ProRob/install/package_master_interfaces/local/lib/python3.10/dist-packages/package_master_interfaces/srv
[0.944s] -- Up-to-date: /home/fabian/ProRob/ProRob/install/package_master_interfaces/local/lib/python3.10/dist-packages/package_master_interfaces/srv/_send_positions.py
[0.944s] -- Up-to-date: /home/fabian/ProRob/ProRob/install/package_master_interfaces/local/lib/python3.10/dist-packages/package_master_interfaces/srv/__init__.py
[0.944s] -- Up-to-date: /home/fabian/ProRob/ProRob/install/package_master_interfaces/local/lib/python3.10/dist-packages/package_master_interfaces/srv/_send_positions_s.c
[0.944s] -- Up-to-date: /home/fabian/ProRob/ProRob/install/package_master_interfaces/local/lib/python3.10/dist-packages/package_master_interfaces/srv/_robot_positions_s.c
[0.944s] -- Up-to-date: /home/fabian/ProRob/ProRob/install/package_master_interfaces/local/lib/python3.10/dist-packages/package_master_interfaces/srv/_robot_positions.py
[0.944s] -- Up-to-date: /home/fabian/ProRob/ProRob/install/package_master_interfaces/local/lib/python3.10/dist-packages/package_master_interfaces/srv/_add_three_ints_s.c
[0.944s] -- Up-to-date: /home/fabian/ProRob/ProRob/install/package_master_interfaces/local/lib/python3.10/dist-packages/package_master_interfaces/srv/_add_three_ints.py
[0.944s] -- Up-to-date: /home/fabian/ProRob/ProRob/install/package_master_interfaces/local/lib/python3.10/dist-packages/package_master_interfaces/_package_master_interfaces_s.ep.rosidl_typesupport_introspection_c.c
[0.944s] -- Up-to-date: /home/fabian/ProRob/ProRob/install/package_master_interfaces/local/lib/python3.10/dist-packages/package_master_interfaces/package_master_interfaces_s__rosidl_typesupport_c.cpython-310-x86_64-linux-gnu.so
[0.945s] -- Up-to-date: /home/fabian/ProRob/ProRob/install/package_master_interfaces/local/lib/python3.10/dist-packages/package_master_interfaces/_package_master_interfaces_s.ep.rosidl_typesupport_c.c
[0.945s] -- Up-to-date: /home/fabian/ProRob/ProRob/install/package_master_interfaces/local/lib/python3.10/dist-packages/package_master_interfaces/msg
[0.945s] -- Up-to-date: /home/fabian/ProRob/ProRob/install/package_master_interfaces/local/lib/python3.10/dist-packages/package_master_interfaces/msg/__init__.py
[0.945s] -- Up-to-date: /home/fabian/ProRob/ProRob/install/package_master_interfaces/local/lib/python3.10/dist-packages/package_master_interfaces/msg/_sequence_elments.py
[0.945s] -- Up-to-date: /home/fabian/ProRob/ProRob/install/package_master_interfaces/local/lib/python3.10/dist-packages/package_master_interfaces/msg/_sequence_elments_s.c
[0.945s] -- Up-to-date: /home/fabian/ProRob/ProRob/install/package_master_interfaces/local/lib/python3.10/dist-packages/package_master_interfaces/msg/_num.py
[0.945s] -- Up-to-date: /home/fabian/ProRob/ProRob/install/package_master_interfaces/local/lib/python3.10/dist-packages/package_master_interfaces/msg/_num_s.c
[0.945s] -- Up-to-date: /home/fabian/ProRob/ProRob/install/package_master_interfaces/local/lib/python3.10/dist-packages/package_master_interfaces/package_master_interfaces_s__rosidl_typesupport_introspection_c.cpython-310-x86_64-linux-gnu.so
[0.945s] -- Up-to-date: /home/fabian/ProRob/ProRob/install/package_master_interfaces/local/lib/python3.10/dist-packages/package_master_interfaces/libpackage_master_interfaces__rosidl_generator_py.so
[0.945s] -- Up-to-date: /home/fabian/ProRob/ProRob/install/package_master_interfaces/local/lib/python3.10/dist-packages/package_master_interfaces/package_master_interfaces_s__rosidl_typesupport_fastrtps_c.cpython-310-x86_64-linux-gnu.so
[0.987s] Listing '/home/fabian/ProRob/ProRob/install/package_master_interfaces/local/lib/python3.10/dist-packages/package_master_interfaces'...
[0.987s] Listing '/home/fabian/ProRob/ProRob/install/package_master_interfaces/local/lib/python3.10/dist-packages/package_master_interfaces/msg'...
[0.987s] Listing '/home/fabian/ProRob/ProRob/install/package_master_interfaces/local/lib/python3.10/dist-packages/package_master_interfaces/srv'...
[0.993s] -- Up-to-date: /home/fabian/ProRob/ProRob/install/package_master_interfaces/local/lib/python3.10/dist-packages/package_master_interfaces/package_master_interfaces_s__rosidl_typesupport_fastrtps_c.cpython-310-x86_64-linux-gnu.so
[0.993s] -- Up-to-date: /home/fabian/ProRob/ProRob/install/package_master_interfaces/local/lib/python3.10/dist-packages/package_master_interfaces/package_master_interfaces_s__rosidl_typesupport_introspection_c.cpython-310-x86_64-linux-gnu.so
[0.994s] -- Up-to-date: /home/fabian/ProRob/ProRob/install/package_master_interfaces/local/lib/python3.10/dist-packages/package_master_interfaces/package_master_interfaces_s__rosidl_typesupport_c.cpython-310-x86_64-linux-gnu.so
[0.994s] -- Up-to-date: /home/fabian/ProRob/ProRob/install/package_master_interfaces/lib/libpackage_master_interfaces__rosidl_generator_py.so
[0.995s] -- Up-to-date: /home/fabian/ProRob/ProRob/install/package_master_interfaces/share/package_master_interfaces/msg/Num.idl
[0.995s] -- Up-to-date: /home/fabian/ProRob/ProRob/install/package_master_interfaces/share/package_master_interfaces/msg/SequenceElments.idl
[0.995s] -- Up-to-date: /home/fabian/ProRob/ProRob/install/package_master_interfaces/share/package_master_interfaces/srv/AddThreeInts.idl
[0.995s] -- Up-to-date: /home/fabian/ProRob/ProRob/install/package_master_interfaces/share/package_master_interfaces/srv/RobotPositions.idl
[0.995s] -- Up-to-date: /home/fabian/ProRob/ProRob/install/package_master_interfaces/share/package_master_interfaces/srv/SendPositions.idl
[0.996s] -- Up-to-date: /home/fabian/ProRob/ProRob/install/package_master_interfaces/share/package_master_interfaces/msg/Num.msg
[0.996s] -- Up-to-date: /home/fabian/ProRob/ProRob/install/package_master_interfaces/share/package_master_interfaces/msg/SequenceElments.msg
[0.996s] -- Up-to-date: /home/fabian/ProRob/ProRob/install/package_master_interfaces/share/package_master_interfaces/srv/AddThreeInts.srv
[0.996s] -- Up-to-date: /home/fabian/ProRob/ProRob/install/package_master_interfaces/share/package_master_interfaces/srv/AddThreeInts_Request.msg
[0.996s] -- Up-to-date: /home/fabian/ProRob/ProRob/install/package_master_interfaces/share/package_master_interfaces/srv/AddThreeInts_Response.msg
[0.996s] -- Up-to-date: /home/fabian/ProRob/ProRob/install/package_master_interfaces/share/package_master_interfaces/srv/RobotPositions.srv
[0.996s] -- Up-to-date: /home/fabian/ProRob/ProRob/install/package_master_interfaces/share/package_master_interfaces/srv/RobotPositions_Request.msg
[0.996s] -- Up-to-date: /home/fabian/ProRob/ProRob/install/package_master_interfaces/share/package_master_interfaces/srv/RobotPositions_Response.msg
[0.996s] -- Up-to-date: /home/fabian/ProRob/ProRob/install/package_master_interfaces/share/package_master_interfaces/srv/SendPositions.srv
[0.997s] -- Up-to-date: /home/fabian/ProRob/ProRob/install/package_master_interfaces/share/package_master_interfaces/srv/SendPositions_Request.msg
[0.997s] -- Up-to-date: /home/fabian/ProRob/ProRob/install/package_master_interfaces/share/package_master_interfaces/srv/SendPositions_Response.msg
[0.997s] -- Up-to-date: /home/fabian/ProRob/ProRob/install/package_master_interfaces/share/ament_index/resource_index/package_run_dependencies/package_master_interfaces
[0.997s] -- Up-to-date: /home/fabian/ProRob/ProRob/install/package_master_interfaces/share/ament_index/resource_index/parent_prefix_path/package_master_interfaces
[0.997s] -- Up-to-date: /home/fabian/ProRob/ProRob/install/package_master_interfaces/share/package_master_interfaces/environment/ament_prefix_path.sh
[0.997s] -- Up-to-date: /home/fabian/ProRob/ProRob/install/package_master_interfaces/share/package_master_interfaces/environment/ament_prefix_path.dsv
[0.997s] -- Up-to-date: /home/fabian/ProRob/ProRob/install/package_master_interfaces/share/package_master_interfaces/environment/path.sh
[0.997s] -- Up-to-date: /home/fabian/ProRob/ProRob/install/package_master_interfaces/share/package_master_interfaces/environment/path.dsv
[0.997s] -- Up-to-date: /home/fabian/ProRob/ProRob/install/package_master_interfaces/share/package_master_interfaces/local_setup.bash
[0.997s] -- Up-to-date: /home/fabian/ProRob/ProRob/install/package_master_interfaces/share/package_master_interfaces/local_setup.sh
[0.997s] -- Up-to-date: /home/fabian/ProRob/ProRob/install/package_master_interfaces/share/package_master_interfaces/local_setup.zsh
[0.998s] -- Up-to-date: /home/fabian/ProRob/ProRob/install/package_master_interfaces/share/package_master_interfaces/local_setup.dsv
[0.998s] -- Installing: /home/fabian/ProRob/ProRob/install/package_master_interfaces/share/package_master_interfaces/package.dsv
[0.998s] -- Up-to-date: /home/fabian/ProRob/ProRob/install/package_master_interfaces/share/ament_index/resource_index/packages/package_master_interfaces
[0.998s] -- Up-to-date: /home/fabian/ProRob/ProRob/install/package_master_interfaces/share/package_master_interfaces/cmake/export_package_master_interfaces__rosidl_generator_cExport.cmake
[0.998s] -- Up-to-date: /home/fabian/ProRob/ProRob/install/package_master_interfaces/share/package_master_interfaces/cmake/export_package_master_interfaces__rosidl_generator_cExport-noconfig.cmake
[0.998s] -- Up-to-date: /home/fabian/ProRob/ProRob/install/package_master_interfaces/share/package_master_interfaces/cmake/export_package_master_interfaces__rosidl_typesupport_fastrtps_cExport.cmake
[0.998s] -- Up-to-date: /home/fabian/ProRob/ProRob/install/package_master_interfaces/share/package_master_interfaces/cmake/export_package_master_interfaces__rosidl_typesupport_fastrtps_cExport-noconfig.cmake
[0.998s] -- Up-to-date: /home/fabian/ProRob/ProRob/install/package_master_interfaces/share/package_master_interfaces/cmake/package_master_interfaces__rosidl_typesupport_introspection_cExport.cmake
[0.998s] -- Up-to-date: /home/fabian/ProRob/ProRob/install/package_master_interfaces/share/package_master_interfaces/cmake/package_master_interfaces__rosidl_typesupport_introspection_cExport-noconfig.cmake
[0.999s] -- Up-to-date: /home/fabian/ProRob/ProRob/install/package_master_interfaces/share/package_master_interfaces/cmake/package_master_interfaces__rosidl_typesupport_cExport.cmake
[0.999s] -- Up-to-date: /home/fabian/ProRob/ProRob/install/package_master_interfaces/share/package_master_interfaces/cmake/package_master_interfaces__rosidl_typesupport_cExport-noconfig.cmake
[0.999s] -- Up-to-date: /home/fabian/ProRob/ProRob/install/package_master_interfaces/share/package_master_interfaces/cmake/export_package_master_interfaces__rosidl_generator_cppExport.cmake
[0.999s] -- Up-to-date: /home/fabian/ProRob/ProRob/install/package_master_interfaces/share/package_master_interfaces/cmake/export_package_master_interfaces__rosidl_typesupport_fastrtps_cppExport.cmake
[0.999s] -- Up-to-date: /home/fabian/ProRob/ProRob/install/package_master_interfaces/share/package_master_interfaces/cmake/export_package_master_interfaces__rosidl_typesupport_fastrtps_cppExport-noconfig.cmake
[0.999s] -- Up-to-date: /home/fabian/ProRob/ProRob/install/package_master_interfaces/share/package_master_interfaces/cmake/package_master_interfaces__rosidl_typesupport_introspection_cppExport.cmake
[0.999s] -- Up-to-date: /home/fabian/ProRob/ProRob/install/package_master_interfaces/share/package_master_interfaces/cmake/package_master_interfaces__rosidl_typesupport_introspection_cppExport-noconfig.cmake
[0.999s] -- Up-to-date: /home/fabian/ProRob/ProRob/install/package_master_interfaces/share/package_master_interfaces/cmake/package_master_interfaces__rosidl_typesupport_cppExport.cmake
[0.999s] -- Up-to-date: /home/fabian/ProRob/ProRob/install/package_master_interfaces/share/package_master_interfaces/cmake/package_master_interfaces__rosidl_typesupport_cppExport-noconfig.cmake
[0.999s] -- Up-to-date: /home/fabian/ProRob/ProRob/install/package_master_interfaces/share/package_master_interfaces/cmake/export_package_master_interfaces__rosidl_generator_pyExport.cmake
[1.000s] -- Up-to-date: /home/fabian/ProRob/ProRob/install/package_master_interfaces/share/package_master_interfaces/cmake/export_package_master_interfaces__rosidl_generator_pyExport-noconfig.cmake
[1.000s] -- Up-to-date: /home/fabian/ProRob/ProRob/install/package_master_interfaces/share/package_master_interfaces/cmake/rosidl_cmake-extras.cmake
[1.000s] -- Up-to-date: /home/fabian/ProRob/ProRob/install/package_master_interfaces/share/package_master_interfaces/cmake/ament_cmake_export_include_directories-extras.cmake
[1.000s] -- Up-to-date: /home/fabian/ProRob/ProRob/install/package_master_interfaces/share/package_master_interfaces/cmake/ament_cmake_export_libraries-extras.cmake
[1.000s] -- Up-to-date: /home/fabian/ProRob/ProRob/install/package_master_interfaces/share/package_master_interfaces/cmake/ament_cmake_export_targets-extras.cmake
[1.000s] -- Up-to-date: /home/fabian/ProRob/ProRob/install/package_master_interfaces/share/package_master_interfaces/cmake/rosidl_cmake_export_typesupport_targets-extras.cmake
[1.000s] -- Up-to-date: /home/fabian/ProRob/ProRob/install/package_master_interfaces/share/package_master_interfaces/cmake/ament_cmake_export_dependencies-extras.cmake
[1.000s] -- Up-to-date: /home/fabian/ProRob/ProRob/install/package_master_interfaces/share/package_master_interfaces/cmake/rosidl_cmake_export_typesupport_libraries-extras.cmake
[1.000s] -- Up-to-date: /home/fabian/ProRob/ProRob/install/package_master_interfaces/share/package_master_interfaces/cmake/package_master_interfacesConfig.cmake
[1.000s] -- Up-to-date: /home/fabian/ProRob/ProRob/install/package_master_interfaces/share/package_master_interfaces/cmake/package_master_interfacesConfig-version.cmake
[1.000s] -- Up-to-date: /home/fabian/ProRob/ProRob/install/package_master_interfaces/share/package_master_interfaces/package.xml
[1.005s] Invoked command in '/home/fabian/ProRob/ProRob/build/package_master_interfaces' returned '0': CMAKE_PREFIX_PATH=${CMAKE_PREFIX_PATH}:/home/fabian/ProRob/ProRob/install/py_srvcli:/home/fabian/ProRob/ProRob/install/package_master:/opt/ros/humble /usr/bin/cmake --install /home/fabian/ProRob/ProRob/build/package_master_interfaces
