[3.412s] Invoking command in '/home/rouillon/ProRob/src/package_master': PYTHONPATH=/home/rouillon/ProRob/build/package_master/prefix_override:/usr/lib/python3/dist-packages/colcon_core/task/python/colcon_distutils_commands:/home/rouillon/ProRob/install/package_master/lib/python3.10/site-packages:${PYTHONPATH} /usr/bin/python3 -W ignore:setup.py install is deprecated -W ignore:easy_install command is deprecated setup.py egg_info --egg-base ../../build/package_master build --build-base /home/rouillon/ProRob/build/package_master/build install --record /home/rouillon/ProRob/build/package_master/install.log --single-version-externally-managed install_data
[4.441s] running egg_info
[4.442s] writing ../../build/package_master/package_master.egg-info/PKG-INFO
[4.443s] writing dependency_links to ../../build/package_master/package_master.egg-info/dependency_links.txt
[4.443s] writing entry points to ../../build/package_master/package_master.egg-info/entry_points.txt
[4.444s] writing requirements to ../../build/package_master/package_master.egg-info/requires.txt
[4.444s] writing top-level names to ../../build/package_master/package_master.egg-info/top_level.txt
[4.451s] reading manifest file '../../build/package_master/package_master.egg-info/SOURCES.txt'
[4.456s] writing manifest file '../../build/package_master/package_master.egg-info/SOURCES.txt'
[4.456s] running build
[4.457s] running build_py
[4.458s] running install
[4.459s] running install_lib
[4.464s] running install_data
[4.464s] running install_egg_info
[4.472s] removing '/home/rouillon/ProRob/install/package_master/lib/python3.10/site-packages/package_master-0.0.0-py3.10.egg-info' (and everything under it)
[4.473s] Copying ../../build/package_master/package_master.egg-info to /home/rouillon/ProRob/install/package_master/lib/python3.10/site-packages/package_master-0.0.0-py3.10.egg-info
[4.476s] running install_scripts
[4.555s] Installing client script to /home/rouillon/ProRob/install/package_master/lib/package_master
[4.556s] Installing service_node script to /home/rouillon/ProRob/install/package_master/lib/package_master
[4.556s] Installing service_test script to /home/rouillon/ProRob/install/package_master/lib/package_master
[4.557s] writing list of installed files to '/home/rouillon/ProRob/build/package_master/install.log'
[4.627s] Invoked command in '/home/rouillon/ProRob/src/package_master' returned '0': PYTHONPATH=/home/rouillon/ProRob/build/package_master/prefix_override:/usr/lib/python3/dist-packages/colcon_core/task/python/colcon_distutils_commands:/home/rouillon/ProRob/install/package_master/lib/python3.10/site-packages:${PYTHONPATH} /usr/bin/python3 -W ignore:setup.py install is deprecated -W ignore:easy_install command is deprecated setup.py egg_info --egg-base ../../build/package_master build --build-base /home/rouillon/ProRob/build/package_master/build install --record /home/rouillon/ProRob/build/package_master/install.log --single-version-externally-managed install_data
