[0.876s] Invoking command in '/home/rouillon/ProRob/build/package_master_interfaces': CMAKE_PREFIX_PATH=${CMAKE_PREFIX_PATH}:/home/rouillon/ProRob/install/py_srvcli:/home/rouillon/ProRob/install/package_master:/opt/ros/humble /usr/bin/cmake --build /home/rouillon/ProRob/build/package_master_interfaces -- -j4 -l4
[1.015s] [  1%] Built target package_master_interfaces__cpp
[1.021s] [ 12%] Built target package_master_interfaces__rosidl_generator_c
[1.035s] [ 12%] Built target ament_cmake_python_copy_package_master_interfaces
[1.105s] [ 23%] Built target package_master_interfaces__rosidl_typesupport_cpp
[1.110s] [ 34%] Built target package_master_interfaces__rosidl_typesupport_fastrtps_cpp
[1.119s] [ 45%] Built target package_master_interfaces__rosidl_typesupport_fastrtps_c
[1.128s] [ 56%] Built target package_master_interfaces__rosidl_typesupport_introspection_cpp
[1.179s] [ 67%] Built target package_master_interfaces__rosidl_typesupport_c
[1.188s] [ 78%] Built target package_master_interfaces__rosidl_typesupport_introspection_c
[1.240s] [ 78%] Built target package_master_interfaces
[1.295s] [ 80%] Built target package_master_interfaces__py
[1.363s] [ 89%] Built target package_master_interfaces__rosidl_generator_py
[1.443s] [ 92%] Built target package_master_interfaces__rosidl_typesupport_introspection_c__pyext
[1.450s] [ 96%] Built target package_master_interfaces__rosidl_typesupport_fastrtps_c__pyext
[1.454s] [100%] Built target package_master_interfaces__rosidl_typesupport_c__pyext
[2.088s] running egg_info
[2.091s] writing package_master_interfaces.egg-info/PKG-INFO
[2.093s] writing dependency_links to package_master_interfaces.egg-info/dependency_links.txt
[2.093s] writing top-level names to package_master_interfaces.egg-info/top_level.txt
[2.101s] reading manifest file 'package_master_interfaces.egg-info/SOURCES.txt'
[2.104s] writing manifest file 'package_master_interfaces.egg-info/SOURCES.txt'
[2.179s] [100%] Built target ament_cmake_python_build_package_master_interfaces_egg
[2.207s] Invoked command in '/home/rouillon/ProRob/build/package_master_interfaces' returned '0': CMAKE_PREFIX_PATH=${CMAKE_PREFIX_PATH}:/home/rouillon/ProRob/install/py_srvcli:/home/rouillon/ProRob/install/package_master:/opt/ros/humble /usr/bin/cmake --build /home/rouillon/ProRob/build/package_master_interfaces -- -j4 -l4
[2.230s] Invoking command in '/home/rouillon/ProRob/build/package_master_interfaces': CMAKE_PREFIX_PATH=${CMAKE_PREFIX_PATH}:/home/rouillon/ProRob/install/py_srvcli:/home/rouillon/ProRob/install/package_master:/opt/ros/humble /usr/bin/cmake --install /home/rouillon/ProRob/build/package_master_interfaces
[2.251s] -- Install configuration: ""
[2.257s] -- Up-to-date: /home/rouillon/ProRob/install/package_master_interfaces/share/ament_index/resource_index/rosidl_interfaces/package_master_interfaces
[2.257s] -- Up-to-date: /home/rouillon/ProRob/install/package_master_interfaces/include/package_master_interfaces/package_master_interfaces
[2.257s] -- Up-to-date: /home/rouillon/ProRob/install/package_master_interfaces/include/package_master_interfaces/package_master_interfaces/msg
[2.257s] -- Up-to-date: /home/rouillon/ProRob/install/package_master_interfaces/include/package_master_interfaces/package_master_interfaces/msg/num.h
[2.258s] -- Up-to-date: /home/rouillon/ProRob/install/package_master_interfaces/include/package_master_interfaces/package_master_interfaces/msg/detail
[2.258s] -- Up-to-date: /home/rouillon/ProRob/install/package_master_interfaces/include/package_master_interfaces/package_master_interfaces/msg/detail/num__type_support.h
[2.258s] -- Up-to-date: /home/rouillon/ProRob/install/package_master_interfaces/include/package_master_interfaces/package_master_interfaces/msg/detail/num__struct.h
[2.259s] -- Up-to-date: /home/rouillon/ProRob/install/package_master_interfaces/include/package_master_interfaces/package_master_interfaces/msg/detail/num__functions.c
[2.259s] -- Up-to-date: /home/rouillon/ProRob/install/package_master_interfaces/include/package_master_interfaces/package_master_interfaces/msg/detail/num__functions.h
[2.259s] -- Up-to-date: /home/rouillon/ProRob/install/package_master_interfaces/include/package_master_interfaces/package_master_interfaces/msg/rosidl_generator_c__visibility_control.h
[2.260s] -- Up-to-date: /home/rouillon/ProRob/install/package_master_interfaces/include/package_master_interfaces/package_master_interfaces/srv
[2.260s] -- Up-to-date: /home/rouillon/ProRob/install/package_master_interfaces/include/package_master_interfaces/package_master_interfaces/srv/add_three_ints.h
[2.261s] -- Up-to-date: /home/rouillon/ProRob/install/package_master_interfaces/include/package_master_interfaces/package_master_interfaces/srv/detail
[2.261s] -- Up-to-date: /home/rouillon/ProRob/install/package_master_interfaces/include/package_master_interfaces/package_master_interfaces/srv/detail/robot_positions__type_support.h
[2.261s] -- Up-to-date: /home/rouillon/ProRob/install/package_master_interfaces/include/package_master_interfaces/package_master_interfaces/srv/detail/add_three_ints__type_support.h
[2.262s] -- Up-to-date: /home/rouillon/ProRob/install/package_master_interfaces/include/package_master_interfaces/package_master_interfaces/srv/detail/add_three_ints__struct.h
[2.262s] -- Up-to-date: /home/rouillon/ProRob/install/package_master_interfaces/include/package_master_interfaces/package_master_interfaces/srv/detail/robot_positions__functions.h
[2.263s] -- Up-to-date: /home/rouillon/ProRob/install/package_master_interfaces/include/package_master_interfaces/package_master_interfaces/srv/detail/send_positions__type_support.h
[2.264s] -- Up-to-date: /home/rouillon/ProRob/install/package_master_interfaces/include/package_master_interfaces/package_master_interfaces/srv/detail/add_three_ints__functions.h
[2.265s] -- Up-to-date: /home/rouillon/ProRob/install/package_master_interfaces/include/package_master_interfaces/package_master_interfaces/srv/detail/send_positions__struct.h
[2.265s] -- Up-to-date: /home/rouillon/ProRob/install/package_master_interfaces/include/package_master_interfaces/package_master_interfaces/srv/detail/robot_positions__struct.h
[2.265s] -- Up-to-date: /home/rouillon/ProRob/install/package_master_interfaces/include/package_master_interfaces/package_master_interfaces/srv/detail/send_positions__functions.h
[2.266s] -- Up-to-date: /home/rouillon/ProRob/install/package_master_interfaces/include/package_master_interfaces/package_master_interfaces/srv/detail/send_positions__functions.c
[2.266s] -- Up-to-date: /home/rouillon/ProRob/install/package_master_interfaces/include/package_master_interfaces/package_master_interfaces/srv/detail/add_three_ints__functions.c
[2.266s] -- Up-to-date: /home/rouillon/ProRob/install/package_master_interfaces/include/package_master_interfaces/package_master_interfaces/srv/detail/robot_positions__functions.c
[2.266s] -- Up-to-date: /home/rouillon/ProRob/install/package_master_interfaces/include/package_master_interfaces/package_master_interfaces/srv/robot_positions.h
[2.267s] -- Up-to-date: /home/rouillon/ProRob/install/package_master_interfaces/include/package_master_interfaces/package_master_interfaces/srv/send_positions.h
[2.267s] -- Up-to-date: /home/rouillon/ProRob/install/package_master_interfaces/share/package_master_interfaces/environment/library_path.sh
[2.267s] -- Up-to-date: /home/rouillon/ProRob/install/package_master_interfaces/share/package_master_interfaces/environment/library_path.dsv
[2.268s] -- Up-to-date: /home/rouillon/ProRob/install/package_master_interfaces/lib/libpackage_master_interfaces__rosidl_generator_c.so
[2.268s] -- Up-to-date: /home/rouillon/ProRob/install/package_master_interfaces/include/package_master_interfaces/package_master_interfaces
[2.268s] -- Up-to-date: /home/rouillon/ProRob/install/package_master_interfaces/include/package_master_interfaces/package_master_interfaces/msg
[2.268s] -- Up-to-date: /home/rouillon/ProRob/install/package_master_interfaces/include/package_master_interfaces/package_master_interfaces/msg/detail
[2.269s] -- Up-to-date: /home/rouillon/ProRob/install/package_master_interfaces/include/package_master_interfaces/package_master_interfaces/msg/detail/num__rosidl_typesupport_fastrtps_c.h
[2.269s] -- Up-to-date: /home/rouillon/ProRob/install/package_master_interfaces/include/package_master_interfaces/package_master_interfaces/msg/rosidl_typesupport_fastrtps_c__visibility_control.h
[2.269s] -- Up-to-date: /home/rouillon/ProRob/install/package_master_interfaces/include/package_master_interfaces/package_master_interfaces/srv
[2.269s] -- Up-to-date: /home/rouillon/ProRob/install/package_master_interfaces/include/package_master_interfaces/package_master_interfaces/srv/detail
[2.269s] -- Up-to-date: /home/rouillon/ProRob/install/package_master_interfaces/include/package_master_interfaces/package_master_interfaces/srv/detail/add_three_ints__rosidl_typesupport_fastrtps_c.h
[2.270s] -- Up-to-date: /home/rouillon/ProRob/install/package_master_interfaces/include/package_master_interfaces/package_master_interfaces/srv/detail/robot_positions__rosidl_typesupport_fastrtps_c.h
[2.270s] -- Up-to-date: /home/rouillon/ProRob/install/package_master_interfaces/include/package_master_interfaces/package_master_interfaces/srv/detail/send_positions__rosidl_typesupport_fastrtps_c.h
[2.270s] -- Up-to-date: /home/rouillon/ProRob/install/package_master_interfaces/lib/libpackage_master_interfaces__rosidl_typesupport_fastrtps_c.so
[2.270s] -- Up-to-date: /home/rouillon/ProRob/install/package_master_interfaces/include/package_master_interfaces/package_master_interfaces
[2.271s] -- Up-to-date: /home/rouillon/ProRob/install/package_master_interfaces/include/package_master_interfaces/package_master_interfaces/msg
[2.271s] -- Up-to-date: /home/rouillon/ProRob/install/package_master_interfaces/include/package_master_interfaces/package_master_interfaces/msg/detail
[2.272s] -- Up-to-date: /home/rouillon/ProRob/install/package_master_interfaces/include/package_master_interfaces/package_master_interfaces/msg/detail/num__type_support.c
[2.272s] -- Up-to-date: /home/rouillon/ProRob/install/package_master_interfaces/include/package_master_interfaces/package_master_interfaces/msg/detail/num__rosidl_typesupport_introspection_c.h
[2.273s] -- Up-to-date: /home/rouillon/ProRob/install/package_master_interfaces/include/package_master_interfaces/package_master_interfaces/msg/rosidl_typesupport_introspection_c__visibility_control.h
[2.273s] -- Up-to-date: /home/rouillon/ProRob/install/package_master_interfaces/include/package_master_interfaces/package_master_interfaces/srv
[2.274s] -- Up-to-date: /home/rouillon/ProRob/install/package_master_interfaces/include/package_master_interfaces/package_master_interfaces/srv/detail
[2.275s] -- Up-to-date: /home/rouillon/ProRob/install/package_master_interfaces/include/package_master_interfaces/package_master_interfaces/srv/detail/send_positions__rosidl_typesupport_introspection_c.h
[2.276s] -- Up-to-date: /home/rouillon/ProRob/install/package_master_interfaces/include/package_master_interfaces/package_master_interfaces/srv/detail/add_three_ints__type_support.c
[2.276s] -- Up-to-date: /home/rouillon/ProRob/install/package_master_interfaces/include/package_master_interfaces/package_master_interfaces/srv/detail/robot_positions__type_support.c
[2.276s] -- Up-to-date: /home/rouillon/ProRob/install/package_master_interfaces/include/package_master_interfaces/package_master_interfaces/srv/detail/add_three_ints__rosidl_typesupport_introspection_c.h
[2.276s] -- Up-to-date: /home/rouillon/ProRob/install/package_master_interfaces/include/package_master_interfaces/package_master_interfaces/srv/detail/send_positions__type_support.c
[2.276s] -- Up-to-date: /home/rouillon/ProRob/install/package_master_interfaces/include/package_master_interfaces/package_master_interfaces/srv/detail/robot_positions__rosidl_typesupport_introspection_c.h
[2.277s] -- Up-to-date: /home/rouillon/ProRob/install/package_master_interfaces/lib/libpackage_master_interfaces__rosidl_typesupport_introspection_c.so
[2.277s] -- Up-to-date: /home/rouillon/ProRob/install/package_master_interfaces/lib/libpackage_master_interfaces__rosidl_typesupport_c.so
[2.277s] -- Up-to-date: /home/rouillon/ProRob/install/package_master_interfaces/include/package_master_interfaces/package_master_interfaces
[2.277s] -- Up-to-date: /home/rouillon/ProRob/install/package_master_interfaces/include/package_master_interfaces/package_master_interfaces/msg
[2.278s] -- Up-to-date: /home/rouillon/ProRob/install/package_master_interfaces/include/package_master_interfaces/package_master_interfaces/msg/detail
[2.278s] -- Up-to-date: /home/rouillon/ProRob/install/package_master_interfaces/include/package_master_interfaces/package_master_interfaces/msg/detail/num__type_support.hpp
[2.278s] -- Up-to-date: /home/rouillon/ProRob/install/package_master_interfaces/include/package_master_interfaces/package_master_interfaces/msg/detail/num__struct.hpp
[2.279s] -- Up-to-date: /home/rouillon/ProRob/install/package_master_interfaces/include/package_master_interfaces/package_master_interfaces/msg/detail/num__builder.hpp
[2.279s] -- Up-to-date: /home/rouillon/ProRob/install/package_master_interfaces/include/package_master_interfaces/package_master_interfaces/msg/detail/num__traits.hpp
[2.279s] -- Up-to-date: /home/rouillon/ProRob/install/package_master_interfaces/include/package_master_interfaces/package_master_interfaces/msg/num.hpp
[2.280s] -- Up-to-date: /home/rouillon/ProRob/install/package_master_interfaces/include/package_master_interfaces/package_master_interfaces/msg/rosidl_generator_cpp__visibility_control.hpp
[2.280s] -- Up-to-date: /home/rouillon/ProRob/install/package_master_interfaces/include/package_master_interfaces/package_master_interfaces/srv
[2.280s] -- Up-to-date: /home/rouillon/ProRob/install/package_master_interfaces/include/package_master_interfaces/package_master_interfaces/srv/send_positions.hpp
[2.281s] -- Up-to-date: /home/rouillon/ProRob/install/package_master_interfaces/include/package_master_interfaces/package_master_interfaces/srv/detail
[2.283s] -- Up-to-date: /home/rouillon/ProRob/install/package_master_interfaces/include/package_master_interfaces/package_master_interfaces/srv/detail/robot_positions__struct.hpp
[2.283s] -- Up-to-date: /home/rouillon/ProRob/install/package_master_interfaces/include/package_master_interfaces/package_master_interfaces/srv/detail/robot_positions__builder.hpp
[2.283s] -- Up-to-date: /home/rouillon/ProRob/install/package_master_interfaces/include/package_master_interfaces/package_master_interfaces/srv/detail/robot_positions__type_support.hpp
[2.284s] -- Up-to-date: /home/rouillon/ProRob/install/package_master_interfaces/include/package_master_interfaces/package_master_interfaces/srv/detail/add_three_ints__struct.hpp
[2.284s] -- Up-to-date: /home/rouillon/ProRob/install/package_master_interfaces/include/package_master_interfaces/package_master_interfaces/srv/detail/robot_positions__traits.hpp
[2.284s] -- Up-to-date: /home/rouillon/ProRob/install/package_master_interfaces/include/package_master_interfaces/package_master_interfaces/srv/detail/send_positions__traits.hpp
[2.285s] -- Up-to-date: /home/rouillon/ProRob/install/package_master_interfaces/include/package_master_interfaces/package_master_interfaces/srv/detail/add_three_ints__type_support.hpp
[2.285s] -- Up-to-date: /home/rouillon/ProRob/install/package_master_interfaces/include/package_master_interfaces/package_master_interfaces/srv/detail/send_positions__type_support.hpp
[2.285s] -- Up-to-date: /home/rouillon/ProRob/install/package_master_interfaces/include/package_master_interfaces/package_master_interfaces/srv/detail/send_positions__struct.hpp
[2.285s] -- Up-to-date: /home/rouillon/ProRob/install/package_master_interfaces/include/package_master_interfaces/package_master_interfaces/srv/detail/add_three_ints__traits.hpp
[2.285s] -- Up-to-date: /home/rouillon/ProRob/install/package_master_interfaces/include/package_master_interfaces/package_master_interfaces/srv/detail/add_three_ints__builder.hpp
[2.286s] -- Up-to-date: /home/rouillon/ProRob/install/package_master_interfaces/include/package_master_interfaces/package_master_interfaces/srv/detail/send_positions__builder.hpp
[2.286s] -- Up-to-date: /home/rouillon/ProRob/install/package_master_interfaces/include/package_master_interfaces/package_master_interfaces/srv/add_three_ints.hpp
[2.286s] -- Up-to-date: /home/rouillon/ProRob/install/package_master_interfaces/include/package_master_interfaces/package_master_interfaces/srv/robot_positions.hpp
[2.286s] -- Up-to-date: /home/rouillon/ProRob/install/package_master_interfaces/include/package_master_interfaces/package_master_interfaces
[2.287s] -- Up-to-date: /home/rouillon/ProRob/install/package_master_interfaces/include/package_master_interfaces/package_master_interfaces/msg
[2.287s] -- Up-to-date: /home/rouillon/ProRob/install/package_master_interfaces/include/package_master_interfaces/package_master_interfaces/msg/detail
[2.287s] -- Up-to-date: /home/rouillon/ProRob/install/package_master_interfaces/include/package_master_interfaces/package_master_interfaces/msg/detail/num__rosidl_typesupport_fastrtps_cpp.hpp
[2.287s] -- Up-to-date: /home/rouillon/ProRob/install/package_master_interfaces/include/package_master_interfaces/package_master_interfaces/msg/detail/dds_fastrtps
[2.287s] -- Up-to-date: /home/rouillon/ProRob/install/package_master_interfaces/include/package_master_interfaces/package_master_interfaces/msg/rosidl_typesupport_fastrtps_cpp__visibility_control.h
[2.288s] -- Up-to-date: /home/rouillon/ProRob/install/package_master_interfaces/include/package_master_interfaces/package_master_interfaces/srv
[2.288s] -- Up-to-date: /home/rouillon/ProRob/install/package_master_interfaces/include/package_master_interfaces/package_master_interfaces/srv/detail
[2.288s] -- Up-to-date: /home/rouillon/ProRob/install/package_master_interfaces/include/package_master_interfaces/package_master_interfaces/srv/detail/add_three_ints__rosidl_typesupport_fastrtps_cpp.hpp
[2.289s] -- Up-to-date: /home/rouillon/ProRob/install/package_master_interfaces/include/package_master_interfaces/package_master_interfaces/srv/detail/robot_positions__rosidl_typesupport_fastrtps_cpp.hpp
[2.289s] -- Up-to-date: /home/rouillon/ProRob/install/package_master_interfaces/include/package_master_interfaces/package_master_interfaces/srv/detail/dds_fastrtps
[2.289s] -- Up-to-date: /home/rouillon/ProRob/install/package_master_interfaces/include/package_master_interfaces/package_master_interfaces/srv/detail/send_positions__rosidl_typesupport_fastrtps_cpp.hpp
[2.290s] -- Up-to-date: /home/rouillon/ProRob/install/package_master_interfaces/lib/libpackage_master_interfaces__rosidl_typesupport_fastrtps_cpp.so
[2.290s] -- Up-to-date: /home/rouillon/ProRob/install/package_master_interfaces/include/package_master_interfaces/package_master_interfaces
[2.290s] -- Up-to-date: /home/rouillon/ProRob/install/package_master_interfaces/include/package_master_interfaces/package_master_interfaces/msg
[2.291s] -- Up-to-date: /home/rouillon/ProRob/install/package_master_interfaces/include/package_master_interfaces/package_master_interfaces/msg/detail
[2.291s] -- Up-to-date: /home/rouillon/ProRob/install/package_master_interfaces/include/package_master_interfaces/package_master_interfaces/msg/detail/num__rosidl_typesupport_introspection_cpp.hpp
[2.291s] -- Up-to-date: /home/rouillon/ProRob/install/package_master_interfaces/include/package_master_interfaces/package_master_interfaces/msg/detail/num__type_support.cpp
[2.291s] -- Up-to-date: /home/rouillon/ProRob/install/package_master_interfaces/include/package_master_interfaces/package_master_interfaces/srv
[2.292s] -- Up-to-date: /home/rouillon/ProRob/install/package_master_interfaces/include/package_master_interfaces/package_master_interfaces/srv/detail
[2.292s] -- Up-to-date: /home/rouillon/ProRob/install/package_master_interfaces/include/package_master_interfaces/package_master_interfaces/srv/detail/robot_positions__rosidl_typesupport_introspection_cpp.hpp
[2.292s] -- Up-to-date: /home/rouillon/ProRob/install/package_master_interfaces/include/package_master_interfaces/package_master_interfaces/srv/detail/add_three_ints__type_support.cpp
[2.292s] -- Up-to-date: /home/rouillon/ProRob/install/package_master_interfaces/include/package_master_interfaces/package_master_interfaces/srv/detail/send_positions__rosidl_typesupport_introspection_cpp.hpp
[2.292s] -- Up-to-date: /home/rouillon/ProRob/install/package_master_interfaces/include/package_master_interfaces/package_master_interfaces/srv/detail/robot_positions__type_support.cpp
[2.293s] -- Up-to-date: /home/rouillon/ProRob/install/package_master_interfaces/include/package_master_interfaces/package_master_interfaces/srv/detail/add_three_ints__rosidl_typesupport_introspection_cpp.hpp
[2.293s] -- Up-to-date: /home/rouillon/ProRob/install/package_master_interfaces/include/package_master_interfaces/package_master_interfaces/srv/detail/send_positions__type_support.cpp
[2.293s] -- Up-to-date: /home/rouillon/ProRob/install/package_master_interfaces/lib/libpackage_master_interfaces__rosidl_typesupport_introspection_cpp.so
[2.293s] -- Up-to-date: /home/rouillon/ProRob/install/package_master_interfaces/lib/libpackage_master_interfaces__rosidl_typesupport_cpp.so
[2.294s] -- Up-to-date: /home/rouillon/ProRob/install/package_master_interfaces/share/package_master_interfaces/environment/pythonpath.sh
[2.294s] -- Up-to-date: /home/rouillon/ProRob/install/package_master_interfaces/share/package_master_interfaces/environment/pythonpath.dsv
[2.294s] -- Up-to-date: /home/rouillon/ProRob/install/package_master_interfaces/local/lib/python3.10/dist-packages/package_master_interfaces-0.0.0-py3.10.egg-info
[2.294s] -- Installing: /home/rouillon/ProRob/install/package_master_interfaces/local/lib/python3.10/dist-packages/package_master_interfaces-0.0.0-py3.10.egg-info/SOURCES.txt
[2.295s] -- Installing: /home/rouillon/ProRob/install/package_master_interfaces/local/lib/python3.10/dist-packages/package_master_interfaces-0.0.0-py3.10.egg-info/PKG-INFO
[2.295s] -- Installing: /home/rouillon/ProRob/install/package_master_interfaces/local/lib/python3.10/dist-packages/package_master_interfaces-0.0.0-py3.10.egg-info/dependency_links.txt
[2.295s] -- Installing: /home/rouillon/ProRob/install/package_master_interfaces/local/lib/python3.10/dist-packages/package_master_interfaces-0.0.0-py3.10.egg-info/top_level.txt
[2.295s] -- Up-to-date: /home/rouillon/ProRob/install/package_master_interfaces/local/lib/python3.10/dist-packages/package_master_interfaces
[2.295s] -- Up-to-date: /home/rouillon/ProRob/install/package_master_interfaces/local/lib/python3.10/dist-packages/package_master_interfaces/msg
[2.296s] -- Up-to-date: /home/rouillon/ProRob/install/package_master_interfaces/local/lib/python3.10/dist-packages/package_master_interfaces/msg/_num.py
[2.296s] -- Up-to-date: /home/rouillon/ProRob/install/package_master_interfaces/local/lib/python3.10/dist-packages/package_master_interfaces/msg/_num_s.c
[2.296s] -- Up-to-date: /home/rouillon/ProRob/install/package_master_interfaces/local/lib/python3.10/dist-packages/package_master_interfaces/msg/__init__.py
[2.296s] -- Up-to-date: /home/rouillon/ProRob/install/package_master_interfaces/local/lib/python3.10/dist-packages/package_master_interfaces/package_master_interfaces_s__rosidl_typesupport_c.cpython-310-x86_64-linux-gnu.so
[2.297s] -- Up-to-date: /home/rouillon/ProRob/install/package_master_interfaces/local/lib/python3.10/dist-packages/package_master_interfaces/_package_master_interfaces_s.ep.rosidl_typesupport_fastrtps_c.c
[2.297s] -- Up-to-date: /home/rouillon/ProRob/install/package_master_interfaces/local/lib/python3.10/dist-packages/package_master_interfaces/_package_master_interfaces_s.ep.rosidl_typesupport_introspection_c.c
[2.297s] -- Up-to-date: /home/rouillon/ProRob/install/package_master_interfaces/local/lib/python3.10/dist-packages/package_master_interfaces/package_master_interfaces_s__rosidl_typesupport_introspection_c.cpython-310-x86_64-linux-gnu.so
[2.298s] -- Up-to-date: /home/rouillon/ProRob/install/package_master_interfaces/local/lib/python3.10/dist-packages/package_master_interfaces/srv
[2.298s] -- Up-to-date: /home/rouillon/ProRob/install/package_master_interfaces/local/lib/python3.10/dist-packages/package_master_interfaces/srv/_add_three_ints_s.c
[2.298s] -- Up-to-date: /home/rouillon/ProRob/install/package_master_interfaces/local/lib/python3.10/dist-packages/package_master_interfaces/srv/_send_positions_s.c
[2.298s] -- Up-to-date: /home/rouillon/ProRob/install/package_master_interfaces/local/lib/python3.10/dist-packages/package_master_interfaces/srv/_send_positions.py
[2.299s] -- Up-to-date: /home/rouillon/ProRob/install/package_master_interfaces/local/lib/python3.10/dist-packages/package_master_interfaces/srv/_robot_positions.py
[2.299s] -- Up-to-date: /home/rouillon/ProRob/install/package_master_interfaces/local/lib/python3.10/dist-packages/package_master_interfaces/srv/__init__.py
[2.299s] -- Up-to-date: /home/rouillon/ProRob/install/package_master_interfaces/local/lib/python3.10/dist-packages/package_master_interfaces/srv/_robot_positions_s.c
[2.299s] -- Up-to-date: /home/rouillon/ProRob/install/package_master_interfaces/local/lib/python3.10/dist-packages/package_master_interfaces/srv/_add_three_ints.py
[2.300s] -- Up-to-date: /home/rouillon/ProRob/install/package_master_interfaces/local/lib/python3.10/dist-packages/package_master_interfaces/libpackage_master_interfaces__rosidl_generator_py.so
[2.300s] -- Up-to-date: /home/rouillon/ProRob/install/package_master_interfaces/local/lib/python3.10/dist-packages/package_master_interfaces/package_master_interfaces_s__rosidl_typesupport_fastrtps_c.cpython-310-x86_64-linux-gnu.so
[2.300s] -- Up-to-date: /home/rouillon/ProRob/install/package_master_interfaces/local/lib/python3.10/dist-packages/package_master_interfaces/_package_master_interfaces_s.ep.rosidl_typesupport_c.c
[2.300s] -- Up-to-date: /home/rouillon/ProRob/install/package_master_interfaces/local/lib/python3.10/dist-packages/package_master_interfaces/__init__.py
[2.390s] Listing '/home/rouillon/ProRob/install/package_master_interfaces/local/lib/python3.10/dist-packages/package_master_interfaces'...
[2.390s] Listing '/home/rouillon/ProRob/install/package_master_interfaces/local/lib/python3.10/dist-packages/package_master_interfaces/msg'...
[2.390s] Listing '/home/rouillon/ProRob/install/package_master_interfaces/local/lib/python3.10/dist-packages/package_master_interfaces/srv'...
[2.403s] -- Up-to-date: /home/rouillon/ProRob/install/package_master_interfaces/local/lib/python3.10/dist-packages/package_master_interfaces/package_master_interfaces_s__rosidl_typesupport_fastrtps_c.cpython-310-x86_64-linux-gnu.so
[2.404s] -- Up-to-date: /home/rouillon/ProRob/install/package_master_interfaces/local/lib/python3.10/dist-packages/package_master_interfaces/package_master_interfaces_s__rosidl_typesupport_introspection_c.cpython-310-x86_64-linux-gnu.so
[2.406s] -- Up-to-date: /home/rouillon/ProRob/install/package_master_interfaces/local/lib/python3.10/dist-packages/package_master_interfaces/package_master_interfaces_s__rosidl_typesupport_c.cpython-310-x86_64-linux-gnu.so
[2.406s] -- Up-to-date: /home/rouillon/ProRob/install/package_master_interfaces/lib/libpackage_master_interfaces__rosidl_generator_py.so
[2.407s] -- Up-to-date: /home/rouillon/ProRob/install/package_master_interfaces/share/package_master_interfaces/msg/Num.idl
[2.408s] -- Up-to-date: /home/rouillon/ProRob/install/package_master_interfaces/share/package_master_interfaces/srv/AddThreeInts.idl
[2.408s] -- Up-to-date: /home/rouillon/ProRob/install/package_master_interfaces/share/package_master_interfaces/srv/RobotPositions.idl
[2.408s] -- Up-to-date: /home/rouillon/ProRob/install/package_master_interfaces/share/package_master_interfaces/srv/SendPositions.idl
[2.410s] -- Up-to-date: /home/rouillon/ProRob/install/package_master_interfaces/share/package_master_interfaces/msg/Num.msg
[2.410s] -- Up-to-date: /home/rouillon/ProRob/install/package_master_interfaces/share/package_master_interfaces/srv/AddThreeInts.srv
[2.410s] -- Up-to-date: /home/rouillon/ProRob/install/package_master_interfaces/share/package_master_interfaces/srv/AddThreeInts_Request.msg
[2.411s] -- Up-to-date: /home/rouillon/ProRob/install/package_master_interfaces/share/package_master_interfaces/srv/AddThreeInts_Response.msg
[2.411s] -- Up-to-date: /home/rouillon/ProRob/install/package_master_interfaces/share/package_master_interfaces/srv/RobotPositions.srv
[2.412s] -- Up-to-date: /home/rouillon/ProRob/install/package_master_interfaces/share/package_master_interfaces/srv/RobotPositions_Request.msg
[2.412s] -- Up-to-date: /home/rouillon/ProRob/install/package_master_interfaces/share/package_master_interfaces/srv/RobotPositions_Response.msg
[2.412s] -- Up-to-date: /home/rouillon/ProRob/install/package_master_interfaces/share/package_master_interfaces/srv/SendPositions.srv
[2.413s] -- Up-to-date: /home/rouillon/ProRob/install/package_master_interfaces/share/package_master_interfaces/srv/SendPositions_Request.msg
[2.414s] -- Up-to-date: /home/rouillon/ProRob/install/package_master_interfaces/share/package_master_interfaces/srv/SendPositions_Response.msg
[2.414s] -- Up-to-date: /home/rouillon/ProRob/install/package_master_interfaces/share/ament_index/resource_index/package_run_dependencies/package_master_interfaces
[2.414s] -- Up-to-date: /home/rouillon/ProRob/install/package_master_interfaces/share/ament_index/resource_index/parent_prefix_path/package_master_interfaces
[2.415s] -- Up-to-date: /home/rouillon/ProRob/install/package_master_interfaces/share/package_master_interfaces/environment/ament_prefix_path.sh
[2.415s] -- Up-to-date: /home/rouillon/ProRob/install/package_master_interfaces/share/package_master_interfaces/environment/ament_prefix_path.dsv
[2.415s] -- Up-to-date: /home/rouillon/ProRob/install/package_master_interfaces/share/package_master_interfaces/environment/path.sh
[2.415s] -- Up-to-date: /home/rouillon/ProRob/install/package_master_interfaces/share/package_master_interfaces/environment/path.dsv
[2.415s] -- Up-to-date: /home/rouillon/ProRob/install/package_master_interfaces/share/package_master_interfaces/local_setup.bash
[2.416s] -- Up-to-date: /home/rouillon/ProRob/install/package_master_interfaces/share/package_master_interfaces/local_setup.sh
[2.416s] -- Up-to-date: /home/rouillon/ProRob/install/package_master_interfaces/share/package_master_interfaces/local_setup.zsh
[2.417s] -- Up-to-date: /home/rouillon/ProRob/install/package_master_interfaces/share/package_master_interfaces/local_setup.dsv
[2.418s] -- Installing: /home/rouillon/ProRob/install/package_master_interfaces/share/package_master_interfaces/package.dsv
[2.418s] -- Up-to-date: /home/rouillon/ProRob/install/package_master_interfaces/share/ament_index/resource_index/packages/package_master_interfaces
[2.418s] -- Up-to-date: /home/rouillon/ProRob/install/package_master_interfaces/share/package_master_interfaces/cmake/export_package_master_interfaces__rosidl_generator_cExport.cmake
[2.419s] -- Up-to-date: /home/rouillon/ProRob/install/package_master_interfaces/share/package_master_interfaces/cmake/export_package_master_interfaces__rosidl_generator_cExport-noconfig.cmake
[2.419s] -- Up-to-date: /home/rouillon/ProRob/install/package_master_interfaces/share/package_master_interfaces/cmake/export_package_master_interfaces__rosidl_typesupport_fastrtps_cExport.cmake
[2.419s] -- Up-to-date: /home/rouillon/ProRob/install/package_master_interfaces/share/package_master_interfaces/cmake/export_package_master_interfaces__rosidl_typesupport_fastrtps_cExport-noconfig.cmake
[2.419s] -- Up-to-date: /home/rouillon/ProRob/install/package_master_interfaces/share/package_master_interfaces/cmake/package_master_interfaces__rosidl_typesupport_introspection_cExport.cmake
[2.420s] -- Up-to-date: /home/rouillon/ProRob/install/package_master_interfaces/share/package_master_interfaces/cmake/package_master_interfaces__rosidl_typesupport_introspection_cExport-noconfig.cmake
[2.420s] -- Up-to-date: /home/rouillon/ProRob/install/package_master_interfaces/share/package_master_interfaces/cmake/package_master_interfaces__rosidl_typesupport_cExport.cmake
[2.420s] -- Up-to-date: /home/rouillon/ProRob/install/package_master_interfaces/share/package_master_interfaces/cmake/package_master_interfaces__rosidl_typesupport_cExport-noconfig.cmake
[2.420s] -- Up-to-date: /home/rouillon/ProRob/install/package_master_interfaces/share/package_master_interfaces/cmake/export_package_master_interfaces__rosidl_generator_cppExport.cmake
[2.421s] -- Up-to-date: /home/rouillon/ProRob/install/package_master_interfaces/share/package_master_interfaces/cmake/export_package_master_interfaces__rosidl_typesupport_fastrtps_cppExport.cmake
[2.421s] -- Up-to-date: /home/rouillon/ProRob/install/package_master_interfaces/share/package_master_interfaces/cmake/export_package_master_interfaces__rosidl_typesupport_fastrtps_cppExport-noconfig.cmake
[2.421s] -- Up-to-date: /home/rouillon/ProRob/install/package_master_interfaces/share/package_master_interfaces/cmake/package_master_interfaces__rosidl_typesupport_introspection_cppExport.cmake
[2.421s] -- Up-to-date: /home/rouillon/ProRob/install/package_master_interfaces/share/package_master_interfaces/cmake/package_master_interfaces__rosidl_typesupport_introspection_cppExport-noconfig.cmake
[2.422s] -- Up-to-date: /home/rouillon/ProRob/install/package_master_interfaces/share/package_master_interfaces/cmake/package_master_interfaces__rosidl_typesupport_cppExport.cmake
[2.422s] -- Up-to-date: /home/rouillon/ProRob/install/package_master_interfaces/share/package_master_interfaces/cmake/package_master_interfaces__rosidl_typesupport_cppExport-noconfig.cmake
[2.422s] -- Up-to-date: /home/rouillon/ProRob/install/package_master_interfaces/share/package_master_interfaces/cmake/export_package_master_interfaces__rosidl_generator_pyExport.cmake
[2.423s] -- Up-to-date: /home/rouillon/ProRob/install/package_master_interfaces/share/package_master_interfaces/cmake/export_package_master_interfaces__rosidl_generator_pyExport-noconfig.cmake
[2.423s] -- Up-to-date: /home/rouillon/ProRob/install/package_master_interfaces/share/package_master_interfaces/cmake/rosidl_cmake-extras.cmake
[2.423s] -- Up-to-date: /home/rouillon/ProRob/install/package_master_interfaces/share/package_master_interfaces/cmake/ament_cmake_export_include_directories-extras.cmake
[2.424s] -- Up-to-date: /home/rouillon/ProRob/install/package_master_interfaces/share/package_master_interfaces/cmake/ament_cmake_export_libraries-extras.cmake
[2.424s] -- Up-to-date: /home/rouillon/ProRob/install/package_master_interfaces/share/package_master_interfaces/cmake/ament_cmake_export_targets-extras.cmake
[2.424s] -- Up-to-date: /home/rouillon/ProRob/install/package_master_interfaces/share/package_master_interfaces/cmake/rosidl_cmake_export_typesupport_targets-extras.cmake
[2.425s] -- Up-to-date: /home/rouillon/ProRob/install/package_master_interfaces/share/package_master_interfaces/cmake/ament_cmake_export_dependencies-extras.cmake
[2.425s] -- Up-to-date: /home/rouillon/ProRob/install/package_master_interfaces/share/package_master_interfaces/cmake/rosidl_cmake_export_typesupport_libraries-extras.cmake
[2.425s] -- Up-to-date: /home/rouillon/ProRob/install/package_master_interfaces/share/package_master_interfaces/cmake/package_master_interfacesConfig.cmake
[2.426s] -- Up-to-date: /home/rouillon/ProRob/install/package_master_interfaces/share/package_master_interfaces/cmake/package_master_interfacesConfig-version.cmake
[2.426s] -- Up-to-date: /home/rouillon/ProRob/install/package_master_interfaces/share/package_master_interfaces/package.xml
[2.430s] Invoked command in '/home/rouillon/ProRob/build/package_master_interfaces' returned '0': CMAKE_PREFIX_PATH=${CMAKE_PREFIX_PATH}:/home/rouillon/ProRob/install/py_srvcli:/home/rouillon/ProRob/install/package_master:/opt/ros/humble /usr/bin/cmake --install /home/rouillon/ProRob/build/package_master_interfaces
