[1.752s] Invoking command in '/home/rouillon/Documents/ProDroneTB/ProRob/src/package_master': PYTHONPATH=/home/rouillon/Documents/ProDroneTB/ProRob/build/package_master/prefix_override:/usr/lib/python3/dist-packages/colcon_core/task/python/colcon_distutils_commands:/home/rouillon/Documents/ProDroneTB/ProRob/install/package_master/lib/python3.10/site-packages:${PYTHONPATH} /usr/bin/python3 -W ignore:setup.py install is deprecated -W ignore:easy_install command is deprecated setup.py egg_info --egg-base ../../build/package_master build --build-base /home/rouillon/Documents/ProDroneTB/ProRob/build/package_master/build install --record /home/rouillon/Documents/ProDroneTB/ProRob/build/package_master/install.log --single-version-externally-managed install_data
[2.221s] running egg_info
[2.223s] writing ../../build/package_master/package_master.egg-info/PKG-INFO
[2.223s] writing dependency_links to ../../build/package_master/package_master.egg-info/dependency_links.txt
[2.223s] writing entry points to ../../build/package_master/package_master.egg-info/entry_points.txt
[2.224s] writing requirements to ../../build/package_master/package_master.egg-info/requires.txt
[2.225s] writing top-level names to ../../build/package_master/package_master.egg-info/top_level.txt
[2.227s] reading manifest file '../../build/package_master/package_master.egg-info/SOURCES.txt'
[2.230s] writing manifest file '../../build/package_master/package_master.egg-info/SOURCES.txt'
[2.230s] running build
[2.230s] running build_py
[2.230s] copying package_master/drone_node.py -> /home/rouillon/Documents/ProDroneTB/ProRob/build/package_master/build/lib/package_master
[2.231s] copying package_master/master_node_drone.py -> /home/rouillon/Documents/ProDroneTB/ProRob/build/package_master/build/lib/package_master
[2.232s] running install
[2.232s] running install_lib
[2.234s] copying /home/rouillon/Documents/ProDroneTB/ProRob/build/package_master/build/lib/package_master/drone_node.py -> /home/rouillon/Documents/ProDroneTB/ProRob/install/package_master/lib/python3.10/site-packages/package_master
[2.234s] copying /home/rouillon/Documents/ProDroneTB/ProRob/build/package_master/build/lib/package_master/master_node_drone.py -> /home/rouillon/Documents/ProDroneTB/ProRob/install/package_master/lib/python3.10/site-packages/package_master
[2.235s] byte-compiling /home/rouillon/Documents/ProDroneTB/ProRob/install/package_master/lib/python3.10/site-packages/package_master/drone_node.py to drone_node.cpython-310.pyc
[2.237s] byte-compiling /home/rouillon/Documents/ProDroneTB/ProRob/install/package_master/lib/python3.10/site-packages/package_master/master_node_drone.py to master_node_drone.cpython-310.pyc
[2.242s] running install_data
[2.242s] running install_egg_info
[2.245s] removing '/home/rouillon/Documents/ProDroneTB/ProRob/install/package_master/lib/python3.10/site-packages/package_master-0.0.0-py3.10.egg-info' (and everything under it)
[2.245s] Copying ../../build/package_master/package_master.egg-info to /home/rouillon/Documents/ProDroneTB/ProRob/install/package_master/lib/python3.10/site-packages/package_master-0.0.0-py3.10.egg-info
[2.246s] running install_scripts
[2.283s] Installing client script to /home/rouillon/Documents/ProDroneTB/ProRob/install/package_master/lib/package_master
[2.284s] Installing client_drone script to /home/rouillon/Documents/ProDroneTB/ProRob/install/package_master/lib/package_master
[2.285s] Installing client_tb script to /home/rouillon/Documents/ProDroneTB/ProRob/install/package_master/lib/package_master
[2.285s] Installing service_drone script to /home/rouillon/Documents/ProDroneTB/ProRob/install/package_master/lib/package_master
[2.285s] Installing service_tb script to /home/rouillon/Documents/ProDroneTB/ProRob/install/package_master/lib/package_master
[2.285s] Installing service_test script to /home/rouillon/Documents/ProDroneTB/ProRob/install/package_master/lib/package_master
[2.286s] writing list of installed files to '/home/rouillon/Documents/ProDroneTB/ProRob/build/package_master/install.log'
[2.321s] Invoked command in '/home/rouillon/Documents/ProDroneTB/ProRob/src/package_master' returned '0': PYTHONPATH=/home/rouillon/Documents/ProDroneTB/ProRob/build/package_master/prefix_override:/usr/lib/python3/dist-packages/colcon_core/task/python/colcon_distutils_commands:/home/rouillon/Documents/ProDroneTB/ProRob/install/package_master/lib/python3.10/site-packages:${PYTHONPATH} /usr/bin/python3 -W ignore:setup.py install is deprecated -W ignore:easy_install command is deprecated setup.py egg_info --egg-base ../../build/package_master build --build-base /home/rouillon/Documents/ProDroneTB/ProRob/build/package_master/build install --record /home/rouillon/Documents/ProDroneTB/ProRob/build/package_master/install.log --single-version-externally-managed install_data
