[0.977s] Invoking command in '/home/rouillon/Documents/ProDroneTB/ProRob/build/package_master_interfaces': CMAKE_PREFIX_PATH=${CMAKE_PREFIX_PATH}:/home/rouillon/Documents/ProDroneTB/ProRob/install/py_srvcli:/home/rouillon/Documents/ProDroneTB/ProRob/install/package_master:/opt/ros/humble /usr/bin/cmake --build /home/rouillon/Documents/ProDroneTB/ProRob/build/package_master_interfaces -- -j4 -l4
[1.099s] [35m[1mConsolidate compiler generated dependencies of target package_master_interfaces__rosidl_generator_c[0m
[1.123s] [  1%] Built target package_master_interfaces__cpp
[1.152s] [ 12%] Built target package_master_interfaces__rosidl_generator_c
[1.170s] [ 12%] Built target ament_cmake_python_copy_package_master_interfaces
[1.185s] [35m[1mConsolidate compiler generated dependencies of target package_master_interfaces__rosidl_typesupport_fastrtps_cpp[0m
[1.186s] [35m[1mConsolidate compiler generated dependencies of target package_master_interfaces__rosidl_typesupport_cpp[0m
[1.189s] [35m[1mConsolidate compiler generated dependencies of target package_master_interfaces__rosidl_typesupport_introspection_cpp[0m
[1.218s] [35m[1mConsolidate compiler generated dependencies of target package_master_interfaces__rosidl_typesupport_fastrtps_c[0m
[1.241s] [ 23%] Built target package_master_interfaces__rosidl_typesupport_fastrtps_cpp
[1.259s] [ 34%] Built target package_master_interfaces__rosidl_typesupport_cpp
[1.270s] [ 46%] Built target package_master_interfaces__rosidl_typesupport_introspection_cpp
[1.298s] [ 57%] Built target package_master_interfaces__rosidl_typesupport_fastrtps_c
[1.305s] [35m[1mConsolidate compiler generated dependencies of target package_master_interfaces__rosidl_typesupport_introspection_c[0m
[1.306s] [35m[1mConsolidate compiler generated dependencies of target package_master_interfaces__rosidl_typesupport_c[0m
[1.351s] [ 76%] Built target package_master_interfaces__rosidl_typesupport_c
[1.352s] [ 79%] Built target package_master_interfaces__rosidl_typesupport_introspection_c
[1.407s] [ 79%] Built target package_master_interfaces
[1.472s] [ 80%] Built target package_master_interfaces__py
[1.505s] [35m[1mConsolidate compiler generated dependencies of target package_master_interfaces__rosidl_generator_py[0m
[1.556s] [ 90%] Built target package_master_interfaces__rosidl_generator_py
[1.588s] [35m[1mConsolidate compiler generated dependencies of target package_master_interfaces__rosidl_typesupport_fastrtps_c__pyext[0m
[1.589s] [35m[1mConsolidate compiler generated dependencies of target package_master_interfaces__rosidl_typesupport_introspection_c__pyext[0m
[1.613s] [35m[1mConsolidate compiler generated dependencies of target package_master_interfaces__rosidl_typesupport_c__pyext[0m
[1.624s] [ 93%] Built target package_master_interfaces__rosidl_typesupport_fastrtps_c__pyext
[1.646s] [ 96%] Built target package_master_interfaces__rosidl_typesupport_introspection_c__pyext
[1.663s] [100%] Built target package_master_interfaces__rosidl_typesupport_c__pyext
[2.287s] running egg_info
[2.290s] writing package_master_interfaces.egg-info/PKG-INFO
[2.291s] writing dependency_links to package_master_interfaces.egg-info/dependency_links.txt
[2.292s] writing top-level names to package_master_interfaces.egg-info/top_level.txt
[2.301s] reading manifest file 'package_master_interfaces.egg-info/SOURCES.txt'
[2.304s] writing manifest file 'package_master_interfaces.egg-info/SOURCES.txt'
[2.378s] [100%] Built target ament_cmake_python_build_package_master_interfaces_egg
[2.415s] Invoked command in '/home/rouillon/Documents/ProDroneTB/ProRob/build/package_master_interfaces' returned '0': CMAKE_PREFIX_PATH=${CMAKE_PREFIX_PATH}:/home/rouillon/Documents/ProDroneTB/ProRob/install/py_srvcli:/home/rouillon/Documents/ProDroneTB/ProRob/install/package_master:/opt/ros/humble /usr/bin/cmake --build /home/rouillon/Documents/ProDroneTB/ProRob/build/package_master_interfaces -- -j4 -l4
[2.447s] Invoking command in '/home/rouillon/Documents/ProDroneTB/ProRob/build/package_master_interfaces': CMAKE_PREFIX_PATH=${CMAKE_PREFIX_PATH}:/home/rouillon/Documents/ProDroneTB/ProRob/install/py_srvcli:/home/rouillon/Documents/ProDroneTB/ProRob/install/package_master:/opt/ros/humble /usr/bin/cmake --install /home/rouillon/Documents/ProDroneTB/ProRob/build/package_master_interfaces
[2.477s] -- Install configuration: ""
[2.478s] -- Up-to-date: /home/rouillon/Documents/ProDroneTB/ProRob/install/package_master_interfaces/share/ament_index/resource_index/rosidl_interfaces/package_master_interfaces
[2.478s] -- Up-to-date: /home/rouillon/Documents/ProDroneTB/ProRob/install/package_master_interfaces/include/package_master_interfaces/package_master_interfaces
[2.479s] -- Up-to-date: /home/rouillon/Documents/ProDroneTB/ProRob/install/package_master_interfaces/include/package_master_interfaces/package_master_interfaces/msg
[2.480s] -- Up-to-date: /home/rouillon/Documents/ProDroneTB/ProRob/install/package_master_interfaces/include/package_master_interfaces/package_master_interfaces/msg/num.h
[2.481s] -- Up-to-date: /home/rouillon/Documents/ProDroneTB/ProRob/install/package_master_interfaces/include/package_master_interfaces/package_master_interfaces/msg/detail
[2.482s] -- Up-to-date: /home/rouillon/Documents/ProDroneTB/ProRob/install/package_master_interfaces/include/package_master_interfaces/package_master_interfaces/msg/detail/sequence_elments__functions.c
[2.482s] -- Up-to-date: /home/rouillon/Documents/ProDroneTB/ProRob/install/package_master_interfaces/include/package_master_interfaces/package_master_interfaces/msg/detail/num__type_support.h
[2.483s] -- Up-to-date: /home/rouillon/Documents/ProDroneTB/ProRob/install/package_master_interfaces/include/package_master_interfaces/package_master_interfaces/msg/detail/sequence_elments__struct.h
[2.483s] -- Up-to-date: /home/rouillon/Documents/ProDroneTB/ProRob/install/package_master_interfaces/include/package_master_interfaces/package_master_interfaces/msg/detail/sequence_elments__type_support.h
[2.483s] -- Up-to-date: /home/rouillon/Documents/ProDroneTB/ProRob/install/package_master_interfaces/include/package_master_interfaces/package_master_interfaces/msg/detail/num__struct.h
[2.484s] -- Up-to-date: /home/rouillon/Documents/ProDroneTB/ProRob/install/package_master_interfaces/include/package_master_interfaces/package_master_interfaces/msg/detail/sequence_elments__functions.h
[2.484s] -- Up-to-date: /home/rouillon/Documents/ProDroneTB/ProRob/install/package_master_interfaces/include/package_master_interfaces/package_master_interfaces/msg/detail/num__functions.c
[2.484s] -- Up-to-date: /home/rouillon/Documents/ProDroneTB/ProRob/install/package_master_interfaces/include/package_master_interfaces/package_master_interfaces/msg/detail/num__functions.h
[2.485s] -- Up-to-date: /home/rouillon/Documents/ProDroneTB/ProRob/install/package_master_interfaces/include/package_master_interfaces/package_master_interfaces/msg/rosidl_generator_c__visibility_control.h
[2.485s] -- Up-to-date: /home/rouillon/Documents/ProDroneTB/ProRob/install/package_master_interfaces/include/package_master_interfaces/package_master_interfaces/msg/sequence_elments.h
[2.486s] -- Up-to-date: /home/rouillon/Documents/ProDroneTB/ProRob/install/package_master_interfaces/include/package_master_interfaces/package_master_interfaces/srv
[2.486s] -- Up-to-date: /home/rouillon/Documents/ProDroneTB/ProRob/install/package_master_interfaces/include/package_master_interfaces/package_master_interfaces/srv/add_three_ints.h
[2.486s] -- Up-to-date: /home/rouillon/Documents/ProDroneTB/ProRob/install/package_master_interfaces/include/package_master_interfaces/package_master_interfaces/srv/detail
[2.486s] -- Up-to-date: /home/rouillon/Documents/ProDroneTB/ProRob/install/package_master_interfaces/include/package_master_interfaces/package_master_interfaces/srv/detail/robot_positions__type_support.h
[2.487s] -- Up-to-date: /home/rouillon/Documents/ProDroneTB/ProRob/install/package_master_interfaces/include/package_master_interfaces/package_master_interfaces/srv/detail/add_three_ints__type_support.h
[2.487s] -- Up-to-date: /home/rouillon/Documents/ProDroneTB/ProRob/install/package_master_interfaces/include/package_master_interfaces/package_master_interfaces/srv/detail/add_three_ints__struct.h
[2.488s] -- Up-to-date: /home/rouillon/Documents/ProDroneTB/ProRob/install/package_master_interfaces/include/package_master_interfaces/package_master_interfaces/srv/detail/robot_positions__functions.h
[2.488s] -- Up-to-date: /home/rouillon/Documents/ProDroneTB/ProRob/install/package_master_interfaces/include/package_master_interfaces/package_master_interfaces/srv/detail/send_positions__type_support.h
[2.488s] -- Up-to-date: /home/rouillon/Documents/ProDroneTB/ProRob/install/package_master_interfaces/include/package_master_interfaces/package_master_interfaces/srv/detail/add_three_ints__functions.h
[2.489s] -- Up-to-date: /home/rouillon/Documents/ProDroneTB/ProRob/install/package_master_interfaces/include/package_master_interfaces/package_master_interfaces/srv/detail/send_positions__struct.h
[2.489s] -- Up-to-date: /home/rouillon/Documents/ProDroneTB/ProRob/install/package_master_interfaces/include/package_master_interfaces/package_master_interfaces/srv/detail/robot_positions__struct.h
[2.490s] -- Up-to-date: /home/rouillon/Documents/ProDroneTB/ProRob/install/package_master_interfaces/include/package_master_interfaces/package_master_interfaces/srv/detail/send_positions__functions.h
[2.490s] -- Up-to-date: /home/rouillon/Documents/ProDroneTB/ProRob/install/package_master_interfaces/include/package_master_interfaces/package_master_interfaces/srv/detail/send_positions__functions.c
[2.491s] -- Up-to-date: /home/rouillon/Documents/ProDroneTB/ProRob/install/package_master_interfaces/include/package_master_interfaces/package_master_interfaces/srv/detail/add_three_ints__functions.c
[2.491s] -- Up-to-date: /home/rouillon/Documents/ProDroneTB/ProRob/install/package_master_interfaces/include/package_master_interfaces/package_master_interfaces/srv/detail/robot_positions__functions.c
[2.492s] -- Up-to-date: /home/rouillon/Documents/ProDroneTB/ProRob/install/package_master_interfaces/include/package_master_interfaces/package_master_interfaces/srv/robot_positions.h
[2.492s] -- Up-to-date: /home/rouillon/Documents/ProDroneTB/ProRob/install/package_master_interfaces/include/package_master_interfaces/package_master_interfaces/srv/send_positions.h
[2.492s] -- Up-to-date: /home/rouillon/Documents/ProDroneTB/ProRob/install/package_master_interfaces/share/package_master_interfaces/environment/library_path.sh
[2.492s] -- Up-to-date: /home/rouillon/Documents/ProDroneTB/ProRob/install/package_master_interfaces/share/package_master_interfaces/environment/library_path.dsv
[2.493s] -- Up-to-date: /home/rouillon/Documents/ProDroneTB/ProRob/install/package_master_interfaces/lib/libpackage_master_interfaces__rosidl_generator_c.so
[2.493s] -- Up-to-date: /home/rouillon/Documents/ProDroneTB/ProRob/install/package_master_interfaces/include/package_master_interfaces/package_master_interfaces
[2.493s] -- Up-to-date: /home/rouillon/Documents/ProDroneTB/ProRob/install/package_master_interfaces/include/package_master_interfaces/package_master_interfaces/msg
[2.493s] -- Up-to-date: /home/rouillon/Documents/ProDroneTB/ProRob/install/package_master_interfaces/include/package_master_interfaces/package_master_interfaces/msg/detail
[2.494s] -- Up-to-date: /home/rouillon/Documents/ProDroneTB/ProRob/install/package_master_interfaces/include/package_master_interfaces/package_master_interfaces/msg/detail/num__rosidl_typesupport_fastrtps_c.h
[2.494s] -- Up-to-date: /home/rouillon/Documents/ProDroneTB/ProRob/install/package_master_interfaces/include/package_master_interfaces/package_master_interfaces/msg/detail/sequence_elments__rosidl_typesupport_fastrtps_c.h
[2.495s] -- Up-to-date: /home/rouillon/Documents/ProDroneTB/ProRob/install/package_master_interfaces/include/package_master_interfaces/package_master_interfaces/msg/rosidl_typesupport_fastrtps_c__visibility_control.h
[2.495s] -- Up-to-date: /home/rouillon/Documents/ProDroneTB/ProRob/install/package_master_interfaces/include/package_master_interfaces/package_master_interfaces/srv
[2.495s] -- Up-to-date: /home/rouillon/Documents/ProDroneTB/ProRob/install/package_master_interfaces/include/package_master_interfaces/package_master_interfaces/srv/detail
[2.496s] -- Up-to-date: /home/rouillon/Documents/ProDroneTB/ProRob/install/package_master_interfaces/include/package_master_interfaces/package_master_interfaces/srv/detail/add_three_ints__rosidl_typesupport_fastrtps_c.h
[2.496s] -- Up-to-date: /home/rouillon/Documents/ProDroneTB/ProRob/install/package_master_interfaces/include/package_master_interfaces/package_master_interfaces/srv/detail/robot_positions__rosidl_typesupport_fastrtps_c.h
[2.496s] -- Up-to-date: /home/rouillon/Documents/ProDroneTB/ProRob/install/package_master_interfaces/include/package_master_interfaces/package_master_interfaces/srv/detail/send_positions__rosidl_typesupport_fastrtps_c.h
[2.497s] -- Up-to-date: /home/rouillon/Documents/ProDroneTB/ProRob/install/package_master_interfaces/lib/libpackage_master_interfaces__rosidl_typesupport_fastrtps_c.so
[2.497s] -- Up-to-date: /home/rouillon/Documents/ProDroneTB/ProRob/install/package_master_interfaces/include/package_master_interfaces/package_master_interfaces
[2.497s] -- Up-to-date: /home/rouillon/Documents/ProDroneTB/ProRob/install/package_master_interfaces/include/package_master_interfaces/package_master_interfaces/msg
[2.498s] -- Up-to-date: /home/rouillon/Documents/ProDroneTB/ProRob/install/package_master_interfaces/include/package_master_interfaces/package_master_interfaces/msg/detail
[2.498s] -- Up-to-date: /home/rouillon/Documents/ProDroneTB/ProRob/install/package_master_interfaces/include/package_master_interfaces/package_master_interfaces/msg/detail/sequence_elments__type_support.c
[2.498s] -- Up-to-date: /home/rouillon/Documents/ProDroneTB/ProRob/install/package_master_interfaces/include/package_master_interfaces/package_master_interfaces/msg/detail/num__type_support.c
[2.498s] -- Up-to-date: /home/rouillon/Documents/ProDroneTB/ProRob/install/package_master_interfaces/include/package_master_interfaces/package_master_interfaces/msg/detail/num__rosidl_typesupport_introspection_c.h
[2.498s] -- Up-to-date: /home/rouillon/Documents/ProDroneTB/ProRob/install/package_master_interfaces/include/package_master_interfaces/package_master_interfaces/msg/detail/sequence_elments__rosidl_typesupport_introspection_c.h
[2.499s] -- Up-to-date: /home/rouillon/Documents/ProDroneTB/ProRob/install/package_master_interfaces/include/package_master_interfaces/package_master_interfaces/msg/rosidl_typesupport_introspection_c__visibility_control.h
[2.499s] -- Up-to-date: /home/rouillon/Documents/ProDroneTB/ProRob/install/package_master_interfaces/include/package_master_interfaces/package_master_interfaces/srv
[2.499s] -- Up-to-date: /home/rouillon/Documents/ProDroneTB/ProRob/install/package_master_interfaces/include/package_master_interfaces/package_master_interfaces/srv/detail
[2.499s] -- Up-to-date: /home/rouillon/Documents/ProDroneTB/ProRob/install/package_master_interfaces/include/package_master_interfaces/package_master_interfaces/srv/detail/send_positions__rosidl_typesupport_introspection_c.h
[2.500s] -- Up-to-date: /home/rouillon/Documents/ProDroneTB/ProRob/install/package_master_interfaces/include/package_master_interfaces/package_master_interfaces/srv/detail/add_three_ints__type_support.c
[2.500s] -- Up-to-date: /home/rouillon/Documents/ProDroneTB/ProRob/install/package_master_interfaces/include/package_master_interfaces/package_master_interfaces/srv/detail/robot_positions__type_support.c
[2.500s] -- Up-to-date: /home/rouillon/Documents/ProDroneTB/ProRob/install/package_master_interfaces/include/package_master_interfaces/package_master_interfaces/srv/detail/add_three_ints__rosidl_typesupport_introspection_c.h
[2.501s] -- Up-to-date: /home/rouillon/Documents/ProDroneTB/ProRob/install/package_master_interfaces/include/package_master_interfaces/package_master_interfaces/srv/detail/send_positions__type_support.c
[2.501s] -- Up-to-date: /home/rouillon/Documents/ProDroneTB/ProRob/install/package_master_interfaces/include/package_master_interfaces/package_master_interfaces/srv/detail/robot_positions__rosidl_typesupport_introspection_c.h
[2.501s] -- Up-to-date: /home/rouillon/Documents/ProDroneTB/ProRob/install/package_master_interfaces/lib/libpackage_master_interfaces__rosidl_typesupport_introspection_c.so
[2.501s] -- Up-to-date: /home/rouillon/Documents/ProDroneTB/ProRob/install/package_master_interfaces/lib/libpackage_master_interfaces__rosidl_typesupport_c.so
[2.502s] -- Up-to-date: /home/rouillon/Documents/ProDroneTB/ProRob/install/package_master_interfaces/include/package_master_interfaces/package_master_interfaces
[2.502s] -- Up-to-date: /home/rouillon/Documents/ProDroneTB/ProRob/install/package_master_interfaces/include/package_master_interfaces/package_master_interfaces/msg
[2.503s] -- Up-to-date: /home/rouillon/Documents/ProDroneTB/ProRob/install/package_master_interfaces/include/package_master_interfaces/package_master_interfaces/msg/detail
[2.503s] -- Up-to-date: /home/rouillon/Documents/ProDroneTB/ProRob/install/package_master_interfaces/include/package_master_interfaces/package_master_interfaces/msg/detail/num__type_support.hpp
[2.503s] -- Up-to-date: /home/rouillon/Documents/ProDroneTB/ProRob/install/package_master_interfaces/include/package_master_interfaces/package_master_interfaces/msg/detail/sequence_elments__builder.hpp
[2.504s] -- Up-to-date: /home/rouillon/Documents/ProDroneTB/ProRob/install/package_master_interfaces/include/package_master_interfaces/package_master_interfaces/msg/detail/sequence_elments__type_support.hpp
[2.504s] -- Up-to-date: /home/rouillon/Documents/ProDroneTB/ProRob/install/package_master_interfaces/include/package_master_interfaces/package_master_interfaces/msg/detail/sequence_elments__traits.hpp
[2.504s] -- Up-to-date: /home/rouillon/Documents/ProDroneTB/ProRob/install/package_master_interfaces/include/package_master_interfaces/package_master_interfaces/msg/detail/num__struct.hpp
[2.505s] -- Up-to-date: /home/rouillon/Documents/ProDroneTB/ProRob/install/package_master_interfaces/include/package_master_interfaces/package_master_interfaces/msg/detail/sequence_elments__struct.hpp
[2.506s] -- Up-to-date: /home/rouillon/Documents/ProDroneTB/ProRob/install/package_master_interfaces/include/package_master_interfaces/package_master_interfaces/msg/detail/num__builder.hpp
[2.506s] -- Up-to-date: /home/rouillon/Documents/ProDroneTB/ProRob/install/package_master_interfaces/include/package_master_interfaces/package_master_interfaces/msg/detail/num__traits.hpp
[2.507s] -- Up-to-date: /home/rouillon/Documents/ProDroneTB/ProRob/install/package_master_interfaces/include/package_master_interfaces/package_master_interfaces/msg/num.hpp
[2.507s] -- Up-to-date: /home/rouillon/Documents/ProDroneTB/ProRob/install/package_master_interfaces/include/package_master_interfaces/package_master_interfaces/msg/sequence_elments.hpp
[2.507s] -- Up-to-date: /home/rouillon/Documents/ProDroneTB/ProRob/install/package_master_interfaces/include/package_master_interfaces/package_master_interfaces/msg/rosidl_generator_cpp__visibility_control.hpp
[2.507s] -- Up-to-date: /home/rouillon/Documents/ProDroneTB/ProRob/install/package_master_interfaces/include/package_master_interfaces/package_master_interfaces/srv
[2.508s] -- Up-to-date: /home/rouillon/Documents/ProDroneTB/ProRob/install/package_master_interfaces/include/package_master_interfaces/package_master_interfaces/srv/send_positions.hpp
[2.508s] -- Up-to-date: /home/rouillon/Documents/ProDroneTB/ProRob/install/package_master_interfaces/include/package_master_interfaces/package_master_interfaces/srv/detail
[2.508s] -- Up-to-date: /home/rouillon/Documents/ProDroneTB/ProRob/install/package_master_interfaces/include/package_master_interfaces/package_master_interfaces/srv/detail/robot_positions__struct.hpp
[2.509s] -- Up-to-date: /home/rouillon/Documents/ProDroneTB/ProRob/install/package_master_interfaces/include/package_master_interfaces/package_master_interfaces/srv/detail/robot_positions__builder.hpp
[2.509s] -- Up-to-date: /home/rouillon/Documents/ProDroneTB/ProRob/install/package_master_interfaces/include/package_master_interfaces/package_master_interfaces/srv/detail/robot_positions__type_support.hpp
[2.510s] -- Up-to-date: /home/rouillon/Documents/ProDroneTB/ProRob/install/package_master_interfaces/include/package_master_interfaces/package_master_interfaces/srv/detail/add_three_ints__struct.hpp
[2.510s] -- Up-to-date: /home/rouillon/Documents/ProDroneTB/ProRob/install/package_master_interfaces/include/package_master_interfaces/package_master_interfaces/srv/detail/robot_positions__traits.hpp
[2.510s] -- Up-to-date: /home/rouillon/Documents/ProDroneTB/ProRob/install/package_master_interfaces/include/package_master_interfaces/package_master_interfaces/srv/detail/send_positions__traits.hpp
[2.510s] -- Up-to-date: /home/rouillon/Documents/ProDroneTB/ProRob/install/package_master_interfaces/include/package_master_interfaces/package_master_interfaces/srv/detail/add_three_ints__type_support.hpp
[2.511s] -- Up-to-date: /home/rouillon/Documents/ProDroneTB/ProRob/install/package_master_interfaces/include/package_master_interfaces/package_master_interfaces/srv/detail/send_positions__type_support.hpp
[2.511s] -- Up-to-date: /home/rouillon/Documents/ProDroneTB/ProRob/install/package_master_interfaces/include/package_master_interfaces/package_master_interfaces/srv/detail/send_positions__struct.hpp
[2.511s] -- Up-to-date: /home/rouillon/Documents/ProDroneTB/ProRob/install/package_master_interfaces/include/package_master_interfaces/package_master_interfaces/srv/detail/add_three_ints__traits.hpp
[2.511s] -- Up-to-date: /home/rouillon/Documents/ProDroneTB/ProRob/install/package_master_interfaces/include/package_master_interfaces/package_master_interfaces/srv/detail/add_three_ints__builder.hpp
[2.512s] -- Up-to-date: /home/rouillon/Documents/ProDroneTB/ProRob/install/package_master_interfaces/include/package_master_interfaces/package_master_interfaces/srv/detail/send_positions__builder.hpp
[2.512s] -- Up-to-date: /home/rouillon/Documents/ProDroneTB/ProRob/install/package_master_interfaces/include/package_master_interfaces/package_master_interfaces/srv/add_three_ints.hpp
[2.512s] -- Up-to-date: /home/rouillon/Documents/ProDroneTB/ProRob/install/package_master_interfaces/include/package_master_interfaces/package_master_interfaces/srv/robot_positions.hpp
[2.512s] -- Up-to-date: /home/rouillon/Documents/ProDroneTB/ProRob/install/package_master_interfaces/include/package_master_interfaces/package_master_interfaces
[2.513s] -- Up-to-date: /home/rouillon/Documents/ProDroneTB/ProRob/install/package_master_interfaces/include/package_master_interfaces/package_master_interfaces/msg
[2.513s] -- Up-to-date: /home/rouillon/Documents/ProDroneTB/ProRob/install/package_master_interfaces/include/package_master_interfaces/package_master_interfaces/msg/detail
[2.513s] -- Up-to-date: /home/rouillon/Documents/ProDroneTB/ProRob/install/package_master_interfaces/include/package_master_interfaces/package_master_interfaces/msg/detail/sequence_elments__rosidl_typesupport_fastrtps_cpp.hpp
[2.514s] -- Up-to-date: /home/rouillon/Documents/ProDroneTB/ProRob/install/package_master_interfaces/include/package_master_interfaces/package_master_interfaces/msg/detail/num__rosidl_typesupport_fastrtps_cpp.hpp
[2.514s] -- Up-to-date: /home/rouillon/Documents/ProDroneTB/ProRob/install/package_master_interfaces/include/package_master_interfaces/package_master_interfaces/msg/detail/dds_fastrtps
[2.514s] -- Up-to-date: /home/rouillon/Documents/ProDroneTB/ProRob/install/package_master_interfaces/include/package_master_interfaces/package_master_interfaces/msg/rosidl_typesupport_fastrtps_cpp__visibility_control.h
[2.515s] -- Up-to-date: /home/rouillon/Documents/ProDroneTB/ProRob/install/package_master_interfaces/include/package_master_interfaces/package_master_interfaces/srv
[2.515s] -- Up-to-date: /home/rouillon/Documents/ProDroneTB/ProRob/install/package_master_interfaces/include/package_master_interfaces/package_master_interfaces/srv/detail
[2.515s] -- Up-to-date: /home/rouillon/Documents/ProDroneTB/ProRob/install/package_master_interfaces/include/package_master_interfaces/package_master_interfaces/srv/detail/add_three_ints__rosidl_typesupport_fastrtps_cpp.hpp
[2.515s] -- Up-to-date: /home/rouillon/Documents/ProDroneTB/ProRob/install/package_master_interfaces/include/package_master_interfaces/package_master_interfaces/srv/detail/robot_positions__rosidl_typesupport_fastrtps_cpp.hpp
[2.516s] -- Up-to-date: /home/rouillon/Documents/ProDroneTB/ProRob/install/package_master_interfaces/include/package_master_interfaces/package_master_interfaces/srv/detail/dds_fastrtps
[2.516s] -- Up-to-date: /home/rouillon/Documents/ProDroneTB/ProRob/install/package_master_interfaces/include/package_master_interfaces/package_master_interfaces/srv/detail/send_positions__rosidl_typesupport_fastrtps_cpp.hpp
[2.516s] -- Up-to-date: /home/rouillon/Documents/ProDroneTB/ProRob/install/package_master_interfaces/lib/libpackage_master_interfaces__rosidl_typesupport_fastrtps_cpp.so
[2.516s] -- Up-to-date: /home/rouillon/Documents/ProDroneTB/ProRob/install/package_master_interfaces/include/package_master_interfaces/package_master_interfaces
[2.517s] -- Up-to-date: /home/rouillon/Documents/ProDroneTB/ProRob/install/package_master_interfaces/include/package_master_interfaces/package_master_interfaces/msg
[2.517s] -- Up-to-date: /home/rouillon/Documents/ProDroneTB/ProRob/install/package_master_interfaces/include/package_master_interfaces/package_master_interfaces/msg/detail
[2.518s] -- Up-to-date: /home/rouillon/Documents/ProDroneTB/ProRob/install/package_master_interfaces/include/package_master_interfaces/package_master_interfaces/msg/detail/num__rosidl_typesupport_introspection_cpp.hpp
[2.518s] -- Up-to-date: /home/rouillon/Documents/ProDroneTB/ProRob/install/package_master_interfaces/include/package_master_interfaces/package_master_interfaces/msg/detail/num__type_support.cpp
[2.519s] -- Up-to-date: /home/rouillon/Documents/ProDroneTB/ProRob/install/package_master_interfaces/include/package_master_interfaces/package_master_interfaces/msg/detail/sequence_elments__type_support.cpp
[2.519s] -- Up-to-date: /home/rouillon/Documents/ProDroneTB/ProRob/install/package_master_interfaces/include/package_master_interfaces/package_master_interfaces/msg/detail/sequence_elments__rosidl_typesupport_introspection_cpp.hpp
[2.520s] -- Up-to-date: /home/rouillon/Documents/ProDroneTB/ProRob/install/package_master_interfaces/include/package_master_interfaces/package_master_interfaces/srv
[2.523s] -- Up-to-date: /home/rouillon/Documents/ProDroneTB/ProRob/install/package_master_interfaces/include/package_master_interfaces/package_master_interfaces/srv/detail
[2.523s] -- Up-to-date: /home/rouillon/Documents/ProDroneTB/ProRob/install/package_master_interfaces/include/package_master_interfaces/package_master_interfaces/srv/detail/robot_positions__rosidl_typesupport_introspection_cpp.hpp
[2.524s] -- Up-to-date: /home/rouillon/Documents/ProDroneTB/ProRob/install/package_master_interfaces/include/package_master_interfaces/package_master_interfaces/srv/detail/add_three_ints__type_support.cpp
[2.524s] -- Up-to-date: /home/rouillon/Documents/ProDroneTB/ProRob/install/package_master_interfaces/include/package_master_interfaces/package_master_interfaces/srv/detail/send_positions__rosidl_typesupport_introspection_cpp.hpp
[2.524s] -- Up-to-date: /home/rouillon/Documents/ProDroneTB/ProRob/install/package_master_interfaces/include/package_master_interfaces/package_master_interfaces/srv/detail/robot_positions__type_support.cpp
[2.525s] -- Up-to-date: /home/rouillon/Documents/ProDroneTB/ProRob/install/package_master_interfaces/include/package_master_interfaces/package_master_interfaces/srv/detail/add_three_ints__rosidl_typesupport_introspection_cpp.hpp
[2.525s] -- Up-to-date: /home/rouillon/Documents/ProDroneTB/ProRob/install/package_master_interfaces/include/package_master_interfaces/package_master_interfaces/srv/detail/send_positions__type_support.cpp
[2.525s] -- Up-to-date: /home/rouillon/Documents/ProDroneTB/ProRob/install/package_master_interfaces/lib/libpackage_master_interfaces__rosidl_typesupport_introspection_cpp.so
[2.525s] -- Up-to-date: /home/rouillon/Documents/ProDroneTB/ProRob/install/package_master_interfaces/lib/libpackage_master_interfaces__rosidl_typesupport_cpp.so
[2.526s] -- Up-to-date: /home/rouillon/Documents/ProDroneTB/ProRob/install/package_master_interfaces/share/package_master_interfaces/environment/pythonpath.sh
[2.528s] -- Up-to-date: /home/rouillon/Documents/ProDroneTB/ProRob/install/package_master_interfaces/share/package_master_interfaces/environment/pythonpath.dsv
[2.529s] -- Up-to-date: /home/rouillon/Documents/ProDroneTB/ProRob/install/package_master_interfaces/local/lib/python3.10/dist-packages/package_master_interfaces-0.0.0-py3.10.egg-info
[2.529s] -- Installing: /home/rouillon/Documents/ProDroneTB/ProRob/install/package_master_interfaces/local/lib/python3.10/dist-packages/package_master_interfaces-0.0.0-py3.10.egg-info/SOURCES.txt
[2.529s] -- Installing: /home/rouillon/Documents/ProDroneTB/ProRob/install/package_master_interfaces/local/lib/python3.10/dist-packages/package_master_interfaces-0.0.0-py3.10.egg-info/PKG-INFO
[2.530s] -- Installing: /home/rouillon/Documents/ProDroneTB/ProRob/install/package_master_interfaces/local/lib/python3.10/dist-packages/package_master_interfaces-0.0.0-py3.10.egg-info/dependency_links.txt
[2.530s] -- Installing: /home/rouillon/Documents/ProDroneTB/ProRob/install/package_master_interfaces/local/lib/python3.10/dist-packages/package_master_interfaces-0.0.0-py3.10.egg-info/top_level.txt
[2.536s] -- Up-to-date: /home/rouillon/Documents/ProDroneTB/ProRob/install/package_master_interfaces/local/lib/python3.10/dist-packages/package_master_interfaces
[2.536s] -- Up-to-date: /home/rouillon/Documents/ProDroneTB/ProRob/install/package_master_interfaces/local/lib/python3.10/dist-packages/package_master_interfaces/msg
[2.536s] -- Up-to-date: /home/rouillon/Documents/ProDroneTB/ProRob/install/package_master_interfaces/local/lib/python3.10/dist-packages/package_master_interfaces/msg/_num.py
[2.537s] -- Up-to-date: /home/rouillon/Documents/ProDroneTB/ProRob/install/package_master_interfaces/local/lib/python3.10/dist-packages/package_master_interfaces/msg/_sequence_elments_s.c
[2.537s] -- Up-to-date: /home/rouillon/Documents/ProDroneTB/ProRob/install/package_master_interfaces/local/lib/python3.10/dist-packages/package_master_interfaces/msg/_num_s.c
[2.537s] -- Up-to-date: /home/rouillon/Documents/ProDroneTB/ProRob/install/package_master_interfaces/local/lib/python3.10/dist-packages/package_master_interfaces/msg/_sequence_elments.py
[2.537s] -- Up-to-date: /home/rouillon/Documents/ProDroneTB/ProRob/install/package_master_interfaces/local/lib/python3.10/dist-packages/package_master_interfaces/msg/__init__.py
[2.538s] -- Up-to-date: /home/rouillon/Documents/ProDroneTB/ProRob/install/package_master_interfaces/local/lib/python3.10/dist-packages/package_master_interfaces/package_master_interfaces_s__rosidl_typesupport_c.cpython-310-x86_64-linux-gnu.so
[2.538s] -- Up-to-date: /home/rouillon/Documents/ProDroneTB/ProRob/install/package_master_interfaces/local/lib/python3.10/dist-packages/package_master_interfaces/_package_master_interfaces_s.ep.rosidl_typesupport_fastrtps_c.c
[2.540s] -- Up-to-date: /home/rouillon/Documents/ProDroneTB/ProRob/install/package_master_interfaces/local/lib/python3.10/dist-packages/package_master_interfaces/_package_master_interfaces_s.ep.rosidl_typesupport_introspection_c.c
[2.546s] -- Up-to-date: /home/rouillon/Documents/ProDroneTB/ProRob/install/package_master_interfaces/local/lib/python3.10/dist-packages/package_master_interfaces/package_master_interfaces_s__rosidl_typesupport_introspection_c.cpython-310-x86_64-linux-gnu.so
[2.547s] -- Up-to-date: /home/rouillon/Documents/ProDroneTB/ProRob/install/package_master_interfaces/local/lib/python3.10/dist-packages/package_master_interfaces/srv
[2.548s] -- Up-to-date: /home/rouillon/Documents/ProDroneTB/ProRob/install/package_master_interfaces/local/lib/python3.10/dist-packages/package_master_interfaces/srv/_add_three_ints_s.c
[2.548s] -- Up-to-date: /home/rouillon/Documents/ProDroneTB/ProRob/install/package_master_interfaces/local/lib/python3.10/dist-packages/package_master_interfaces/srv/_send_positions_s.c
[2.549s] -- Up-to-date: /home/rouillon/Documents/ProDroneTB/ProRob/install/package_master_interfaces/local/lib/python3.10/dist-packages/package_master_interfaces/srv/_send_positions.py
[2.549s] -- Up-to-date: /home/rouillon/Documents/ProDroneTB/ProRob/install/package_master_interfaces/local/lib/python3.10/dist-packages/package_master_interfaces/srv/_robot_positions.py
[2.550s] -- Up-to-date: /home/rouillon/Documents/ProDroneTB/ProRob/install/package_master_interfaces/local/lib/python3.10/dist-packages/package_master_interfaces/srv/__init__.py
[2.550s] -- Up-to-date: /home/rouillon/Documents/ProDroneTB/ProRob/install/package_master_interfaces/local/lib/python3.10/dist-packages/package_master_interfaces/srv/_robot_positions_s.c
[2.550s] -- Up-to-date: /home/rouillon/Documents/ProDroneTB/ProRob/install/package_master_interfaces/local/lib/python3.10/dist-packages/package_master_interfaces/srv/_add_three_ints.py
[2.551s] -- Up-to-date: /home/rouillon/Documents/ProDroneTB/ProRob/install/package_master_interfaces/local/lib/python3.10/dist-packages/package_master_interfaces/libpackage_master_interfaces__rosidl_generator_py.so
[2.551s] -- Up-to-date: /home/rouillon/Documents/ProDroneTB/ProRob/install/package_master_interfaces/local/lib/python3.10/dist-packages/package_master_interfaces/package_master_interfaces_s__rosidl_typesupport_fastrtps_c.cpython-310-x86_64-linux-gnu.so
[2.552s] -- Up-to-date: /home/rouillon/Documents/ProDroneTB/ProRob/install/package_master_interfaces/local/lib/python3.10/dist-packages/package_master_interfaces/_package_master_interfaces_s.ep.rosidl_typesupport_c.c
[2.552s] -- Up-to-date: /home/rouillon/Documents/ProDroneTB/ProRob/install/package_master_interfaces/local/lib/python3.10/dist-packages/package_master_interfaces/__init__.py
[2.650s] Listing '/home/rouillon/Documents/ProDroneTB/ProRob/install/package_master_interfaces/local/lib/python3.10/dist-packages/package_master_interfaces'...
[2.650s] Listing '/home/rouillon/Documents/ProDroneTB/ProRob/install/package_master_interfaces/local/lib/python3.10/dist-packages/package_master_interfaces/msg'...
[2.650s] Listing '/home/rouillon/Documents/ProDroneTB/ProRob/install/package_master_interfaces/local/lib/python3.10/dist-packages/package_master_interfaces/srv'...
[2.665s] -- Up-to-date: /home/rouillon/Documents/ProDroneTB/ProRob/install/package_master_interfaces/local/lib/python3.10/dist-packages/package_master_interfaces/package_master_interfaces_s__rosidl_typesupport_fastrtps_c.cpython-310-x86_64-linux-gnu.so
[2.666s] -- Up-to-date: /home/rouillon/Documents/ProDroneTB/ProRob/install/package_master_interfaces/local/lib/python3.10/dist-packages/package_master_interfaces/package_master_interfaces_s__rosidl_typesupport_introspection_c.cpython-310-x86_64-linux-gnu.so
[2.667s] -- Up-to-date: /home/rouillon/Documents/ProDroneTB/ProRob/install/package_master_interfaces/local/lib/python3.10/dist-packages/package_master_interfaces/package_master_interfaces_s__rosidl_typesupport_c.cpython-310-x86_64-linux-gnu.so
[2.670s] -- Up-to-date: /home/rouillon/Documents/ProDroneTB/ProRob/install/package_master_interfaces/lib/libpackage_master_interfaces__rosidl_generator_py.so
[2.670s] -- Up-to-date: /home/rouillon/Documents/ProDroneTB/ProRob/install/package_master_interfaces/share/package_master_interfaces/msg/Num.idl
[2.671s] -- Up-to-date: /home/rouillon/Documents/ProDroneTB/ProRob/install/package_master_interfaces/share/package_master_interfaces/msg/SequenceElments.idl
[2.672s] -- Up-to-date: /home/rouillon/Documents/ProDroneTB/ProRob/install/package_master_interfaces/share/package_master_interfaces/srv/AddThreeInts.idl
[2.672s] -- Up-to-date: /home/rouillon/Documents/ProDroneTB/ProRob/install/package_master_interfaces/share/package_master_interfaces/srv/RobotPositions.idl
[2.673s] -- Up-to-date: /home/rouillon/Documents/ProDroneTB/ProRob/install/package_master_interfaces/share/package_master_interfaces/srv/SendPositions.idl
[2.673s] -- Up-to-date: /home/rouillon/Documents/ProDroneTB/ProRob/install/package_master_interfaces/share/package_master_interfaces/msg/Num.msg
[2.674s] -- Up-to-date: /home/rouillon/Documents/ProDroneTB/ProRob/install/package_master_interfaces/share/package_master_interfaces/msg/SequenceElments.msg
[2.674s] -- Up-to-date: /home/rouillon/Documents/ProDroneTB/ProRob/install/package_master_interfaces/share/package_master_interfaces/srv/AddThreeInts.srv
[2.675s] -- Up-to-date: /home/rouillon/Documents/ProDroneTB/ProRob/install/package_master_interfaces/share/package_master_interfaces/srv/AddThreeInts_Request.msg
[2.675s] -- Up-to-date: /home/rouillon/Documents/ProDroneTB/ProRob/install/package_master_interfaces/share/package_master_interfaces/srv/AddThreeInts_Response.msg
[2.676s] -- Up-to-date: /home/rouillon/Documents/ProDroneTB/ProRob/install/package_master_interfaces/share/package_master_interfaces/srv/RobotPositions.srv
[2.676s] -- Up-to-date: /home/rouillon/Documents/ProDroneTB/ProRob/install/package_master_interfaces/share/package_master_interfaces/srv/RobotPositions_Request.msg
[2.676s] -- Up-to-date: /home/rouillon/Documents/ProDroneTB/ProRob/install/package_master_interfaces/share/package_master_interfaces/srv/RobotPositions_Response.msg
[2.677s] -- Up-to-date: /home/rouillon/Documents/ProDroneTB/ProRob/install/package_master_interfaces/share/package_master_interfaces/srv/SendPositions.srv
[2.678s] -- Up-to-date: /home/rouillon/Documents/ProDroneTB/ProRob/install/package_master_interfaces/share/package_master_interfaces/srv/SendPositions_Request.msg
[2.678s] -- Up-to-date: /home/rouillon/Documents/ProDroneTB/ProRob/install/package_master_interfaces/share/package_master_interfaces/srv/SendPositions_Response.msg
[2.679s] -- Up-to-date: /home/rouillon/Documents/ProDroneTB/ProRob/install/package_master_interfaces/share/ament_index/resource_index/package_run_dependencies/package_master_interfaces
[2.679s] -- Up-to-date: /home/rouillon/Documents/ProDroneTB/ProRob/install/package_master_interfaces/share/ament_index/resource_index/parent_prefix_path/package_master_interfaces
[2.679s] -- Up-to-date: /home/rouillon/Documents/ProDroneTB/ProRob/install/package_master_interfaces/share/package_master_interfaces/environment/ament_prefix_path.sh
[2.680s] -- Up-to-date: /home/rouillon/Documents/ProDroneTB/ProRob/install/package_master_interfaces/share/package_master_interfaces/environment/ament_prefix_path.dsv
[2.680s] -- Up-to-date: /home/rouillon/Documents/ProDroneTB/ProRob/install/package_master_interfaces/share/package_master_interfaces/environment/path.sh
[2.680s] -- Up-to-date: /home/rouillon/Documents/ProDroneTB/ProRob/install/package_master_interfaces/share/package_master_interfaces/environment/path.dsv
[2.680s] -- Up-to-date: /home/rouillon/Documents/ProDroneTB/ProRob/install/package_master_interfaces/share/package_master_interfaces/local_setup.bash
[2.681s] -- Up-to-date: /home/rouillon/Documents/ProDroneTB/ProRob/install/package_master_interfaces/share/package_master_interfaces/local_setup.sh
[2.681s] -- Up-to-date: /home/rouillon/Documents/ProDroneTB/ProRob/install/package_master_interfaces/share/package_master_interfaces/local_setup.zsh
[2.681s] -- Up-to-date: /home/rouillon/Documents/ProDroneTB/ProRob/install/package_master_interfaces/share/package_master_interfaces/local_setup.dsv
[2.682s] -- Installing: /home/rouillon/Documents/ProDroneTB/ProRob/install/package_master_interfaces/share/package_master_interfaces/package.dsv
[2.682s] -- Up-to-date: /home/rouillon/Documents/ProDroneTB/ProRob/install/package_master_interfaces/share/ament_index/resource_index/packages/package_master_interfaces
[2.682s] -- Up-to-date: /home/rouillon/Documents/ProDroneTB/ProRob/install/package_master_interfaces/share/package_master_interfaces/cmake/export_package_master_interfaces__rosidl_generator_cExport.cmake
[2.683s] -- Up-to-date: /home/rouillon/Documents/ProDroneTB/ProRob/install/package_master_interfaces/share/package_master_interfaces/cmake/export_package_master_interfaces__rosidl_generator_cExport-noconfig.cmake
[2.683s] -- Up-to-date: /home/rouillon/Documents/ProDroneTB/ProRob/install/package_master_interfaces/share/package_master_interfaces/cmake/export_package_master_interfaces__rosidl_typesupport_fastrtps_cExport.cmake
[2.684s] -- Up-to-date: /home/rouillon/Documents/ProDroneTB/ProRob/install/package_master_interfaces/share/package_master_interfaces/cmake/export_package_master_interfaces__rosidl_typesupport_fastrtps_cExport-noconfig.cmake
[2.685s] -- Up-to-date: /home/rouillon/Documents/ProDroneTB/ProRob/install/package_master_interfaces/share/package_master_interfaces/cmake/package_master_interfaces__rosidl_typesupport_introspection_cExport.cmake
[2.686s] -- Up-to-date: /home/rouillon/Documents/ProDroneTB/ProRob/install/package_master_interfaces/share/package_master_interfaces/cmake/package_master_interfaces__rosidl_typesupport_introspection_cExport-noconfig.cmake
[2.686s] -- Up-to-date: /home/rouillon/Documents/ProDroneTB/ProRob/install/package_master_interfaces/share/package_master_interfaces/cmake/package_master_interfaces__rosidl_typesupport_cExport.cmake
[2.686s] -- Up-to-date: /home/rouillon/Documents/ProDroneTB/ProRob/install/package_master_interfaces/share/package_master_interfaces/cmake/package_master_interfaces__rosidl_typesupport_cExport-noconfig.cmake
[2.686s] -- Up-to-date: /home/rouillon/Documents/ProDroneTB/ProRob/install/package_master_interfaces/share/package_master_interfaces/cmake/export_package_master_interfaces__rosidl_generator_cppExport.cmake
[2.687s] -- Up-to-date: /home/rouillon/Documents/ProDroneTB/ProRob/install/package_master_interfaces/share/package_master_interfaces/cmake/export_package_master_interfaces__rosidl_typesupport_fastrtps_cppExport.cmake
[2.687s] -- Up-to-date: /home/rouillon/Documents/ProDroneTB/ProRob/install/package_master_interfaces/share/package_master_interfaces/cmake/export_package_master_interfaces__rosidl_typesupport_fastrtps_cppExport-noconfig.cmake
[2.687s] -- Up-to-date: /home/rouillon/Documents/ProDroneTB/ProRob/install/package_master_interfaces/share/package_master_interfaces/cmake/package_master_interfaces__rosidl_typesupport_introspection_cppExport.cmake
[2.688s] -- Up-to-date: /home/rouillon/Documents/ProDroneTB/ProRob/install/package_master_interfaces/share/package_master_interfaces/cmake/package_master_interfaces__rosidl_typesupport_introspection_cppExport-noconfig.cmake
[2.688s] -- Up-to-date: /home/rouillon/Documents/ProDroneTB/ProRob/install/package_master_interfaces/share/package_master_interfaces/cmake/package_master_interfaces__rosidl_typesupport_cppExport.cmake
[2.689s] -- Up-to-date: /home/rouillon/Documents/ProDroneTB/ProRob/install/package_master_interfaces/share/package_master_interfaces/cmake/package_master_interfaces__rosidl_typesupport_cppExport-noconfig.cmake
[2.689s] -- Up-to-date: /home/rouillon/Documents/ProDroneTB/ProRob/install/package_master_interfaces/share/package_master_interfaces/cmake/export_package_master_interfaces__rosidl_generator_pyExport.cmake
[2.690s] -- Up-to-date: /home/rouillon/Documents/ProDroneTB/ProRob/install/package_master_interfaces/share/package_master_interfaces/cmake/export_package_master_interfaces__rosidl_generator_pyExport-noconfig.cmake
[2.690s] -- Up-to-date: /home/rouillon/Documents/ProDroneTB/ProRob/install/package_master_interfaces/share/package_master_interfaces/cmake/rosidl_cmake-extras.cmake
[2.690s] -- Up-to-date: /home/rouillon/Documents/ProDroneTB/ProRob/install/package_master_interfaces/share/package_master_interfaces/cmake/ament_cmake_export_include_directories-extras.cmake
[2.690s] -- Up-to-date: /home/rouillon/Documents/ProDroneTB/ProRob/install/package_master_interfaces/share/package_master_interfaces/cmake/ament_cmake_export_libraries-extras.cmake
[2.691s] -- Up-to-date: /home/rouillon/Documents/ProDroneTB/ProRob/install/package_master_interfaces/share/package_master_interfaces/cmake/ament_cmake_export_targets-extras.cmake
[2.691s] -- Up-to-date: /home/rouillon/Documents/ProDroneTB/ProRob/install/package_master_interfaces/share/package_master_interfaces/cmake/rosidl_cmake_export_typesupport_targets-extras.cmake
[2.691s] -- Up-to-date: /home/rouillon/Documents/ProDroneTB/ProRob/install/package_master_interfaces/share/package_master_interfaces/cmake/ament_cmake_export_dependencies-extras.cmake
[2.691s] -- Up-to-date: /home/rouillon/Documents/ProDroneTB/ProRob/install/package_master_interfaces/share/package_master_interfaces/cmake/rosidl_cmake_export_typesupport_libraries-extras.cmake
[2.692s] -- Up-to-date: /home/rouillon/Documents/ProDroneTB/ProRob/install/package_master_interfaces/share/package_master_interfaces/cmake/package_master_interfacesConfig.cmake
[2.692s] -- Up-to-date: /home/rouillon/Documents/ProDroneTB/ProRob/install/package_master_interfaces/share/package_master_interfaces/cmake/package_master_interfacesConfig-version.cmake
[2.692s] -- Up-to-date: /home/rouillon/Documents/ProDroneTB/ProRob/install/package_master_interfaces/share/package_master_interfaces/package.xml
[2.698s] Invoked command in '/home/rouillon/Documents/ProDroneTB/ProRob/build/package_master_interfaces' returned '0': CMAKE_PREFIX_PATH=${CMAKE_PREFIX_PATH}:/home/rouillon/Documents/ProDroneTB/ProRob/install/py_srvcli:/home/rouillon/Documents/ProDroneTB/ProRob/install/package_master:/opt/ros/humble /usr/bin/cmake --install /home/rouillon/Documents/ProDroneTB/ProRob/build/package_master_interfaces
