[0.254s] DEBUG:colcon:Command line arguments: ['/usr/bin/colcon', 'build']
[0.254s] DEBUG:colcon:Parsed command line arguments: Namespace(log_base=None, log_level=None, verb_name='build', build_base='build', install_base='install', merge_install=False, symlink_install=False, test_result_base=None, continue_on_error=False, executor='parallel', parallel_workers=4, event_handlers=None, ignore_user_meta=False, metas=['./colcon.meta'], base_paths=['.'], packages_ignore=None, packages_ignore_regex=None, paths=None, packages_up_to=None, packages_up_to_regex=None, packages_above=None, packages_above_and_dependencies=None, packages_above_depth=None, packages_select_by_dep=None, packages_skip_by_dep=None, packages_skip_up_to=None, packages_select_build_failed=False, packages_skip_build_finished=False, packages_select_test_failures=False, packages_skip_test_passed=False, packages_select=None, packages_skip=None, packages_select_regex=None, packages_skip_regex=None, packages_start=None, packages_end=None, allow_overriding=[], cmake_args=None, cmake_target=None, cmake_target_skip_unavailable=False, cmake_clean_cache=False, cmake_clean_first=False, cmake_force_configure=False, ament_cmake_args=None, catkin_cmake_args=None, catkin_skip_building_tests=False, mixin_files=None, mixin=None, verb_parser=<colcon_mixin.mixin.mixin_argument.MixinArgumentDecorator object at 0x74456fb47400>, verb_extension=<colcon_core.verb.build.BuildVerb object at 0x74456fc8c9d0>, main=<bound method BuildVerb.main of <colcon_core.verb.build.BuildVerb object at 0x74456fc8c9d0>>, mixin_verb=('build',))
[0.693s] Level 1:colcon.colcon_core.package_discovery:discover_packages(colcon_meta) check parameters
[0.693s] Level 1:colcon.colcon_core.package_discovery:discover_packages(recursive) check parameters
[0.693s] Level 1:colcon.colcon_core.package_discovery:discover_packages(ignore) check parameters
[0.693s] Level 1:colcon.colcon_core.package_discovery:discover_packages(path) check parameters
[0.693s] Level 1:colcon.colcon_core.package_discovery:discover_packages(colcon_meta) discover
[0.693s] Level 1:colcon.colcon_core.package_discovery:discover_packages(recursive) discover
[0.693s] INFO:colcon.colcon_core.package_discovery:Crawling recursively for packages in '/home/rouillon/ProRob'
[0.693s] Level 1:colcon.colcon_core.package_identification:_identify(.) by extensions ['ignore', 'ignore_ament_install']
[0.694s] Level 1:colcon.colcon_core.package_identification:_identify(.) by extension 'ignore'
[0.694s] Level 1:colcon.colcon_core.package_identification:_identify(.) by extension 'ignore_ament_install'
[0.694s] Level 1:colcon.colcon_core.package_identification:_identify(.) by extensions ['colcon_pkg']
[0.694s] Level 1:colcon.colcon_core.package_identification:_identify(.) by extension 'colcon_pkg'
[0.694s] Level 1:colcon.colcon_core.package_identification:_identify(.) by extensions ['colcon_meta']
[0.694s] Level 1:colcon.colcon_core.package_identification:_identify(.) by extension 'colcon_meta'
[0.694s] Level 1:colcon.colcon_core.package_identification:_identify(.) by extensions ['ros']
[0.695s] Level 1:colcon.colcon_core.package_identification:_identify(.) by extension 'ros'
[0.718s] Level 1:colcon.colcon_core.package_identification:_identify(.) by extensions ['cmake', 'python']
[0.718s] Level 1:colcon.colcon_core.package_identification:_identify(.) by extension 'cmake'
[0.718s] Level 1:colcon.colcon_core.package_identification:_identify(.) by extension 'python'
[0.718s] Level 1:colcon.colcon_core.package_identification:_identify(.) by extensions ['python_setup_py']
[0.718s] Level 1:colcon.colcon_core.package_identification:_identify(.) by extension 'python_setup_py'
[0.719s] Level 1:colcon.colcon_core.package_identification:_identify(build) by extensions ['ignore', 'ignore_ament_install']
[0.719s] Level 1:colcon.colcon_core.package_identification:_identify(build) by extension 'ignore'
[0.719s] Level 1:colcon.colcon_core.package_identification:_identify(build) ignored
[0.719s] Level 1:colcon.colcon_core.package_identification:_identify(install) by extensions ['ignore', 'ignore_ament_install']
[0.720s] Level 1:colcon.colcon_core.package_identification:_identify(install) by extension 'ignore'
[0.720s] Level 1:colcon.colcon_core.package_identification:_identify(install) ignored
[0.720s] Level 1:colcon.colcon_core.package_identification:_identify(log) by extensions ['ignore', 'ignore_ament_install']
[0.720s] Level 1:colcon.colcon_core.package_identification:_identify(log) by extension 'ignore'
[0.720s] Level 1:colcon.colcon_core.package_identification:_identify(log) ignored
[0.720s] Level 1:colcon.colcon_core.package_identification:_identify(src) by extensions ['ignore', 'ignore_ament_install']
[0.721s] Level 1:colcon.colcon_core.package_identification:_identify(src) by extension 'ignore'
[0.721s] Level 1:colcon.colcon_core.package_identification:_identify(src) by extension 'ignore_ament_install'
[0.721s] Level 1:colcon.colcon_core.package_identification:_identify(src) by extensions ['colcon_pkg']
[0.721s] Level 1:colcon.colcon_core.package_identification:_identify(src) by extension 'colcon_pkg'
[0.721s] Level 1:colcon.colcon_core.package_identification:_identify(src) by extensions ['colcon_meta']
[0.721s] Level 1:colcon.colcon_core.package_identification:_identify(src) by extension 'colcon_meta'
[0.721s] Level 1:colcon.colcon_core.package_identification:_identify(src) by extensions ['ros']
[0.721s] Level 1:colcon.colcon_core.package_identification:_identify(src) by extension 'ros'
[0.721s] Level 1:colcon.colcon_core.package_identification:_identify(src) by extensions ['cmake', 'python']
[0.721s] Level 1:colcon.colcon_core.package_identification:_identify(src) by extension 'cmake'
[0.721s] Level 1:colcon.colcon_core.package_identification:_identify(src) by extension 'python'
[0.721s] Level 1:colcon.colcon_core.package_identification:_identify(src) by extensions ['python_setup_py']
[0.721s] Level 1:colcon.colcon_core.package_identification:_identify(src) by extension 'python_setup_py'
[0.722s] Level 1:colcon.colcon_core.package_identification:_identify(src/package_master) by extensions ['ignore', 'ignore_ament_install']
[0.722s] Level 1:colcon.colcon_core.package_identification:_identify(src/package_master) by extension 'ignore'
[0.722s] Level 1:colcon.colcon_core.package_identification:_identify(src/package_master) by extension 'ignore_ament_install'
[0.722s] Level 1:colcon.colcon_core.package_identification:_identify(src/package_master) by extensions ['colcon_pkg']
[0.722s] Level 1:colcon.colcon_core.package_identification:_identify(src/package_master) by extension 'colcon_pkg'
[0.722s] Level 1:colcon.colcon_core.package_identification:_identify(src/package_master) by extensions ['colcon_meta']
[0.722s] Level 1:colcon.colcon_core.package_identification:_identify(src/package_master) by extension 'colcon_meta'
[0.722s] Level 1:colcon.colcon_core.package_identification:_identify(src/package_master) by extensions ['ros']
[0.722s] Level 1:colcon.colcon_core.package_identification:_identify(src/package_master) by extension 'ros'
[0.729s] DEBUG:colcon.colcon_core.package_identification:Package 'src/package_master' with type 'ros.ament_python' and name 'package_master'
[0.729s] Level 1:colcon.colcon_core.package_identification:_identify(src/package_master_interfaces) by extensions ['ignore', 'ignore_ament_install']
[0.729s] Level 1:colcon.colcon_core.package_identification:_identify(src/package_master_interfaces) by extension 'ignore'
[0.729s] Level 1:colcon.colcon_core.package_identification:_identify(src/package_master_interfaces) by extension 'ignore_ament_install'
[0.729s] Level 1:colcon.colcon_core.package_identification:_identify(src/package_master_interfaces) by extensions ['colcon_pkg']
[0.729s] Level 1:colcon.colcon_core.package_identification:_identify(src/package_master_interfaces) by extension 'colcon_pkg'
[0.729s] Level 1:colcon.colcon_core.package_identification:_identify(src/package_master_interfaces) by extensions ['colcon_meta']
[0.729s] Level 1:colcon.colcon_core.package_identification:_identify(src/package_master_interfaces) by extension 'colcon_meta'
[0.729s] Level 1:colcon.colcon_core.package_identification:_identify(src/package_master_interfaces) by extensions ['ros']
[0.730s] Level 1:colcon.colcon_core.package_identification:_identify(src/package_master_interfaces) by extension 'ros'
[0.731s] DEBUG:colcon.colcon_core.package_identification:Package 'src/package_master_interfaces' with type 'ros.ament_cmake' and name 'package_master_interfaces'
[0.731s] Level 1:colcon.colcon_core.package_identification:_identify(src/py_srvcli) by extensions ['ignore', 'ignore_ament_install']
[0.731s] Level 1:colcon.colcon_core.package_identification:_identify(src/py_srvcli) by extension 'ignore'
[0.731s] Level 1:colcon.colcon_core.package_identification:_identify(src/py_srvcli) by extension 'ignore_ament_install'
[0.731s] Level 1:colcon.colcon_core.package_identification:_identify(src/py_srvcli) by extensions ['colcon_pkg']
[0.731s] Level 1:colcon.colcon_core.package_identification:_identify(src/py_srvcli) by extension 'colcon_pkg'
[0.732s] Level 1:colcon.colcon_core.package_identification:_identify(src/py_srvcli) by extensions ['colcon_meta']
[0.732s] Level 1:colcon.colcon_core.package_identification:_identify(src/py_srvcli) by extension 'colcon_meta'
[0.732s] Level 1:colcon.colcon_core.package_identification:_identify(src/py_srvcli) by extensions ['ros']
[0.732s] Level 1:colcon.colcon_core.package_identification:_identify(src/py_srvcli) by extension 'ros'
[0.733s] DEBUG:colcon.colcon_core.package_identification:Package 'src/py_srvcli' with type 'ros.ament_python' and name 'py_srvcli'
[0.733s] Level 1:colcon.colcon_core.package_discovery:discover_packages(recursive) using defaults
[0.733s] Level 1:colcon.colcon_core.package_discovery:discover_packages(ignore) discover
[0.733s] Level 1:colcon.colcon_core.package_discovery:discover_packages(ignore) using defaults
[0.734s] Level 1:colcon.colcon_core.package_discovery:discover_packages(path) discover
[0.734s] Level 1:colcon.colcon_core.package_discovery:discover_packages(path) using defaults
[0.795s] Level 1:colcon.colcon_core.package_discovery:discover_packages(prefix_path) check parameters
[0.795s] Level 1:colcon.colcon_core.package_discovery:discover_packages(prefix_path) discover
[0.799s] DEBUG:colcon.colcon_installed_package_information.package_discovery:Found 3 installed packages in /home/rouillon/ProRob/install
[0.802s] DEBUG:colcon.colcon_installed_package_information.package_discovery:Found 270 installed packages in /opt/ros/humble
[0.806s] Level 1:colcon.colcon_core.package_discovery:discover_packages(prefix_path) using defaults
[0.903s] Level 5:colcon.colcon_core.verb:set package 'package_master' build argument 'cmake_args' from command line to 'None'
[0.903s] Level 5:colcon.colcon_core.verb:set package 'package_master' build argument 'cmake_target' from command line to 'None'
[0.903s] Level 5:colcon.colcon_core.verb:set package 'package_master' build argument 'cmake_target_skip_unavailable' from command line to 'False'
[0.903s] Level 5:colcon.colcon_core.verb:set package 'package_master' build argument 'cmake_clean_cache' from command line to 'False'
[0.903s] Level 5:colcon.colcon_core.verb:set package 'package_master' build argument 'cmake_clean_first' from command line to 'False'
[0.903s] Level 5:colcon.colcon_core.verb:set package 'package_master' build argument 'cmake_force_configure' from command line to 'False'
[0.904s] Level 5:colcon.colcon_core.verb:set package 'package_master' build argument 'ament_cmake_args' from command line to 'None'
[0.904s] Level 5:colcon.colcon_core.verb:set package 'package_master' build argument 'catkin_cmake_args' from command line to 'None'
[0.904s] Level 5:colcon.colcon_core.verb:set package 'package_master' build argument 'catkin_skip_building_tests' from command line to 'False'
[0.904s] DEBUG:colcon.colcon_core.verb:Building package 'package_master' with the following arguments: {'ament_cmake_args': None, 'build_base': '/home/rouillon/ProRob/build/package_master', 'catkin_cmake_args': None, 'catkin_skip_building_tests': False, 'cmake_args': None, 'cmake_clean_cache': False, 'cmake_clean_first': False, 'cmake_force_configure': False, 'cmake_target': None, 'cmake_target_skip_unavailable': False, 'install_base': '/home/rouillon/ProRob/install/package_master', 'merge_install': False, 'path': '/home/rouillon/ProRob/src/package_master', 'symlink_install': False, 'test_result_base': None}
[0.905s] Level 5:colcon.colcon_core.verb:set package 'package_master_interfaces' build argument 'cmake_args' from command line to 'None'
[0.905s] Level 5:colcon.colcon_core.verb:set package 'package_master_interfaces' build argument 'cmake_target' from command line to 'None'
[0.905s] Level 5:colcon.colcon_core.verb:set package 'package_master_interfaces' build argument 'cmake_target_skip_unavailable' from command line to 'False'
[0.905s] Level 5:colcon.colcon_core.verb:set package 'package_master_interfaces' build argument 'cmake_clean_cache' from command line to 'False'
[0.905s] Level 5:colcon.colcon_core.verb:set package 'package_master_interfaces' build argument 'cmake_clean_first' from command line to 'False'
[0.905s] Level 5:colcon.colcon_core.verb:set package 'package_master_interfaces' build argument 'cmake_force_configure' from command line to 'False'
[0.905s] Level 5:colcon.colcon_core.verb:set package 'package_master_interfaces' build argument 'ament_cmake_args' from command line to 'None'
[0.905s] Level 5:colcon.colcon_core.verb:set package 'package_master_interfaces' build argument 'catkin_cmake_args' from command line to 'None'
[0.905s] Level 5:colcon.colcon_core.verb:set package 'package_master_interfaces' build argument 'catkin_skip_building_tests' from command line to 'False'
[0.905s] DEBUG:colcon.colcon_core.verb:Building package 'package_master_interfaces' with the following arguments: {'ament_cmake_args': None, 'build_base': '/home/rouillon/ProRob/build/package_master_interfaces', 'catkin_cmake_args': None, 'catkin_skip_building_tests': False, 'cmake_args': None, 'cmake_clean_cache': False, 'cmake_clean_first': False, 'cmake_force_configure': False, 'cmake_target': None, 'cmake_target_skip_unavailable': False, 'install_base': '/home/rouillon/ProRob/install/package_master_interfaces', 'merge_install': False, 'path': '/home/rouillon/ProRob/src/package_master_interfaces', 'symlink_install': False, 'test_result_base': None}
[0.906s] Level 5:colcon.colcon_core.verb:set package 'py_srvcli' build argument 'cmake_args' from command line to 'None'
[0.906s] Level 5:colcon.colcon_core.verb:set package 'py_srvcli' build argument 'cmake_target' from command line to 'None'
[0.906s] Level 5:colcon.colcon_core.verb:set package 'py_srvcli' build argument 'cmake_target_skip_unavailable' from command line to 'False'
[0.906s] Level 5:colcon.colcon_core.verb:set package 'py_srvcli' build argument 'cmake_clean_cache' from command line to 'False'
[0.906s] Level 5:colcon.colcon_core.verb:set package 'py_srvcli' build argument 'cmake_clean_first' from command line to 'False'
[0.906s] Level 5:colcon.colcon_core.verb:set package 'py_srvcli' build argument 'cmake_force_configure' from command line to 'False'
[0.906s] Level 5:colcon.colcon_core.verb:set package 'py_srvcli' build argument 'ament_cmake_args' from command line to 'None'
[0.906s] Level 5:colcon.colcon_core.verb:set package 'py_srvcli' build argument 'catkin_cmake_args' from command line to 'None'
[0.906s] Level 5:colcon.colcon_core.verb:set package 'py_srvcli' build argument 'catkin_skip_building_tests' from command line to 'False'
[0.907s] DEBUG:colcon.colcon_core.verb:Building package 'py_srvcli' with the following arguments: {'ament_cmake_args': None, 'build_base': '/home/rouillon/ProRob/build/py_srvcli', 'catkin_cmake_args': None, 'catkin_skip_building_tests': False, 'cmake_args': None, 'cmake_clean_cache': False, 'cmake_clean_first': False, 'cmake_force_configure': False, 'cmake_target': None, 'cmake_target_skip_unavailable': False, 'install_base': '/home/rouillon/ProRob/install/py_srvcli', 'merge_install': False, 'path': '/home/rouillon/ProRob/src/py_srvcli', 'symlink_install': False, 'test_result_base': None}
[0.907s] INFO:colcon.colcon_core.executor:Executing jobs using 'parallel' executor
[0.909s] DEBUG:colcon.colcon_parallel_executor.executor.parallel:run_until_complete
[0.909s] INFO:colcon.colcon_ros.task.ament_python.build:Building ROS package in '/home/rouillon/ProRob/src/package_master' with build type 'ament_python'
[0.910s] Level 1:colcon.colcon_core.shell:create_environment_hook('package_master', 'ament_prefix_path')
[0.914s] INFO:colcon.colcon_core.plugin_system:Skipping extension 'colcon_core.shell.bat': Not used on non-Windows systems
[0.915s] INFO:colcon.colcon_core.shell:Creating environment hook '/home/rouillon/ProRob/install/package_master/share/package_master/hook/ament_prefix_path.ps1'
[0.916s] INFO:colcon.colcon_core.shell:Creating environment descriptor '/home/rouillon/ProRob/install/package_master/share/package_master/hook/ament_prefix_path.dsv'
[0.917s] INFO:colcon.colcon_core.shell:Creating environment hook '/home/rouillon/ProRob/install/package_master/share/package_master/hook/ament_prefix_path.sh'
[0.920s] INFO:colcon.colcon_core.shell:Skip shell extension 'powershell' for command environment: Not usable outside of PowerShell
[0.920s] DEBUG:colcon.colcon_core.shell:Skip shell extension 'dsv' for command environment
[0.929s] INFO:colcon.colcon_ros.task.ament_cmake.build:Building ROS package in '/home/rouillon/ProRob/src/package_master_interfaces' with build type 'ament_cmake'
[0.929s] INFO:colcon.colcon_cmake.task.cmake.build:Building CMake package in '/home/rouillon/ProRob/src/package_master_interfaces'
[0.930s] INFO:colcon.colcon_core.shell:Skip shell extension 'powershell' for command environment: Not usable outside of PowerShell
[0.930s] DEBUG:colcon.colcon_core.shell:Skip shell extension 'dsv' for command environment
[0.946s] INFO:colcon.colcon_ros.task.ament_python.build:Building ROS package in '/home/rouillon/ProRob/src/py_srvcli' with build type 'ament_python'
[0.946s] Level 1:colcon.colcon_core.shell:create_environment_hook('py_srvcli', 'ament_prefix_path')
[0.948s] INFO:colcon.colcon_core.shell:Creating environment hook '/home/rouillon/ProRob/install/py_srvcli/share/py_srvcli/hook/ament_prefix_path.ps1'
[0.951s] INFO:colcon.colcon_core.shell:Creating environment descriptor '/home/rouillon/ProRob/install/py_srvcli/share/py_srvcli/hook/ament_prefix_path.dsv'
[0.952s] INFO:colcon.colcon_core.shell:Creating environment hook '/home/rouillon/ProRob/install/py_srvcli/share/py_srvcli/hook/ament_prefix_path.sh'
[0.954s] INFO:colcon.colcon_core.shell:Skip shell extension 'powershell' for command environment: Not usable outside of PowerShell
[0.954s] DEBUG:colcon.colcon_core.shell:Skip shell extension 'dsv' for command environment
[1.810s] INFO:colcon.colcon_core.task.python.build:Building Python package in '/home/rouillon/ProRob/src/package_master'
[1.811s] INFO:colcon.colcon_core.shell:Skip shell extension 'powershell' for command environment: Not usable outside of PowerShell
[1.811s] DEBUG:colcon.colcon_core.shell:Skip shell extension 'dsv' for command environment
[1.838s] DEBUG:colcon.colcon_core.event_handler.log_command:Invoking command in '/home/rouillon/ProRob/build/package_master_interfaces': CMAKE_PREFIX_PATH=${CMAKE_PREFIX_PATH}:/home/rouillon/ProRob/install/py_srvcli:/home/rouillon/ProRob/install/package_master:/opt/ros/humble /usr/bin/cmake --build /home/rouillon/ProRob/build/package_master_interfaces -- -j4 -l4
[2.912s] INFO:colcon.colcon_core.task.python.build:Building Python package in '/home/rouillon/ProRob/src/py_srvcli'
[2.913s] INFO:colcon.colcon_core.shell:Skip shell extension 'powershell' for command environment: Not usable outside of PowerShell
[2.913s] DEBUG:colcon.colcon_core.shell:Skip shell extension 'dsv' for command environment
[3.238s] DEBUG:colcon.colcon_core.event_handler.log_command:Invoked command in '/home/rouillon/ProRob/build/package_master_interfaces' returned '0': CMAKE_PREFIX_PATH=${CMAKE_PREFIX_PATH}:/home/rouillon/ProRob/install/py_srvcli:/home/rouillon/ProRob/install/package_master:/opt/ros/humble /usr/bin/cmake --build /home/rouillon/ProRob/build/package_master_interfaces -- -j4 -l4
[3.263s] DEBUG:colcon.colcon_core.event_handler.log_command:Invoking command in '/home/rouillon/ProRob/build/package_master_interfaces': CMAKE_PREFIX_PATH=${CMAKE_PREFIX_PATH}:/home/rouillon/ProRob/install/py_srvcli:/home/rouillon/ProRob/install/package_master:/opt/ros/humble /usr/bin/cmake --install /home/rouillon/ProRob/build/package_master_interfaces
[3.480s] Level 1:colcon.colcon_core.environment:create_environment_scripts_only(package_master_interfaces)
[3.481s] DEBUG:colcon.colcon_core.event_handler.log_command:Invoked command in '/home/rouillon/ProRob/build/package_master_interfaces' returned '0': CMAKE_PREFIX_PATH=${CMAKE_PREFIX_PATH}:/home/rouillon/ProRob/install/py_srvcli:/home/rouillon/ProRob/install/package_master:/opt/ros/humble /usr/bin/cmake --install /home/rouillon/ProRob/build/package_master_interfaces
[3.492s] Level 1:colcon.colcon_core.environment:checking '/home/rouillon/ProRob/install/package_master_interfaces' for CMake module files
[3.494s] Level 1:colcon.colcon_core.environment:checking '/home/rouillon/ProRob/install/package_master_interfaces' for CMake config files
[3.495s] Level 1:colcon.colcon_core.shell:create_environment_hook('package_master_interfaces', 'cmake_prefix_path')
[3.496s] INFO:colcon.colcon_core.shell:Creating environment hook '/home/rouillon/ProRob/install/package_master_interfaces/share/package_master_interfaces/hook/cmake_prefix_path.ps1'
[3.498s] INFO:colcon.colcon_core.shell:Creating environment descriptor '/home/rouillon/ProRob/install/package_master_interfaces/share/package_master_interfaces/hook/cmake_prefix_path.dsv'
[3.499s] INFO:colcon.colcon_core.shell:Creating environment hook '/home/rouillon/ProRob/install/package_master_interfaces/share/package_master_interfaces/hook/cmake_prefix_path.sh'
[3.501s] Level 1:colcon.colcon_core.environment:checking '/home/rouillon/ProRob/install/package_master_interfaces/lib'
[3.502s] Level 1:colcon.colcon_core.shell:create_environment_hook('package_master_interfaces', 'ld_library_path_lib')
[3.503s] INFO:colcon.colcon_core.shell:Creating environment hook '/home/rouillon/ProRob/install/package_master_interfaces/share/package_master_interfaces/hook/ld_library_path_lib.ps1'
[3.504s] INFO:colcon.colcon_core.shell:Creating environment descriptor '/home/rouillon/ProRob/install/package_master_interfaces/share/package_master_interfaces/hook/ld_library_path_lib.dsv'
[3.505s] INFO:colcon.colcon_core.shell:Creating environment hook '/home/rouillon/ProRob/install/package_master_interfaces/share/package_master_interfaces/hook/ld_library_path_lib.sh'
[3.507s] Level 1:colcon.colcon_core.environment:checking '/home/rouillon/ProRob/install/package_master_interfaces/bin'
[3.507s] Level 1:colcon.colcon_core.environment:checking '/home/rouillon/ProRob/install/package_master_interfaces/lib/pkgconfig/package_master_interfaces.pc'
[3.508s] Level 1:colcon.colcon_core.environment:checking '/home/rouillon/ProRob/install/package_master_interfaces/lib/python3.10/site-packages'
[3.509s] Level 1:colcon.colcon_core.environment:checking '/home/rouillon/ProRob/install/package_master_interfaces/bin'
[3.510s] INFO:colcon.colcon_core.shell:Creating package script '/home/rouillon/ProRob/install/package_master_interfaces/share/package_master_interfaces/package.ps1'
[3.514s] INFO:colcon.colcon_core.shell:Creating package descriptor '/home/rouillon/ProRob/install/package_master_interfaces/share/package_master_interfaces/package.dsv'
[3.516s] INFO:colcon.colcon_core.shell:Creating package script '/home/rouillon/ProRob/install/package_master_interfaces/share/package_master_interfaces/package.sh'
[3.519s] INFO:colcon.colcon_core.shell:Creating package script '/home/rouillon/ProRob/install/package_master_interfaces/share/package_master_interfaces/package.bash'
[3.523s] INFO:colcon.colcon_core.shell:Creating package script '/home/rouillon/ProRob/install/package_master_interfaces/share/package_master_interfaces/package.zsh'
[3.526s] Level 1:colcon.colcon_core.environment:create_file_with_runtime_dependencies(/home/rouillon/ProRob/install/package_master_interfaces/share/colcon-core/packages/package_master_interfaces)
[3.528s] Level 1:colcon.colcon_core.environment:create_environment_scripts_only(package_master_interfaces)
[3.529s] Level 1:colcon.colcon_core.environment:checking '/home/rouillon/ProRob/install/package_master_interfaces' for CMake module files
[3.531s] Level 1:colcon.colcon_core.environment:checking '/home/rouillon/ProRob/install/package_master_interfaces' for CMake config files
[3.532s] Level 1:colcon.colcon_core.shell:create_environment_hook('package_master_interfaces', 'cmake_prefix_path')
[3.533s] INFO:colcon.colcon_core.shell:Creating environment hook '/home/rouillon/ProRob/install/package_master_interfaces/share/package_master_interfaces/hook/cmake_prefix_path.ps1'
[3.535s] INFO:colcon.colcon_core.shell:Creating environment descriptor '/home/rouillon/ProRob/install/package_master_interfaces/share/package_master_interfaces/hook/cmake_prefix_path.dsv'
[3.536s] INFO:colcon.colcon_core.shell:Creating environment hook '/home/rouillon/ProRob/install/package_master_interfaces/share/package_master_interfaces/hook/cmake_prefix_path.sh'
[3.538s] Level 1:colcon.colcon_core.environment:checking '/home/rouillon/ProRob/install/package_master_interfaces/lib'
[3.538s] Level 1:colcon.colcon_core.shell:create_environment_hook('package_master_interfaces', 'ld_library_path_lib')
[3.539s] INFO:colcon.colcon_core.shell:Creating environment hook '/home/rouillon/ProRob/install/package_master_interfaces/share/package_master_interfaces/hook/ld_library_path_lib.ps1'
[3.540s] INFO:colcon.colcon_core.shell:Creating environment descriptor '/home/rouillon/ProRob/install/package_master_interfaces/share/package_master_interfaces/hook/ld_library_path_lib.dsv'
[3.542s] INFO:colcon.colcon_core.shell:Creating environment hook '/home/rouillon/ProRob/install/package_master_interfaces/share/package_master_interfaces/hook/ld_library_path_lib.sh'
[3.544s] Level 1:colcon.colcon_core.environment:checking '/home/rouillon/ProRob/install/package_master_interfaces/bin'
[3.545s] Level 1:colcon.colcon_core.environment:checking '/home/rouillon/ProRob/install/package_master_interfaces/lib/pkgconfig/package_master_interfaces.pc'
[3.545s] Level 1:colcon.colcon_core.environment:checking '/home/rouillon/ProRob/install/package_master_interfaces/lib/python3.10/site-packages'
[3.546s] Level 1:colcon.colcon_core.environment:checking '/home/rouillon/ProRob/install/package_master_interfaces/bin'
[3.548s] INFO:colcon.colcon_core.shell:Creating package script '/home/rouillon/ProRob/install/package_master_interfaces/share/package_master_interfaces/package.ps1'
[3.549s] INFO:colcon.colcon_core.shell:Creating package descriptor '/home/rouillon/ProRob/install/package_master_interfaces/share/package_master_interfaces/package.dsv'
[3.551s] INFO:colcon.colcon_core.shell:Creating package script '/home/rouillon/ProRob/install/package_master_interfaces/share/package_master_interfaces/package.sh'
[3.553s] INFO:colcon.colcon_core.shell:Creating package script '/home/rouillon/ProRob/install/package_master_interfaces/share/package_master_interfaces/package.bash'
[3.554s] INFO:colcon.colcon_core.shell:Creating package script '/home/rouillon/ProRob/install/package_master_interfaces/share/package_master_interfaces/package.zsh'
[3.557s] Level 1:colcon.colcon_core.environment:create_file_with_runtime_dependencies(/home/rouillon/ProRob/install/package_master_interfaces/share/colcon-core/packages/package_master_interfaces)
[4.168s] DEBUG:colcon.colcon_core.event_handler.log_command:Invoking command in '/home/rouillon/ProRob/src/package_master': PYTHONPATH=/home/rouillon/ProRob/build/package_master/prefix_override:/usr/lib/python3/dist-packages/colcon_core/task/python/colcon_distutils_commands:/home/rouillon/ProRob/install/package_master/lib/python3.10/site-packages:${PYTHONPATH} /usr/bin/python3 -W ignore:setup.py install is deprecated -W ignore:easy_install command is deprecated setup.py egg_info --egg-base ../../build/package_master build --build-base /home/rouillon/ProRob/build/package_master/build install --record /home/rouillon/ProRob/build/package_master/install.log --single-version-externally-managed install_data
[4.234s] DEBUG:colcon.colcon_core.event_handler.log_command:Invoking command in '/home/rouillon/ProRob/src/py_srvcli': PYTHONPATH=/home/rouillon/ProRob/build/py_srvcli/prefix_override:/usr/lib/python3/dist-packages/colcon_core/task/python/colcon_distutils_commands:/home/rouillon/ProRob/install/py_srvcli/lib/python3.10/site-packages:${PYTHONPATH} /usr/bin/python3 -W ignore:setup.py install is deprecated -W ignore:easy_install command is deprecated setup.py egg_info --egg-base ../../build/py_srvcli build --build-base /home/rouillon/ProRob/build/py_srvcli/build install --record /home/rouillon/ProRob/build/py_srvcli/install.log --single-version-externally-managed install_data
[5.222s] Level 1:colcon.colcon_core.environment:checking '/home/rouillon/ProRob/install/package_master' for CMake module files
[5.224s] DEBUG:colcon.colcon_core.event_handler.log_command:Invoked command in '/home/rouillon/ProRob/src/package_master' returned '0': PYTHONPATH=/home/rouillon/ProRob/build/package_master/prefix_override:/usr/lib/python3/dist-packages/colcon_core/task/python/colcon_distutils_commands:/home/rouillon/ProRob/install/package_master/lib/python3.10/site-packages:${PYTHONPATH} /usr/bin/python3 -W ignore:setup.py install is deprecated -W ignore:easy_install command is deprecated setup.py egg_info --egg-base ../../build/package_master build --build-base /home/rouillon/ProRob/build/package_master/build install --record /home/rouillon/ProRob/build/package_master/install.log --single-version-externally-managed install_data
[5.226s] Level 1:colcon.colcon_core.environment:checking '/home/rouillon/ProRob/install/package_master' for CMake config files
[5.227s] Level 1:colcon.colcon_core.environment:checking '/home/rouillon/ProRob/install/package_master/lib'
[5.227s] Level 1:colcon.colcon_core.environment:checking '/home/rouillon/ProRob/install/package_master/bin'
[5.227s] Level 1:colcon.colcon_core.environment:checking '/home/rouillon/ProRob/install/package_master/lib/pkgconfig/package_master.pc'
[5.228s] Level 1:colcon.colcon_core.environment:checking '/home/rouillon/ProRob/install/package_master/lib/python3.10/site-packages'
[5.228s] Level 1:colcon.colcon_core.shell:create_environment_hook('package_master', 'pythonpath')
[5.229s] INFO:colcon.colcon_core.shell:Creating environment hook '/home/rouillon/ProRob/install/package_master/share/package_master/hook/pythonpath.ps1'
[5.230s] INFO:colcon.colcon_core.shell:Creating environment descriptor '/home/rouillon/ProRob/install/package_master/share/package_master/hook/pythonpath.dsv'
[5.232s] INFO:colcon.colcon_core.shell:Creating environment hook '/home/rouillon/ProRob/install/package_master/share/package_master/hook/pythonpath.sh'
[5.233s] Level 1:colcon.colcon_core.environment:checking '/home/rouillon/ProRob/install/package_master/bin'
[5.234s] Level 1:colcon.colcon_core.environment:create_environment_scripts_only(package_master)
[5.235s] INFO:colcon.colcon_core.shell:Creating package script '/home/rouillon/ProRob/install/package_master/share/package_master/package.ps1'
[5.237s] INFO:colcon.colcon_core.shell:Creating package descriptor '/home/rouillon/ProRob/install/package_master/share/package_master/package.dsv'
[5.239s] INFO:colcon.colcon_core.shell:Creating package script '/home/rouillon/ProRob/install/package_master/share/package_master/package.sh'
[5.240s] INFO:colcon.colcon_core.shell:Creating package script '/home/rouillon/ProRob/install/package_master/share/package_master/package.bash'
[5.241s] INFO:colcon.colcon_core.shell:Creating package script '/home/rouillon/ProRob/install/package_master/share/package_master/package.zsh'
[5.242s] Level 1:colcon.colcon_core.environment:create_file_with_runtime_dependencies(/home/rouillon/ProRob/install/package_master/share/colcon-core/packages/package_master)
[5.308s] Level 1:colcon.colcon_core.environment:checking '/home/rouillon/ProRob/install/py_srvcli' for CMake module files
[5.309s] DEBUG:colcon.colcon_core.event_handler.log_command:Invoked command in '/home/rouillon/ProRob/src/py_srvcli' returned '0': PYTHONPATH=/home/rouillon/ProRob/build/py_srvcli/prefix_override:/usr/lib/python3/dist-packages/colcon_core/task/python/colcon_distutils_commands:/home/rouillon/ProRob/install/py_srvcli/lib/python3.10/site-packages:${PYTHONPATH} /usr/bin/python3 -W ignore:setup.py install is deprecated -W ignore:easy_install command is deprecated setup.py egg_info --egg-base ../../build/py_srvcli build --build-base /home/rouillon/ProRob/build/py_srvcli/build install --record /home/rouillon/ProRob/build/py_srvcli/install.log --single-version-externally-managed install_data
[5.311s] Level 1:colcon.colcon_core.environment:checking '/home/rouillon/ProRob/install/py_srvcli' for CMake config files
[5.312s] Level 1:colcon.colcon_core.environment:checking '/home/rouillon/ProRob/install/py_srvcli/lib'
[5.312s] Level 1:colcon.colcon_core.environment:checking '/home/rouillon/ProRob/install/py_srvcli/bin'
[5.312s] Level 1:colcon.colcon_core.environment:checking '/home/rouillon/ProRob/install/py_srvcli/lib/pkgconfig/py_srvcli.pc'
[5.313s] Level 1:colcon.colcon_core.environment:checking '/home/rouillon/ProRob/install/py_srvcli/lib/python3.10/site-packages'
[5.313s] Level 1:colcon.colcon_core.shell:create_environment_hook('py_srvcli', 'pythonpath')
[5.313s] INFO:colcon.colcon_core.shell:Creating environment hook '/home/rouillon/ProRob/install/py_srvcli/share/py_srvcli/hook/pythonpath.ps1'
[5.314s] INFO:colcon.colcon_core.shell:Creating environment descriptor '/home/rouillon/ProRob/install/py_srvcli/share/py_srvcli/hook/pythonpath.dsv'
[5.315s] INFO:colcon.colcon_core.shell:Creating environment hook '/home/rouillon/ProRob/install/py_srvcli/share/py_srvcli/hook/pythonpath.sh'
[5.317s] Level 1:colcon.colcon_core.environment:checking '/home/rouillon/ProRob/install/py_srvcli/bin'
[5.317s] Level 1:colcon.colcon_core.environment:create_environment_scripts_only(py_srvcli)
[5.319s] INFO:colcon.colcon_core.shell:Creating package script '/home/rouillon/ProRob/install/py_srvcli/share/py_srvcli/package.ps1'
[5.320s] INFO:colcon.colcon_core.shell:Creating package descriptor '/home/rouillon/ProRob/install/py_srvcli/share/py_srvcli/package.dsv'
[5.321s] INFO:colcon.colcon_core.shell:Creating package script '/home/rouillon/ProRob/install/py_srvcli/share/py_srvcli/package.sh'
[5.322s] INFO:colcon.colcon_core.shell:Creating package script '/home/rouillon/ProRob/install/py_srvcli/share/py_srvcli/package.bash'
[5.323s] INFO:colcon.colcon_core.shell:Creating package script '/home/rouillon/ProRob/install/py_srvcli/share/py_srvcli/package.zsh'
[5.324s] Level 1:colcon.colcon_core.environment:create_file_with_runtime_dependencies(/home/rouillon/ProRob/install/py_srvcli/share/colcon-core/packages/py_srvcli)
[5.326s] DEBUG:colcon.colcon_parallel_executor.executor.parallel:closing loop
[5.327s] DEBUG:colcon.colcon_parallel_executor.executor.parallel:loop closed
[5.327s] DEBUG:colcon.colcon_parallel_executor.executor.parallel:run_until_complete finished with '0'
[5.327s] DEBUG:colcon.colcon_core.event_reactor:joining thread
[5.340s] INFO:colcon.colcon_core.plugin_system:Skipping extension 'colcon_notification.desktop_notification.terminal_notifier': Not used on non-Darwin systems
[5.341s] INFO:colcon.colcon_core.plugin_system:Skipping extension 'colcon_notification.desktop_notification.win32': Not used on non-Windows systems
[5.341s] INFO:colcon.colcon_notification.desktop_notification:Sending desktop notification using 'notify2'
[5.375s] DEBUG:colcon.colcon_core.event_reactor:joined thread
[5.377s] INFO:colcon.colcon_core.shell:Creating prefix script '/home/rouillon/ProRob/install/local_setup.ps1'
[5.380s] INFO:colcon.colcon_core.shell:Creating prefix util module '/home/rouillon/ProRob/install/_local_setup_util_ps1.py'
[5.387s] INFO:colcon.colcon_core.shell:Creating prefix chain script '/home/rouillon/ProRob/install/setup.ps1'
[5.391s] INFO:colcon.colcon_core.shell:Creating prefix script '/home/rouillon/ProRob/install/local_setup.sh'
[5.394s] INFO:colcon.colcon_core.shell:Creating prefix util module '/home/rouillon/ProRob/install/_local_setup_util_sh.py'
[5.396s] INFO:colcon.colcon_core.shell:Creating prefix chain script '/home/rouillon/ProRob/install/setup.sh'
[5.401s] INFO:colcon.colcon_core.shell:Creating prefix script '/home/rouillon/ProRob/install/local_setup.bash'
[5.403s] INFO:colcon.colcon_core.shell:Creating prefix chain script '/home/rouillon/ProRob/install/setup.bash'
[5.407s] INFO:colcon.colcon_core.shell:Creating prefix script '/home/rouillon/ProRob/install/local_setup.zsh'
[5.410s] INFO:colcon.colcon_core.shell:Creating prefix chain script '/home/rouillon/ProRob/install/setup.zsh'
