[3.256s] Invoking command in '/home/rouillon/ProRob/src/package_master': PYTHONPATH=/home/rouillon/ProRob/build/package_master/prefix_override:/usr/lib/python3/dist-packages/colcon_core/task/python/colcon_distutils_commands:/home/rouillon/ProRob/install/package_master/lib/python3.10/site-packages:${PYTHONPATH} /usr/bin/python3 -W ignore:setup.py install is deprecated -W ignore:easy_install command is deprecated setup.py egg_info --egg-base ../../build/package_master build --build-base /home/rouillon/ProRob/build/package_master/build install --record /home/rouillon/ProRob/build/package_master/install.log --single-version-externally-managed install_data
[4.201s] running egg_info
[4.203s] writing ../../build/package_master/package_master.egg-info/PKG-INFO
[4.204s] writing dependency_links to ../../build/package_master/package_master.egg-info/dependency_links.txt
[4.205s] writing entry points to ../../build/package_master/package_master.egg-info/entry_points.txt
[4.206s] writing requirements to ../../build/package_master/package_master.egg-info/requires.txt
[4.206s] writing top-level names to ../../build/package_master/package_master.egg-info/top_level.txt
[4.213s] reading manifest file '../../build/package_master/package_master.egg-info/SOURCES.txt'
[4.218s] writing manifest file '../../build/package_master/package_master.egg-info/SOURCES.txt'
[4.218s] running build
[4.219s] running build_py
[4.219s] copying package_master/drone_node.py -> /home/rouillon/ProRob/build/package_master/build/lib/package_master
[4.221s] copying package_master/master_node_drone.py -> /home/rouillon/ProRob/build/package_master/build/lib/package_master
[4.223s] running install
[4.226s] running install_lib
[4.228s] copying /home/rouillon/ProRob/build/package_master/build/lib/package_master/drone_node.py -> /home/rouillon/ProRob/install/package_master/lib/python3.10/site-packages/package_master
[4.230s] copying /home/rouillon/ProRob/build/package_master/build/lib/package_master/master_node_drone.py -> /home/rouillon/ProRob/install/package_master/lib/python3.10/site-packages/package_master
[4.231s] byte-compiling /home/rouillon/ProRob/install/package_master/lib/python3.10/site-packages/package_master/drone_node.py to drone_node.cpython-310.pyc
[4.234s] byte-compiling /home/rouillon/ProRob/install/package_master/lib/python3.10/site-packages/package_master/master_node_drone.py to master_node_drone.cpython-310.pyc
[4.239s] running install_data
[4.240s] running install_egg_info
[4.248s] removing '/home/rouillon/ProRob/install/package_master/lib/python3.10/site-packages/package_master-0.0.0-py3.10.egg-info' (and everything under it)
[4.251s] Copying ../../build/package_master/package_master.egg-info to /home/rouillon/ProRob/install/package_master/lib/python3.10/site-packages/package_master-0.0.0-py3.10.egg-info
[4.251s] running install_scripts
[4.323s] Installing client script to /home/rouillon/ProRob/install/package_master/lib/package_master
[4.323s] Installing client_drone script to /home/rouillon/ProRob/install/package_master/lib/package_master
[4.324s] Installing client_tb script to /home/rouillon/ProRob/install/package_master/lib/package_master
[4.324s] Installing service_drone script to /home/rouillon/ProRob/install/package_master/lib/package_master
[4.324s] Installing service_tb script to /home/rouillon/ProRob/install/package_master/lib/package_master
[4.325s] Installing service_test script to /home/rouillon/ProRob/install/package_master/lib/package_master
[4.328s] writing list of installed files to '/home/rouillon/ProRob/build/package_master/install.log'
[4.395s] Invoked command in '/home/rouillon/ProRob/src/package_master' returned '0': PYTHONPATH=/home/rouillon/ProRob/build/package_master/prefix_override:/usr/lib/python3/dist-packages/colcon_core/task/python/colcon_distutils_commands:/home/rouillon/ProRob/install/package_master/lib/python3.10/site-packages:${PYTHONPATH} /usr/bin/python3 -W ignore:setup.py install is deprecated -W ignore:easy_install command is deprecated setup.py egg_info --egg-base ../../build/package_master build --build-base /home/rouillon/ProRob/build/package_master/build install --record /home/rouillon/ProRob/build/package_master/install.log --single-version-externally-managed install_data
