[0.279s] DEBUG:colcon:Command line arguments: ['/usr/bin/colcon', 'build']
[0.279s] DEBUG:colcon:Parsed command line arguments: Namespace(log_base=None, log_level=None, verb_name='build', build_base='build', install_base='install', merge_install=False, symlink_install=False, test_result_base=None, continue_on_error=False, executor='parallel', parallel_workers=4, event_handlers=None, ignore_user_meta=False, metas=['./colcon.meta'], base_paths=['.'], packages_ignore=None, packages_ignore_regex=None, paths=None, packages_up_to=None, packages_up_to_regex=None, packages_above=None, packages_above_and_dependencies=None, packages_above_depth=None, packages_select_by_dep=None, packages_skip_by_dep=None, packages_skip_up_to=None, packages_select_build_failed=False, packages_skip_build_finished=False, packages_select_test_failures=False, packages_skip_test_passed=False, packages_select=None, packages_skip=None, packages_select_regex=None, packages_skip_regex=None, packages_start=None, packages_end=None, allow_overriding=[], cmake_args=None, cmake_target=None, cmake_target_skip_unavailable=False, cmake_clean_cache=False, cmake_clean_first=False, cmake_force_configure=False, ament_cmake_args=None, catkin_cmake_args=None, catkin_skip_building_tests=False, mixin_files=None, mixin=None, verb_parser=<colcon_mixin.mixin.mixin_argument.MixinArgumentDecorator object at 0x78e7b3b433d0>, verb_extension=<colcon_core.verb.build.BuildVerb object at 0x78e7b3c889a0>, main=<bound method BuildVerb.main of <colcon_core.verb.build.BuildVerb object at 0x78e7b3c889a0>>, mixin_verb=('build',))
[0.748s] Level 1:colcon.colcon_core.package_discovery:discover_packages(colcon_meta) check parameters
[0.748s] Level 1:colcon.colcon_core.package_discovery:discover_packages(recursive) check parameters
[0.748s] Level 1:colcon.colcon_core.package_discovery:discover_packages(ignore) check parameters
[0.748s] Level 1:colcon.colcon_core.package_discovery:discover_packages(path) check parameters
[0.748s] Level 1:colcon.colcon_core.package_discovery:discover_packages(colcon_meta) discover
[0.749s] Level 1:colcon.colcon_core.package_discovery:discover_packages(recursive) discover
[0.749s] INFO:colcon.colcon_core.package_discovery:Crawling recursively for packages in '/home/rouillon/Documents/ProDroneTB/ProRob'
[0.749s] Level 1:colcon.colcon_core.package_identification:_identify(.) by extensions ['ignore', 'ignore_ament_install']
[0.749s] Level 1:colcon.colcon_core.package_identification:_identify(.) by extension 'ignore'
[0.749s] Level 1:colcon.colcon_core.package_identification:_identify(.) by extension 'ignore_ament_install'
[0.749s] Level 1:colcon.colcon_core.package_identification:_identify(.) by extensions ['colcon_pkg']
[0.749s] Level 1:colcon.colcon_core.package_identification:_identify(.) by extension 'colcon_pkg'
[0.750s] Level 1:colcon.colcon_core.package_identification:_identify(.) by extensions ['colcon_meta']
[0.750s] Level 1:colcon.colcon_core.package_identification:_identify(.) by extension 'colcon_meta'
[0.750s] Level 1:colcon.colcon_core.package_identification:_identify(.) by extensions ['ros']
[0.750s] Level 1:colcon.colcon_core.package_identification:_identify(.) by extension 'ros'
[0.775s] Level 1:colcon.colcon_core.package_identification:_identify(.) by extensions ['cmake', 'python']
[0.775s] Level 1:colcon.colcon_core.package_identification:_identify(.) by extension 'cmake'
[0.775s] Level 1:colcon.colcon_core.package_identification:_identify(.) by extension 'python'
[0.776s] Level 1:colcon.colcon_core.package_identification:_identify(.) by extensions ['python_setup_py']
[0.776s] Level 1:colcon.colcon_core.package_identification:_identify(.) by extension 'python_setup_py'
[0.776s] Level 1:colcon.colcon_core.package_identification:_identify(build) by extensions ['ignore', 'ignore_ament_install']
[0.777s] Level 1:colcon.colcon_core.package_identification:_identify(build) by extension 'ignore'
[0.777s] Level 1:colcon.colcon_core.package_identification:_identify(build) ignored
[0.777s] Level 1:colcon.colcon_core.package_identification:_identify(install) by extensions ['ignore', 'ignore_ament_install']
[0.777s] Level 1:colcon.colcon_core.package_identification:_identify(install) by extension 'ignore'
[0.778s] Level 1:colcon.colcon_core.package_identification:_identify(install) ignored
[0.778s] Level 1:colcon.colcon_core.package_identification:_identify(log) by extensions ['ignore', 'ignore_ament_install']
[0.778s] Level 1:colcon.colcon_core.package_identification:_identify(log) by extension 'ignore'
[0.779s] Level 1:colcon.colcon_core.package_identification:_identify(log) ignored
[0.779s] Level 1:colcon.colcon_core.package_identification:_identify(src) by extensions ['ignore', 'ignore_ament_install']
[0.779s] Level 1:colcon.colcon_core.package_identification:_identify(src) by extension 'ignore'
[0.779s] Level 1:colcon.colcon_core.package_identification:_identify(src) by extension 'ignore_ament_install'
[0.779s] Level 1:colcon.colcon_core.package_identification:_identify(src) by extensions ['colcon_pkg']
[0.779s] Level 1:colcon.colcon_core.package_identification:_identify(src) by extension 'colcon_pkg'
[0.780s] Level 1:colcon.colcon_core.package_identification:_identify(src) by extensions ['colcon_meta']
[0.780s] Level 1:colcon.colcon_core.package_identification:_identify(src) by extension 'colcon_meta'
[0.780s] Level 1:colcon.colcon_core.package_identification:_identify(src) by extensions ['ros']
[0.780s] Level 1:colcon.colcon_core.package_identification:_identify(src) by extension 'ros'
[0.780s] Level 1:colcon.colcon_core.package_identification:_identify(src) by extensions ['cmake', 'python']
[0.780s] Level 1:colcon.colcon_core.package_identification:_identify(src) by extension 'cmake'
[0.780s] Level 1:colcon.colcon_core.package_identification:_identify(src) by extension 'python'
[0.780s] Level 1:colcon.colcon_core.package_identification:_identify(src) by extensions ['python_setup_py']
[0.780s] Level 1:colcon.colcon_core.package_identification:_identify(src) by extension 'python_setup_py'
[0.781s] Level 1:colcon.colcon_core.package_identification:_identify(src/package_master) by extensions ['ignore', 'ignore_ament_install']
[0.781s] Level 1:colcon.colcon_core.package_identification:_identify(src/package_master) by extension 'ignore'
[0.781s] Level 1:colcon.colcon_core.package_identification:_identify(src/package_master) by extension 'ignore_ament_install'
[0.781s] Level 1:colcon.colcon_core.package_identification:_identify(src/package_master) by extensions ['colcon_pkg']
[0.781s] Level 1:colcon.colcon_core.package_identification:_identify(src/package_master) by extension 'colcon_pkg'
[0.781s] Level 1:colcon.colcon_core.package_identification:_identify(src/package_master) by extensions ['colcon_meta']
[0.781s] Level 1:colcon.colcon_core.package_identification:_identify(src/package_master) by extension 'colcon_meta'
[0.781s] Level 1:colcon.colcon_core.package_identification:_identify(src/package_master) by extensions ['ros']
[0.781s] Level 1:colcon.colcon_core.package_identification:_identify(src/package_master) by extension 'ros'
[0.787s] DEBUG:colcon.colcon_core.package_identification:Package 'src/package_master' with type 'ros.ament_python' and name 'package_master'
[0.787s] Level 1:colcon.colcon_core.package_identification:_identify(src/package_master_interfaces) by extensions ['ignore', 'ignore_ament_install']
[0.788s] Level 1:colcon.colcon_core.package_identification:_identify(src/package_master_interfaces) by extension 'ignore'
[0.788s] Level 1:colcon.colcon_core.package_identification:_identify(src/package_master_interfaces) by extension 'ignore_ament_install'
[0.788s] Level 1:colcon.colcon_core.package_identification:_identify(src/package_master_interfaces) by extensions ['colcon_pkg']
[0.788s] Level 1:colcon.colcon_core.package_identification:_identify(src/package_master_interfaces) by extension 'colcon_pkg'
[0.788s] Level 1:colcon.colcon_core.package_identification:_identify(src/package_master_interfaces) by extensions ['colcon_meta']
[0.788s] Level 1:colcon.colcon_core.package_identification:_identify(src/package_master_interfaces) by extension 'colcon_meta'
[0.788s] Level 1:colcon.colcon_core.package_identification:_identify(src/package_master_interfaces) by extensions ['ros']
[0.789s] Level 1:colcon.colcon_core.package_identification:_identify(src/package_master_interfaces) by extension 'ros'
[0.790s] DEBUG:colcon.colcon_core.package_identification:Package 'src/package_master_interfaces' with type 'ros.ament_cmake' and name 'package_master_interfaces'
[0.790s] Level 1:colcon.colcon_core.package_identification:_identify(src/py_srvcli) by extensions ['ignore', 'ignore_ament_install']
[0.790s] Level 1:colcon.colcon_core.package_identification:_identify(src/py_srvcli) by extension 'ignore'
[0.790s] Level 1:colcon.colcon_core.package_identification:_identify(src/py_srvcli) by extension 'ignore_ament_install'
[0.790s] Level 1:colcon.colcon_core.package_identification:_identify(src/py_srvcli) by extensions ['colcon_pkg']
[0.791s] Level 1:colcon.colcon_core.package_identification:_identify(src/py_srvcli) by extension 'colcon_pkg'
[0.791s] Level 1:colcon.colcon_core.package_identification:_identify(src/py_srvcli) by extensions ['colcon_meta']
[0.791s] Level 1:colcon.colcon_core.package_identification:_identify(src/py_srvcli) by extension 'colcon_meta'
[0.791s] Level 1:colcon.colcon_core.package_identification:_identify(src/py_srvcli) by extensions ['ros']
[0.791s] Level 1:colcon.colcon_core.package_identification:_identify(src/py_srvcli) by extension 'ros'
[0.792s] DEBUG:colcon.colcon_core.package_identification:Package 'src/py_srvcli' with type 'ros.ament_python' and name 'py_srvcli'
[0.793s] Level 1:colcon.colcon_core.package_discovery:discover_packages(recursive) using defaults
[0.793s] Level 1:colcon.colcon_core.package_discovery:discover_packages(ignore) discover
[0.793s] Level 1:colcon.colcon_core.package_discovery:discover_packages(ignore) using defaults
[0.793s] Level 1:colcon.colcon_core.package_discovery:discover_packages(path) discover
[0.793s] Level 1:colcon.colcon_core.package_discovery:discover_packages(path) using defaults
[0.859s] Level 1:colcon.colcon_core.package_discovery:discover_packages(prefix_path) check parameters
[0.859s] Level 1:colcon.colcon_core.package_discovery:discover_packages(prefix_path) discover
[0.862s] DEBUG:colcon.colcon_installed_package_information.package_discovery:Found 3 installed packages in /home/rouillon/Documents/ProDroneTB/ProRob/install
[0.865s] DEBUG:colcon.colcon_installed_package_information.package_discovery:Found 270 installed packages in /opt/ros/humble
[0.870s] Level 1:colcon.colcon_core.package_discovery:discover_packages(prefix_path) using defaults
[0.983s] Level 5:colcon.colcon_core.verb:set package 'package_master' build argument 'cmake_args' from command line to 'None'
[0.984s] Level 5:colcon.colcon_core.verb:set package 'package_master' build argument 'cmake_target' from command line to 'None'
[0.984s] Level 5:colcon.colcon_core.verb:set package 'package_master' build argument 'cmake_target_skip_unavailable' from command line to 'False'
[0.984s] Level 5:colcon.colcon_core.verb:set package 'package_master' build argument 'cmake_clean_cache' from command line to 'False'
[0.984s] Level 5:colcon.colcon_core.verb:set package 'package_master' build argument 'cmake_clean_first' from command line to 'False'
[0.984s] Level 5:colcon.colcon_core.verb:set package 'package_master' build argument 'cmake_force_configure' from command line to 'False'
[0.984s] Level 5:colcon.colcon_core.verb:set package 'package_master' build argument 'ament_cmake_args' from command line to 'None'
[0.984s] Level 5:colcon.colcon_core.verb:set package 'package_master' build argument 'catkin_cmake_args' from command line to 'None'
[0.984s] Level 5:colcon.colcon_core.verb:set package 'package_master' build argument 'catkin_skip_building_tests' from command line to 'False'
[0.984s] DEBUG:colcon.colcon_core.verb:Building package 'package_master' with the following arguments: {'ament_cmake_args': None, 'build_base': '/home/rouillon/Documents/ProDroneTB/ProRob/build/package_master', 'catkin_cmake_args': None, 'catkin_skip_building_tests': False, 'cmake_args': None, 'cmake_clean_cache': False, 'cmake_clean_first': False, 'cmake_force_configure': False, 'cmake_target': None, 'cmake_target_skip_unavailable': False, 'install_base': '/home/rouillon/Documents/ProDroneTB/ProRob/install/package_master', 'merge_install': False, 'path': '/home/rouillon/Documents/ProDroneTB/ProRob/src/package_master', 'symlink_install': False, 'test_result_base': None}
[0.985s] Level 5:colcon.colcon_core.verb:set package 'package_master_interfaces' build argument 'cmake_args' from command line to 'None'
[0.985s] Level 5:colcon.colcon_core.verb:set package 'package_master_interfaces' build argument 'cmake_target' from command line to 'None'
[0.985s] Level 5:colcon.colcon_core.verb:set package 'package_master_interfaces' build argument 'cmake_target_skip_unavailable' from command line to 'False'
[0.985s] Level 5:colcon.colcon_core.verb:set package 'package_master_interfaces' build argument 'cmake_clean_cache' from command line to 'False'
[0.985s] Level 5:colcon.colcon_core.verb:set package 'package_master_interfaces' build argument 'cmake_clean_first' from command line to 'False'
[0.985s] Level 5:colcon.colcon_core.verb:set package 'package_master_interfaces' build argument 'cmake_force_configure' from command line to 'False'
[0.985s] Level 5:colcon.colcon_core.verb:set package 'package_master_interfaces' build argument 'ament_cmake_args' from command line to 'None'
[0.986s] Level 5:colcon.colcon_core.verb:set package 'package_master_interfaces' build argument 'catkin_cmake_args' from command line to 'None'
[0.986s] Level 5:colcon.colcon_core.verb:set package 'package_master_interfaces' build argument 'catkin_skip_building_tests' from command line to 'False'
[0.986s] DEBUG:colcon.colcon_core.verb:Building package 'package_master_interfaces' with the following arguments: {'ament_cmake_args': None, 'build_base': '/home/rouillon/Documents/ProDroneTB/ProRob/build/package_master_interfaces', 'catkin_cmake_args': None, 'catkin_skip_building_tests': False, 'cmake_args': None, 'cmake_clean_cache': False, 'cmake_clean_first': False, 'cmake_force_configure': False, 'cmake_target': None, 'cmake_target_skip_unavailable': False, 'install_base': '/home/rouillon/Documents/ProDroneTB/ProRob/install/package_master_interfaces', 'merge_install': False, 'path': '/home/rouillon/Documents/ProDroneTB/ProRob/src/package_master_interfaces', 'symlink_install': False, 'test_result_base': None}
[0.987s] Level 5:colcon.colcon_core.verb:set package 'py_srvcli' build argument 'cmake_args' from command line to 'None'
[0.987s] Level 5:colcon.colcon_core.verb:set package 'py_srvcli' build argument 'cmake_target' from command line to 'None'
[0.987s] Level 5:colcon.colcon_core.verb:set package 'py_srvcli' build argument 'cmake_target_skip_unavailable' from command line to 'False'
[0.987s] Level 5:colcon.colcon_core.verb:set package 'py_srvcli' build argument 'cmake_clean_cache' from command line to 'False'
[0.987s] Level 5:colcon.colcon_core.verb:set package 'py_srvcli' build argument 'cmake_clean_first' from command line to 'False'
[0.987s] Level 5:colcon.colcon_core.verb:set package 'py_srvcli' build argument 'cmake_force_configure' from command line to 'False'
[0.987s] Level 5:colcon.colcon_core.verb:set package 'py_srvcli' build argument 'ament_cmake_args' from command line to 'None'
[0.987s] Level 5:colcon.colcon_core.verb:set package 'py_srvcli' build argument 'catkin_cmake_args' from command line to 'None'
[0.987s] Level 5:colcon.colcon_core.verb:set package 'py_srvcli' build argument 'catkin_skip_building_tests' from command line to 'False'
[0.987s] DEBUG:colcon.colcon_core.verb:Building package 'py_srvcli' with the following arguments: {'ament_cmake_args': None, 'build_base': '/home/rouillon/Documents/ProDroneTB/ProRob/build/py_srvcli', 'catkin_cmake_args': None, 'catkin_skip_building_tests': False, 'cmake_args': None, 'cmake_clean_cache': False, 'cmake_clean_first': False, 'cmake_force_configure': False, 'cmake_target': None, 'cmake_target_skip_unavailable': False, 'install_base': '/home/rouillon/Documents/ProDroneTB/ProRob/install/py_srvcli', 'merge_install': False, 'path': '/home/rouillon/Documents/ProDroneTB/ProRob/src/py_srvcli', 'symlink_install': False, 'test_result_base': None}
[0.988s] INFO:colcon.colcon_core.executor:Executing jobs using 'parallel' executor
[0.990s] DEBUG:colcon.colcon_parallel_executor.executor.parallel:run_until_complete
[0.991s] INFO:colcon.colcon_ros.task.ament_python.build:Building ROS package in '/home/rouillon/Documents/ProDroneTB/ProRob/src/package_master' with build type 'ament_python'
[0.991s] Level 1:colcon.colcon_core.shell:create_environment_hook('package_master', 'ament_prefix_path')
[0.997s] INFO:colcon.colcon_core.plugin_system:Skipping extension 'colcon_core.shell.bat': Not used on non-Windows systems
[0.998s] INFO:colcon.colcon_core.shell:Creating environment hook '/home/rouillon/Documents/ProDroneTB/ProRob/install/package_master/share/package_master/hook/ament_prefix_path.ps1'
[1.000s] INFO:colcon.colcon_core.shell:Creating environment descriptor '/home/rouillon/Documents/ProDroneTB/ProRob/install/package_master/share/package_master/hook/ament_prefix_path.dsv'
[1.001s] INFO:colcon.colcon_core.shell:Creating environment hook '/home/rouillon/Documents/ProDroneTB/ProRob/install/package_master/share/package_master/hook/ament_prefix_path.sh'
[1.003s] INFO:colcon.colcon_core.shell:Skip shell extension 'powershell' for command environment: Not usable outside of PowerShell
[1.004s] DEBUG:colcon.colcon_core.shell:Skip shell extension 'dsv' for command environment
[1.015s] INFO:colcon.colcon_ros.task.ament_cmake.build:Building ROS package in '/home/rouillon/Documents/ProDroneTB/ProRob/src/package_master_interfaces' with build type 'ament_cmake'
[1.016s] INFO:colcon.colcon_cmake.task.cmake.build:Building CMake package in '/home/rouillon/Documents/ProDroneTB/ProRob/src/package_master_interfaces'
[1.017s] INFO:colcon.colcon_core.shell:Skip shell extension 'powershell' for command environment: Not usable outside of PowerShell
[1.017s] DEBUG:colcon.colcon_core.shell:Skip shell extension 'dsv' for command environment
[1.035s] INFO:colcon.colcon_ros.task.ament_python.build:Building ROS package in '/home/rouillon/Documents/ProDroneTB/ProRob/src/py_srvcli' with build type 'ament_python'
[1.036s] Level 1:colcon.colcon_core.shell:create_environment_hook('py_srvcli', 'ament_prefix_path')
[1.038s] INFO:colcon.colcon_core.shell:Creating environment hook '/home/rouillon/Documents/ProDroneTB/ProRob/install/py_srvcli/share/py_srvcli/hook/ament_prefix_path.ps1'
[1.041s] INFO:colcon.colcon_core.shell:Creating environment descriptor '/home/rouillon/Documents/ProDroneTB/ProRob/install/py_srvcli/share/py_srvcli/hook/ament_prefix_path.dsv'
[1.044s] INFO:colcon.colcon_core.shell:Creating environment hook '/home/rouillon/Documents/ProDroneTB/ProRob/install/py_srvcli/share/py_srvcli/hook/ament_prefix_path.sh'
[1.048s] INFO:colcon.colcon_core.shell:Skip shell extension 'powershell' for command environment: Not usable outside of PowerShell
[1.048s] DEBUG:colcon.colcon_core.shell:Skip shell extension 'dsv' for command environment
[1.965s] INFO:colcon.colcon_core.task.python.build:Building Python package in '/home/rouillon/Documents/ProDroneTB/ProRob/src/package_master'
[1.966s] INFO:colcon.colcon_core.shell:Skip shell extension 'powershell' for command environment: Not usable outside of PowerShell
[1.966s] DEBUG:colcon.colcon_core.shell:Skip shell extension 'dsv' for command environment
[1.996s] DEBUG:colcon.colcon_core.event_handler.log_command:Invoking command in '/home/rouillon/Documents/ProDroneTB/ProRob/build/package_master_interfaces': CMAKE_PREFIX_PATH=${CMAKE_PREFIX_PATH}:/home/rouillon/Documents/ProDroneTB/ProRob/install/py_srvcli:/home/rouillon/Documents/ProDroneTB/ProRob/install/package_master:/opt/ros/humble /usr/bin/cmake --build /home/rouillon/Documents/ProDroneTB/ProRob/build/package_master_interfaces -- -j4 -l4
[3.084s] INFO:colcon.colcon_core.task.python.build:Building Python package in '/home/rouillon/Documents/ProDroneTB/ProRob/src/py_srvcli'
[3.085s] INFO:colcon.colcon_core.shell:Skip shell extension 'powershell' for command environment: Not usable outside of PowerShell
[3.085s] DEBUG:colcon.colcon_core.shell:Skip shell extension 'dsv' for command environment
[3.436s] DEBUG:colcon.colcon_core.event_handler.log_command:Invoked command in '/home/rouillon/Documents/ProDroneTB/ProRob/build/package_master_interfaces' returned '0': CMAKE_PREFIX_PATH=${CMAKE_PREFIX_PATH}:/home/rouillon/Documents/ProDroneTB/ProRob/install/py_srvcli:/home/rouillon/Documents/ProDroneTB/ProRob/install/package_master:/opt/ros/humble /usr/bin/cmake --build /home/rouillon/Documents/ProDroneTB/ProRob/build/package_master_interfaces -- -j4 -l4
[3.467s] DEBUG:colcon.colcon_core.event_handler.log_command:Invoking command in '/home/rouillon/Documents/ProDroneTB/ProRob/build/package_master_interfaces': CMAKE_PREFIX_PATH=${CMAKE_PREFIX_PATH}:/home/rouillon/Documents/ProDroneTB/ProRob/install/py_srvcli:/home/rouillon/Documents/ProDroneTB/ProRob/install/package_master:/opt/ros/humble /usr/bin/cmake --install /home/rouillon/Documents/ProDroneTB/ProRob/build/package_master_interfaces
[3.713s] Level 1:colcon.colcon_core.environment:create_environment_scripts_only(package_master_interfaces)
[3.717s] DEBUG:colcon.colcon_core.event_handler.log_command:Invoked command in '/home/rouillon/Documents/ProDroneTB/ProRob/build/package_master_interfaces' returned '0': CMAKE_PREFIX_PATH=${CMAKE_PREFIX_PATH}:/home/rouillon/Documents/ProDroneTB/ProRob/install/py_srvcli:/home/rouillon/Documents/ProDroneTB/ProRob/install/package_master:/opt/ros/humble /usr/bin/cmake --install /home/rouillon/Documents/ProDroneTB/ProRob/build/package_master_interfaces
[3.722s] Level 1:colcon.colcon_core.environment:checking '/home/rouillon/Documents/ProDroneTB/ProRob/install/package_master_interfaces' for CMake module files
[3.724s] Level 1:colcon.colcon_core.environment:checking '/home/rouillon/Documents/ProDroneTB/ProRob/install/package_master_interfaces' for CMake config files
[3.725s] Level 1:colcon.colcon_core.shell:create_environment_hook('package_master_interfaces', 'cmake_prefix_path')
[3.726s] INFO:colcon.colcon_core.shell:Creating environment hook '/home/rouillon/Documents/ProDroneTB/ProRob/install/package_master_interfaces/share/package_master_interfaces/hook/cmake_prefix_path.ps1'
[3.727s] INFO:colcon.colcon_core.shell:Creating environment descriptor '/home/rouillon/Documents/ProDroneTB/ProRob/install/package_master_interfaces/share/package_master_interfaces/hook/cmake_prefix_path.dsv'
[3.729s] INFO:colcon.colcon_core.shell:Creating environment hook '/home/rouillon/Documents/ProDroneTB/ProRob/install/package_master_interfaces/share/package_master_interfaces/hook/cmake_prefix_path.sh'
[3.731s] Level 1:colcon.colcon_core.environment:checking '/home/rouillon/Documents/ProDroneTB/ProRob/install/package_master_interfaces/lib'
[3.732s] Level 1:colcon.colcon_core.shell:create_environment_hook('package_master_interfaces', 'ld_library_path_lib')
[3.733s] INFO:colcon.colcon_core.shell:Creating environment hook '/home/rouillon/Documents/ProDroneTB/ProRob/install/package_master_interfaces/share/package_master_interfaces/hook/ld_library_path_lib.ps1'
[3.734s] INFO:colcon.colcon_core.shell:Creating environment descriptor '/home/rouillon/Documents/ProDroneTB/ProRob/install/package_master_interfaces/share/package_master_interfaces/hook/ld_library_path_lib.dsv'
[3.735s] INFO:colcon.colcon_core.shell:Creating environment hook '/home/rouillon/Documents/ProDroneTB/ProRob/install/package_master_interfaces/share/package_master_interfaces/hook/ld_library_path_lib.sh'
[3.736s] Level 1:colcon.colcon_core.environment:checking '/home/rouillon/Documents/ProDroneTB/ProRob/install/package_master_interfaces/bin'
[3.737s] Level 1:colcon.colcon_core.environment:checking '/home/rouillon/Documents/ProDroneTB/ProRob/install/package_master_interfaces/lib/pkgconfig/package_master_interfaces.pc'
[3.738s] Level 1:colcon.colcon_core.environment:checking '/home/rouillon/Documents/ProDroneTB/ProRob/install/package_master_interfaces/lib/python3.10/site-packages'
[3.739s] Level 1:colcon.colcon_core.environment:checking '/home/rouillon/Documents/ProDroneTB/ProRob/install/package_master_interfaces/bin'
[3.741s] INFO:colcon.colcon_core.shell:Creating package script '/home/rouillon/Documents/ProDroneTB/ProRob/install/package_master_interfaces/share/package_master_interfaces/package.ps1'
[3.744s] INFO:colcon.colcon_core.shell:Creating package descriptor '/home/rouillon/Documents/ProDroneTB/ProRob/install/package_master_interfaces/share/package_master_interfaces/package.dsv'
[3.748s] INFO:colcon.colcon_core.shell:Creating package script '/home/rouillon/Documents/ProDroneTB/ProRob/install/package_master_interfaces/share/package_master_interfaces/package.sh'
[3.751s] INFO:colcon.colcon_core.shell:Creating package script '/home/rouillon/Documents/ProDroneTB/ProRob/install/package_master_interfaces/share/package_master_interfaces/package.bash'
[3.770s] INFO:colcon.colcon_core.shell:Creating package script '/home/rouillon/Documents/ProDroneTB/ProRob/install/package_master_interfaces/share/package_master_interfaces/package.zsh'
[3.773s] Level 1:colcon.colcon_core.environment:create_file_with_runtime_dependencies(/home/rouillon/Documents/ProDroneTB/ProRob/install/package_master_interfaces/share/colcon-core/packages/package_master_interfaces)
[3.776s] Level 1:colcon.colcon_core.environment:create_environment_scripts_only(package_master_interfaces)
[3.778s] Level 1:colcon.colcon_core.environment:checking '/home/rouillon/Documents/ProDroneTB/ProRob/install/package_master_interfaces' for CMake module files
[3.781s] Level 1:colcon.colcon_core.environment:checking '/home/rouillon/Documents/ProDroneTB/ProRob/install/package_master_interfaces' for CMake config files
[3.783s] Level 1:colcon.colcon_core.shell:create_environment_hook('package_master_interfaces', 'cmake_prefix_path')
[3.784s] INFO:colcon.colcon_core.shell:Creating environment hook '/home/rouillon/Documents/ProDroneTB/ProRob/install/package_master_interfaces/share/package_master_interfaces/hook/cmake_prefix_path.ps1'
[3.785s] INFO:colcon.colcon_core.shell:Creating environment descriptor '/home/rouillon/Documents/ProDroneTB/ProRob/install/package_master_interfaces/share/package_master_interfaces/hook/cmake_prefix_path.dsv'
[3.787s] INFO:colcon.colcon_core.shell:Creating environment hook '/home/rouillon/Documents/ProDroneTB/ProRob/install/package_master_interfaces/share/package_master_interfaces/hook/cmake_prefix_path.sh'
[3.789s] Level 1:colcon.colcon_core.environment:checking '/home/rouillon/Documents/ProDroneTB/ProRob/install/package_master_interfaces/lib'
[3.789s] Level 1:colcon.colcon_core.shell:create_environment_hook('package_master_interfaces', 'ld_library_path_lib')
[3.790s] INFO:colcon.colcon_core.shell:Creating environment hook '/home/rouillon/Documents/ProDroneTB/ProRob/install/package_master_interfaces/share/package_master_interfaces/hook/ld_library_path_lib.ps1'
[3.791s] INFO:colcon.colcon_core.shell:Creating environment descriptor '/home/rouillon/Documents/ProDroneTB/ProRob/install/package_master_interfaces/share/package_master_interfaces/hook/ld_library_path_lib.dsv'
[3.793s] INFO:colcon.colcon_core.shell:Creating environment hook '/home/rouillon/Documents/ProDroneTB/ProRob/install/package_master_interfaces/share/package_master_interfaces/hook/ld_library_path_lib.sh'
[3.794s] Level 1:colcon.colcon_core.environment:checking '/home/rouillon/Documents/ProDroneTB/ProRob/install/package_master_interfaces/bin'
[3.794s] Level 1:colcon.colcon_core.environment:checking '/home/rouillon/Documents/ProDroneTB/ProRob/install/package_master_interfaces/lib/pkgconfig/package_master_interfaces.pc'
[3.795s] Level 1:colcon.colcon_core.environment:checking '/home/rouillon/Documents/ProDroneTB/ProRob/install/package_master_interfaces/lib/python3.10/site-packages'
[3.796s] Level 1:colcon.colcon_core.environment:checking '/home/rouillon/Documents/ProDroneTB/ProRob/install/package_master_interfaces/bin'
[3.798s] INFO:colcon.colcon_core.shell:Creating package script '/home/rouillon/Documents/ProDroneTB/ProRob/install/package_master_interfaces/share/package_master_interfaces/package.ps1'
[3.799s] INFO:colcon.colcon_core.shell:Creating package descriptor '/home/rouillon/Documents/ProDroneTB/ProRob/install/package_master_interfaces/share/package_master_interfaces/package.dsv'
[3.802s] INFO:colcon.colcon_core.shell:Creating package script '/home/rouillon/Documents/ProDroneTB/ProRob/install/package_master_interfaces/share/package_master_interfaces/package.sh'
[3.804s] INFO:colcon.colcon_core.shell:Creating package script '/home/rouillon/Documents/ProDroneTB/ProRob/install/package_master_interfaces/share/package_master_interfaces/package.bash'
[3.806s] INFO:colcon.colcon_core.shell:Creating package script '/home/rouillon/Documents/ProDroneTB/ProRob/install/package_master_interfaces/share/package_master_interfaces/package.zsh'
[3.807s] Level 1:colcon.colcon_core.environment:create_file_with_runtime_dependencies(/home/rouillon/Documents/ProDroneTB/ProRob/install/package_master_interfaces/share/colcon-core/packages/package_master_interfaces)
[4.431s] DEBUG:colcon.colcon_core.event_handler.log_command:Invoking command in '/home/rouillon/Documents/ProDroneTB/ProRob/src/package_master': PYTHONPATH=/home/rouillon/Documents/ProDroneTB/ProRob/build/package_master/prefix_override:/usr/lib/python3/dist-packages/colcon_core/task/python/colcon_distutils_commands:/home/rouillon/Documents/ProDroneTB/ProRob/install/package_master/lib/python3.10/site-packages:${PYTHONPATH} /usr/bin/python3 -W ignore:setup.py install is deprecated -W ignore:easy_install command is deprecated setup.py egg_info --egg-base ../../build/package_master build --build-base /home/rouillon/Documents/ProDroneTB/ProRob/build/package_master/build install --record /home/rouillon/Documents/ProDroneTB/ProRob/build/package_master/install.log --single-version-externally-managed install_data
[4.439s] DEBUG:colcon.colcon_core.event_handler.log_command:Invoking command in '/home/rouillon/Documents/ProDroneTB/ProRob/src/py_srvcli': PYTHONPATH=/home/rouillon/Documents/ProDroneTB/ProRob/build/py_srvcli/prefix_override:/usr/lib/python3/dist-packages/colcon_core/task/python/colcon_distutils_commands:/home/rouillon/Documents/ProDroneTB/ProRob/install/py_srvcli/lib/python3.10/site-packages:${PYTHONPATH} /usr/bin/python3 -W ignore:setup.py install is deprecated -W ignore:easy_install command is deprecated setup.py egg_info --egg-base ../../build/py_srvcli build --build-base /home/rouillon/Documents/ProDroneTB/ProRob/build/py_srvcli/build install --record /home/rouillon/Documents/ProDroneTB/ProRob/build/py_srvcli/install.log --single-version-externally-managed install_data
[5.524s] Level 1:colcon.colcon_core.environment:checking '/home/rouillon/Documents/ProDroneTB/ProRob/install/package_master' for CMake module files
[5.527s] DEBUG:colcon.colcon_core.event_handler.log_command:Invoked command in '/home/rouillon/Documents/ProDroneTB/ProRob/src/package_master' returned '0': PYTHONPATH=/home/rouillon/Documents/ProDroneTB/ProRob/build/package_master/prefix_override:/usr/lib/python3/dist-packages/colcon_core/task/python/colcon_distutils_commands:/home/rouillon/Documents/ProDroneTB/ProRob/install/package_master/lib/python3.10/site-packages:${PYTHONPATH} /usr/bin/python3 -W ignore:setup.py install is deprecated -W ignore:easy_install command is deprecated setup.py egg_info --egg-base ../../build/package_master build --build-base /home/rouillon/Documents/ProDroneTB/ProRob/build/package_master/build install --record /home/rouillon/Documents/ProDroneTB/ProRob/build/package_master/install.log --single-version-externally-managed install_data
[5.527s] Level 1:colcon.colcon_core.environment:checking '/home/rouillon/Documents/ProDroneTB/ProRob/install/package_master' for CMake config files
[5.529s] Level 1:colcon.colcon_core.environment:checking '/home/rouillon/Documents/ProDroneTB/ProRob/install/package_master/lib'
[5.529s] Level 1:colcon.colcon_core.environment:checking '/home/rouillon/Documents/ProDroneTB/ProRob/install/package_master/bin'
[5.529s] Level 1:colcon.colcon_core.environment:checking '/home/rouillon/Documents/ProDroneTB/ProRob/install/package_master/lib/pkgconfig/package_master.pc'
[5.530s] Level 1:colcon.colcon_core.environment:checking '/home/rouillon/Documents/ProDroneTB/ProRob/install/package_master/lib/python3.10/site-packages'
[5.530s] Level 1:colcon.colcon_core.shell:create_environment_hook('package_master', 'pythonpath')
[5.531s] INFO:colcon.colcon_core.shell:Creating environment hook '/home/rouillon/Documents/ProDroneTB/ProRob/install/package_master/share/package_master/hook/pythonpath.ps1'
[5.532s] INFO:colcon.colcon_core.shell:Creating environment descriptor '/home/rouillon/Documents/ProDroneTB/ProRob/install/package_master/share/package_master/hook/pythonpath.dsv'
[5.533s] INFO:colcon.colcon_core.shell:Creating environment hook '/home/rouillon/Documents/ProDroneTB/ProRob/install/package_master/share/package_master/hook/pythonpath.sh'
[5.535s] Level 1:colcon.colcon_core.environment:checking '/home/rouillon/Documents/ProDroneTB/ProRob/install/package_master/bin'
[5.535s] Level 1:colcon.colcon_core.environment:create_environment_scripts_only(package_master)
[5.537s] INFO:colcon.colcon_core.shell:Creating package script '/home/rouillon/Documents/ProDroneTB/ProRob/install/package_master/share/package_master/package.ps1'
[5.539s] INFO:colcon.colcon_core.shell:Creating package descriptor '/home/rouillon/Documents/ProDroneTB/ProRob/install/package_master/share/package_master/package.dsv'
[5.541s] INFO:colcon.colcon_core.shell:Creating package script '/home/rouillon/Documents/ProDroneTB/ProRob/install/package_master/share/package_master/package.sh'
[5.542s] INFO:colcon.colcon_core.shell:Creating package script '/home/rouillon/Documents/ProDroneTB/ProRob/install/package_master/share/package_master/package.bash'
[5.543s] INFO:colcon.colcon_core.shell:Creating package script '/home/rouillon/Documents/ProDroneTB/ProRob/install/package_master/share/package_master/package.zsh'
[5.544s] Level 1:colcon.colcon_core.environment:create_file_with_runtime_dependencies(/home/rouillon/Documents/ProDroneTB/ProRob/install/package_master/share/colcon-core/packages/package_master)
[5.549s] Level 1:colcon.colcon_core.environment:checking '/home/rouillon/Documents/ProDroneTB/ProRob/install/py_srvcli' for CMake module files
[5.550s] DEBUG:colcon.colcon_core.event_handler.log_command:Invoked command in '/home/rouillon/Documents/ProDroneTB/ProRob/src/py_srvcli' returned '0': PYTHONPATH=/home/rouillon/Documents/ProDroneTB/ProRob/build/py_srvcli/prefix_override:/usr/lib/python3/dist-packages/colcon_core/task/python/colcon_distutils_commands:/home/rouillon/Documents/ProDroneTB/ProRob/install/py_srvcli/lib/python3.10/site-packages:${PYTHONPATH} /usr/bin/python3 -W ignore:setup.py install is deprecated -W ignore:easy_install command is deprecated setup.py egg_info --egg-base ../../build/py_srvcli build --build-base /home/rouillon/Documents/ProDroneTB/ProRob/build/py_srvcli/build install --record /home/rouillon/Documents/ProDroneTB/ProRob/build/py_srvcli/install.log --single-version-externally-managed install_data
[5.551s] Level 1:colcon.colcon_core.environment:checking '/home/rouillon/Documents/ProDroneTB/ProRob/install/py_srvcli' for CMake config files
[5.552s] Level 1:colcon.colcon_core.environment:checking '/home/rouillon/Documents/ProDroneTB/ProRob/install/py_srvcli/lib'
[5.552s] Level 1:colcon.colcon_core.environment:checking '/home/rouillon/Documents/ProDroneTB/ProRob/install/py_srvcli/bin'
[5.553s] Level 1:colcon.colcon_core.environment:checking '/home/rouillon/Documents/ProDroneTB/ProRob/install/py_srvcli/lib/pkgconfig/py_srvcli.pc'
[5.553s] Level 1:colcon.colcon_core.environment:checking '/home/rouillon/Documents/ProDroneTB/ProRob/install/py_srvcli/lib/python3.10/site-packages'
[5.554s] Level 1:colcon.colcon_core.shell:create_environment_hook('py_srvcli', 'pythonpath')
[5.555s] INFO:colcon.colcon_core.shell:Creating environment hook '/home/rouillon/Documents/ProDroneTB/ProRob/install/py_srvcli/share/py_srvcli/hook/pythonpath.ps1'
[5.556s] INFO:colcon.colcon_core.shell:Creating environment descriptor '/home/rouillon/Documents/ProDroneTB/ProRob/install/py_srvcli/share/py_srvcli/hook/pythonpath.dsv'
[5.557s] INFO:colcon.colcon_core.shell:Creating environment hook '/home/rouillon/Documents/ProDroneTB/ProRob/install/py_srvcli/share/py_srvcli/hook/pythonpath.sh'
[5.559s] Level 1:colcon.colcon_core.environment:checking '/home/rouillon/Documents/ProDroneTB/ProRob/install/py_srvcli/bin'
[5.560s] Level 1:colcon.colcon_core.environment:create_environment_scripts_only(py_srvcli)
[5.561s] INFO:colcon.colcon_core.shell:Creating package script '/home/rouillon/Documents/ProDroneTB/ProRob/install/py_srvcli/share/py_srvcli/package.ps1'
[5.565s] INFO:colcon.colcon_core.shell:Creating package descriptor '/home/rouillon/Documents/ProDroneTB/ProRob/install/py_srvcli/share/py_srvcli/package.dsv'
[5.569s] INFO:colcon.colcon_core.shell:Creating package script '/home/rouillon/Documents/ProDroneTB/ProRob/install/py_srvcli/share/py_srvcli/package.sh'
[5.571s] INFO:colcon.colcon_core.shell:Creating package script '/home/rouillon/Documents/ProDroneTB/ProRob/install/py_srvcli/share/py_srvcli/package.bash'
[5.573s] INFO:colcon.colcon_core.shell:Creating package script '/home/rouillon/Documents/ProDroneTB/ProRob/install/py_srvcli/share/py_srvcli/package.zsh'
[5.574s] Level 1:colcon.colcon_core.environment:create_file_with_runtime_dependencies(/home/rouillon/Documents/ProDroneTB/ProRob/install/py_srvcli/share/colcon-core/packages/py_srvcli)
[5.575s] DEBUG:colcon.colcon_parallel_executor.executor.parallel:closing loop
[5.577s] DEBUG:colcon.colcon_parallel_executor.executor.parallel:loop closed
[5.577s] DEBUG:colcon.colcon_parallel_executor.executor.parallel:run_until_complete finished with '0'
[5.578s] DEBUG:colcon.colcon_core.event_reactor:joining thread
[5.601s] INFO:colcon.colcon_core.plugin_system:Skipping extension 'colcon_notification.desktop_notification.terminal_notifier': Not used on non-Darwin systems
[5.601s] INFO:colcon.colcon_core.plugin_system:Skipping extension 'colcon_notification.desktop_notification.win32': Not used on non-Windows systems
[5.601s] INFO:colcon.colcon_notification.desktop_notification:Sending desktop notification using 'notify2'
[5.642s] DEBUG:colcon.colcon_core.event_reactor:joined thread
[5.644s] INFO:colcon.colcon_core.shell:Creating prefix script '/home/rouillon/Documents/ProDroneTB/ProRob/install/local_setup.ps1'
[5.648s] INFO:colcon.colcon_core.shell:Creating prefix util module '/home/rouillon/Documents/ProDroneTB/ProRob/install/_local_setup_util_ps1.py'
[5.655s] INFO:colcon.colcon_core.shell:Creating prefix chain script '/home/rouillon/Documents/ProDroneTB/ProRob/install/setup.ps1'
[5.659s] INFO:colcon.colcon_core.shell:Creating prefix script '/home/rouillon/Documents/ProDroneTB/ProRob/install/local_setup.sh'
[5.662s] INFO:colcon.colcon_core.shell:Creating prefix util module '/home/rouillon/Documents/ProDroneTB/ProRob/install/_local_setup_util_sh.py'
[5.664s] INFO:colcon.colcon_core.shell:Creating prefix chain script '/home/rouillon/Documents/ProDroneTB/ProRob/install/setup.sh'
[5.670s] INFO:colcon.colcon_core.shell:Creating prefix script '/home/rouillon/Documents/ProDroneTB/ProRob/install/local_setup.bash'
[5.673s] INFO:colcon.colcon_core.shell:Creating prefix chain script '/home/rouillon/Documents/ProDroneTB/ProRob/install/setup.bash'
[5.677s] INFO:colcon.colcon_core.shell:Creating prefix script '/home/rouillon/Documents/ProDroneTB/ProRob/install/local_setup.zsh'
[5.679s] INFO:colcon.colcon_core.shell:Creating prefix chain script '/home/rouillon/Documents/ProDroneTB/ProRob/install/setup.zsh'
