[1.119s] Invoking command in '/home/rouillon/ProRob/src/package_master': PYTHONPATH=/home/rouillon/ProRob/src/package_master/build/package_master/prefix_override:/usr/lib/python3/dist-packages/colcon_core/task/python/colcon_distutils_commands:/home/rouillon/ProRob/src/package_master/install/package_master/lib/python3.10/site-packages:${PYTHONPATH} /usr/bin/python3 -W ignore:setup.py install is deprecated -W ignore:easy_install command is deprecated setup.py egg_info --egg-base build/package_master build --build-base /home/rouillon/ProRob/src/package_master/build/package_master/build install --record /home/rouillon/ProRob/src/package_master/build/package_master/install.log --single-version-externally-managed install_data
[1.575s] running egg_info
[1.578s] writing build/package_master/package_master.egg-info/PKG-INFO
[1.578s] writing dependency_links to build/package_master/package_master.egg-info/dependency_links.txt
[1.578s] writing entry points to build/package_master/package_master.egg-info/entry_points.txt
[1.579s] writing requirements to build/package_master/package_master.egg-info/requires.txt
[1.579s] writing top-level names to build/package_master/package_master.egg-info/top_level.txt
[1.581s] reading manifest file 'build/package_master/package_master.egg-info/SOURCES.txt'
[1.584s] writing manifest file 'build/package_master/package_master.egg-info/SOURCES.txt'
[1.586s] running build
[1.586s] running build_py
[1.586s] copying package_master/master_node.py -> /home/rouillon/ProRob/src/package_master/build/package_master/build/lib/package_master
[1.586s] running install
[1.587s] running install_lib
[1.587s] copying /home/rouillon/ProRob/src/package_master/build/package_master/build/lib/package_master/master_node.py -> /home/rouillon/ProRob/src/package_master/install/package_master/lib/python3.10/site-packages/package_master
[1.588s] byte-compiling /home/rouillon/ProRob/src/package_master/install/package_master/lib/python3.10/site-packages/package_master/master_node.py to master_node.cpython-310.pyc
[1.590s] running install_data
[1.590s] running install_egg_info
[1.594s] removing '/home/rouillon/ProRob/src/package_master/install/package_master/lib/python3.10/site-packages/package_master-0.0.0-py3.10.egg-info' (and everything under it)
[1.596s] Copying build/package_master/package_master.egg-info to /home/rouillon/ProRob/src/package_master/install/package_master/lib/python3.10/site-packages/package_master-0.0.0-py3.10.egg-info
[1.597s] running install_scripts
[1.632s] Installing client script to /home/rouillon/ProRob/src/package_master/install/package_master/lib/package_master
[1.632s] Installing service_node script to /home/rouillon/ProRob/src/package_master/install/package_master/lib/package_master
[1.633s] Installing service_test script to /home/rouillon/ProRob/src/package_master/install/package_master/lib/package_master
[1.633s] writing list of installed files to '/home/rouillon/ProRob/src/package_master/build/package_master/install.log'
[1.674s] Invoked command in '/home/rouillon/ProRob/src/package_master' returned '0': PYTHONPATH=/home/rouillon/ProRob/src/package_master/build/package_master/prefix_override:/usr/lib/python3/dist-packages/colcon_core/task/python/colcon_distutils_commands:/home/rouillon/ProRob/src/package_master/install/package_master/lib/python3.10/site-packages:${PYTHONPATH} /usr/bin/python3 -W ignore:setup.py install is deprecated -W ignore:easy_install command is deprecated setup.py egg_info --egg-base build/package_master build --build-base /home/rouillon/ProRob/src/package_master/build/package_master/build install --record /home/rouillon/ProRob/src/package_master/build/package_master/install.log --single-version-externally-managed install_data
