[3.458s] Invoking command in '/home/rouillon/Documents/ProDroneTB/ProRob/src/py_srvcli': PYTHONPATH=/home/rouillon/Documents/ProDroneTB/ProRob/build/py_srvcli/prefix_override:/usr/lib/python3/dist-packages/colcon_core/task/python/colcon_distutils_commands:/home/rouillon/Documents/ProDroneTB/ProRob/install/py_srvcli/lib/python3.10/site-packages:${PYTHONPATH} /usr/bin/python3 -W ignore:setup.py install is deprecated -W ignore:easy_install command is deprecated setup.py egg_info --egg-base ../../build/py_srvcli build --build-base /home/rouillon/Documents/ProDroneTB/ProRob/build/py_srvcli/build install --record /home/rouillon/Documents/ProDroneTB/ProRob/build/py_srvcli/install.log --single-version-externally-managed install_data
[4.293s] running egg_info
[4.293s] writing ../../build/py_srvcli/py_srvcli.egg-info/PKG-INFO
[4.294s] writing dependency_links to ../../build/py_srvcli/py_srvcli.egg-info/dependency_links.txt
[4.294s] writing entry points to ../../build/py_srvcli/py_srvcli.egg-info/entry_points.txt
[4.294s] writing requirements to ../../build/py_srvcli/py_srvcli.egg-info/requires.txt
[4.294s] writing top-level names to ../../build/py_srvcli/py_srvcli.egg-info/top_level.txt
[4.305s] reading manifest file '../../build/py_srvcli/py_srvcli.egg-info/SOURCES.txt'
[4.306s] writing manifest file '../../build/py_srvcli/py_srvcli.egg-info/SOURCES.txt'
[4.306s] running build
[4.306s] running build_py
[4.307s] running install
[4.309s] running install_lib
[4.314s] running install_data
[4.314s] running install_egg_info
[4.322s] removing '/home/rouillon/Documents/ProDroneTB/ProRob/install/py_srvcli/lib/python3.10/site-packages/py_srvcli-0.0.0-py3.10.egg-info' (and everything under it)
[4.323s] Copying ../../build/py_srvcli/py_srvcli.egg-info to /home/rouillon/Documents/ProDroneTB/ProRob/install/py_srvcli/lib/python3.10/site-packages/py_srvcli-0.0.0-py3.10.egg-info
[4.326s] running install_scripts
[4.402s] writing list of installed files to '/home/rouillon/Documents/ProDroneTB/ProRob/build/py_srvcli/install.log'
[4.458s] Invoked command in '/home/rouillon/Documents/ProDroneTB/ProRob/src/py_srvcli' returned '0': PYTHONPATH=/home/rouillon/Documents/ProDroneTB/ProRob/build/py_srvcli/prefix_override:/usr/lib/python3/dist-packages/colcon_core/task/python/colcon_distutils_commands:/home/rouillon/Documents/ProDroneTB/ProRob/install/py_srvcli/lib/python3.10/site-packages:${PYTHONPATH} /usr/bin/python3 -W ignore:setup.py install is deprecated -W ignore:easy_install command is deprecated setup.py egg_info --egg-base ../../build/py_srvcli build --build-base /home/rouillon/Documents/ProDroneTB/ProRob/build/py_srvcli/build install --record /home/rouillon/Documents/ProDroneTB/ProRob/build/py_srvcli/install.log --single-version-externally-managed install_data
