[0.506s] Invoking command in '/home/rouillon/Documents/ProDroneTB/ProRob/build/package_master_interfaces': CMAKE_PREFIX_PATH=${CMAKE_PREFIX_PATH}:/home/rouillon/Documents/ProDroneTB/ProRob/install/py_srvcli:/home/rouillon/Documents/ProDroneTB/ProRob/install/package_master:/home/rouillon/ProRob/install/py_srvcli:/home/rouillon/ProRob/install/package_master:/opt/ros/humble /usr/bin/cmake /home/rouillon/Documents/ProDroneTB/ProRob/src/package_master_interfaces -DCMAKE_INSTALL_PREFIX=/home/rouillon/Documents/ProDroneTB/ProRob/install/package_master_interfaces
[0.610s] -- The C compiler identification is GNU 11.4.0
[0.725s] -- The CXX compiler identification is GNU 11.4.0
[0.755s] -- Detecting C compiler ABI info
[0.863s] -- Detecting C compiler ABI info - done
[0.883s] -- Check for working C compiler: /usr/bin/cc - skipped
[0.884s] -- Detecting C compile features
[0.886s] -- Detecting C compile features - done
[0.891s] -- Detecting CXX compiler ABI info
[1.013s] -- Detecting CXX compiler ABI info - done
[1.035s] -- Check for working CXX compiler: /usr/bin/c++ - skipped
[1.037s] -- Detecting CXX compile features
[1.040s] -- Detecting CXX compile features - done
[1.047s] -- Found ament_cmake: 1.3.11 (/opt/ros/humble/share/ament_cmake/cmake)
[1.359s] -- Found Python3: /usr/bin/python3 (found version "3.10.12") found components: Interpreter 
[1.515s] -- Found ament_lint_auto: 0.12.11 (/opt/ros/humble/share/ament_lint_auto/cmake)
[1.671s] -- Found rosidl_default_generators: 1.2.0 (/opt/ros/humble/share/rosidl_default_generators/cmake)
[1.678s] -- Using all available rosidl_typesupport_c: rosidl_typesupport_fastrtps_c;rosidl_typesupport_introspection_c
[1.690s] -- Found rosidl_adapter: 3.1.6 (/opt/ros/humble/share/rosidl_adapter/cmake)
[1.763s] -- Using all available rosidl_typesupport_cpp: rosidl_typesupport_fastrtps_cpp;rosidl_typesupport_introspection_cpp
[1.835s] -- Configuring incomplete, errors occurred!
[1.838s] See also "/home/rouillon/Documents/ProDroneTB/ProRob/build/package_master_interfaces/CMakeFiles/CMakeOutput.log".
[1.839s] [31mCMake Error at /opt/ros/humble/share/rosidl_cmake/cmake/rosidl_generate_interfaces.cmake:93 (message):
[1.839s]   rosidl_generate_interfaces() the passed file 'msg/SequenceElement.msg'
[1.839s]   doesn't exist relative to the CMAKE_CURRENT_SOURCE_DIR
[1.839s]   '/home/rouillon/Documents/ProDroneTB/ProRob/src/package_master_interfaces'
[1.839s] Call Stack (most recent call first):
[1.839s]   CMakeLists.txt:28 (rosidl_generate_interfaces)
[1.839s] 
[1.839s] [0m
[1.851s] Invoked command in '/home/rouillon/Documents/ProDroneTB/ProRob/build/package_master_interfaces' returned '1': CMAKE_PREFIX_PATH=${CMAKE_PREFIX_PATH}:/home/rouillon/Documents/ProDroneTB/ProRob/install/py_srvcli:/home/rouillon/Documents/ProDroneTB/ProRob/install/package_master:/home/rouillon/ProRob/install/py_srvcli:/home/rouillon/ProRob/install/package_master:/opt/ros/humble /usr/bin/cmake /home/rouillon/Documents/ProDroneTB/ProRob/src/package_master_interfaces -DCMAKE_INSTALL_PREFIX=/home/rouillon/Documents/ProDroneTB/ProRob/install/package_master_interfaces
