[1.060s] Invoking command in '/home/rouillon/ProRob/src/package_master': PYTHONPATH=/home/rouillon/ProRob/build/package_master/prefix_override:/usr/lib/python3/dist-packages/colcon_core/task/python/colcon_distutils_commands:/home/rouillon/ProRob/install/package_master/lib/python3.10/site-packages: /usr/bin/python3 -W ignore:setup.py install is deprecated -W ignore:easy_install command is deprecated setup.py egg_info --egg-base ../../build/package_master build --build-base /home/rouillon/ProRob/build/package_master/build install --record /home/rouillon/ProRob/build/package_master/install.log --single-version-externally-managed install_data
[1.418s] running egg_info
[1.420s] creating ../../build/package_master/package_master.egg-info
[1.420s] writing ../../build/package_master/package_master.egg-info/PKG-INFO
[1.420s] writing dependency_links to ../../build/package_master/package_master.egg-info/dependency_links.txt
[1.421s] writing entry points to ../../build/package_master/package_master.egg-info/entry_points.txt
[1.421s] writing requirements to ../../build/package_master/package_master.egg-info/requires.txt
[1.421s] writing top-level names to ../../build/package_master/package_master.egg-info/top_level.txt
[1.421s] writing manifest file '../../build/package_master/package_master.egg-info/SOURCES.txt'
[1.424s] reading manifest file '../../build/package_master/package_master.egg-info/SOURCES.txt'
[1.425s] writing manifest file '../../build/package_master/package_master.egg-info/SOURCES.txt'
[1.425s] running build
[1.426s] running build_py
[1.426s] creating /home/rouillon/ProRob/build/package_master/build
[1.426s] creating /home/rouillon/ProRob/build/package_master/build/lib
[1.426s] creating /home/rouillon/ProRob/build/package_master/build/lib/package_master
[1.426s] copying package_master/__init__.py -> /home/rouillon/ProRob/build/package_master/build/lib/package_master
[1.426s] running install
[1.430s] running install_lib
[1.430s] creating /home/rouillon/ProRob/install/package_master/lib/python3.10/site-packages/package_master
[1.430s] copying /home/rouillon/ProRob/build/package_master/build/lib/package_master/__init__.py -> /home/rouillon/ProRob/install/package_master/lib/python3.10/site-packages/package_master
[1.430s] byte-compiling /home/rouillon/ProRob/install/package_master/lib/python3.10/site-packages/package_master/__init__.py to __init__.cpython-310.pyc
[1.430s] running install_data
[1.430s] creating /home/rouillon/ProRob/install/package_master/share/ament_index
[1.430s] creating /home/rouillon/ProRob/install/package_master/share/ament_index/resource_index
[1.431s] creating /home/rouillon/ProRob/install/package_master/share/ament_index/resource_index/packages
[1.431s] copying resource/package_master -> /home/rouillon/ProRob/install/package_master/share/ament_index/resource_index/packages
[1.431s] copying package.xml -> /home/rouillon/ProRob/install/package_master/share/package_master
[1.431s] running install_egg_info
[1.432s] Copying ../../build/package_master/package_master.egg-info to /home/rouillon/ProRob/install/package_master/lib/python3.10/site-packages/package_master-0.0.0-py3.10.egg-info
[1.433s] running install_scripts
[1.466s] writing list of installed files to '/home/rouillon/ProRob/build/package_master/install.log'
[1.511s] Invoked command in '/home/rouillon/ProRob/src/package_master' returned '0': PYTHONPATH=/home/rouillon/ProRob/build/package_master/prefix_override:/usr/lib/python3/dist-packages/colcon_core/task/python/colcon_distutils_commands:/home/rouillon/ProRob/install/package_master/lib/python3.10/site-packages: /usr/bin/python3 -W ignore:setup.py install is deprecated -W ignore:easy_install command is deprecated setup.py egg_info --egg-base ../../build/package_master build --build-base /home/rouillon/ProRob/build/package_master/build install --record /home/rouillon/ProRob/build/package_master/install.log --single-version-externally-managed install_data
