[3.483s] Invoking command in '/home/rouillon/Documents/ProDroneTB/ProRob/src/package_master': PYTHONPATH=/home/rouillon/Documents/ProDroneTB/ProRob/build/package_master/prefix_override:/usr/lib/python3/dist-packages/colcon_core/task/python/colcon_distutils_commands:/home/rouillon/Documents/ProDroneTB/ProRob/install/package_master/lib/python3.10/site-packages:${PYTHONPATH} /usr/bin/python3 -W ignore:setup.py install is deprecated -W ignore:easy_install command is deprecated setup.py egg_info --egg-base ../../build/package_master build --build-base /home/rouillon/Documents/ProDroneTB/ProRob/build/package_master/build install --record /home/rouillon/Documents/ProDroneTB/ProRob/build/package_master/install.log --single-version-externally-managed install_data
[4.336s] running egg_info
[4.336s] writing ../../build/package_master/package_master.egg-info/PKG-INFO
[4.337s] writing dependency_links to ../../build/package_master/package_master.egg-info/dependency_links.txt
[4.337s] writing entry points to ../../build/package_master/package_master.egg-info/entry_points.txt
[4.338s] writing requirements to ../../build/package_master/package_master.egg-info/requires.txt
[4.338s] writing top-level names to ../../build/package_master/package_master.egg-info/top_level.txt
[4.347s] reading manifest file '../../build/package_master/package_master.egg-info/SOURCES.txt'
[4.352s] writing manifest file '../../build/package_master/package_master.egg-info/SOURCES.txt'
[4.352s] running build
[4.352s] running build_py
[4.356s] running install
[4.357s] running install_lib
[4.367s] running install_data
[4.367s] running install_egg_info
[4.376s] removing '/home/rouillon/Documents/ProDroneTB/ProRob/install/package_master/lib/python3.10/site-packages/package_master-0.0.0-py3.10.egg-info' (and everything under it)
[4.376s] Copying ../../build/package_master/package_master.egg-info to /home/rouillon/Documents/ProDroneTB/ProRob/install/package_master/lib/python3.10/site-packages/package_master-0.0.0-py3.10.egg-info
[4.379s] running install_scripts
[4.453s] Installing client script to /home/rouillon/Documents/ProDroneTB/ProRob/install/package_master/lib/package_master
[4.454s] Installing client_drone script to /home/rouillon/Documents/ProDroneTB/ProRob/install/package_master/lib/package_master
[4.454s] Installing client_tb script to /home/rouillon/Documents/ProDroneTB/ProRob/install/package_master/lib/package_master
[4.455s] Installing service_drone script to /home/rouillon/Documents/ProDroneTB/ProRob/install/package_master/lib/package_master
[4.456s] Installing service_tb script to /home/rouillon/Documents/ProDroneTB/ProRob/install/package_master/lib/package_master
[4.457s] Installing service_test script to /home/rouillon/Documents/ProDroneTB/ProRob/install/package_master/lib/package_master
[4.459s] writing list of installed files to '/home/rouillon/Documents/ProDroneTB/ProRob/build/package_master/install.log'
[4.513s] Invoked command in '/home/rouillon/Documents/ProDroneTB/ProRob/src/package_master' returned '0': PYTHONPATH=/home/rouillon/Documents/ProDroneTB/ProRob/build/package_master/prefix_override:/usr/lib/python3/dist-packages/colcon_core/task/python/colcon_distutils_commands:/home/rouillon/Documents/ProDroneTB/ProRob/install/package_master/lib/python3.10/site-packages:${PYTHONPATH} /usr/bin/python3 -W ignore:setup.py install is deprecated -W ignore:easy_install command is deprecated setup.py egg_info --egg-base ../../build/package_master build --build-base /home/rouillon/Documents/ProDroneTB/ProRob/build/package_master/build install --record /home/rouillon/Documents/ProDroneTB/ProRob/build/package_master/install.log --single-version-externally-managed install_data
