[0.464s] DEBUG:colcon:Command line arguments: ['/usr/bin/colcon', 'build']
[0.464s] DEBUG:colcon:Parsed command line arguments: Namespace(log_base=None, log_level=None, verb_name='build', build_base='build', install_base='install', merge_install=False, symlink_install=False, test_result_base=None, continue_on_error=False, executor='parallel', parallel_workers=4, event_handlers=None, ignore_user_meta=False, metas=['./colcon.meta'], base_paths=['.'], packages_ignore=None, packages_ignore_regex=None, paths=None, packages_up_to=None, packages_up_to_regex=None, packages_above=None, packages_above_and_dependencies=None, packages_above_depth=None, packages_select_by_dep=None, packages_skip_by_dep=None, packages_skip_up_to=None, packages_select_build_failed=False, packages_skip_build_finished=False, packages_select_test_failures=False, packages_skip_test_passed=False, packages_select=None, packages_skip=None, packages_select_regex=None, packages_skip_regex=None, packages_start=None, packages_end=None, allow_overriding=[], cmake_args=None, cmake_target=None, cmake_target_skip_unavailable=False, cmake_clean_cache=False, cmake_clean_first=False, cmake_force_configure=False, ament_cmake_args=None, catkin_cmake_args=None, catkin_skip_building_tests=False, mixin_files=None, mixin=None, verb_parser=<colcon_mixin.mixin.mixin_argument.MixinArgumentDecorator object at 0x7967537d35b0>, verb_extension=<colcon_core.verb.build.BuildVerb object at 0x79675392b5e0>, main=<bound method BuildVerb.main of <colcon_core.verb.build.BuildVerb object at 0x79675392b5e0>>, mixin_verb=('build',))
[1.210s] Level 1:colcon.colcon_core.package_discovery:discover_packages(colcon_meta) check parameters
[1.210s] Level 1:colcon.colcon_core.package_discovery:discover_packages(recursive) check parameters
[1.211s] Level 1:colcon.colcon_core.package_discovery:discover_packages(ignore) check parameters
[1.211s] Level 1:colcon.colcon_core.package_discovery:discover_packages(path) check parameters
[1.211s] Level 1:colcon.colcon_core.package_discovery:discover_packages(colcon_meta) discover
[1.211s] Level 1:colcon.colcon_core.package_discovery:discover_packages(recursive) discover
[1.211s] INFO:colcon.colcon_core.package_discovery:Crawling recursively for packages in '/home/rouillon/ProRob/src/package_master'
[1.212s] Level 1:colcon.colcon_core.package_identification:_identify(.) by extensions ['ignore', 'ignore_ament_install']
[1.212s] Level 1:colcon.colcon_core.package_identification:_identify(.) by extension 'ignore'
[1.213s] Level 1:colcon.colcon_core.package_identification:_identify(.) by extension 'ignore_ament_install'
[1.213s] Level 1:colcon.colcon_core.package_identification:_identify(.) by extensions ['colcon_pkg']
[1.213s] Level 1:colcon.colcon_core.package_identification:_identify(.) by extension 'colcon_pkg'
[1.213s] Level 1:colcon.colcon_core.package_identification:_identify(.) by extensions ['colcon_meta']
[1.213s] Level 1:colcon.colcon_core.package_identification:_identify(.) by extension 'colcon_meta'
[1.213s] Level 1:colcon.colcon_core.package_identification:_identify(.) by extensions ['ros']
[1.213s] Level 1:colcon.colcon_core.package_identification:_identify(.) by extension 'ros'
[1.272s] DEBUG:colcon.colcon_core.package_identification:Package '.' with type 'ros.ament_python' and name 'package_master'
[1.272s] Level 1:colcon.colcon_core.package_discovery:discover_packages(recursive) using defaults
[1.273s] Level 1:colcon.colcon_core.package_discovery:discover_packages(ignore) discover
[1.273s] Level 1:colcon.colcon_core.package_discovery:discover_packages(ignore) using defaults
[1.273s] Level 1:colcon.colcon_core.package_discovery:discover_packages(path) discover
[1.273s] Level 1:colcon.colcon_core.package_discovery:discover_packages(path) using defaults
[1.384s] Level 1:colcon.colcon_core.package_discovery:discover_packages(prefix_path) check parameters
[1.384s] Level 1:colcon.colcon_core.package_discovery:discover_packages(prefix_path) discover
[1.390s] DEBUG:colcon.colcon_installed_package_information.package_discovery:Found 1 installed packages in /home/rouillon/ProRob/src/package_master/install
[1.392s] DEBUG:colcon.colcon_installed_package_information.package_discovery:Found 3 installed packages in /home/rouillon/ProRob/install
[1.398s] DEBUG:colcon.colcon_installed_package_information.package_discovery:Found 270 installed packages in /opt/ros/humble
[1.406s] Level 1:colcon.colcon_core.package_discovery:discover_packages(prefix_path) using defaults
[1.596s] Level 5:colcon.colcon_core.verb:set package 'package_master' build argument 'cmake_args' from command line to 'None'
[1.596s] Level 5:colcon.colcon_core.verb:set package 'package_master' build argument 'cmake_target' from command line to 'None'
[1.596s] Level 5:colcon.colcon_core.verb:set package 'package_master' build argument 'cmake_target_skip_unavailable' from command line to 'False'
[1.596s] Level 5:colcon.colcon_core.verb:set package 'package_master' build argument 'cmake_clean_cache' from command line to 'False'
[1.597s] Level 5:colcon.colcon_core.verb:set package 'package_master' build argument 'cmake_clean_first' from command line to 'False'
[1.597s] Level 5:colcon.colcon_core.verb:set package 'package_master' build argument 'cmake_force_configure' from command line to 'False'
[1.597s] Level 5:colcon.colcon_core.verb:set package 'package_master' build argument 'ament_cmake_args' from command line to 'None'
[1.597s] Level 5:colcon.colcon_core.verb:set package 'package_master' build argument 'catkin_cmake_args' from command line to 'None'
[1.597s] Level 5:colcon.colcon_core.verb:set package 'package_master' build argument 'catkin_skip_building_tests' from command line to 'False'
[1.597s] DEBUG:colcon.colcon_core.verb:Building package 'package_master' with the following arguments: {'ament_cmake_args': None, 'build_base': '/home/rouillon/ProRob/src/package_master/build/package_master', 'catkin_cmake_args': None, 'catkin_skip_building_tests': False, 'cmake_args': None, 'cmake_clean_cache': False, 'cmake_clean_first': False, 'cmake_force_configure': False, 'cmake_target': None, 'cmake_target_skip_unavailable': False, 'install_base': '/home/rouillon/ProRob/src/package_master/install/package_master', 'merge_install': False, 'path': '/home/rouillon/ProRob/src/package_master', 'symlink_install': False, 'test_result_base': None}
[1.598s] INFO:colcon.colcon_core.executor:Executing jobs using 'parallel' executor
[1.601s] DEBUG:colcon.colcon_parallel_executor.executor.parallel:run_until_complete
[1.602s] INFO:colcon.colcon_ros.task.ament_python.build:Building ROS package in '/home/rouillon/ProRob/src/package_master' with build type 'ament_python'
[1.602s] Level 1:colcon.colcon_core.shell:create_environment_hook('package_master', 'ament_prefix_path')
[1.610s] INFO:colcon.colcon_core.plugin_system:Skipping extension 'colcon_core.shell.bat': Not used on non-Windows systems
[1.611s] INFO:colcon.colcon_core.shell:Creating environment hook '/home/rouillon/ProRob/src/package_master/install/package_master/share/package_master/hook/ament_prefix_path.ps1'
[1.614s] INFO:colcon.colcon_core.shell:Creating environment descriptor '/home/rouillon/ProRob/src/package_master/install/package_master/share/package_master/hook/ament_prefix_path.dsv'
[1.616s] INFO:colcon.colcon_core.shell:Creating environment hook '/home/rouillon/ProRob/src/package_master/install/package_master/share/package_master/hook/ament_prefix_path.sh'
[1.619s] INFO:colcon.colcon_core.shell:Skip shell extension 'powershell' for command environment: Not usable outside of PowerShell
[1.620s] DEBUG:colcon.colcon_core.shell:Skip shell extension 'dsv' for command environment
[2.878s] INFO:colcon.colcon_core.task.python.build:Building Python package in '/home/rouillon/ProRob/src/package_master'
[2.879s] INFO:colcon.colcon_core.shell:Skip shell extension 'powershell' for command environment: Not usable outside of PowerShell
[2.880s] DEBUG:colcon.colcon_core.shell:Skip shell extension 'dsv' for command environment
[4.354s] DEBUG:colcon.colcon_core.event_handler.log_command:Invoking command in '/home/rouillon/ProRob/src/package_master': PYTHONPATH=/home/rouillon/ProRob/src/package_master/build/package_master/prefix_override:/usr/lib/python3/dist-packages/colcon_core/task/python/colcon_distutils_commands:/home/rouillon/ProRob/src/package_master/install/package_master/lib/python3.10/site-packages:${PYTHONPATH} /usr/bin/python3 -W ignore:setup.py install is deprecated -W ignore:easy_install command is deprecated setup.py egg_info --egg-base build/package_master build --build-base /home/rouillon/ProRob/src/package_master/build/package_master/build install --record /home/rouillon/ProRob/src/package_master/build/package_master/install.log --single-version-externally-managed install_data
[5.664s] DEBUG:colcon.colcon_core.event_handler.log_command:Invoked command in '/home/rouillon/ProRob/src/package_master' returned '0': PYTHONPATH=/home/rouillon/ProRob/src/package_master/build/package_master/prefix_override:/usr/lib/python3/dist-packages/colcon_core/task/python/colcon_distutils_commands:/home/rouillon/ProRob/src/package_master/install/package_master/lib/python3.10/site-packages:${PYTHONPATH} /usr/bin/python3 -W ignore:setup.py install is deprecated -W ignore:easy_install command is deprecated setup.py egg_info --egg-base build/package_master build --build-base /home/rouillon/ProRob/src/package_master/build/package_master/build install --record /home/rouillon/ProRob/src/package_master/build/package_master/install.log --single-version-externally-managed install_data
[5.671s] Level 1:colcon.colcon_core.environment:checking '/home/rouillon/ProRob/src/package_master/install/package_master' for CMake module files
[5.673s] Level 1:colcon.colcon_core.environment:checking '/home/rouillon/ProRob/src/package_master/install/package_master' for CMake config files
[5.675s] Level 1:colcon.colcon_core.environment:checking '/home/rouillon/ProRob/src/package_master/install/package_master/lib'
[5.676s] Level 1:colcon.colcon_core.environment:checking '/home/rouillon/ProRob/src/package_master/install/package_master/bin'
[5.676s] Level 1:colcon.colcon_core.environment:checking '/home/rouillon/ProRob/src/package_master/install/package_master/lib/pkgconfig/package_master.pc'
[5.677s] Level 1:colcon.colcon_core.environment:checking '/home/rouillon/ProRob/src/package_master/install/package_master/lib/python3.10/site-packages'
[5.677s] Level 1:colcon.colcon_core.shell:create_environment_hook('package_master', 'pythonpath')
[5.678s] INFO:colcon.colcon_core.shell:Creating environment hook '/home/rouillon/ProRob/src/package_master/install/package_master/share/package_master/hook/pythonpath.ps1'
[5.681s] INFO:colcon.colcon_core.shell:Creating environment descriptor '/home/rouillon/ProRob/src/package_master/install/package_master/share/package_master/hook/pythonpath.dsv'
[5.682s] INFO:colcon.colcon_core.shell:Creating environment hook '/home/rouillon/ProRob/src/package_master/install/package_master/share/package_master/hook/pythonpath.sh'
[5.684s] Level 1:colcon.colcon_core.environment:checking '/home/rouillon/ProRob/src/package_master/install/package_master/bin'
[5.685s] Level 1:colcon.colcon_core.environment:create_environment_scripts_only(package_master)
[5.687s] INFO:colcon.colcon_core.shell:Creating package script '/home/rouillon/ProRob/src/package_master/install/package_master/share/package_master/package.ps1'
[5.690s] INFO:colcon.colcon_core.shell:Creating package descriptor '/home/rouillon/ProRob/src/package_master/install/package_master/share/package_master/package.dsv'
[5.692s] INFO:colcon.colcon_core.shell:Creating package script '/home/rouillon/ProRob/src/package_master/install/package_master/share/package_master/package.sh'
[5.695s] INFO:colcon.colcon_core.shell:Creating package script '/home/rouillon/ProRob/src/package_master/install/package_master/share/package_master/package.bash'
[5.698s] INFO:colcon.colcon_core.shell:Creating package script '/home/rouillon/ProRob/src/package_master/install/package_master/share/package_master/package.zsh'
[5.701s] Level 1:colcon.colcon_core.environment:create_file_with_runtime_dependencies(/home/rouillon/ProRob/src/package_master/install/package_master/share/colcon-core/packages/package_master)
[5.703s] DEBUG:colcon.colcon_parallel_executor.executor.parallel:closing loop
[5.704s] DEBUG:colcon.colcon_parallel_executor.executor.parallel:loop closed
[5.704s] DEBUG:colcon.colcon_parallel_executor.executor.parallel:run_until_complete finished with '0'
[5.705s] DEBUG:colcon.colcon_core.event_reactor:joining thread
[5.728s] INFO:colcon.colcon_core.plugin_system:Skipping extension 'colcon_notification.desktop_notification.terminal_notifier': Not used on non-Darwin systems
[5.728s] INFO:colcon.colcon_core.plugin_system:Skipping extension 'colcon_notification.desktop_notification.win32': Not used on non-Windows systems
[5.728s] INFO:colcon.colcon_notification.desktop_notification:Sending desktop notification using 'notify2'
[5.781s] DEBUG:colcon.colcon_core.event_reactor:joined thread
[5.782s] INFO:colcon.colcon_core.shell:Creating prefix script '/home/rouillon/ProRob/src/package_master/install/local_setup.ps1'
[5.787s] INFO:colcon.colcon_core.shell:Creating prefix util module '/home/rouillon/ProRob/src/package_master/install/_local_setup_util_ps1.py'
[5.804s] INFO:colcon.colcon_core.shell:Creating prefix chain script '/home/rouillon/ProRob/src/package_master/install/setup.ps1'
[5.815s] INFO:colcon.colcon_core.shell:Creating prefix script '/home/rouillon/ProRob/src/package_master/install/local_setup.sh'
[5.818s] INFO:colcon.colcon_core.shell:Creating prefix util module '/home/rouillon/ProRob/src/package_master/install/_local_setup_util_sh.py'
[5.821s] INFO:colcon.colcon_core.shell:Creating prefix chain script '/home/rouillon/ProRob/src/package_master/install/setup.sh'
[5.828s] INFO:colcon.colcon_core.shell:Creating prefix script '/home/rouillon/ProRob/src/package_master/install/local_setup.bash'
[5.831s] INFO:colcon.colcon_core.shell:Creating prefix chain script '/home/rouillon/ProRob/src/package_master/install/setup.bash'
[5.838s] INFO:colcon.colcon_core.shell:Creating prefix script '/home/rouillon/ProRob/src/package_master/install/local_setup.zsh'
[5.842s] INFO:colcon.colcon_core.shell:Creating prefix chain script '/home/rouillon/ProRob/src/package_master/install/setup.zsh'
