[1.000s] Invoking command in '/home/fabian/ProRob/ProRob/src/py_srvcli': PYTHONPATH=/home/fabian/ProRob/ProRob/build/py_srvcli/prefix_override:/usr/lib/python3/dist-packages/colcon_core/task/python/colcon_distutils_commands:/home/fabian/ProRob/ProRob/install/py_srvcli/lib/python3.10/site-packages:${PYTHONPATH} /usr/bin/python3 -W ignore:setup.py install is deprecated -W ignore:easy_install command is deprecated setup.py egg_info --egg-base ../../build/py_srvcli build --build-base /home/fabian/ProRob/ProRob/build/py_srvcli/build install --record /home/fabian/ProRob/ProRob/build/py_srvcli/install.log --single-version-externally-managed install_data
[1.256s] running egg_info
[1.256s] creating ../../build/py_srvcli/py_srvcli.egg-info
[1.261s] writing ../../build/py_srvcli/py_srvcli.egg-info/PKG-INFO
[1.261s] writing dependency_links to ../../build/py_srvcli/py_srvcli.egg-info/dependency_links.txt
[1.261s] writing entry points to ../../build/py_srvcli/py_srvcli.egg-info/entry_points.txt
[1.262s] writing requirements to ../../build/py_srvcli/py_srvcli.egg-info/requires.txt
[1.262s] writing top-level names to ../../build/py_srvcli/py_srvcli.egg-info/top_level.txt
[1.262s] writing manifest file '../../build/py_srvcli/py_srvcli.egg-info/SOURCES.txt'
[1.263s] reading manifest file '../../build/py_srvcli/py_srvcli.egg-info/SOURCES.txt'
[1.264s] writing manifest file '../../build/py_srvcli/py_srvcli.egg-info/SOURCES.txt'
[1.264s] running build
[1.264s] running build_py
[1.264s] creating /home/fabian/ProRob/ProRob/build/py_srvcli/build
[1.264s] creating /home/fabian/ProRob/ProRob/build/py_srvcli/build/lib
[1.264s] creating /home/fabian/ProRob/ProRob/build/py_srvcli/build/lib/py_srvcli
[1.264s] copying py_srvcli/__init__.py -> /home/fabian/ProRob/ProRob/build/py_srvcli/build/lib/py_srvcli
[1.265s] running install
[1.265s] running install_lib
[1.265s] creating /home/fabian/ProRob/ProRob/install/py_srvcli/lib/python3.10/site-packages/py_srvcli
[1.266s] copying /home/fabian/ProRob/ProRob/build/py_srvcli/build/lib/py_srvcli/__init__.py -> /home/fabian/ProRob/ProRob/install/py_srvcli/lib/python3.10/site-packages/py_srvcli
[1.266s] byte-compiling /home/fabian/ProRob/ProRob/install/py_srvcli/lib/python3.10/site-packages/py_srvcli/__init__.py to __init__.cpython-310.pyc
[1.266s] running install_data
[1.266s] creating /home/fabian/ProRob/ProRob/install/py_srvcli/share/ament_index
[1.266s] creating /home/fabian/ProRob/ProRob/install/py_srvcli/share/ament_index/resource_index
[1.266s] creating /home/fabian/ProRob/ProRob/install/py_srvcli/share/ament_index/resource_index/packages
[1.266s] copying resource/py_srvcli -> /home/fabian/ProRob/ProRob/install/py_srvcli/share/ament_index/resource_index/packages
[1.267s] copying package.xml -> /home/fabian/ProRob/ProRob/install/py_srvcli/share/py_srvcli
[1.267s] running install_egg_info
[1.268s] Copying ../../build/py_srvcli/py_srvcli.egg-info to /home/fabian/ProRob/ProRob/install/py_srvcli/lib/python3.10/site-packages/py_srvcli-0.0.0-py3.10.egg-info
[1.269s] running install_scripts
[1.288s] writing list of installed files to '/home/fabian/ProRob/ProRob/build/py_srvcli/install.log'
[1.334s] Invoked command in '/home/fabian/ProRob/ProRob/src/py_srvcli' returned '0': PYTHONPATH=/home/fabian/ProRob/ProRob/build/py_srvcli/prefix_override:/usr/lib/python3/dist-packages/colcon_core/task/python/colcon_distutils_commands:/home/fabian/ProRob/ProRob/install/py_srvcli/lib/python3.10/site-packages:${PYTHONPATH} /usr/bin/python3 -W ignore:setup.py install is deprecated -W ignore:easy_install command is deprecated setup.py egg_info --egg-base ../../build/py_srvcli build --build-base /home/fabian/ProRob/ProRob/build/py_srvcli/build install --record /home/fabian/ProRob/ProRob/build/py_srvcli/install.log --single-version-externally-managed install_data
