[1.008s] Invoking command in '/home/fabian/ProRob/ProRob/src/py_srvcli': PYTHONPATH=/home/fabian/ProRob/ProRob/build/py_srvcli/prefix_override:/usr/lib/python3/dist-packages/colcon_core/task/python/colcon_distutils_commands:/home/fabian/ProRob/ProRob/install/py_srvcli/lib/python3.10/site-packages:${PYTHONPATH} /usr/bin/python3 -W ignore:setup.py install is deprecated -W ignore:easy_install command is deprecated setup.py egg_info --egg-base ../../build/py_srvcli build --build-base /home/fabian/ProRob/ProRob/build/py_srvcli/build install --record /home/fabian/ProRob/ProRob/build/py_srvcli/install.log --single-version-externally-managed install_data
[1.251s] running egg_info
[1.256s] writing ../../build/py_srvcli/py_srvcli.egg-info/PKG-INFO
[1.256s] writing dependency_links to ../../build/py_srvcli/py_srvcli.egg-info/dependency_links.txt
[1.257s] writing entry points to ../../build/py_srvcli/py_srvcli.egg-info/entry_points.txt
[1.257s] writing requirements to ../../build/py_srvcli/py_srvcli.egg-info/requires.txt
[1.257s] writing top-level names to ../../build/py_srvcli/py_srvcli.egg-info/top_level.txt
[1.258s] reading manifest file '../../build/py_srvcli/py_srvcli.egg-info/SOURCES.txt'
[1.259s] writing manifest file '../../build/py_srvcli/py_srvcli.egg-info/SOURCES.txt'
[1.259s] running build
[1.259s] running build_py
[1.259s] running install
[1.259s] running install_lib
[1.260s] running install_data
[1.260s] running install_egg_info
[1.262s] removing '/home/fabian/ProRob/ProRob/install/py_srvcli/lib/python3.10/site-packages/py_srvcli-0.0.0-py3.10.egg-info' (and everything under it)
[1.262s] Copying ../../build/py_srvcli/py_srvcli.egg-info to /home/fabian/ProRob/ProRob/install/py_srvcli/lib/python3.10/site-packages/py_srvcli-0.0.0-py3.10.egg-info
[1.263s] running install_scripts
[1.281s] writing list of installed files to '/home/fabian/ProRob/ProRob/build/py_srvcli/install.log'
[1.317s] Invoked command in '/home/fabian/ProRob/ProRob/src/py_srvcli' returned '0': PYTHONPATH=/home/fabian/ProRob/ProRob/build/py_srvcli/prefix_override:/usr/lib/python3/dist-packages/colcon_core/task/python/colcon_distutils_commands:/home/fabian/ProRob/ProRob/install/py_srvcli/lib/python3.10/site-packages:${PYTHONPATH} /usr/bin/python3 -W ignore:setup.py install is deprecated -W ignore:easy_install command is deprecated setup.py egg_info --egg-base ../../build/py_srvcli build --build-base /home/fabian/ProRob/ProRob/build/py_srvcli/build install --record /home/fabian/ProRob/ProRob/build/py_srvcli/install.log --single-version-externally-managed install_data
