[3.217s] Invoking command in '/home/rouillon/Documents/ProDroneTB/ProRob/src/package_master': PYTHONPATH=/home/rouillon/Documents/ProDroneTB/ProRob/build/package_master/prefix_override:/usr/lib/python3/dist-packages/colcon_core/task/python/colcon_distutils_commands:/home/rouillon/Documents/ProDroneTB/ProRob/install/package_master/lib/python3.10/site-packages:${PYTHONPATH} /usr/bin/python3 -W ignore:setup.py install is deprecated -W ignore:easy_install command is deprecated setup.py egg_info --egg-base ../../build/package_master build --build-base /home/rouillon/Documents/ProDroneTB/ProRob/build/package_master/build install --record /home/rouillon/Documents/ProDroneTB/ProRob/build/package_master/install.log --single-version-externally-managed install_data
[4.202s] running egg_info
[4.202s] creating ../../build/package_master/package_master.egg-info
[4.203s] writing ../../build/package_master/package_master.egg-info/PKG-INFO
[4.204s] writing dependency_links to ../../build/package_master/package_master.egg-info/dependency_links.txt
[4.204s] writing entry points to ../../build/package_master/package_master.egg-info/entry_points.txt
[4.205s] writing requirements to ../../build/package_master/package_master.egg-info/requires.txt
[4.205s] writing top-level names to ../../build/package_master/package_master.egg-info/top_level.txt
[4.206s] writing manifest file '../../build/package_master/package_master.egg-info/SOURCES.txt'
[4.213s] reading manifest file '../../build/package_master/package_master.egg-info/SOURCES.txt'
[4.217s] writing manifest file '../../build/package_master/package_master.egg-info/SOURCES.txt'
[4.218s] running build
[4.218s] running build_py
[4.221s] creating /home/rouillon/Documents/ProDroneTB/ProRob/build/package_master/build
[4.221s] creating /home/rouillon/Documents/ProDroneTB/ProRob/build/package_master/build/lib
[4.222s] creating /home/rouillon/Documents/ProDroneTB/ProRob/build/package_master/build/lib/package_master
[4.222s] copying package_master/service_member_function.py -> /home/rouillon/Documents/ProDroneTB/ProRob/build/package_master/build/lib/package_master
[4.222s] copying package_master/master_node_tb.py -> /home/rouillon/Documents/ProDroneTB/ProRob/build/package_master/build/lib/package_master
[4.223s] copying package_master/drone_node.py -> /home/rouillon/Documents/ProDroneTB/ProRob/build/package_master/build/lib/package_master
[4.223s] copying package_master/client_member_function.py -> /home/rouillon/Documents/ProDroneTB/ProRob/build/package_master/build/lib/package_master
[4.223s] copying package_master/tb_node.py -> /home/rouillon/Documents/ProDroneTB/ProRob/build/package_master/build/lib/package_master
[4.223s] copying package_master/service_pos.py -> /home/rouillon/Documents/ProDroneTB/ProRob/build/package_master/build/lib/package_master
[4.224s] copying package_master/master_node_drone.py -> /home/rouillon/Documents/ProDroneTB/ProRob/build/package_master/build/lib/package_master
[4.225s] copying package_master/master_node.py -> /home/rouillon/Documents/ProDroneTB/ProRob/build/package_master/build/lib/package_master
[4.226s] copying package_master/__init__.py -> /home/rouillon/Documents/ProDroneTB/ProRob/build/package_master/build/lib/package_master
[4.226s] running install
[4.228s] running install_lib
[4.230s] creating /home/rouillon/Documents/ProDroneTB/ProRob/install/package_master/lib/python3.10/site-packages/package_master
[4.230s] copying /home/rouillon/Documents/ProDroneTB/ProRob/build/package_master/build/lib/package_master/service_member_function.py -> /home/rouillon/Documents/ProDroneTB/ProRob/install/package_master/lib/python3.10/site-packages/package_master
[4.231s] copying /home/rouillon/Documents/ProDroneTB/ProRob/build/package_master/build/lib/package_master/master_node_tb.py -> /home/rouillon/Documents/ProDroneTB/ProRob/install/package_master/lib/python3.10/site-packages/package_master
[4.231s] copying /home/rouillon/Documents/ProDroneTB/ProRob/build/package_master/build/lib/package_master/drone_node.py -> /home/rouillon/Documents/ProDroneTB/ProRob/install/package_master/lib/python3.10/site-packages/package_master
[4.232s] copying /home/rouillon/Documents/ProDroneTB/ProRob/build/package_master/build/lib/package_master/client_member_function.py -> /home/rouillon/Documents/ProDroneTB/ProRob/install/package_master/lib/python3.10/site-packages/package_master
[4.232s] copying /home/rouillon/Documents/ProDroneTB/ProRob/build/package_master/build/lib/package_master/tb_node.py -> /home/rouillon/Documents/ProDroneTB/ProRob/install/package_master/lib/python3.10/site-packages/package_master
[4.232s] copying /home/rouillon/Documents/ProDroneTB/ProRob/build/package_master/build/lib/package_master/service_pos.py -> /home/rouillon/Documents/ProDroneTB/ProRob/install/package_master/lib/python3.10/site-packages/package_master
[4.233s] copying /home/rouillon/Documents/ProDroneTB/ProRob/build/package_master/build/lib/package_master/master_node_drone.py -> /home/rouillon/Documents/ProDroneTB/ProRob/install/package_master/lib/python3.10/site-packages/package_master
[4.233s] copying /home/rouillon/Documents/ProDroneTB/ProRob/build/package_master/build/lib/package_master/master_node.py -> /home/rouillon/Documents/ProDroneTB/ProRob/install/package_master/lib/python3.10/site-packages/package_master
[4.233s] copying /home/rouillon/Documents/ProDroneTB/ProRob/build/package_master/build/lib/package_master/__init__.py -> /home/rouillon/Documents/ProDroneTB/ProRob/install/package_master/lib/python3.10/site-packages/package_master
[4.235s] byte-compiling /home/rouillon/Documents/ProDroneTB/ProRob/install/package_master/lib/python3.10/site-packages/package_master/service_member_function.py to service_member_function.cpython-310.pyc
[4.236s] byte-compiling /home/rouillon/Documents/ProDroneTB/ProRob/install/package_master/lib/python3.10/site-packages/package_master/master_node_tb.py to master_node_tb.cpython-310.pyc
[4.240s] byte-compiling /home/rouillon/Documents/ProDroneTB/ProRob/install/package_master/lib/python3.10/site-packages/package_master/drone_node.py to drone_node.cpython-310.pyc
[4.242s] byte-compiling /home/rouillon/Documents/ProDroneTB/ProRob/install/package_master/lib/python3.10/site-packages/package_master/client_member_function.py to client_member_function.cpython-310.pyc
[4.244s] byte-compiling /home/rouillon/Documents/ProDroneTB/ProRob/install/package_master/lib/python3.10/site-packages/package_master/tb_node.py to tb_node.cpython-310.pyc
[4.246s] byte-compiling /home/rouillon/Documents/ProDroneTB/ProRob/install/package_master/lib/python3.10/site-packages/package_master/service_pos.py to service_pos.cpython-310.pyc
[4.247s] byte-compiling /home/rouillon/Documents/ProDroneTB/ProRob/install/package_master/lib/python3.10/site-packages/package_master/master_node_drone.py to master_node_drone.cpython-310.pyc
[4.250s] byte-compiling /home/rouillon/Documents/ProDroneTB/ProRob/install/package_master/lib/python3.10/site-packages/package_master/master_node.py to master_node.cpython-310.pyc
[4.253s] byte-compiling /home/rouillon/Documents/ProDroneTB/ProRob/install/package_master/lib/python3.10/site-packages/package_master/__init__.py to __init__.cpython-310.pyc
[4.255s] running install_data
[4.256s] creating /home/rouillon/Documents/ProDroneTB/ProRob/install/package_master/share/ament_index
[4.256s] creating /home/rouillon/Documents/ProDroneTB/ProRob/install/package_master/share/ament_index/resource_index
[4.256s] creating /home/rouillon/Documents/ProDroneTB/ProRob/install/package_master/share/ament_index/resource_index/packages
[4.256s] copying resource/package_master -> /home/rouillon/Documents/ProDroneTB/ProRob/install/package_master/share/ament_index/resource_index/packages
[4.257s] copying package.xml -> /home/rouillon/Documents/ProDroneTB/ProRob/install/package_master/share/package_master
[4.257s] running install_egg_info
[4.263s] Copying ../../build/package_master/package_master.egg-info to /home/rouillon/Documents/ProDroneTB/ProRob/install/package_master/lib/python3.10/site-packages/package_master-0.0.0-py3.10.egg-info
[4.265s] running install_scripts
[4.340s] Installing client script to /home/rouillon/Documents/ProDroneTB/ProRob/install/package_master/lib/package_master
[4.340s] Installing client_drone script to /home/rouillon/Documents/ProDroneTB/ProRob/install/package_master/lib/package_master
[4.340s] Installing client_tb script to /home/rouillon/Documents/ProDroneTB/ProRob/install/package_master/lib/package_master
[4.340s] Installing service_drone script to /home/rouillon/Documents/ProDroneTB/ProRob/install/package_master/lib/package_master
[4.341s] Installing service_tb script to /home/rouillon/Documents/ProDroneTB/ProRob/install/package_master/lib/package_master
[4.341s] Installing service_test script to /home/rouillon/Documents/ProDroneTB/ProRob/install/package_master/lib/package_master
[4.341s] writing list of installed files to '/home/rouillon/Documents/ProDroneTB/ProRob/build/package_master/install.log'
[4.420s] Invoked command in '/home/rouillon/Documents/ProDroneTB/ProRob/src/package_master' returned '0': PYTHONPATH=/home/rouillon/Documents/ProDroneTB/ProRob/build/package_master/prefix_override:/usr/lib/python3/dist-packages/colcon_core/task/python/colcon_distutils_commands:/home/rouillon/Documents/ProDroneTB/ProRob/install/package_master/lib/python3.10/site-packages:${PYTHONPATH} /usr/bin/python3 -W ignore:setup.py install is deprecated -W ignore:easy_install command is deprecated setup.py egg_info --egg-base ../../build/package_master build --build-base /home/rouillon/Documents/ProDroneTB/ProRob/build/package_master/build install --record /home/rouillon/Documents/ProDroneTB/ProRob/build/package_master/install.log --single-version-externally-managed install_data
