[0.937s] Invoking command in '/home/rouillon/ProRob/build/package_master_interfaces': CMAKE_PREFIX_PATH=${CMAKE_PREFIX_PATH}:/opt/ros/humble:/home/rouillon/ProRob/install/py_srvcli:/home/rouillon/ProRob/install/package_master /usr/bin/cmake --build /home/rouillon/ProRob/build/package_master_interfaces -- -j4 -l4
[1.088s] [ 10%] Built target package_master_interfaces__rosidl_generator_c
[1.090s] [ 12%] Built target package_master_interfaces__cpp
[1.122s] [ 12%] Built target ament_cmake_python_copy_package_master_interfaces
[1.179s] [ 23%] Built target package_master_interfaces__rosidl_typesupport_introspection_c
[1.179s] [ 34%] Built target package_master_interfaces__rosidl_typesupport_fastrtps_c
[1.190s] [ 44%] Built target package_master_interfaces__rosidl_typesupport_c
[1.229s] [ 55%] Built target package_master_interfaces__rosidl_typesupport_fastrtps_cpp
[1.276s] [ 65%] Built target package_master_interfaces__rosidl_typesupport_introspection_cpp
[1.286s] [ 76%] Built target package_master_interfaces__rosidl_typesupport_cpp
[1.348s] [ 76%] Built target package_master_interfaces
[1.403s] [ 78%] Built target package_master_interfaces__py
[1.481s] [ 87%] Built target package_master_interfaces__rosidl_generator_py
[1.565s] [ 91%] Built target package_master_interfaces__rosidl_typesupport_introspection_c__pyext
[1.571s] [ 95%] Built target package_master_interfaces__rosidl_typesupport_fastrtps_c__pyext
[1.592s] [100%] Built target package_master_interfaces__rosidl_typesupport_c__pyext
[2.205s] running egg_info
[2.207s] writing package_master_interfaces.egg-info/PKG-INFO
[2.208s] writing dependency_links to package_master_interfaces.egg-info/dependency_links.txt
[2.209s] writing top-level names to package_master_interfaces.egg-info/top_level.txt
[2.217s] reading manifest file 'package_master_interfaces.egg-info/SOURCES.txt'
[2.220s] writing manifest file 'package_master_interfaces.egg-info/SOURCES.txt'
[2.300s] [100%] Built target ament_cmake_python_build_package_master_interfaces_egg
[2.350s] Invoked command in '/home/rouillon/ProRob/build/package_master_interfaces' returned '0': CMAKE_PREFIX_PATH=${CMAKE_PREFIX_PATH}:/opt/ros/humble:/home/rouillon/ProRob/install/py_srvcli:/home/rouillon/ProRob/install/package_master /usr/bin/cmake --build /home/rouillon/ProRob/build/package_master_interfaces -- -j4 -l4
[2.381s] Invoking command in '/home/rouillon/ProRob/build/package_master_interfaces': CMAKE_PREFIX_PATH=${CMAKE_PREFIX_PATH}:/opt/ros/humble:/home/rouillon/ProRob/install/py_srvcli:/home/rouillon/ProRob/install/package_master /usr/bin/cmake --install /home/rouillon/ProRob/build/package_master_interfaces
[2.404s] -- Install configuration: ""
[2.405s] -- Up-to-date: /home/rouillon/ProRob/install/package_master_interfaces/share/ament_index/resource_index/rosidl_interfaces/package_master_interfaces
[2.405s] -- Up-to-date: /home/rouillon/ProRob/install/package_master_interfaces/include/package_master_interfaces/package_master_interfaces
[2.406s] -- Up-to-date: /home/rouillon/ProRob/install/package_master_interfaces/include/package_master_interfaces/package_master_interfaces/msg
[2.407s] -- Up-to-date: /home/rouillon/ProRob/install/package_master_interfaces/include/package_master_interfaces/package_master_interfaces/msg/num.h
[2.408s] -- Up-to-date: /home/rouillon/ProRob/install/package_master_interfaces/include/package_master_interfaces/package_master_interfaces/msg/detail
[2.409s] -- Up-to-date: /home/rouillon/ProRob/install/package_master_interfaces/include/package_master_interfaces/package_master_interfaces/msg/detail/num__type_support.h
[2.409s] -- Up-to-date: /home/rouillon/ProRob/install/package_master_interfaces/include/package_master_interfaces/package_master_interfaces/msg/detail/num__struct.h
[2.409s] -- Up-to-date: /home/rouillon/ProRob/install/package_master_interfaces/include/package_master_interfaces/package_master_interfaces/msg/detail/num__functions.c
[2.410s] -- Up-to-date: /home/rouillon/ProRob/install/package_master_interfaces/include/package_master_interfaces/package_master_interfaces/msg/detail/num__functions.h
[2.410s] -- Up-to-date: /home/rouillon/ProRob/install/package_master_interfaces/include/package_master_interfaces/package_master_interfaces/msg/rosidl_generator_c__visibility_control.h
[2.410s] -- Up-to-date: /home/rouillon/ProRob/install/package_master_interfaces/include/package_master_interfaces/package_master_interfaces/srv
[2.414s] -- Up-to-date: /home/rouillon/ProRob/install/package_master_interfaces/include/package_master_interfaces/package_master_interfaces/srv/add_three_ints.h
[2.414s] -- Up-to-date: /home/rouillon/ProRob/install/package_master_interfaces/include/package_master_interfaces/package_master_interfaces/srv/detail
[2.415s] -- Up-to-date: /home/rouillon/ProRob/install/package_master_interfaces/include/package_master_interfaces/package_master_interfaces/srv/detail/robot_positions__type_support.h
[2.415s] -- Up-to-date: /home/rouillon/ProRob/install/package_master_interfaces/include/package_master_interfaces/package_master_interfaces/srv/detail/add_three_ints__type_support.h
[2.415s] -- Up-to-date: /home/rouillon/ProRob/install/package_master_interfaces/include/package_master_interfaces/package_master_interfaces/srv/detail/add_three_ints__struct.h
[2.415s] -- Up-to-date: /home/rouillon/ProRob/install/package_master_interfaces/include/package_master_interfaces/package_master_interfaces/srv/detail/robot_positions__functions.h
[2.418s] -- Up-to-date: /home/rouillon/ProRob/install/package_master_interfaces/include/package_master_interfaces/package_master_interfaces/srv/detail/add_three_ints__functions.h
[2.418s] -- Up-to-date: /home/rouillon/ProRob/install/package_master_interfaces/include/package_master_interfaces/package_master_interfaces/srv/detail/robot_positions__struct.h
[2.418s] -- Up-to-date: /home/rouillon/ProRob/install/package_master_interfaces/include/package_master_interfaces/package_master_interfaces/srv/detail/add_three_ints__functions.c
[2.420s] -- Up-to-date: /home/rouillon/ProRob/install/package_master_interfaces/include/package_master_interfaces/package_master_interfaces/srv/detail/robot_positions__functions.c
[2.421s] -- Up-to-date: /home/rouillon/ProRob/install/package_master_interfaces/include/package_master_interfaces/package_master_interfaces/srv/robot_positions.h
[2.421s] -- Up-to-date: /home/rouillon/ProRob/install/package_master_interfaces/share/package_master_interfaces/environment/library_path.sh
[2.421s] -- Up-to-date: /home/rouillon/ProRob/install/package_master_interfaces/share/package_master_interfaces/environment/library_path.dsv
[2.422s] -- Up-to-date: /home/rouillon/ProRob/install/package_master_interfaces/lib/libpackage_master_interfaces__rosidl_generator_c.so
[2.422s] -- Up-to-date: /home/rouillon/ProRob/install/package_master_interfaces/include/package_master_interfaces/package_master_interfaces
[2.422s] -- Up-to-date: /home/rouillon/ProRob/install/package_master_interfaces/include/package_master_interfaces/package_master_interfaces/msg
[2.422s] -- Up-to-date: /home/rouillon/ProRob/install/package_master_interfaces/include/package_master_interfaces/package_master_interfaces/msg/detail
[2.423s] -- Up-to-date: /home/rouillon/ProRob/install/package_master_interfaces/include/package_master_interfaces/package_master_interfaces/msg/detail/num__rosidl_typesupport_fastrtps_c.h
[2.423s] -- Up-to-date: /home/rouillon/ProRob/install/package_master_interfaces/include/package_master_interfaces/package_master_interfaces/msg/rosidl_typesupport_fastrtps_c__visibility_control.h
[2.423s] -- Up-to-date: /home/rouillon/ProRob/install/package_master_interfaces/include/package_master_interfaces/package_master_interfaces/srv
[2.423s] -- Up-to-date: /home/rouillon/ProRob/install/package_master_interfaces/include/package_master_interfaces/package_master_interfaces/srv/detail
[2.423s] -- Up-to-date: /home/rouillon/ProRob/install/package_master_interfaces/include/package_master_interfaces/package_master_interfaces/srv/detail/add_three_ints__rosidl_typesupport_fastrtps_c.h
[2.425s] -- Up-to-date: /home/rouillon/ProRob/install/package_master_interfaces/include/package_master_interfaces/package_master_interfaces/srv/detail/robot_positions__rosidl_typesupport_fastrtps_c.h
[2.425s] -- Up-to-date: /home/rouillon/ProRob/install/package_master_interfaces/lib/libpackage_master_interfaces__rosidl_typesupport_fastrtps_c.so
[2.425s] -- Up-to-date: /home/rouillon/ProRob/install/package_master_interfaces/include/package_master_interfaces/package_master_interfaces
[2.425s] -- Up-to-date: /home/rouillon/ProRob/install/package_master_interfaces/include/package_master_interfaces/package_master_interfaces/msg
[2.426s] -- Up-to-date: /home/rouillon/ProRob/install/package_master_interfaces/include/package_master_interfaces/package_master_interfaces/msg/detail
[2.426s] -- Up-to-date: /home/rouillon/ProRob/install/package_master_interfaces/include/package_master_interfaces/package_master_interfaces/msg/detail/num__type_support.c
[2.426s] -- Up-to-date: /home/rouillon/ProRob/install/package_master_interfaces/include/package_master_interfaces/package_master_interfaces/msg/detail/num__rosidl_typesupport_introspection_c.h
[2.427s] -- Up-to-date: /home/rouillon/ProRob/install/package_master_interfaces/include/package_master_interfaces/package_master_interfaces/msg/rosidl_typesupport_introspection_c__visibility_control.h
[2.427s] -- Up-to-date: /home/rouillon/ProRob/install/package_master_interfaces/include/package_master_interfaces/package_master_interfaces/srv
[2.427s] -- Up-to-date: /home/rouillon/ProRob/install/package_master_interfaces/include/package_master_interfaces/package_master_interfaces/srv/detail
[2.427s] -- Up-to-date: /home/rouillon/ProRob/install/package_master_interfaces/include/package_master_interfaces/package_master_interfaces/srv/detail/add_three_ints__type_support.c
[2.427s] -- Up-to-date: /home/rouillon/ProRob/install/package_master_interfaces/include/package_master_interfaces/package_master_interfaces/srv/detail/robot_positions__type_support.c
[2.428s] -- Up-to-date: /home/rouillon/ProRob/install/package_master_interfaces/include/package_master_interfaces/package_master_interfaces/srv/detail/add_three_ints__rosidl_typesupport_introspection_c.h
[2.428s] -- Up-to-date: /home/rouillon/ProRob/install/package_master_interfaces/include/package_master_interfaces/package_master_interfaces/srv/detail/robot_positions__rosidl_typesupport_introspection_c.h
[2.432s] -- Up-to-date: /home/rouillon/ProRob/install/package_master_interfaces/lib/libpackage_master_interfaces__rosidl_typesupport_introspection_c.so
[2.436s] -- Up-to-date: /home/rouillon/ProRob/install/package_master_interfaces/lib/libpackage_master_interfaces__rosidl_typesupport_c.so
[2.437s] -- Up-to-date: /home/rouillon/ProRob/install/package_master_interfaces/include/package_master_interfaces/package_master_interfaces
[2.437s] -- Up-to-date: /home/rouillon/ProRob/install/package_master_interfaces/include/package_master_interfaces/package_master_interfaces/msg
[2.437s] -- Up-to-date: /home/rouillon/ProRob/install/package_master_interfaces/include/package_master_interfaces/package_master_interfaces/msg/detail
[2.439s] -- Up-to-date: /home/rouillon/ProRob/install/package_master_interfaces/include/package_master_interfaces/package_master_interfaces/msg/detail/num__type_support.hpp
[2.439s] -- Up-to-date: /home/rouillon/ProRob/install/package_master_interfaces/include/package_master_interfaces/package_master_interfaces/msg/detail/num__struct.hpp
[2.441s] -- Up-to-date: /home/rouillon/ProRob/install/package_master_interfaces/include/package_master_interfaces/package_master_interfaces/msg/detail/num__builder.hpp
[2.442s] -- Up-to-date: /home/rouillon/ProRob/install/package_master_interfaces/include/package_master_interfaces/package_master_interfaces/msg/detail/num__traits.hpp
[2.442s] -- Up-to-date: /home/rouillon/ProRob/install/package_master_interfaces/include/package_master_interfaces/package_master_interfaces/msg/num.hpp
[2.442s] -- Up-to-date: /home/rouillon/ProRob/install/package_master_interfaces/include/package_master_interfaces/package_master_interfaces/msg/rosidl_generator_cpp__visibility_control.hpp
[2.443s] -- Up-to-date: /home/rouillon/ProRob/install/package_master_interfaces/include/package_master_interfaces/package_master_interfaces/srv
[2.443s] -- Up-to-date: /home/rouillon/ProRob/install/package_master_interfaces/include/package_master_interfaces/package_master_interfaces/srv/detail
[2.443s] -- Up-to-date: /home/rouillon/ProRob/install/package_master_interfaces/include/package_master_interfaces/package_master_interfaces/srv/detail/robot_positions__struct.hpp
[2.444s] -- Up-to-date: /home/rouillon/ProRob/install/package_master_interfaces/include/package_master_interfaces/package_master_interfaces/srv/detail/robot_positions__builder.hpp
[2.444s] -- Up-to-date: /home/rouillon/ProRob/install/package_master_interfaces/include/package_master_interfaces/package_master_interfaces/srv/detail/robot_positions__type_support.hpp
[2.444s] -- Up-to-date: /home/rouillon/ProRob/install/package_master_interfaces/include/package_master_interfaces/package_master_interfaces/srv/detail/add_three_ints__struct.hpp
[2.444s] -- Up-to-date: /home/rouillon/ProRob/install/package_master_interfaces/include/package_master_interfaces/package_master_interfaces/srv/detail/robot_positions__traits.hpp
[2.445s] -- Up-to-date: /home/rouillon/ProRob/install/package_master_interfaces/include/package_master_interfaces/package_master_interfaces/srv/detail/add_three_ints__type_support.hpp
[2.445s] -- Up-to-date: /home/rouillon/ProRob/install/package_master_interfaces/include/package_master_interfaces/package_master_interfaces/srv/detail/add_three_ints__traits.hpp
[2.446s] -- Up-to-date: /home/rouillon/ProRob/install/package_master_interfaces/include/package_master_interfaces/package_master_interfaces/srv/detail/add_three_ints__builder.hpp
[2.446s] -- Up-to-date: /home/rouillon/ProRob/install/package_master_interfaces/include/package_master_interfaces/package_master_interfaces/srv/add_three_ints.hpp
[2.446s] -- Up-to-date: /home/rouillon/ProRob/install/package_master_interfaces/include/package_master_interfaces/package_master_interfaces/srv/robot_positions.hpp
[2.447s] -- Up-to-date: /home/rouillon/ProRob/install/package_master_interfaces/include/package_master_interfaces/package_master_interfaces
[2.447s] -- Up-to-date: /home/rouillon/ProRob/install/package_master_interfaces/include/package_master_interfaces/package_master_interfaces/msg
[2.448s] -- Up-to-date: /home/rouillon/ProRob/install/package_master_interfaces/include/package_master_interfaces/package_master_interfaces/msg/detail
[2.448s] -- Up-to-date: /home/rouillon/ProRob/install/package_master_interfaces/include/package_master_interfaces/package_master_interfaces/msg/detail/num__rosidl_typesupport_fastrtps_cpp.hpp
[2.448s] -- Up-to-date: /home/rouillon/ProRob/install/package_master_interfaces/include/package_master_interfaces/package_master_interfaces/msg/detail/dds_fastrtps
[2.449s] -- Up-to-date: /home/rouillon/ProRob/install/package_master_interfaces/include/package_master_interfaces/package_master_interfaces/msg/rosidl_typesupport_fastrtps_cpp__visibility_control.h
[2.449s] -- Up-to-date: /home/rouillon/ProRob/install/package_master_interfaces/include/package_master_interfaces/package_master_interfaces/srv
[2.449s] -- Up-to-date: /home/rouillon/ProRob/install/package_master_interfaces/include/package_master_interfaces/package_master_interfaces/srv/detail
[2.450s] -- Up-to-date: /home/rouillon/ProRob/install/package_master_interfaces/include/package_master_interfaces/package_master_interfaces/srv/detail/add_three_ints__rosidl_typesupport_fastrtps_cpp.hpp
[2.450s] -- Up-to-date: /home/rouillon/ProRob/install/package_master_interfaces/include/package_master_interfaces/package_master_interfaces/srv/detail/robot_positions__rosidl_typesupport_fastrtps_cpp.hpp
[2.450s] -- Up-to-date: /home/rouillon/ProRob/install/package_master_interfaces/include/package_master_interfaces/package_master_interfaces/srv/detail/dds_fastrtps
[2.451s] -- Up-to-date: /home/rouillon/ProRob/install/package_master_interfaces/lib/libpackage_master_interfaces__rosidl_typesupport_fastrtps_cpp.so
[2.451s] -- Up-to-date: /home/rouillon/ProRob/install/package_master_interfaces/include/package_master_interfaces/package_master_interfaces
[2.451s] -- Up-to-date: /home/rouillon/ProRob/install/package_master_interfaces/include/package_master_interfaces/package_master_interfaces/msg
[2.451s] -- Up-to-date: /home/rouillon/ProRob/install/package_master_interfaces/include/package_master_interfaces/package_master_interfaces/msg/detail
[2.452s] -- Up-to-date: /home/rouillon/ProRob/install/package_master_interfaces/include/package_master_interfaces/package_master_interfaces/msg/detail/num__rosidl_typesupport_introspection_cpp.hpp
[2.452s] -- Up-to-date: /home/rouillon/ProRob/install/package_master_interfaces/include/package_master_interfaces/package_master_interfaces/msg/detail/num__type_support.cpp
[2.452s] -- Up-to-date: /home/rouillon/ProRob/install/package_master_interfaces/include/package_master_interfaces/package_master_interfaces/srv
[2.452s] -- Up-to-date: /home/rouillon/ProRob/install/package_master_interfaces/include/package_master_interfaces/package_master_interfaces/srv/detail
[2.453s] -- Up-to-date: /home/rouillon/ProRob/install/package_master_interfaces/include/package_master_interfaces/package_master_interfaces/srv/detail/robot_positions__rosidl_typesupport_introspection_cpp.hpp
[2.453s] -- Up-to-date: /home/rouillon/ProRob/install/package_master_interfaces/include/package_master_interfaces/package_master_interfaces/srv/detail/add_three_ints__type_support.cpp
[2.453s] -- Up-to-date: /home/rouillon/ProRob/install/package_master_interfaces/include/package_master_interfaces/package_master_interfaces/srv/detail/robot_positions__type_support.cpp
[2.454s] -- Up-to-date: /home/rouillon/ProRob/install/package_master_interfaces/include/package_master_interfaces/package_master_interfaces/srv/detail/add_three_ints__rosidl_typesupport_introspection_cpp.hpp
[2.454s] -- Up-to-date: /home/rouillon/ProRob/install/package_master_interfaces/lib/libpackage_master_interfaces__rosidl_typesupport_introspection_cpp.so
[2.454s] -- Up-to-date: /home/rouillon/ProRob/install/package_master_interfaces/lib/libpackage_master_interfaces__rosidl_typesupport_cpp.so
[2.454s] -- Up-to-date: /home/rouillon/ProRob/install/package_master_interfaces/share/package_master_interfaces/environment/pythonpath.sh
[2.455s] -- Up-to-date: /home/rouillon/ProRob/install/package_master_interfaces/share/package_master_interfaces/environment/pythonpath.dsv
[2.455s] -- Up-to-date: /home/rouillon/ProRob/install/package_master_interfaces/local/lib/python3.10/dist-packages/package_master_interfaces-0.0.0-py3.10.egg-info
[2.455s] -- Installing: /home/rouillon/ProRob/install/package_master_interfaces/local/lib/python3.10/dist-packages/package_master_interfaces-0.0.0-py3.10.egg-info/SOURCES.txt
[2.455s] -- Installing: /home/rouillon/ProRob/install/package_master_interfaces/local/lib/python3.10/dist-packages/package_master_interfaces-0.0.0-py3.10.egg-info/PKG-INFO
[2.456s] -- Installing: /home/rouillon/ProRob/install/package_master_interfaces/local/lib/python3.10/dist-packages/package_master_interfaces-0.0.0-py3.10.egg-info/dependency_links.txt
[2.456s] -- Installing: /home/rouillon/ProRob/install/package_master_interfaces/local/lib/python3.10/dist-packages/package_master_interfaces-0.0.0-py3.10.egg-info/top_level.txt
[2.456s] -- Up-to-date: /home/rouillon/ProRob/install/package_master_interfaces/local/lib/python3.10/dist-packages/package_master_interfaces
[2.456s] -- Up-to-date: /home/rouillon/ProRob/install/package_master_interfaces/local/lib/python3.10/dist-packages/package_master_interfaces/msg
[2.457s] -- Up-to-date: /home/rouillon/ProRob/install/package_master_interfaces/local/lib/python3.10/dist-packages/package_master_interfaces/msg/_num.py
[2.457s] -- Up-to-date: /home/rouillon/ProRob/install/package_master_interfaces/local/lib/python3.10/dist-packages/package_master_interfaces/msg/_num_s.c
[2.457s] -- Up-to-date: /home/rouillon/ProRob/install/package_master_interfaces/local/lib/python3.10/dist-packages/package_master_interfaces/msg/__init__.py
[2.459s] -- Up-to-date: /home/rouillon/ProRob/install/package_master_interfaces/local/lib/python3.10/dist-packages/package_master_interfaces/package_master_interfaces_s__rosidl_typesupport_c.cpython-310-x86_64-linux-gnu.so
[2.459s] -- Up-to-date: /home/rouillon/ProRob/install/package_master_interfaces/local/lib/python3.10/dist-packages/package_master_interfaces/_package_master_interfaces_s.ep.rosidl_typesupport_fastrtps_c.c
[2.460s] -- Up-to-date: /home/rouillon/ProRob/install/package_master_interfaces/local/lib/python3.10/dist-packages/package_master_interfaces/_package_master_interfaces_s.ep.rosidl_typesupport_introspection_c.c
[2.462s] -- Up-to-date: /home/rouillon/ProRob/install/package_master_interfaces/local/lib/python3.10/dist-packages/package_master_interfaces/package_master_interfaces_s__rosidl_typesupport_introspection_c.cpython-310-x86_64-linux-gnu.so
[2.464s] -- Up-to-date: /home/rouillon/ProRob/install/package_master_interfaces/local/lib/python3.10/dist-packages/package_master_interfaces/srv
[2.464s] -- Up-to-date: /home/rouillon/ProRob/install/package_master_interfaces/local/lib/python3.10/dist-packages/package_master_interfaces/srv/_add_three_ints_s.c
[2.465s] -- Up-to-date: /home/rouillon/ProRob/install/package_master_interfaces/local/lib/python3.10/dist-packages/package_master_interfaces/srv/_robot_positions.py
[2.465s] -- Up-to-date: /home/rouillon/ProRob/install/package_master_interfaces/local/lib/python3.10/dist-packages/package_master_interfaces/srv/__init__.py
[2.465s] -- Up-to-date: /home/rouillon/ProRob/install/package_master_interfaces/local/lib/python3.10/dist-packages/package_master_interfaces/srv/_robot_positions_s.c
[2.465s] -- Up-to-date: /home/rouillon/ProRob/install/package_master_interfaces/local/lib/python3.10/dist-packages/package_master_interfaces/srv/_add_three_ints.py
[2.466s] -- Up-to-date: /home/rouillon/ProRob/install/package_master_interfaces/local/lib/python3.10/dist-packages/package_master_interfaces/libpackage_master_interfaces__rosidl_generator_py.so
[2.466s] -- Up-to-date: /home/rouillon/ProRob/install/package_master_interfaces/local/lib/python3.10/dist-packages/package_master_interfaces/package_master_interfaces_s__rosidl_typesupport_fastrtps_c.cpython-310-x86_64-linux-gnu.so
[2.466s] -- Up-to-date: /home/rouillon/ProRob/install/package_master_interfaces/local/lib/python3.10/dist-packages/package_master_interfaces/_package_master_interfaces_s.ep.rosidl_typesupport_c.c
[2.470s] -- Up-to-date: /home/rouillon/ProRob/install/package_master_interfaces/local/lib/python3.10/dist-packages/package_master_interfaces/__init__.py
[2.579s] Listing '/home/rouillon/ProRob/install/package_master_interfaces/local/lib/python3.10/dist-packages/package_master_interfaces'...
[2.580s] Listing '/home/rouillon/ProRob/install/package_master_interfaces/local/lib/python3.10/dist-packages/package_master_interfaces/msg'...
[2.580s] Listing '/home/rouillon/ProRob/install/package_master_interfaces/local/lib/python3.10/dist-packages/package_master_interfaces/srv'...
[2.603s] -- Up-to-date: /home/rouillon/ProRob/install/package_master_interfaces/local/lib/python3.10/dist-packages/package_master_interfaces/package_master_interfaces_s__rosidl_typesupport_fastrtps_c.cpython-310-x86_64-linux-gnu.so
[2.604s] -- Up-to-date: /home/rouillon/ProRob/install/package_master_interfaces/local/lib/python3.10/dist-packages/package_master_interfaces/package_master_interfaces_s__rosidl_typesupport_introspection_c.cpython-310-x86_64-linux-gnu.so
[2.607s] -- Up-to-date: /home/rouillon/ProRob/install/package_master_interfaces/local/lib/python3.10/dist-packages/package_master_interfaces/package_master_interfaces_s__rosidl_typesupport_c.cpython-310-x86_64-linux-gnu.so
[2.608s] -- Up-to-date: /home/rouillon/ProRob/install/package_master_interfaces/lib/libpackage_master_interfaces__rosidl_generator_py.so
[2.612s] -- Up-to-date: /home/rouillon/ProRob/install/package_master_interfaces/share/package_master_interfaces/msg/Num.idl
[2.612s] -- Up-to-date: /home/rouillon/ProRob/install/package_master_interfaces/share/package_master_interfaces/srv/AddThreeInts.idl
[2.613s] -- Up-to-date: /home/rouillon/ProRob/install/package_master_interfaces/share/package_master_interfaces/srv/RobotPositions.idl
[2.614s] -- Up-to-date: /home/rouillon/ProRob/install/package_master_interfaces/share/package_master_interfaces/msg/Num.msg
[2.614s] -- Up-to-date: /home/rouillon/ProRob/install/package_master_interfaces/share/package_master_interfaces/srv/AddThreeInts.srv
[2.614s] -- Up-to-date: /home/rouillon/ProRob/install/package_master_interfaces/share/package_master_interfaces/srv/AddThreeInts_Request.msg
[2.614s] -- Up-to-date: /home/rouillon/ProRob/install/package_master_interfaces/share/package_master_interfaces/srv/AddThreeInts_Response.msg
[2.615s] -- Up-to-date: /home/rouillon/ProRob/install/package_master_interfaces/share/package_master_interfaces/srv/RobotPositions.srv
[2.615s] -- Up-to-date: /home/rouillon/ProRob/install/package_master_interfaces/share/package_master_interfaces/srv/RobotPositions_Request.msg
[2.615s] -- Up-to-date: /home/rouillon/ProRob/install/package_master_interfaces/share/package_master_interfaces/srv/RobotPositions_Response.msg
[2.615s] -- Up-to-date: /home/rouillon/ProRob/install/package_master_interfaces/share/ament_index/resource_index/package_run_dependencies/package_master_interfaces
[2.616s] -- Up-to-date: /home/rouillon/ProRob/install/package_master_interfaces/share/ament_index/resource_index/parent_prefix_path/package_master_interfaces
[2.616s] -- Up-to-date: /home/rouillon/ProRob/install/package_master_interfaces/share/package_master_interfaces/environment/ament_prefix_path.sh
[2.616s] -- Up-to-date: /home/rouillon/ProRob/install/package_master_interfaces/share/package_master_interfaces/environment/ament_prefix_path.dsv
[2.616s] -- Up-to-date: /home/rouillon/ProRob/install/package_master_interfaces/share/package_master_interfaces/environment/path.sh
[2.617s] -- Up-to-date: /home/rouillon/ProRob/install/package_master_interfaces/share/package_master_interfaces/environment/path.dsv
[2.618s] -- Up-to-date: /home/rouillon/ProRob/install/package_master_interfaces/share/package_master_interfaces/local_setup.bash
[2.618s] -- Up-to-date: /home/rouillon/ProRob/install/package_master_interfaces/share/package_master_interfaces/local_setup.sh
[2.618s] -- Up-to-date: /home/rouillon/ProRob/install/package_master_interfaces/share/package_master_interfaces/local_setup.zsh
[2.619s] -- Up-to-date: /home/rouillon/ProRob/install/package_master_interfaces/share/package_master_interfaces/local_setup.dsv
[2.619s] -- Installing: /home/rouillon/ProRob/install/package_master_interfaces/share/package_master_interfaces/package.dsv
[2.620s] -- Up-to-date: /home/rouillon/ProRob/install/package_master_interfaces/share/ament_index/resource_index/packages/package_master_interfaces
[2.620s] -- Up-to-date: /home/rouillon/ProRob/install/package_master_interfaces/share/package_master_interfaces/cmake/export_package_master_interfaces__rosidl_generator_cExport.cmake
[2.620s] -- Up-to-date: /home/rouillon/ProRob/install/package_master_interfaces/share/package_master_interfaces/cmake/export_package_master_interfaces__rosidl_generator_cExport-noconfig.cmake
[2.621s] -- Up-to-date: /home/rouillon/ProRob/install/package_master_interfaces/share/package_master_interfaces/cmake/export_package_master_interfaces__rosidl_typesupport_fastrtps_cExport.cmake
[2.623s] -- Up-to-date: /home/rouillon/ProRob/install/package_master_interfaces/share/package_master_interfaces/cmake/export_package_master_interfaces__rosidl_typesupport_fastrtps_cExport-noconfig.cmake
[2.624s] -- Up-to-date: /home/rouillon/ProRob/install/package_master_interfaces/share/package_master_interfaces/cmake/package_master_interfaces__rosidl_typesupport_introspection_cExport.cmake
[2.624s] -- Up-to-date: /home/rouillon/ProRob/install/package_master_interfaces/share/package_master_interfaces/cmake/package_master_interfaces__rosidl_typesupport_introspection_cExport-noconfig.cmake
[2.625s] -- Up-to-date: /home/rouillon/ProRob/install/package_master_interfaces/share/package_master_interfaces/cmake/package_master_interfaces__rosidl_typesupport_cExport.cmake
[2.625s] -- Up-to-date: /home/rouillon/ProRob/install/package_master_interfaces/share/package_master_interfaces/cmake/package_master_interfaces__rosidl_typesupport_cExport-noconfig.cmake
[2.625s] -- Up-to-date: /home/rouillon/ProRob/install/package_master_interfaces/share/package_master_interfaces/cmake/export_package_master_interfaces__rosidl_generator_cppExport.cmake
[2.626s] -- Up-to-date: /home/rouillon/ProRob/install/package_master_interfaces/share/package_master_interfaces/cmake/export_package_master_interfaces__rosidl_typesupport_fastrtps_cppExport.cmake
[2.626s] -- Up-to-date: /home/rouillon/ProRob/install/package_master_interfaces/share/package_master_interfaces/cmake/export_package_master_interfaces__rosidl_typesupport_fastrtps_cppExport-noconfig.cmake
[2.627s] -- Up-to-date: /home/rouillon/ProRob/install/package_master_interfaces/share/package_master_interfaces/cmake/package_master_interfaces__rosidl_typesupport_introspection_cppExport.cmake
[2.627s] -- Up-to-date: /home/rouillon/ProRob/install/package_master_interfaces/share/package_master_interfaces/cmake/package_master_interfaces__rosidl_typesupport_introspection_cppExport-noconfig.cmake
[2.627s] -- Up-to-date: /home/rouillon/ProRob/install/package_master_interfaces/share/package_master_interfaces/cmake/package_master_interfaces__rosidl_typesupport_cppExport.cmake
[2.627s] -- Up-to-date: /home/rouillon/ProRob/install/package_master_interfaces/share/package_master_interfaces/cmake/package_master_interfaces__rosidl_typesupport_cppExport-noconfig.cmake
[2.628s] -- Up-to-date: /home/rouillon/ProRob/install/package_master_interfaces/share/package_master_interfaces/cmake/export_package_master_interfaces__rosidl_generator_pyExport.cmake
[2.631s] -- Up-to-date: /home/rouillon/ProRob/install/package_master_interfaces/share/package_master_interfaces/cmake/export_package_master_interfaces__rosidl_generator_pyExport-noconfig.cmake
[2.631s] -- Up-to-date: /home/rouillon/ProRob/install/package_master_interfaces/share/package_master_interfaces/cmake/rosidl_cmake-extras.cmake
[2.631s] -- Up-to-date: /home/rouillon/ProRob/install/package_master_interfaces/share/package_master_interfaces/cmake/ament_cmake_export_include_directories-extras.cmake
[2.633s] -- Up-to-date: /home/rouillon/ProRob/install/package_master_interfaces/share/package_master_interfaces/cmake/ament_cmake_export_libraries-extras.cmake
[2.633s] -- Up-to-date: /home/rouillon/ProRob/install/package_master_interfaces/share/package_master_interfaces/cmake/ament_cmake_export_targets-extras.cmake
[2.633s] -- Up-to-date: /home/rouillon/ProRob/install/package_master_interfaces/share/package_master_interfaces/cmake/rosidl_cmake_export_typesupport_targets-extras.cmake
[2.634s] -- Up-to-date: /home/rouillon/ProRob/install/package_master_interfaces/share/package_master_interfaces/cmake/ament_cmake_export_dependencies-extras.cmake
[2.634s] -- Up-to-date: /home/rouillon/ProRob/install/package_master_interfaces/share/package_master_interfaces/cmake/rosidl_cmake_export_typesupport_libraries-extras.cmake
[2.634s] -- Up-to-date: /home/rouillon/ProRob/install/package_master_interfaces/share/package_master_interfaces/cmake/package_master_interfacesConfig.cmake
[2.634s] -- Up-to-date: /home/rouillon/ProRob/install/package_master_interfaces/share/package_master_interfaces/cmake/package_master_interfacesConfig-version.cmake
[2.635s] -- Up-to-date: /home/rouillon/ProRob/install/package_master_interfaces/share/package_master_interfaces/package.xml
[2.651s] Invoked command in '/home/rouillon/ProRob/build/package_master_interfaces' returned '0': CMAKE_PREFIX_PATH=${CMAKE_PREFIX_PATH}:/opt/ros/humble:/home/rouillon/ProRob/install/py_srvcli:/home/rouillon/ProRob/install/package_master /usr/bin/cmake --install /home/rouillon/ProRob/build/package_master_interfaces
