[2.966s] Invoking command in '/home/rouillon/ProRob/src/py_srvcli': PYTHONPATH=/home/rouillon/ProRob/build/py_srvcli/prefix_override:/usr/lib/python3/dist-packages/colcon_core/task/python/colcon_distutils_commands:/home/rouillon/ProRob/install/py_srvcli/lib/python3.10/site-packages: /usr/bin/python3 -W ignore:setup.py install is deprecated -W ignore:easy_install command is deprecated setup.py egg_info --egg-base ../../build/py_srvcli build --build-base /home/rouillon/ProRob/build/py_srvcli/build install --record /home/rouillon/ProRob/build/py_srvcli/install.log --single-version-externally-managed install_data
[3.718s] running egg_info
[3.720s] creating ../../build/py_srvcli/py_srvcli.egg-info
[3.720s] writing ../../build/py_srvcli/py_srvcli.egg-info/PKG-INFO
[3.721s] writing dependency_links to ../../build/py_srvcli/py_srvcli.egg-info/dependency_links.txt
[3.722s] writing entry points to ../../build/py_srvcli/py_srvcli.egg-info/entry_points.txt
[3.722s] writing requirements to ../../build/py_srvcli/py_srvcli.egg-info/requires.txt
[3.722s] writing top-level names to ../../build/py_srvcli/py_srvcli.egg-info/top_level.txt
[3.723s] writing manifest file '../../build/py_srvcli/py_srvcli.egg-info/SOURCES.txt'
[3.729s] reading manifest file '../../build/py_srvcli/py_srvcli.egg-info/SOURCES.txt'
[3.731s] writing manifest file '../../build/py_srvcli/py_srvcli.egg-info/SOURCES.txt'
[3.732s] running build
[3.733s] running build_py
[3.733s] creating /home/rouillon/ProRob/build/py_srvcli/build
[3.733s] creating /home/rouillon/ProRob/build/py_srvcli/build/lib
[3.733s] creating /home/rouillon/ProRob/build/py_srvcli/build/lib/py_srvcli
[3.733s] copying py_srvcli/__init__.py -> /home/rouillon/ProRob/build/py_srvcli/build/lib/py_srvcli
[3.735s] running install
[3.735s] running install_lib
[3.739s] creating /home/rouillon/ProRob/install/py_srvcli/lib/python3.10/site-packages/py_srvcli
[3.739s] copying /home/rouillon/ProRob/build/py_srvcli/build/lib/py_srvcli/__init__.py -> /home/rouillon/ProRob/install/py_srvcli/lib/python3.10/site-packages/py_srvcli
[3.740s] byte-compiling /home/rouillon/ProRob/install/py_srvcli/lib/python3.10/site-packages/py_srvcli/__init__.py to __init__.cpython-310.pyc
[3.740s] running install_data
[3.741s] creating /home/rouillon/ProRob/install/py_srvcli/share/ament_index
[3.741s] creating /home/rouillon/ProRob/install/py_srvcli/share/ament_index/resource_index
[3.742s] creating /home/rouillon/ProRob/install/py_srvcli/share/ament_index/resource_index/packages
[3.742s] copying resource/py_srvcli -> /home/rouillon/ProRob/install/py_srvcli/share/ament_index/resource_index/packages
[3.742s] copying package.xml -> /home/rouillon/ProRob/install/py_srvcli/share/py_srvcli
[3.743s] running install_egg_info
[3.748s] Copying ../../build/py_srvcli/py_srvcli.egg-info to /home/rouillon/ProRob/install/py_srvcli/lib/python3.10/site-packages/py_srvcli-0.0.0-py3.10.egg-info
[3.751s] running install_scripts
[3.828s] writing list of installed files to '/home/rouillon/ProRob/build/py_srvcli/install.log'
[3.883s] Invoked command in '/home/rouillon/ProRob/src/py_srvcli' returned '0': PYTHONPATH=/home/rouillon/ProRob/build/py_srvcli/prefix_override:/usr/lib/python3/dist-packages/colcon_core/task/python/colcon_distutils_commands:/home/rouillon/ProRob/install/py_srvcli/lib/python3.10/site-packages: /usr/bin/python3 -W ignore:setup.py install is deprecated -W ignore:easy_install command is deprecated setup.py egg_info --egg-base ../../build/py_srvcli build --build-base /home/rouillon/ProRob/build/py_srvcli/build install --record /home/rouillon/ProRob/build/py_srvcli/install.log --single-version-externally-managed install_data
