[0.015s] Invoking command in '/home/rouillon/ProRob/build/package_master_interfaces': /usr/bin/cmake /home/rouillon/ProRob/src/package_master_interfaces -DCMAKE_INSTALL_PREFIX=/home/rouillon/ProRob/install/package_master_interfaces
[0.288s] -- The C compiler identification is GNU 11.4.0
[0.519s] -- The CXX compiler identification is GNU 11.4.0
[0.546s] -- Detecting C compiler ABI info
[0.674s] -- Detecting C compiler ABI info - done
[0.696s] -- Check for working C compiler: /usr/bin/cc - skipped
[0.698s] -- Detecting C compile features
[0.702s] -- Detecting C compile features - done
[0.710s] -- Detecting CXX compiler ABI info
[0.845s] -- Detecting CXX compiler ABI info - done
[0.877s] -- Check for working CXX compiler: /usr/bin/c++ - skipped
[0.878s] -- Detecting CXX compile features
[0.879s] -- Detecting CXX compile features - done
[0.897s] [31mCMake Error at CMakeLists.txt:9 (find_package):
[0.897s]   By not providing "Findament_cmake.cmake" in CMAKE_MODULE_PATH this project
[0.897s]   has asked CMake to find a package configuration file provided by
[0.897s]   "ament_cmake", but CMake did not find one.
[0.898s] 
[0.898s]   Could not find a package configuration file provided by "ament_cmake" with
[0.898s]   any of the following names:
[0.898s] 
[0.898s]     ament_cmakeConfig.cmake
[0.898s]     ament_cmake-config.cmake
[0.898s] 
[0.898s]   Add the installation prefix of "ament_cmake" to CMAKE_PREFIX_PATH or set
[0.898s]   "ament_cmake_DIR" to a directory containing one of the above files.  If
[0.898s]   "ament_cmake" provides a separate development package or SDK, be sure it
[0.899s]   has been installed.
[0.899s] 
[0.899s] [0m
[0.901s] -- Configuring incomplete, errors occurred!
[0.901s] See also "/home/rouillon/ProRob/build/package_master_interfaces/CMakeFiles/CMakeOutput.log".
[0.905s] Invoked command in '/home/rouillon/ProRob/build/package_master_interfaces' returned '1': /usr/bin/cmake /home/rouillon/ProRob/src/package_master_interfaces -DCMAKE_INSTALL_PREFIX=/home/rouillon/ProRob/install/package_master_interfaces
