[0.904s] Invoking command in '/home/rouillon/Documents/ProDroneTB/ProRob/build/package_master_interfaces': CMAKE_PREFIX_PATH=${CMAKE_PREFIX_PATH}:/home/rouillon/Documents/ProDroneTB/ProRob/install/py_srvcli:/home/rouillon/Documents/ProDroneTB/ProRob/install/package_master:/opt/ros/humble /usr/bin/cmake --build /home/rouillon/Documents/ProDroneTB/ProRob/build/package_master_interfaces -- -j4 -l4
[1.066s] [  1%] Built target package_master_interfaces__cpp
[1.075s] [ 12%] Built target package_master_interfaces__rosidl_generator_c
[1.082s] [ 12%] Built target ament_cmake_python_copy_package_master_interfaces
[1.163s] [ 23%] Built target package_master_interfaces__rosidl_typesupport_cpp
[1.186s] [ 34%] Built target package_master_interfaces__rosidl_typesupport_fastrtps_cpp
[1.192s] [ 46%] Built target package_master_interfaces__rosidl_typesupport_introspection_cpp
[1.197s] [ 57%] Built target package_master_interfaces__rosidl_typesupport_fastrtps_c
[1.288s] [ 79%] Built target package_master_interfaces__rosidl_typesupport_c
[1.288s] [ 79%] Built target package_master_interfaces__rosidl_typesupport_introspection_c
[1.354s] [ 79%] Built target package_master_interfaces
[1.411s] [ 80%] Built target package_master_interfaces__py
[1.491s] [ 90%] Built target package_master_interfaces__rosidl_generator_py
[1.586s] [ 93%] Built target package_master_interfaces__rosidl_typesupport_c__pyext
[1.599s] [ 96%] Built target package_master_interfaces__rosidl_typesupport_fastrtps_c__pyext
[1.615s] [100%] Built target package_master_interfaces__rosidl_typesupport_introspection_c__pyext
[2.225s] running egg_info
[2.225s] writing package_master_interfaces.egg-info/PKG-INFO
[2.238s] writing dependency_links to package_master_interfaces.egg-info/dependency_links.txt
[2.238s] writing top-level names to package_master_interfaces.egg-info/top_level.txt
[2.239s] reading manifest file 'package_master_interfaces.egg-info/SOURCES.txt'
[2.239s] writing manifest file 'package_master_interfaces.egg-info/SOURCES.txt'
[2.313s] [100%] Built target ament_cmake_python_build_package_master_interfaces_egg
[2.349s] Invoked command in '/home/rouillon/Documents/ProDroneTB/ProRob/build/package_master_interfaces' returned '0': CMAKE_PREFIX_PATH=${CMAKE_PREFIX_PATH}:/home/rouillon/Documents/ProDroneTB/ProRob/install/py_srvcli:/home/rouillon/Documents/ProDroneTB/ProRob/install/package_master:/opt/ros/humble /usr/bin/cmake --build /home/rouillon/Documents/ProDroneTB/ProRob/build/package_master_interfaces -- -j4 -l4
[2.379s] Invoking command in '/home/rouillon/Documents/ProDroneTB/ProRob/build/package_master_interfaces': CMAKE_PREFIX_PATH=${CMAKE_PREFIX_PATH}:/home/rouillon/Documents/ProDroneTB/ProRob/install/py_srvcli:/home/rouillon/Documents/ProDroneTB/ProRob/install/package_master:/opt/ros/humble /usr/bin/cmake --install /home/rouillon/Documents/ProDroneTB/ProRob/build/package_master_interfaces
[2.402s] -- Install configuration: ""
[2.403s] -- Up-to-date: /home/rouillon/Documents/ProDroneTB/ProRob/install/package_master_interfaces/share/ament_index/resource_index/rosidl_interfaces/package_master_interfaces
[2.403s] -- Up-to-date: /home/rouillon/Documents/ProDroneTB/ProRob/install/package_master_interfaces/include/package_master_interfaces/package_master_interfaces
[2.403s] -- Up-to-date: /home/rouillon/Documents/ProDroneTB/ProRob/install/package_master_interfaces/include/package_master_interfaces/package_master_interfaces/msg
[2.403s] -- Up-to-date: /home/rouillon/Documents/ProDroneTB/ProRob/install/package_master_interfaces/include/package_master_interfaces/package_master_interfaces/msg/num.h
[2.405s] -- Up-to-date: /home/rouillon/Documents/ProDroneTB/ProRob/install/package_master_interfaces/include/package_master_interfaces/package_master_interfaces/msg/detail
[2.405s] -- Up-to-date: /home/rouillon/Documents/ProDroneTB/ProRob/install/package_master_interfaces/include/package_master_interfaces/package_master_interfaces/msg/detail/sequence_elments__functions.c
[2.406s] -- Up-to-date: /home/rouillon/Documents/ProDroneTB/ProRob/install/package_master_interfaces/include/package_master_interfaces/package_master_interfaces/msg/detail/num__type_support.h
[2.406s] -- Up-to-date: /home/rouillon/Documents/ProDroneTB/ProRob/install/package_master_interfaces/include/package_master_interfaces/package_master_interfaces/msg/detail/sequence_elments__struct.h
[2.406s] -- Up-to-date: /home/rouillon/Documents/ProDroneTB/ProRob/install/package_master_interfaces/include/package_master_interfaces/package_master_interfaces/msg/detail/sequence_elments__type_support.h
[2.406s] -- Up-to-date: /home/rouillon/Documents/ProDroneTB/ProRob/install/package_master_interfaces/include/package_master_interfaces/package_master_interfaces/msg/detail/num__struct.h
[2.410s] -- Up-to-date: /home/rouillon/Documents/ProDroneTB/ProRob/install/package_master_interfaces/include/package_master_interfaces/package_master_interfaces/msg/detail/sequence_elments__functions.h
[2.411s] -- Up-to-date: /home/rouillon/Documents/ProDroneTB/ProRob/install/package_master_interfaces/include/package_master_interfaces/package_master_interfaces/msg/detail/num__functions.c
[2.411s] -- Up-to-date: /home/rouillon/Documents/ProDroneTB/ProRob/install/package_master_interfaces/include/package_master_interfaces/package_master_interfaces/msg/detail/num__functions.h
[2.411s] -- Up-to-date: /home/rouillon/Documents/ProDroneTB/ProRob/install/package_master_interfaces/include/package_master_interfaces/package_master_interfaces/msg/rosidl_generator_c__visibility_control.h
[2.411s] -- Up-to-date: /home/rouillon/Documents/ProDroneTB/ProRob/install/package_master_interfaces/include/package_master_interfaces/package_master_interfaces/msg/sequence_elments.h
[2.414s] -- Up-to-date: /home/rouillon/Documents/ProDroneTB/ProRob/install/package_master_interfaces/include/package_master_interfaces/package_master_interfaces/srv
[2.414s] -- Up-to-date: /home/rouillon/Documents/ProDroneTB/ProRob/install/package_master_interfaces/include/package_master_interfaces/package_master_interfaces/srv/add_three_ints.h
[2.414s] -- Up-to-date: /home/rouillon/Documents/ProDroneTB/ProRob/install/package_master_interfaces/include/package_master_interfaces/package_master_interfaces/srv/detail
[2.415s] -- Up-to-date: /home/rouillon/Documents/ProDroneTB/ProRob/install/package_master_interfaces/include/package_master_interfaces/package_master_interfaces/srv/detail/robot_positions__type_support.h
[2.415s] -- Up-to-date: /home/rouillon/Documents/ProDroneTB/ProRob/install/package_master_interfaces/include/package_master_interfaces/package_master_interfaces/srv/detail/add_three_ints__type_support.h
[2.415s] -- Up-to-date: /home/rouillon/Documents/ProDroneTB/ProRob/install/package_master_interfaces/include/package_master_interfaces/package_master_interfaces/srv/detail/add_three_ints__struct.h
[2.415s] -- Up-to-date: /home/rouillon/Documents/ProDroneTB/ProRob/install/package_master_interfaces/include/package_master_interfaces/package_master_interfaces/srv/detail/robot_positions__functions.h
[2.416s] -- Up-to-date: /home/rouillon/Documents/ProDroneTB/ProRob/install/package_master_interfaces/include/package_master_interfaces/package_master_interfaces/srv/detail/send_positions__type_support.h
[2.416s] -- Up-to-date: /home/rouillon/Documents/ProDroneTB/ProRob/install/package_master_interfaces/include/package_master_interfaces/package_master_interfaces/srv/detail/add_three_ints__functions.h
[2.419s] -- Up-to-date: /home/rouillon/Documents/ProDroneTB/ProRob/install/package_master_interfaces/include/package_master_interfaces/package_master_interfaces/srv/detail/send_positions__struct.h
[2.419s] -- Up-to-date: /home/rouillon/Documents/ProDroneTB/ProRob/install/package_master_interfaces/include/package_master_interfaces/package_master_interfaces/srv/detail/robot_positions__struct.h
[2.419s] -- Up-to-date: /home/rouillon/Documents/ProDroneTB/ProRob/install/package_master_interfaces/include/package_master_interfaces/package_master_interfaces/srv/detail/send_positions__functions.h
[2.419s] -- Up-to-date: /home/rouillon/Documents/ProDroneTB/ProRob/install/package_master_interfaces/include/package_master_interfaces/package_master_interfaces/srv/detail/send_positions__functions.c
[2.420s] -- Up-to-date: /home/rouillon/Documents/ProDroneTB/ProRob/install/package_master_interfaces/include/package_master_interfaces/package_master_interfaces/srv/detail/add_three_ints__functions.c
[2.426s] -- Up-to-date: /home/rouillon/Documents/ProDroneTB/ProRob/install/package_master_interfaces/include/package_master_interfaces/package_master_interfaces/srv/detail/robot_positions__functions.c
[2.426s] -- Up-to-date: /home/rouillon/Documents/ProDroneTB/ProRob/install/package_master_interfaces/include/package_master_interfaces/package_master_interfaces/srv/robot_positions.h
[2.426s] -- Up-to-date: /home/rouillon/Documents/ProDroneTB/ProRob/install/package_master_interfaces/include/package_master_interfaces/package_master_interfaces/srv/send_positions.h
[2.427s] -- Up-to-date: /home/rouillon/Documents/ProDroneTB/ProRob/install/package_master_interfaces/share/package_master_interfaces/environment/library_path.sh
[2.436s] -- Up-to-date: /home/rouillon/Documents/ProDroneTB/ProRob/install/package_master_interfaces/share/package_master_interfaces/environment/library_path.dsv
[2.437s] -- Up-to-date: /home/rouillon/Documents/ProDroneTB/ProRob/install/package_master_interfaces/lib/libpackage_master_interfaces__rosidl_generator_c.so
[2.437s] -- Up-to-date: /home/rouillon/Documents/ProDroneTB/ProRob/install/package_master_interfaces/include/package_master_interfaces/package_master_interfaces
[2.437s] -- Up-to-date: /home/rouillon/Documents/ProDroneTB/ProRob/install/package_master_interfaces/include/package_master_interfaces/package_master_interfaces/msg
[2.437s] -- Up-to-date: /home/rouillon/Documents/ProDroneTB/ProRob/install/package_master_interfaces/include/package_master_interfaces/package_master_interfaces/msg/detail
[2.438s] -- Up-to-date: /home/rouillon/Documents/ProDroneTB/ProRob/install/package_master_interfaces/include/package_master_interfaces/package_master_interfaces/msg/detail/num__rosidl_typesupport_fastrtps_c.h
[2.438s] -- Up-to-date: /home/rouillon/Documents/ProDroneTB/ProRob/install/package_master_interfaces/include/package_master_interfaces/package_master_interfaces/msg/detail/sequence_elments__rosidl_typesupport_fastrtps_c.h
[2.438s] -- Up-to-date: /home/rouillon/Documents/ProDroneTB/ProRob/install/package_master_interfaces/include/package_master_interfaces/package_master_interfaces/msg/rosidl_typesupport_fastrtps_c__visibility_control.h
[2.438s] -- Up-to-date: /home/rouillon/Documents/ProDroneTB/ProRob/install/package_master_interfaces/include/package_master_interfaces/package_master_interfaces/srv
[2.439s] -- Up-to-date: /home/rouillon/Documents/ProDroneTB/ProRob/install/package_master_interfaces/include/package_master_interfaces/package_master_interfaces/srv/detail
[2.439s] -- Up-to-date: /home/rouillon/Documents/ProDroneTB/ProRob/install/package_master_interfaces/include/package_master_interfaces/package_master_interfaces/srv/detail/add_three_ints__rosidl_typesupport_fastrtps_c.h
[2.439s] -- Up-to-date: /home/rouillon/Documents/ProDroneTB/ProRob/install/package_master_interfaces/include/package_master_interfaces/package_master_interfaces/srv/detail/robot_positions__rosidl_typesupport_fastrtps_c.h
[2.439s] -- Up-to-date: /home/rouillon/Documents/ProDroneTB/ProRob/install/package_master_interfaces/include/package_master_interfaces/package_master_interfaces/srv/detail/send_positions__rosidl_typesupport_fastrtps_c.h
[2.446s] -- Up-to-date: /home/rouillon/Documents/ProDroneTB/ProRob/install/package_master_interfaces/lib/libpackage_master_interfaces__rosidl_typesupport_fastrtps_c.so
[2.446s] -- Up-to-date: /home/rouillon/Documents/ProDroneTB/ProRob/install/package_master_interfaces/include/package_master_interfaces/package_master_interfaces
[2.447s] -- Up-to-date: /home/rouillon/Documents/ProDroneTB/ProRob/install/package_master_interfaces/include/package_master_interfaces/package_master_interfaces/msg
[2.447s] -- Up-to-date: /home/rouillon/Documents/ProDroneTB/ProRob/install/package_master_interfaces/include/package_master_interfaces/package_master_interfaces/msg/detail
[2.447s] -- Up-to-date: /home/rouillon/Documents/ProDroneTB/ProRob/install/package_master_interfaces/include/package_master_interfaces/package_master_interfaces/msg/detail/sequence_elments__type_support.c
[2.448s] -- Up-to-date: /home/rouillon/Documents/ProDroneTB/ProRob/install/package_master_interfaces/include/package_master_interfaces/package_master_interfaces/msg/detail/num__type_support.c
[2.448s] -- Up-to-date: /home/rouillon/Documents/ProDroneTB/ProRob/install/package_master_interfaces/include/package_master_interfaces/package_master_interfaces/msg/detail/num__rosidl_typesupport_introspection_c.h
[2.448s] -- Up-to-date: /home/rouillon/Documents/ProDroneTB/ProRob/install/package_master_interfaces/include/package_master_interfaces/package_master_interfaces/msg/detail/sequence_elments__rosidl_typesupport_introspection_c.h
[2.453s] -- Up-to-date: /home/rouillon/Documents/ProDroneTB/ProRob/install/package_master_interfaces/include/package_master_interfaces/package_master_interfaces/msg/rosidl_typesupport_introspection_c__visibility_control.h
[2.454s] -- Up-to-date: /home/rouillon/Documents/ProDroneTB/ProRob/install/package_master_interfaces/include/package_master_interfaces/package_master_interfaces/srv
[2.454s] -- Up-to-date: /home/rouillon/Documents/ProDroneTB/ProRob/install/package_master_interfaces/include/package_master_interfaces/package_master_interfaces/srv/detail
[2.454s] -- Up-to-date: /home/rouillon/Documents/ProDroneTB/ProRob/install/package_master_interfaces/include/package_master_interfaces/package_master_interfaces/srv/detail/send_positions__rosidl_typesupport_introspection_c.h
[2.455s] -- Up-to-date: /home/rouillon/Documents/ProDroneTB/ProRob/install/package_master_interfaces/include/package_master_interfaces/package_master_interfaces/srv/detail/add_three_ints__type_support.c
[2.455s] -- Up-to-date: /home/rouillon/Documents/ProDroneTB/ProRob/install/package_master_interfaces/include/package_master_interfaces/package_master_interfaces/srv/detail/robot_positions__type_support.c
[2.455s] -- Up-to-date: /home/rouillon/Documents/ProDroneTB/ProRob/install/package_master_interfaces/include/package_master_interfaces/package_master_interfaces/srv/detail/add_three_ints__rosidl_typesupport_introspection_c.h
[2.455s] -- Up-to-date: /home/rouillon/Documents/ProDroneTB/ProRob/install/package_master_interfaces/include/package_master_interfaces/package_master_interfaces/srv/detail/send_positions__type_support.c
[2.459s] -- Up-to-date: /home/rouillon/Documents/ProDroneTB/ProRob/install/package_master_interfaces/include/package_master_interfaces/package_master_interfaces/srv/detail/robot_positions__rosidl_typesupport_introspection_c.h
[2.459s] -- Up-to-date: /home/rouillon/Documents/ProDroneTB/ProRob/install/package_master_interfaces/lib/libpackage_master_interfaces__rosidl_typesupport_introspection_c.so
[2.459s] -- Up-to-date: /home/rouillon/Documents/ProDroneTB/ProRob/install/package_master_interfaces/lib/libpackage_master_interfaces__rosidl_typesupport_c.so
[2.460s] -- Up-to-date: /home/rouillon/Documents/ProDroneTB/ProRob/install/package_master_interfaces/include/package_master_interfaces/package_master_interfaces
[2.460s] -- Up-to-date: /home/rouillon/Documents/ProDroneTB/ProRob/install/package_master_interfaces/include/package_master_interfaces/package_master_interfaces/msg
[2.460s] -- Up-to-date: /home/rouillon/Documents/ProDroneTB/ProRob/install/package_master_interfaces/include/package_master_interfaces/package_master_interfaces/msg/detail
[2.460s] -- Up-to-date: /home/rouillon/Documents/ProDroneTB/ProRob/install/package_master_interfaces/include/package_master_interfaces/package_master_interfaces/msg/detail/num__type_support.hpp
[2.461s] -- Up-to-date: /home/rouillon/Documents/ProDroneTB/ProRob/install/package_master_interfaces/include/package_master_interfaces/package_master_interfaces/msg/detail/sequence_elments__builder.hpp
[2.470s] -- Up-to-date: /home/rouillon/Documents/ProDroneTB/ProRob/install/package_master_interfaces/include/package_master_interfaces/package_master_interfaces/msg/detail/sequence_elments__type_support.hpp
[2.471s] -- Up-to-date: /home/rouillon/Documents/ProDroneTB/ProRob/install/package_master_interfaces/include/package_master_interfaces/package_master_interfaces/msg/detail/sequence_elments__traits.hpp
[2.471s] -- Up-to-date: /home/rouillon/Documents/ProDroneTB/ProRob/install/package_master_interfaces/include/package_master_interfaces/package_master_interfaces/msg/detail/num__struct.hpp
[2.471s] -- Up-to-date: /home/rouillon/Documents/ProDroneTB/ProRob/install/package_master_interfaces/include/package_master_interfaces/package_master_interfaces/msg/detail/sequence_elments__struct.hpp
[2.472s] -- Up-to-date: /home/rouillon/Documents/ProDroneTB/ProRob/install/package_master_interfaces/include/package_master_interfaces/package_master_interfaces/msg/detail/num__builder.hpp
[2.472s] -- Up-to-date: /home/rouillon/Documents/ProDroneTB/ProRob/install/package_master_interfaces/include/package_master_interfaces/package_master_interfaces/msg/detail/num__traits.hpp
[2.472s] -- Up-to-date: /home/rouillon/Documents/ProDroneTB/ProRob/install/package_master_interfaces/include/package_master_interfaces/package_master_interfaces/msg/num.hpp
[2.472s] -- Up-to-date: /home/rouillon/Documents/ProDroneTB/ProRob/install/package_master_interfaces/include/package_master_interfaces/package_master_interfaces/msg/sequence_elments.hpp
[2.479s] -- Up-to-date: /home/rouillon/Documents/ProDroneTB/ProRob/install/package_master_interfaces/include/package_master_interfaces/package_master_interfaces/msg/rosidl_generator_cpp__visibility_control.hpp
[2.479s] -- Up-to-date: /home/rouillon/Documents/ProDroneTB/ProRob/install/package_master_interfaces/include/package_master_interfaces/package_master_interfaces/srv
[2.479s] -- Up-to-date: /home/rouillon/Documents/ProDroneTB/ProRob/install/package_master_interfaces/include/package_master_interfaces/package_master_interfaces/srv/send_positions.hpp
[2.480s] -- Up-to-date: /home/rouillon/Documents/ProDroneTB/ProRob/install/package_master_interfaces/include/package_master_interfaces/package_master_interfaces/srv/detail
[2.480s] -- Up-to-date: /home/rouillon/Documents/ProDroneTB/ProRob/install/package_master_interfaces/include/package_master_interfaces/package_master_interfaces/srv/detail/robot_positions__struct.hpp
[2.484s] -- Up-to-date: /home/rouillon/Documents/ProDroneTB/ProRob/install/package_master_interfaces/include/package_master_interfaces/package_master_interfaces/srv/detail/robot_positions__builder.hpp
[2.484s] -- Up-to-date: /home/rouillon/Documents/ProDroneTB/ProRob/install/package_master_interfaces/include/package_master_interfaces/package_master_interfaces/srv/detail/robot_positions__type_support.hpp
[2.484s] -- Up-to-date: /home/rouillon/Documents/ProDroneTB/ProRob/install/package_master_interfaces/include/package_master_interfaces/package_master_interfaces/srv/detail/add_three_ints__struct.hpp
[2.488s] -- Up-to-date: /home/rouillon/Documents/ProDroneTB/ProRob/install/package_master_interfaces/include/package_master_interfaces/package_master_interfaces/srv/detail/robot_positions__traits.hpp
[2.488s] -- Up-to-date: /home/rouillon/Documents/ProDroneTB/ProRob/install/package_master_interfaces/include/package_master_interfaces/package_master_interfaces/srv/detail/send_positions__traits.hpp
[2.489s] -- Up-to-date: /home/rouillon/Documents/ProDroneTB/ProRob/install/package_master_interfaces/include/package_master_interfaces/package_master_interfaces/srv/detail/add_three_ints__type_support.hpp
[2.489s] -- Up-to-date: /home/rouillon/Documents/ProDroneTB/ProRob/install/package_master_interfaces/include/package_master_interfaces/package_master_interfaces/srv/detail/send_positions__type_support.hpp
[2.490s] -- Up-to-date: /home/rouillon/Documents/ProDroneTB/ProRob/install/package_master_interfaces/include/package_master_interfaces/package_master_interfaces/srv/detail/send_positions__struct.hpp
[2.490s] -- Up-to-date: /home/rouillon/Documents/ProDroneTB/ProRob/install/package_master_interfaces/include/package_master_interfaces/package_master_interfaces/srv/detail/add_three_ints__traits.hpp
[2.490s] -- Up-to-date: /home/rouillon/Documents/ProDroneTB/ProRob/install/package_master_interfaces/include/package_master_interfaces/package_master_interfaces/srv/detail/add_three_ints__builder.hpp
[2.497s] -- Up-to-date: /home/rouillon/Documents/ProDroneTB/ProRob/install/package_master_interfaces/include/package_master_interfaces/package_master_interfaces/srv/detail/send_positions__builder.hpp
[2.498s] -- Up-to-date: /home/rouillon/Documents/ProDroneTB/ProRob/install/package_master_interfaces/include/package_master_interfaces/package_master_interfaces/srv/add_three_ints.hpp
[2.498s] -- Up-to-date: /home/rouillon/Documents/ProDroneTB/ProRob/install/package_master_interfaces/include/package_master_interfaces/package_master_interfaces/srv/robot_positions.hpp
[2.499s] -- Up-to-date: /home/rouillon/Documents/ProDroneTB/ProRob/install/package_master_interfaces/include/package_master_interfaces/package_master_interfaces
[2.499s] -- Up-to-date: /home/rouillon/Documents/ProDroneTB/ProRob/install/package_master_interfaces/include/package_master_interfaces/package_master_interfaces/msg
[2.499s] -- Up-to-date: /home/rouillon/Documents/ProDroneTB/ProRob/install/package_master_interfaces/include/package_master_interfaces/package_master_interfaces/msg/detail
[2.504s] -- Up-to-date: /home/rouillon/Documents/ProDroneTB/ProRob/install/package_master_interfaces/include/package_master_interfaces/package_master_interfaces/msg/detail/sequence_elments__rosidl_typesupport_fastrtps_cpp.hpp
[2.504s] -- Up-to-date: /home/rouillon/Documents/ProDroneTB/ProRob/install/package_master_interfaces/include/package_master_interfaces/package_master_interfaces/msg/detail/num__rosidl_typesupport_fastrtps_cpp.hpp
[2.504s] -- Up-to-date: /home/rouillon/Documents/ProDroneTB/ProRob/install/package_master_interfaces/include/package_master_interfaces/package_master_interfaces/msg/detail/dds_fastrtps
[2.505s] -- Up-to-date: /home/rouillon/Documents/ProDroneTB/ProRob/install/package_master_interfaces/include/package_master_interfaces/package_master_interfaces/msg/rosidl_typesupport_fastrtps_cpp__visibility_control.h
[2.505s] -- Up-to-date: /home/rouillon/Documents/ProDroneTB/ProRob/install/package_master_interfaces/include/package_master_interfaces/package_master_interfaces/srv
[2.505s] -- Up-to-date: /home/rouillon/Documents/ProDroneTB/ProRob/install/package_master_interfaces/include/package_master_interfaces/package_master_interfaces/srv/detail
[2.505s] -- Up-to-date: /home/rouillon/Documents/ProDroneTB/ProRob/install/package_master_interfaces/include/package_master_interfaces/package_master_interfaces/srv/detail/add_three_ints__rosidl_typesupport_fastrtps_cpp.hpp
[2.506s] -- Up-to-date: /home/rouillon/Documents/ProDroneTB/ProRob/install/package_master_interfaces/include/package_master_interfaces/package_master_interfaces/srv/detail/robot_positions__rosidl_typesupport_fastrtps_cpp.hpp
[2.506s] -- Up-to-date: /home/rouillon/Documents/ProDroneTB/ProRob/install/package_master_interfaces/include/package_master_interfaces/package_master_interfaces/srv/detail/dds_fastrtps
[2.506s] -- Up-to-date: /home/rouillon/Documents/ProDroneTB/ProRob/install/package_master_interfaces/include/package_master_interfaces/package_master_interfaces/srv/detail/send_positions__rosidl_typesupport_fastrtps_cpp.hpp
[2.506s] -- Up-to-date: /home/rouillon/Documents/ProDroneTB/ProRob/install/package_master_interfaces/lib/libpackage_master_interfaces__rosidl_typesupport_fastrtps_cpp.so
[2.506s] -- Up-to-date: /home/rouillon/Documents/ProDroneTB/ProRob/install/package_master_interfaces/include/package_master_interfaces/package_master_interfaces
[2.510s] -- Up-to-date: /home/rouillon/Documents/ProDroneTB/ProRob/install/package_master_interfaces/include/package_master_interfaces/package_master_interfaces/msg
[2.510s] -- Up-to-date: /home/rouillon/Documents/ProDroneTB/ProRob/install/package_master_interfaces/include/package_master_interfaces/package_master_interfaces/msg/detail
[2.511s] -- Up-to-date: /home/rouillon/Documents/ProDroneTB/ProRob/install/package_master_interfaces/include/package_master_interfaces/package_master_interfaces/msg/detail/num__rosidl_typesupport_introspection_cpp.hpp
[2.511s] -- Up-to-date: /home/rouillon/Documents/ProDroneTB/ProRob/install/package_master_interfaces/include/package_master_interfaces/package_master_interfaces/msg/detail/num__type_support.cpp
[2.512s] -- Up-to-date: /home/rouillon/Documents/ProDroneTB/ProRob/install/package_master_interfaces/include/package_master_interfaces/package_master_interfaces/msg/detail/sequence_elments__type_support.cpp
[2.512s] -- Up-to-date: /home/rouillon/Documents/ProDroneTB/ProRob/install/package_master_interfaces/include/package_master_interfaces/package_master_interfaces/msg/detail/sequence_elments__rosidl_typesupport_introspection_cpp.hpp
[2.512s] -- Up-to-date: /home/rouillon/Documents/ProDroneTB/ProRob/install/package_master_interfaces/include/package_master_interfaces/package_master_interfaces/srv
[2.516s] -- Up-to-date: /home/rouillon/Documents/ProDroneTB/ProRob/install/package_master_interfaces/include/package_master_interfaces/package_master_interfaces/srv/detail
[2.516s] -- Up-to-date: /home/rouillon/Documents/ProDroneTB/ProRob/install/package_master_interfaces/include/package_master_interfaces/package_master_interfaces/srv/detail/robot_positions__rosidl_typesupport_introspection_cpp.hpp
[2.516s] -- Up-to-date: /home/rouillon/Documents/ProDroneTB/ProRob/install/package_master_interfaces/include/package_master_interfaces/package_master_interfaces/srv/detail/add_three_ints__type_support.cpp
[2.517s] -- Up-to-date: /home/rouillon/Documents/ProDroneTB/ProRob/install/package_master_interfaces/include/package_master_interfaces/package_master_interfaces/srv/detail/send_positions__rosidl_typesupport_introspection_cpp.hpp
[2.517s] -- Up-to-date: /home/rouillon/Documents/ProDroneTB/ProRob/install/package_master_interfaces/include/package_master_interfaces/package_master_interfaces/srv/detail/robot_positions__type_support.cpp
[2.517s] -- Up-to-date: /home/rouillon/Documents/ProDroneTB/ProRob/install/package_master_interfaces/include/package_master_interfaces/package_master_interfaces/srv/detail/add_three_ints__rosidl_typesupport_introspection_cpp.hpp
[2.517s] -- Up-to-date: /home/rouillon/Documents/ProDroneTB/ProRob/install/package_master_interfaces/include/package_master_interfaces/package_master_interfaces/srv/detail/send_positions__type_support.cpp
[2.518s] -- Up-to-date: /home/rouillon/Documents/ProDroneTB/ProRob/install/package_master_interfaces/lib/libpackage_master_interfaces__rosidl_typesupport_introspection_cpp.so
[2.518s] -- Up-to-date: /home/rouillon/Documents/ProDroneTB/ProRob/install/package_master_interfaces/lib/libpackage_master_interfaces__rosidl_typesupport_cpp.so
[2.518s] -- Up-to-date: /home/rouillon/Documents/ProDroneTB/ProRob/install/package_master_interfaces/share/package_master_interfaces/environment/pythonpath.sh
[2.518s] -- Up-to-date: /home/rouillon/Documents/ProDroneTB/ProRob/install/package_master_interfaces/share/package_master_interfaces/environment/pythonpath.dsv
[2.518s] -- Up-to-date: /home/rouillon/Documents/ProDroneTB/ProRob/install/package_master_interfaces/local/lib/python3.10/dist-packages/package_master_interfaces-0.0.0-py3.10.egg-info
[2.522s] -- Installing: /home/rouillon/Documents/ProDroneTB/ProRob/install/package_master_interfaces/local/lib/python3.10/dist-packages/package_master_interfaces-0.0.0-py3.10.egg-info/SOURCES.txt
[2.522s] -- Installing: /home/rouillon/Documents/ProDroneTB/ProRob/install/package_master_interfaces/local/lib/python3.10/dist-packages/package_master_interfaces-0.0.0-py3.10.egg-info/PKG-INFO
[2.522s] -- Installing: /home/rouillon/Documents/ProDroneTB/ProRob/install/package_master_interfaces/local/lib/python3.10/dist-packages/package_master_interfaces-0.0.0-py3.10.egg-info/dependency_links.txt
[2.522s] -- Installing: /home/rouillon/Documents/ProDroneTB/ProRob/install/package_master_interfaces/local/lib/python3.10/dist-packages/package_master_interfaces-0.0.0-py3.10.egg-info/top_level.txt
[2.523s] -- Up-to-date: /home/rouillon/Documents/ProDroneTB/ProRob/install/package_master_interfaces/local/lib/python3.10/dist-packages/package_master_interfaces
[2.523s] -- Up-to-date: /home/rouillon/Documents/ProDroneTB/ProRob/install/package_master_interfaces/local/lib/python3.10/dist-packages/package_master_interfaces/msg
[2.523s] -- Up-to-date: /home/rouillon/Documents/ProDroneTB/ProRob/install/package_master_interfaces/local/lib/python3.10/dist-packages/package_master_interfaces/msg/_num.py
[2.524s] -- Up-to-date: /home/rouillon/Documents/ProDroneTB/ProRob/install/package_master_interfaces/local/lib/python3.10/dist-packages/package_master_interfaces/msg/_sequence_elments_s.c
[2.524s] -- Up-to-date: /home/rouillon/Documents/ProDroneTB/ProRob/install/package_master_interfaces/local/lib/python3.10/dist-packages/package_master_interfaces/msg/_num_s.c
[2.524s] -- Up-to-date: /home/rouillon/Documents/ProDroneTB/ProRob/install/package_master_interfaces/local/lib/python3.10/dist-packages/package_master_interfaces/msg/_sequence_elments.py
[2.524s] -- Up-to-date: /home/rouillon/Documents/ProDroneTB/ProRob/install/package_master_interfaces/local/lib/python3.10/dist-packages/package_master_interfaces/msg/__init__.py
[2.528s] -- Up-to-date: /home/rouillon/Documents/ProDroneTB/ProRob/install/package_master_interfaces/local/lib/python3.10/dist-packages/package_master_interfaces/package_master_interfaces_s__rosidl_typesupport_c.cpython-310-x86_64-linux-gnu.so
[2.530s] -- Up-to-date: /home/rouillon/Documents/ProDroneTB/ProRob/install/package_master_interfaces/local/lib/python3.10/dist-packages/package_master_interfaces/_package_master_interfaces_s.ep.rosidl_typesupport_fastrtps_c.c
[2.530s] -- Up-to-date: /home/rouillon/Documents/ProDroneTB/ProRob/install/package_master_interfaces/local/lib/python3.10/dist-packages/package_master_interfaces/_package_master_interfaces_s.ep.rosidl_typesupport_introspection_c.c
[2.531s] -- Up-to-date: /home/rouillon/Documents/ProDroneTB/ProRob/install/package_master_interfaces/local/lib/python3.10/dist-packages/package_master_interfaces/package_master_interfaces_s__rosidl_typesupport_introspection_c.cpython-310-x86_64-linux-gnu.so
[2.531s] -- Up-to-date: /home/rouillon/Documents/ProDroneTB/ProRob/install/package_master_interfaces/local/lib/python3.10/dist-packages/package_master_interfaces/srv
[2.531s] -- Up-to-date: /home/rouillon/Documents/ProDroneTB/ProRob/install/package_master_interfaces/local/lib/python3.10/dist-packages/package_master_interfaces/srv/_add_three_ints_s.c
[2.531s] -- Up-to-date: /home/rouillon/Documents/ProDroneTB/ProRob/install/package_master_interfaces/local/lib/python3.10/dist-packages/package_master_interfaces/srv/_send_positions_s.c
[2.540s] -- Up-to-date: /home/rouillon/Documents/ProDroneTB/ProRob/install/package_master_interfaces/local/lib/python3.10/dist-packages/package_master_interfaces/srv/_send_positions.py
[2.540s] -- Up-to-date: /home/rouillon/Documents/ProDroneTB/ProRob/install/package_master_interfaces/local/lib/python3.10/dist-packages/package_master_interfaces/srv/_robot_positions.py
[2.540s] -- Up-to-date: /home/rouillon/Documents/ProDroneTB/ProRob/install/package_master_interfaces/local/lib/python3.10/dist-packages/package_master_interfaces/srv/__init__.py
[2.541s] -- Up-to-date: /home/rouillon/Documents/ProDroneTB/ProRob/install/package_master_interfaces/local/lib/python3.10/dist-packages/package_master_interfaces/srv/_robot_positions_s.c
[2.541s] -- Up-to-date: /home/rouillon/Documents/ProDroneTB/ProRob/install/package_master_interfaces/local/lib/python3.10/dist-packages/package_master_interfaces/srv/_add_three_ints.py
[2.541s] -- Up-to-date: /home/rouillon/Documents/ProDroneTB/ProRob/install/package_master_interfaces/local/lib/python3.10/dist-packages/package_master_interfaces/libpackage_master_interfaces__rosidl_generator_py.so
[2.541s] -- Up-to-date: /home/rouillon/Documents/ProDroneTB/ProRob/install/package_master_interfaces/local/lib/python3.10/dist-packages/package_master_interfaces/package_master_interfaces_s__rosidl_typesupport_fastrtps_c.cpython-310-x86_64-linux-gnu.so
[2.546s] -- Up-to-date: /home/rouillon/Documents/ProDroneTB/ProRob/install/package_master_interfaces/local/lib/python3.10/dist-packages/package_master_interfaces/_package_master_interfaces_s.ep.rosidl_typesupport_c.c
[2.546s] -- Up-to-date: /home/rouillon/Documents/ProDroneTB/ProRob/install/package_master_interfaces/local/lib/python3.10/dist-packages/package_master_interfaces/__init__.py
[2.573s] Listing '/home/rouillon/Documents/ProDroneTB/ProRob/install/package_master_interfaces/local/lib/python3.10/dist-packages/package_master_interfaces'...
[2.574s] Listing '/home/rouillon/Documents/ProDroneTB/ProRob/install/package_master_interfaces/local/lib/python3.10/dist-packages/package_master_interfaces/msg'...
[2.574s] Listing '/home/rouillon/Documents/ProDroneTB/ProRob/install/package_master_interfaces/local/lib/python3.10/dist-packages/package_master_interfaces/srv'...
[2.594s] -- Up-to-date: /home/rouillon/Documents/ProDroneTB/ProRob/install/package_master_interfaces/local/lib/python3.10/dist-packages/package_master_interfaces/package_master_interfaces_s__rosidl_typesupport_fastrtps_c.cpython-310-x86_64-linux-gnu.so
[2.594s] -- Up-to-date: /home/rouillon/Documents/ProDroneTB/ProRob/install/package_master_interfaces/local/lib/python3.10/dist-packages/package_master_interfaces/package_master_interfaces_s__rosidl_typesupport_introspection_c.cpython-310-x86_64-linux-gnu.so
[2.595s] -- Up-to-date: /home/rouillon/Documents/ProDroneTB/ProRob/install/package_master_interfaces/local/lib/python3.10/dist-packages/package_master_interfaces/package_master_interfaces_s__rosidl_typesupport_c.cpython-310-x86_64-linux-gnu.so
[2.598s] -- Up-to-date: /home/rouillon/Documents/ProDroneTB/ProRob/install/package_master_interfaces/lib/libpackage_master_interfaces__rosidl_generator_py.so
[2.599s] -- Up-to-date: /home/rouillon/Documents/ProDroneTB/ProRob/install/package_master_interfaces/share/package_master_interfaces/msg/Num.idl
[2.599s] -- Up-to-date: /home/rouillon/Documents/ProDroneTB/ProRob/install/package_master_interfaces/share/package_master_interfaces/msg/SequenceElments.idl
[2.599s] -- Up-to-date: /home/rouillon/Documents/ProDroneTB/ProRob/install/package_master_interfaces/share/package_master_interfaces/srv/AddThreeInts.idl
[2.599s] -- Up-to-date: /home/rouillon/Documents/ProDroneTB/ProRob/install/package_master_interfaces/share/package_master_interfaces/srv/RobotPositions.idl
[2.600s] -- Up-to-date: /home/rouillon/Documents/ProDroneTB/ProRob/install/package_master_interfaces/share/package_master_interfaces/srv/SendPositions.idl
[2.600s] -- Up-to-date: /home/rouillon/Documents/ProDroneTB/ProRob/install/package_master_interfaces/share/package_master_interfaces/msg/Num.msg
[2.600s] -- Up-to-date: /home/rouillon/Documents/ProDroneTB/ProRob/install/package_master_interfaces/share/package_master_interfaces/msg/SequenceElments.msg
[2.601s] -- Up-to-date: /home/rouillon/Documents/ProDroneTB/ProRob/install/package_master_interfaces/share/package_master_interfaces/srv/AddThreeInts.srv
[2.601s] -- Up-to-date: /home/rouillon/Documents/ProDroneTB/ProRob/install/package_master_interfaces/share/package_master_interfaces/srv/AddThreeInts_Request.msg
[2.601s] -- Up-to-date: /home/rouillon/Documents/ProDroneTB/ProRob/install/package_master_interfaces/share/package_master_interfaces/srv/AddThreeInts_Response.msg
[2.605s] -- Up-to-date: /home/rouillon/Documents/ProDroneTB/ProRob/install/package_master_interfaces/share/package_master_interfaces/srv/RobotPositions.srv
[2.605s] -- Up-to-date: /home/rouillon/Documents/ProDroneTB/ProRob/install/package_master_interfaces/share/package_master_interfaces/srv/RobotPositions_Request.msg
[2.605s] -- Up-to-date: /home/rouillon/Documents/ProDroneTB/ProRob/install/package_master_interfaces/share/package_master_interfaces/srv/RobotPositions_Response.msg
[2.606s] -- Up-to-date: /home/rouillon/Documents/ProDroneTB/ProRob/install/package_master_interfaces/share/package_master_interfaces/srv/SendPositions.srv
[2.607s] -- Up-to-date: /home/rouillon/Documents/ProDroneTB/ProRob/install/package_master_interfaces/share/package_master_interfaces/srv/SendPositions_Request.msg
[2.609s] -- Up-to-date: /home/rouillon/Documents/ProDroneTB/ProRob/install/package_master_interfaces/share/package_master_interfaces/srv/SendPositions_Response.msg
[2.609s] -- Up-to-date: /home/rouillon/Documents/ProDroneTB/ProRob/install/package_master_interfaces/share/ament_index/resource_index/package_run_dependencies/package_master_interfaces
[2.609s] -- Up-to-date: /home/rouillon/Documents/ProDroneTB/ProRob/install/package_master_interfaces/share/ament_index/resource_index/parent_prefix_path/package_master_interfaces
[2.609s] -- Up-to-date: /home/rouillon/Documents/ProDroneTB/ProRob/install/package_master_interfaces/share/package_master_interfaces/environment/ament_prefix_path.sh
[2.610s] -- Up-to-date: /home/rouillon/Documents/ProDroneTB/ProRob/install/package_master_interfaces/share/package_master_interfaces/environment/ament_prefix_path.dsv
[2.610s] -- Up-to-date: /home/rouillon/Documents/ProDroneTB/ProRob/install/package_master_interfaces/share/package_master_interfaces/environment/path.sh
[2.610s] -- Up-to-date: /home/rouillon/Documents/ProDroneTB/ProRob/install/package_master_interfaces/share/package_master_interfaces/environment/path.dsv
[2.611s] -- Up-to-date: /home/rouillon/Documents/ProDroneTB/ProRob/install/package_master_interfaces/share/package_master_interfaces/local_setup.bash
[2.614s] -- Up-to-date: /home/rouillon/Documents/ProDroneTB/ProRob/install/package_master_interfaces/share/package_master_interfaces/local_setup.sh
[2.614s] -- Up-to-date: /home/rouillon/Documents/ProDroneTB/ProRob/install/package_master_interfaces/share/package_master_interfaces/local_setup.zsh
[2.614s] -- Up-to-date: /home/rouillon/Documents/ProDroneTB/ProRob/install/package_master_interfaces/share/package_master_interfaces/local_setup.dsv
[2.614s] -- Installing: /home/rouillon/Documents/ProDroneTB/ProRob/install/package_master_interfaces/share/package_master_interfaces/package.dsv
[2.615s] -- Up-to-date: /home/rouillon/Documents/ProDroneTB/ProRob/install/package_master_interfaces/share/ament_index/resource_index/packages/package_master_interfaces
[2.615s] -- Up-to-date: /home/rouillon/Documents/ProDroneTB/ProRob/install/package_master_interfaces/share/package_master_interfaces/cmake/export_package_master_interfaces__rosidl_generator_cExport.cmake
[2.618s] -- Up-to-date: /home/rouillon/Documents/ProDroneTB/ProRob/install/package_master_interfaces/share/package_master_interfaces/cmake/export_package_master_interfaces__rosidl_generator_cExport-noconfig.cmake
[2.618s] -- Up-to-date: /home/rouillon/Documents/ProDroneTB/ProRob/install/package_master_interfaces/share/package_master_interfaces/cmake/export_package_master_interfaces__rosidl_typesupport_fastrtps_cExport.cmake
[2.618s] -- Up-to-date: /home/rouillon/Documents/ProDroneTB/ProRob/install/package_master_interfaces/share/package_master_interfaces/cmake/export_package_master_interfaces__rosidl_typesupport_fastrtps_cExport-noconfig.cmake
[2.619s] -- Up-to-date: /home/rouillon/Documents/ProDroneTB/ProRob/install/package_master_interfaces/share/package_master_interfaces/cmake/package_master_interfaces__rosidl_typesupport_introspection_cExport.cmake
[2.619s] -- Up-to-date: /home/rouillon/Documents/ProDroneTB/ProRob/install/package_master_interfaces/share/package_master_interfaces/cmake/package_master_interfaces__rosidl_typesupport_introspection_cExport-noconfig.cmake
[2.619s] -- Up-to-date: /home/rouillon/Documents/ProDroneTB/ProRob/install/package_master_interfaces/share/package_master_interfaces/cmake/package_master_interfaces__rosidl_typesupport_cExport.cmake
[2.619s] -- Up-to-date: /home/rouillon/Documents/ProDroneTB/ProRob/install/package_master_interfaces/share/package_master_interfaces/cmake/package_master_interfaces__rosidl_typesupport_cExport-noconfig.cmake
[2.620s] -- Up-to-date: /home/rouillon/Documents/ProDroneTB/ProRob/install/package_master_interfaces/share/package_master_interfaces/cmake/export_package_master_interfaces__rosidl_generator_cppExport.cmake
[2.620s] -- Up-to-date: /home/rouillon/Documents/ProDroneTB/ProRob/install/package_master_interfaces/share/package_master_interfaces/cmake/export_package_master_interfaces__rosidl_typesupport_fastrtps_cppExport.cmake
[2.620s] -- Up-to-date: /home/rouillon/Documents/ProDroneTB/ProRob/install/package_master_interfaces/share/package_master_interfaces/cmake/export_package_master_interfaces__rosidl_typesupport_fastrtps_cppExport-noconfig.cmake
[2.620s] -- Up-to-date: /home/rouillon/Documents/ProDroneTB/ProRob/install/package_master_interfaces/share/package_master_interfaces/cmake/package_master_interfaces__rosidl_typesupport_introspection_cppExport.cmake
[2.621s] -- Up-to-date: /home/rouillon/Documents/ProDroneTB/ProRob/install/package_master_interfaces/share/package_master_interfaces/cmake/package_master_interfaces__rosidl_typesupport_introspection_cppExport-noconfig.cmake
[2.621s] -- Up-to-date: /home/rouillon/Documents/ProDroneTB/ProRob/install/package_master_interfaces/share/package_master_interfaces/cmake/package_master_interfaces__rosidl_typesupport_cppExport.cmake
[2.621s] -- Up-to-date: /home/rouillon/Documents/ProDroneTB/ProRob/install/package_master_interfaces/share/package_master_interfaces/cmake/package_master_interfaces__rosidl_typesupport_cppExport-noconfig.cmake
[2.622s] -- Up-to-date: /home/rouillon/Documents/ProDroneTB/ProRob/install/package_master_interfaces/share/package_master_interfaces/cmake/export_package_master_interfaces__rosidl_generator_pyExport.cmake
[2.622s] -- Up-to-date: /home/rouillon/Documents/ProDroneTB/ProRob/install/package_master_interfaces/share/package_master_interfaces/cmake/export_package_master_interfaces__rosidl_generator_pyExport-noconfig.cmake
[2.623s] -- Up-to-date: /home/rouillon/Documents/ProDroneTB/ProRob/install/package_master_interfaces/share/package_master_interfaces/cmake/rosidl_cmake-extras.cmake
[2.623s] -- Up-to-date: /home/rouillon/Documents/ProDroneTB/ProRob/install/package_master_interfaces/share/package_master_interfaces/cmake/ament_cmake_export_include_directories-extras.cmake
[2.624s] -- Up-to-date: /home/rouillon/Documents/ProDroneTB/ProRob/install/package_master_interfaces/share/package_master_interfaces/cmake/ament_cmake_export_libraries-extras.cmake
[2.624s] -- Up-to-date: /home/rouillon/Documents/ProDroneTB/ProRob/install/package_master_interfaces/share/package_master_interfaces/cmake/ament_cmake_export_targets-extras.cmake
[2.624s] -- Up-to-date: /home/rouillon/Documents/ProDroneTB/ProRob/install/package_master_interfaces/share/package_master_interfaces/cmake/rosidl_cmake_export_typesupport_targets-extras.cmake
[2.624s] -- Up-to-date: /home/rouillon/Documents/ProDroneTB/ProRob/install/package_master_interfaces/share/package_master_interfaces/cmake/ament_cmake_export_dependencies-extras.cmake
[2.625s] -- Up-to-date: /home/rouillon/Documents/ProDroneTB/ProRob/install/package_master_interfaces/share/package_master_interfaces/cmake/rosidl_cmake_export_typesupport_libraries-extras.cmake
[2.625s] -- Up-to-date: /home/rouillon/Documents/ProDroneTB/ProRob/install/package_master_interfaces/share/package_master_interfaces/cmake/package_master_interfacesConfig.cmake
[2.625s] -- Up-to-date: /home/rouillon/Documents/ProDroneTB/ProRob/install/package_master_interfaces/share/package_master_interfaces/cmake/package_master_interfacesConfig-version.cmake
[2.625s] -- Up-to-date: /home/rouillon/Documents/ProDroneTB/ProRob/install/package_master_interfaces/share/package_master_interfaces/package.xml
[2.633s] Invoked command in '/home/rouillon/Documents/ProDroneTB/ProRob/build/package_master_interfaces' returned '0': CMAKE_PREFIX_PATH=${CMAKE_PREFIX_PATH}:/home/rouillon/Documents/ProDroneTB/ProRob/install/py_srvcli:/home/rouillon/Documents/ProDroneTB/ProRob/install/package_master:/opt/ros/humble /usr/bin/cmake --install /home/rouillon/Documents/ProDroneTB/ProRob/build/package_master_interfaces
