[0.530s] Invoking command in '/home/rouillon/Documents/ProDroneTB/ProRob/build/package_master_interfaces': CMAKE_PREFIX_PATH=${CMAKE_PREFIX_PATH}:/home/rouillon/Documents/ProDroneTB/ProRob/install/py_srvcli:/home/rouillon/Documents/ProDroneTB/ProRob/install/package_master:/home/rouillon/ProRob/install/py_srvcli:/home/rouillon/ProRob/install/package_master:/opt/ros/humble /usr/bin/cmake --build /home/rouillon/Documents/ProDroneTB/ProRob/build/package_master_interfaces -- -j4 -l4
[0.565s] -- Found ament_cmake: 1.3.11 (/opt/ros/humble/share/ament_cmake/cmake)
[0.793s] -- Found ament_lint_auto: 0.12.11 (/opt/ros/humble/share/ament_lint_auto/cmake)
[0.910s] -- Found rosidl_default_generators: 1.2.0 (/opt/ros/humble/share/rosidl_default_generators/cmake)
[0.912s] -- Using all available rosidl_typesupport_c: rosidl_typesupport_fastrtps_c;rosidl_typesupport_introspection_c
[0.918s] -- Found rosidl_adapter: 3.1.6 (/opt/ros/humble/share/rosidl_adapter/cmake)
[0.976s] -- Using all available rosidl_typesupport_cpp: rosidl_typesupport_fastrtps_cpp;rosidl_typesupport_introspection_cpp
[1.473s] -- Found ament_cmake_ros: 0.10.0 (/opt/ros/humble/share/ament_cmake_ros/cmake)
[1.875s] -- Using all available rosidl_typesupport_c: rosidl_typesupport_fastrtps_c;rosidl_typesupport_introspection_c
[2.411s] -- Using all available rosidl_typesupport_cpp: rosidl_typesupport_fastrtps_cpp;rosidl_typesupport_introspection_cpp
[2.461s] -- Found python_cmake_module: 0.10.0 (/opt/ros/humble/share/python_cmake_module/cmake)
[2.508s] -- Using PYTHON_EXECUTABLE: /usr/bin/python3
[2.508s] -- Using PYTHON_INCLUDE_DIRS: /usr/include/python3.10
[2.508s] -- Using PYTHON_LIBRARIES: /usr/lib/x86_64-linux-gnu/libpython3.10.so
[2.536s] -- Added test 'lint_cmake' to check CMake code style
[2.538s] -- Added test 'xmllint' to check XML markup files
[2.543s] -- Configuring done
[2.611s] -- Generating done
[2.633s] -- Build files have been written to: /home/rouillon/Documents/ProDroneTB/ProRob/build/package_master_interfaces
[2.671s] [35m[1mConsolidate compiler generated dependencies of target package_master_interfaces__rosidl_generator_c[0m
[2.687s] [  1%] [32m[1mLinking C shared library libpackage_master_interfaces__rosidl_generator_c.so[0m
[2.690s] [  3%] Built target package_master_interfaces__cpp
[2.693s] [  3%] Built target ament_cmake_python_copy_package_master_interfaces
[2.717s] [35m[1mConsolidate compiler generated dependencies of target package_master_interfaces__rosidl_typesupport_introspection_cpp[0m
[2.718s] [35m[1mConsolidate compiler generated dependencies of target package_master_interfaces__rosidl_typesupport_cpp[0m
[2.720s] [35m[1mConsolidate compiler generated dependencies of target package_master_interfaces__rosidl_typesupport_fastrtps_cpp[0m
[2.738s] [  4%] [32m[1mLinking CXX shared library libpackage_master_interfaces__rosidl_typesupport_introspection_cpp.so[0m
[2.745s] [ 14%] Built target package_master_interfaces__rosidl_generator_c
[2.753s] [ 15%] [32m[1mLinking CXX shared library libpackage_master_interfaces__rosidl_typesupport_cpp.so[0m
[2.761s] [ 17%] [32m[1mLinking CXX shared library libpackage_master_interfaces__rosidl_typesupport_fastrtps_cpp.so[0m
[2.851s] [ 26%] Built target package_master_interfaces__rosidl_typesupport_cpp
[2.887s] [ 28%] [34m[1mGenerating C type support for eProsima Fast-RTPS[0m
[2.911s] [ 38%] Built target package_master_interfaces__rosidl_typesupport_introspection_cpp
[2.929s] [ 39%] [34m[1mGenerating C introspection for ROS interfaces[0m
[2.949s] [ 49%] Built target package_master_interfaces__rosidl_typesupport_fastrtps_cpp
[2.967s] [ 50%] [34m[1mGenerating C type support dispatch for ROS interfaces[0m
[3.248s] running egg_info
[3.251s] writing package_master_interfaces.egg-info/PKG-INFO
[3.251s] writing dependency_links to package_master_interfaces.egg-info/dependency_links.txt
[3.251s] writing top-level names to package_master_interfaces.egg-info/top_level.txt
[3.254s] reading manifest file 'package_master_interfaces.egg-info/SOURCES.txt'
[3.254s] writing manifest file 'package_master_interfaces.egg-info/SOURCES.txt'
[3.303s] [ 50%] Built target ament_cmake_python_build_package_master_interfaces_egg
[3.972s] [ 52%] [32mBuilding CXX object CMakeFiles/package_master_interfaces__rosidl_typesupport_c.dir/rosidl_typesupport_c/package_master_interfaces/msg/num__type_support.cpp.o[0m
[3.980s] [ 53%] [32mBuilding CXX object CMakeFiles/package_master_interfaces__rosidl_typesupport_c.dir/rosidl_typesupport_c/package_master_interfaces/msg/sequence_elments__type_support.cpp.o[0m
[4.023s] [ 55%] [32mBuilding CXX object CMakeFiles/package_master_interfaces__rosidl_typesupport_c.dir/rosidl_typesupport_c/package_master_interfaces/srv/add_three_ints__type_support.cpp.o[0m
[4.033s] [ 57%] [32mBuilding CXX object CMakeFiles/package_master_interfaces__rosidl_typesupport_c.dir/rosidl_typesupport_c/package_master_interfaces/srv/robot_positions__type_support.cpp.o[0m
[4.066s] [ 58%] [32mBuilding CXX object CMakeFiles/package_master_interfaces__rosidl_typesupport_c.dir/rosidl_typesupport_c/package_master_interfaces/srv/send_positions__type_support.cpp.o[0m
[4.116s] [ 60%] [32m[1mLinking CXX shared library libpackage_master_interfaces__rosidl_typesupport_c.so[0m
[4.201s] [ 60%] Built target package_master_interfaces__rosidl_typesupport_c
[4.210s] [ 61%] [32mBuilding CXX object CMakeFiles/package_master_interfaces__rosidl_typesupport_fastrtps_c.dir/rosidl_typesupport_fastrtps_c/package_master_interfaces/msg/detail/num__type_support_c.cpp.o[0m
[4.227s] [ 63%] [32mBuilding CXX object CMakeFiles/package_master_interfaces__rosidl_typesupport_fastrtps_c.dir/rosidl_typesupport_fastrtps_c/package_master_interfaces/msg/detail/sequence_elments__type_support_c.cpp.o[0m
[4.228s] [ 65%] [32mBuilding CXX object CMakeFiles/package_master_interfaces__rosidl_typesupport_fastrtps_c.dir/rosidl_typesupport_fastrtps_c/package_master_interfaces/srv/detail/add_three_ints__type_support_c.cpp.o[0m
[4.249s] [ 66%] [32mBuilding C object CMakeFiles/package_master_interfaces__rosidl_typesupport_introspection_c.dir/rosidl_typesupport_introspection_c/package_master_interfaces/msg/detail/num__type_support.c.o[0m
[4.301s] [ 68%] [32mBuilding C object CMakeFiles/package_master_interfaces__rosidl_typesupport_introspection_c.dir/rosidl_typesupport_introspection_c/package_master_interfaces/msg/detail/sequence_elments__type_support.c.o[0m
[4.365s] [ 69%] [32mBuilding C object CMakeFiles/package_master_interfaces__rosidl_typesupport_introspection_c.dir/rosidl_typesupport_introspection_c/package_master_interfaces/srv/detail/add_three_ints__type_support.c.o[0m
[4.417s] [ 71%] [32mBuilding C object CMakeFiles/package_master_interfaces__rosidl_typesupport_introspection_c.dir/rosidl_typesupport_introspection_c/package_master_interfaces/srv/detail/robot_positions__type_support.c.o[0m
[4.503s] [ 73%] [32mBuilding C object CMakeFiles/package_master_interfaces__rosidl_typesupport_introspection_c.dir/rosidl_typesupport_introspection_c/package_master_interfaces/srv/detail/send_positions__type_support.c.o[0m
[4.577s] [ 74%] [32m[1mLinking C shared library libpackage_master_interfaces__rosidl_typesupport_introspection_c.so[0m
[4.630s] [ 74%] Built target package_master_interfaces__rosidl_typesupport_introspection_c
[4.642s] [ 76%] [32mBuilding CXX object CMakeFiles/package_master_interfaces__rosidl_typesupport_fastrtps_c.dir/rosidl_typesupport_fastrtps_c/package_master_interfaces/srv/detail/robot_positions__type_support_c.cpp.o[0m
[4.738s] [ 77%] [32mBuilding CXX object CMakeFiles/package_master_interfaces__rosidl_typesupport_fastrtps_c.dir/rosidl_typesupport_fastrtps_c/package_master_interfaces/srv/detail/send_positions__type_support_c.cpp.o[0m
[5.249s] [ 79%] [32m[1mLinking CXX shared library libpackage_master_interfaces__rosidl_typesupport_fastrtps_c.so[0m
[5.358s] [ 79%] Built target package_master_interfaces__rosidl_typesupport_fastrtps_c
[5.383s] [ 79%] Built target package_master_interfaces
[5.411s] [ 80%] [34m[1mGenerating Python code for ROS interfaces[0m
[7.740s] [ 80%] Built target package_master_interfaces__py
[7.766s] [ 84%] [32mBuilding C object CMakeFiles/package_master_interfaces__rosidl_generator_py.dir/rosidl_generator_py/package_master_interfaces/msg/_num_s.c.o[0m
[7.766s] [ 84%] [32mBuilding C object CMakeFiles/package_master_interfaces__rosidl_generator_py.dir/rosidl_generator_py/package_master_interfaces/srv/_add_three_ints_s.c.o[0m
[7.766s] [ 85%] [32mBuilding C object CMakeFiles/package_master_interfaces__rosidl_generator_py.dir/rosidl_generator_py/package_master_interfaces/msg/_sequence_elments_s.c.o[0m
[7.766s] [ 87%] [32mBuilding C object CMakeFiles/package_master_interfaces__rosidl_generator_py.dir/rosidl_generator_py/package_master_interfaces/srv/_robot_positions_s.c.o[0m
[7.913s] [ 88%] [32mBuilding C object CMakeFiles/package_master_interfaces__rosidl_generator_py.dir/rosidl_generator_py/package_master_interfaces/srv/_send_positions_s.c.o[0m
[8.107s] [ 90%] [32m[1mLinking C shared library rosidl_generator_py/package_master_interfaces/libpackage_master_interfaces__rosidl_generator_py.so[0m
[8.162s] [ 90%] Built target package_master_interfaces__rosidl_generator_py
[8.188s] [ 92%] [32mBuilding C object CMakeFiles/package_master_interfaces__rosidl_typesupport_introspection_c__pyext.dir/rosidl_generator_py/package_master_interfaces/_package_master_interfaces_s.ep.rosidl_typesupport_introspection_c.c.o[0m
[8.189s] [ 93%] [32mBuilding C object CMakeFiles/package_master_interfaces__rosidl_typesupport_fastrtps_c__pyext.dir/rosidl_generator_py/package_master_interfaces/_package_master_interfaces_s.ep.rosidl_typesupport_fastrtps_c.c.o[0m
[8.189s] [ 95%] [32mBuilding C object CMakeFiles/package_master_interfaces__rosidl_typesupport_c__pyext.dir/rosidl_generator_py/package_master_interfaces/_package_master_interfaces_s.ep.rosidl_typesupport_c.c.o[0m
[8.363s] [ 96%] [32m[1mLinking C shared library rosidl_generator_py/package_master_interfaces/package_master_interfaces_s__rosidl_typesupport_introspection_c.cpython-310-x86_64-linux-gnu.so[0m
[8.368s] [100%] [32m[1mLinking C shared library rosidl_generator_py/package_master_interfaces/package_master_interfaces_s__rosidl_typesupport_c.cpython-310-x86_64-linux-gnu.so[0m
[8.368s] [100%] [32m[1mLinking C shared library rosidl_generator_py/package_master_interfaces/package_master_interfaces_s__rosidl_typesupport_fastrtps_c.cpython-310-x86_64-linux-gnu.so[0m
[8.413s] [100%] Built target package_master_interfaces__rosidl_typesupport_introspection_c__pyext
[8.417s] [100%] Built target package_master_interfaces__rosidl_typesupport_c__pyext
[8.420s] [100%] Built target package_master_interfaces__rosidl_typesupport_fastrtps_c__pyext
[8.438s] Invoked command in '/home/rouillon/Documents/ProDroneTB/ProRob/build/package_master_interfaces' returned '0': CMAKE_PREFIX_PATH=${CMAKE_PREFIX_PATH}:/home/rouillon/Documents/ProDroneTB/ProRob/install/py_srvcli:/home/rouillon/Documents/ProDroneTB/ProRob/install/package_master:/home/rouillon/ProRob/install/py_srvcli:/home/rouillon/ProRob/install/package_master:/opt/ros/humble /usr/bin/cmake --build /home/rouillon/Documents/ProDroneTB/ProRob/build/package_master_interfaces -- -j4 -l4
[8.450s] Invoking command in '/home/rouillon/Documents/ProDroneTB/ProRob/build/package_master_interfaces': CMAKE_PREFIX_PATH=${CMAKE_PREFIX_PATH}:/home/rouillon/Documents/ProDroneTB/ProRob/install/py_srvcli:/home/rouillon/Documents/ProDroneTB/ProRob/install/package_master:/home/rouillon/ProRob/install/py_srvcli:/home/rouillon/ProRob/install/package_master:/opt/ros/humble /usr/bin/cmake --install /home/rouillon/Documents/ProDroneTB/ProRob/build/package_master_interfaces
[8.459s] -- Install configuration: ""
[8.459s] -- Installing: /home/rouillon/Documents/ProDroneTB/ProRob/install/package_master_interfaces/share/ament_index/resource_index/rosidl_interfaces/package_master_interfaces
[8.460s] -- Installing: /home/rouillon/Documents/ProDroneTB/ProRob/install/package_master_interfaces/include/package_master_interfaces/package_master_interfaces
[8.460s] -- Installing: /home/rouillon/Documents/ProDroneTB/ProRob/install/package_master_interfaces/include/package_master_interfaces/package_master_interfaces/msg
[8.460s] -- Installing: /home/rouillon/Documents/ProDroneTB/ProRob/install/package_master_interfaces/include/package_master_interfaces/package_master_interfaces/msg/num.h
[8.460s] -- Installing: /home/rouillon/Documents/ProDroneTB/ProRob/install/package_master_interfaces/include/package_master_interfaces/package_master_interfaces/msg/detail
[8.460s] -- Installing: /home/rouillon/Documents/ProDroneTB/ProRob/install/package_master_interfaces/include/package_master_interfaces/package_master_interfaces/msg/detail/sequence_elments__functions.c
[8.460s] -- Installing: /home/rouillon/Documents/ProDroneTB/ProRob/install/package_master_interfaces/include/package_master_interfaces/package_master_interfaces/msg/detail/num__type_support.h
[8.460s] -- Installing: /home/rouillon/Documents/ProDroneTB/ProRob/install/package_master_interfaces/include/package_master_interfaces/package_master_interfaces/msg/detail/sequence_elments__struct.h
[8.460s] -- Installing: /home/rouillon/Documents/ProDroneTB/ProRob/install/package_master_interfaces/include/package_master_interfaces/package_master_interfaces/msg/detail/sequence_elments__type_support.h
[8.461s] -- Installing: /home/rouillon/Documents/ProDroneTB/ProRob/install/package_master_interfaces/include/package_master_interfaces/package_master_interfaces/msg/detail/num__struct.h
[8.461s] -- Installing: /home/rouillon/Documents/ProDroneTB/ProRob/install/package_master_interfaces/include/package_master_interfaces/package_master_interfaces/msg/detail/sequence_elments__functions.h
[8.461s] -- Installing: /home/rouillon/Documents/ProDroneTB/ProRob/install/package_master_interfaces/include/package_master_interfaces/package_master_interfaces/msg/detail/num__functions.c
[8.461s] -- Installing: /home/rouillon/Documents/ProDroneTB/ProRob/install/package_master_interfaces/include/package_master_interfaces/package_master_interfaces/msg/detail/num__functions.h
[8.461s] -- Installing: /home/rouillon/Documents/ProDroneTB/ProRob/install/package_master_interfaces/include/package_master_interfaces/package_master_interfaces/msg/rosidl_generator_c__visibility_control.h
[8.461s] -- Installing: /home/rouillon/Documents/ProDroneTB/ProRob/install/package_master_interfaces/include/package_master_interfaces/package_master_interfaces/msg/sequence_elments.h
[8.461s] -- Installing: /home/rouillon/Documents/ProDroneTB/ProRob/install/package_master_interfaces/include/package_master_interfaces/package_master_interfaces/srv
[8.461s] -- Installing: /home/rouillon/Documents/ProDroneTB/ProRob/install/package_master_interfaces/include/package_master_interfaces/package_master_interfaces/srv/add_three_ints.h
[8.462s] -- Installing: /home/rouillon/Documents/ProDroneTB/ProRob/install/package_master_interfaces/include/package_master_interfaces/package_master_interfaces/srv/detail
[8.462s] -- Installing: /home/rouillon/Documents/ProDroneTB/ProRob/install/package_master_interfaces/include/package_master_interfaces/package_master_interfaces/srv/detail/drone_trajectories__type_support.h
[8.462s] -- Installing: /home/rouillon/Documents/ProDroneTB/ProRob/install/package_master_interfaces/include/package_master_interfaces/package_master_interfaces/srv/detail/robot_positions__type_support.h
[8.462s] -- Installing: /home/rouillon/Documents/ProDroneTB/ProRob/install/package_master_interfaces/include/package_master_interfaces/package_master_interfaces/srv/detail/add_three_ints__type_support.h
[8.462s] -- Installing: /home/rouillon/Documents/ProDroneTB/ProRob/install/package_master_interfaces/include/package_master_interfaces/package_master_interfaces/srv/detail/add_three_ints__struct.h
[8.462s] -- Installing: /home/rouillon/Documents/ProDroneTB/ProRob/install/package_master_interfaces/include/package_master_interfaces/package_master_interfaces/srv/detail/drone_trajectories__struct.h
[8.463s] -- Installing: /home/rouillon/Documents/ProDroneTB/ProRob/install/package_master_interfaces/include/package_master_interfaces/package_master_interfaces/srv/detail/robot_positions__functions.h
[8.463s] -- Installing: /home/rouillon/Documents/ProDroneTB/ProRob/install/package_master_interfaces/include/package_master_interfaces/package_master_interfaces/srv/detail/send_positions__type_support.h
[8.463s] -- Installing: /home/rouillon/Documents/ProDroneTB/ProRob/install/package_master_interfaces/include/package_master_interfaces/package_master_interfaces/srv/detail/add_three_ints__functions.h
[8.463s] -- Installing: /home/rouillon/Documents/ProDroneTB/ProRob/install/package_master_interfaces/include/package_master_interfaces/package_master_interfaces/srv/detail/send_positions__struct.h
[8.463s] -- Installing: /home/rouillon/Documents/ProDroneTB/ProRob/install/package_master_interfaces/include/package_master_interfaces/package_master_interfaces/srv/detail/robot_positions__struct.h
[8.463s] -- Installing: /home/rouillon/Documents/ProDroneTB/ProRob/install/package_master_interfaces/include/package_master_interfaces/package_master_interfaces/srv/detail/send_positions__functions.h
[8.463s] -- Installing: /home/rouillon/Documents/ProDroneTB/ProRob/install/package_master_interfaces/include/package_master_interfaces/package_master_interfaces/srv/detail/drone_trajectories__functions.h
[8.463s] -- Installing: /home/rouillon/Documents/ProDroneTB/ProRob/install/package_master_interfaces/include/package_master_interfaces/package_master_interfaces/srv/detail/drone_trajectories__functions.c
[8.463s] -- Installing: /home/rouillon/Documents/ProDroneTB/ProRob/install/package_master_interfaces/include/package_master_interfaces/package_master_interfaces/srv/detail/send_positions__functions.c
[8.464s] -- Installing: /home/rouillon/Documents/ProDroneTB/ProRob/install/package_master_interfaces/include/package_master_interfaces/package_master_interfaces/srv/detail/add_three_ints__functions.c
[8.464s] -- Installing: /home/rouillon/Documents/ProDroneTB/ProRob/install/package_master_interfaces/include/package_master_interfaces/package_master_interfaces/srv/detail/robot_positions__functions.c
[8.464s] -- Installing: /home/rouillon/Documents/ProDroneTB/ProRob/install/package_master_interfaces/include/package_master_interfaces/package_master_interfaces/srv/robot_positions.h
[8.464s] -- Installing: /home/rouillon/Documents/ProDroneTB/ProRob/install/package_master_interfaces/include/package_master_interfaces/package_master_interfaces/srv/send_positions.h
[8.464s] -- Installing: /home/rouillon/Documents/ProDroneTB/ProRob/install/package_master_interfaces/include/package_master_interfaces/package_master_interfaces/srv/drone_trajectories.h
[8.464s] -- Installing: /home/rouillon/Documents/ProDroneTB/ProRob/install/package_master_interfaces/share/package_master_interfaces/environment/library_path.sh
[8.464s] -- Installing: /home/rouillon/Documents/ProDroneTB/ProRob/install/package_master_interfaces/share/package_master_interfaces/environment/library_path.dsv
[8.464s] -- Installing: /home/rouillon/Documents/ProDroneTB/ProRob/install/package_master_interfaces/lib/libpackage_master_interfaces__rosidl_generator_c.so
[8.466s] -- Set runtime path of "/home/rouillon/Documents/ProDroneTB/ProRob/install/package_master_interfaces/lib/libpackage_master_interfaces__rosidl_generator_c.so" to ""
[8.466s] -- Up-to-date: /home/rouillon/Documents/ProDroneTB/ProRob/install/package_master_interfaces/include/package_master_interfaces/package_master_interfaces
[8.466s] -- Up-to-date: /home/rouillon/Documents/ProDroneTB/ProRob/install/package_master_interfaces/include/package_master_interfaces/package_master_interfaces/msg
[8.467s] -- Up-to-date: /home/rouillon/Documents/ProDroneTB/ProRob/install/package_master_interfaces/include/package_master_interfaces/package_master_interfaces/msg/detail
[8.467s] -- Installing: /home/rouillon/Documents/ProDroneTB/ProRob/install/package_master_interfaces/include/package_master_interfaces/package_master_interfaces/msg/detail/num__rosidl_typesupport_fastrtps_c.h
[8.467s] -- Installing: /home/rouillon/Documents/ProDroneTB/ProRob/install/package_master_interfaces/include/package_master_interfaces/package_master_interfaces/msg/detail/sequence_elments__rosidl_typesupport_fastrtps_c.h
[8.467s] -- Installing: /home/rouillon/Documents/ProDroneTB/ProRob/install/package_master_interfaces/include/package_master_interfaces/package_master_interfaces/msg/rosidl_typesupport_fastrtps_c__visibility_control.h
[8.467s] -- Up-to-date: /home/rouillon/Documents/ProDroneTB/ProRob/install/package_master_interfaces/include/package_master_interfaces/package_master_interfaces/srv
[8.467s] -- Up-to-date: /home/rouillon/Documents/ProDroneTB/ProRob/install/package_master_interfaces/include/package_master_interfaces/package_master_interfaces/srv/detail
[8.468s] -- Installing: /home/rouillon/Documents/ProDroneTB/ProRob/install/package_master_interfaces/include/package_master_interfaces/package_master_interfaces/srv/detail/add_three_ints__rosidl_typesupport_fastrtps_c.h
[8.468s] -- Installing: /home/rouillon/Documents/ProDroneTB/ProRob/install/package_master_interfaces/include/package_master_interfaces/package_master_interfaces/srv/detail/robot_positions__rosidl_typesupport_fastrtps_c.h
[8.468s] -- Installing: /home/rouillon/Documents/ProDroneTB/ProRob/install/package_master_interfaces/include/package_master_interfaces/package_master_interfaces/srv/detail/send_positions__rosidl_typesupport_fastrtps_c.h
[8.468s] -- Installing: /home/rouillon/Documents/ProDroneTB/ProRob/install/package_master_interfaces/lib/libpackage_master_interfaces__rosidl_typesupport_fastrtps_c.so
[8.468s] -- Set runtime path of "/home/rouillon/Documents/ProDroneTB/ProRob/install/package_master_interfaces/lib/libpackage_master_interfaces__rosidl_typesupport_fastrtps_c.so" to ""
[8.469s] -- Up-to-date: /home/rouillon/Documents/ProDroneTB/ProRob/install/package_master_interfaces/include/package_master_interfaces/package_master_interfaces
[8.469s] -- Up-to-date: /home/rouillon/Documents/ProDroneTB/ProRob/install/package_master_interfaces/include/package_master_interfaces/package_master_interfaces/msg
[8.469s] -- Up-to-date: /home/rouillon/Documents/ProDroneTB/ProRob/install/package_master_interfaces/include/package_master_interfaces/package_master_interfaces/msg/detail
[8.469s] -- Installing: /home/rouillon/Documents/ProDroneTB/ProRob/install/package_master_interfaces/include/package_master_interfaces/package_master_interfaces/msg/detail/sequence_elments__type_support.c
[8.469s] -- Installing: /home/rouillon/Documents/ProDroneTB/ProRob/install/package_master_interfaces/include/package_master_interfaces/package_master_interfaces/msg/detail/num__type_support.c
[8.469s] -- Installing: /home/rouillon/Documents/ProDroneTB/ProRob/install/package_master_interfaces/include/package_master_interfaces/package_master_interfaces/msg/detail/num__rosidl_typesupport_introspection_c.h
[8.469s] -- Installing: /home/rouillon/Documents/ProDroneTB/ProRob/install/package_master_interfaces/include/package_master_interfaces/package_master_interfaces/msg/detail/sequence_elments__rosidl_typesupport_introspection_c.h
[8.470s] -- Installing: /home/rouillon/Documents/ProDroneTB/ProRob/install/package_master_interfaces/include/package_master_interfaces/package_master_interfaces/msg/rosidl_typesupport_introspection_c__visibility_control.h
[8.470s] -- Up-to-date: /home/rouillon/Documents/ProDroneTB/ProRob/install/package_master_interfaces/include/package_master_interfaces/package_master_interfaces/srv
[8.470s] -- Up-to-date: /home/rouillon/Documents/ProDroneTB/ProRob/install/package_master_interfaces/include/package_master_interfaces/package_master_interfaces/srv/detail
[8.470s] -- Installing: /home/rouillon/Documents/ProDroneTB/ProRob/install/package_master_interfaces/include/package_master_interfaces/package_master_interfaces/srv/detail/send_positions__rosidl_typesupport_introspection_c.h
[8.470s] -- Installing: /home/rouillon/Documents/ProDroneTB/ProRob/install/package_master_interfaces/include/package_master_interfaces/package_master_interfaces/srv/detail/add_three_ints__type_support.c
[8.471s] -- Installing: /home/rouillon/Documents/ProDroneTB/ProRob/install/package_master_interfaces/include/package_master_interfaces/package_master_interfaces/srv/detail/robot_positions__type_support.c
[8.471s] -- Installing: /home/rouillon/Documents/ProDroneTB/ProRob/install/package_master_interfaces/include/package_master_interfaces/package_master_interfaces/srv/detail/add_three_ints__rosidl_typesupport_introspection_c.h
[8.471s] -- Installing: /home/rouillon/Documents/ProDroneTB/ProRob/install/package_master_interfaces/include/package_master_interfaces/package_master_interfaces/srv/detail/send_positions__type_support.c
[8.471s] -- Installing: /home/rouillon/Documents/ProDroneTB/ProRob/install/package_master_interfaces/include/package_master_interfaces/package_master_interfaces/srv/detail/robot_positions__rosidl_typesupport_introspection_c.h
[8.471s] -- Installing: /home/rouillon/Documents/ProDroneTB/ProRob/install/package_master_interfaces/lib/libpackage_master_interfaces__rosidl_typesupport_introspection_c.so
[8.471s] -- Set runtime path of "/home/rouillon/Documents/ProDroneTB/ProRob/install/package_master_interfaces/lib/libpackage_master_interfaces__rosidl_typesupport_introspection_c.so" to ""
[8.471s] -- Installing: /home/rouillon/Documents/ProDroneTB/ProRob/install/package_master_interfaces/lib/libpackage_master_interfaces__rosidl_typesupport_c.so
[8.471s] -- Set runtime path of "/home/rouillon/Documents/ProDroneTB/ProRob/install/package_master_interfaces/lib/libpackage_master_interfaces__rosidl_typesupport_c.so" to ""
[8.472s] -- Up-to-date: /home/rouillon/Documents/ProDroneTB/ProRob/install/package_master_interfaces/include/package_master_interfaces/package_master_interfaces
[8.472s] -- Up-to-date: /home/rouillon/Documents/ProDroneTB/ProRob/install/package_master_interfaces/include/package_master_interfaces/package_master_interfaces/msg
[8.472s] -- Up-to-date: /home/rouillon/Documents/ProDroneTB/ProRob/install/package_master_interfaces/include/package_master_interfaces/package_master_interfaces/msg/detail
[8.472s] -- Installing: /home/rouillon/Documents/ProDroneTB/ProRob/install/package_master_interfaces/include/package_master_interfaces/package_master_interfaces/msg/detail/num__type_support.hpp
[8.472s] -- Installing: /home/rouillon/Documents/ProDroneTB/ProRob/install/package_master_interfaces/include/package_master_interfaces/package_master_interfaces/msg/detail/sequence_elments__builder.hpp
[8.472s] -- Installing: /home/rouillon/Documents/ProDroneTB/ProRob/install/package_master_interfaces/include/package_master_interfaces/package_master_interfaces/msg/detail/sequence_elments__type_support.hpp
[8.472s] -- Installing: /home/rouillon/Documents/ProDroneTB/ProRob/install/package_master_interfaces/include/package_master_interfaces/package_master_interfaces/msg/detail/sequence_elments__traits.hpp
[8.472s] -- Installing: /home/rouillon/Documents/ProDroneTB/ProRob/install/package_master_interfaces/include/package_master_interfaces/package_master_interfaces/msg/detail/num__struct.hpp
[8.472s] -- Installing: /home/rouillon/Documents/ProDroneTB/ProRob/install/package_master_interfaces/include/package_master_interfaces/package_master_interfaces/msg/detail/sequence_elments__struct.hpp
[8.472s] -- Installing: /home/rouillon/Documents/ProDroneTB/ProRob/install/package_master_interfaces/include/package_master_interfaces/package_master_interfaces/msg/detail/num__builder.hpp
[8.472s] -- Installing: /home/rouillon/Documents/ProDroneTB/ProRob/install/package_master_interfaces/include/package_master_interfaces/package_master_interfaces/msg/detail/num__traits.hpp
[8.473s] -- Installing: /home/rouillon/Documents/ProDroneTB/ProRob/install/package_master_interfaces/include/package_master_interfaces/package_master_interfaces/msg/num.hpp
[8.473s] -- Installing: /home/rouillon/Documents/ProDroneTB/ProRob/install/package_master_interfaces/include/package_master_interfaces/package_master_interfaces/msg/sequence_elments.hpp
[8.473s] -- Installing: /home/rouillon/Documents/ProDroneTB/ProRob/install/package_master_interfaces/include/package_master_interfaces/package_master_interfaces/msg/rosidl_generator_cpp__visibility_control.hpp
[8.473s] -- Up-to-date: /home/rouillon/Documents/ProDroneTB/ProRob/install/package_master_interfaces/include/package_master_interfaces/package_master_interfaces/srv
[8.473s] -- Installing: /home/rouillon/Documents/ProDroneTB/ProRob/install/package_master_interfaces/include/package_master_interfaces/package_master_interfaces/srv/send_positions.hpp
[8.473s] -- Up-to-date: /home/rouillon/Documents/ProDroneTB/ProRob/install/package_master_interfaces/include/package_master_interfaces/package_master_interfaces/srv/detail
[8.473s] -- Installing: /home/rouillon/Documents/ProDroneTB/ProRob/install/package_master_interfaces/include/package_master_interfaces/package_master_interfaces/srv/detail/robot_positions__struct.hpp
[8.474s] -- Installing: /home/rouillon/Documents/ProDroneTB/ProRob/install/package_master_interfaces/include/package_master_interfaces/package_master_interfaces/srv/detail/robot_positions__builder.hpp
[8.474s] -- Installing: /home/rouillon/Documents/ProDroneTB/ProRob/install/package_master_interfaces/include/package_master_interfaces/package_master_interfaces/srv/detail/drone_trajectories__builder.hpp
[8.474s] -- Installing: /home/rouillon/Documents/ProDroneTB/ProRob/install/package_master_interfaces/include/package_master_interfaces/package_master_interfaces/srv/detail/robot_positions__type_support.hpp
[8.474s] -- Installing: /home/rouillon/Documents/ProDroneTB/ProRob/install/package_master_interfaces/include/package_master_interfaces/package_master_interfaces/srv/detail/add_three_ints__struct.hpp
[8.474s] -- Installing: /home/rouillon/Documents/ProDroneTB/ProRob/install/package_master_interfaces/include/package_master_interfaces/package_master_interfaces/srv/detail/drone_trajectories__type_support.hpp
[8.474s] -- Installing: /home/rouillon/Documents/ProDroneTB/ProRob/install/package_master_interfaces/include/package_master_interfaces/package_master_interfaces/srv/detail/robot_positions__traits.hpp
[8.474s] -- Installing: /home/rouillon/Documents/ProDroneTB/ProRob/install/package_master_interfaces/include/package_master_interfaces/package_master_interfaces/srv/detail/drone_trajectories__traits.hpp
[8.474s] -- Installing: /home/rouillon/Documents/ProDroneTB/ProRob/install/package_master_interfaces/include/package_master_interfaces/package_master_interfaces/srv/detail/send_positions__traits.hpp
[8.474s] -- Installing: /home/rouillon/Documents/ProDroneTB/ProRob/install/package_master_interfaces/include/package_master_interfaces/package_master_interfaces/srv/detail/add_three_ints__type_support.hpp
[8.475s] -- Installing: /home/rouillon/Documents/ProDroneTB/ProRob/install/package_master_interfaces/include/package_master_interfaces/package_master_interfaces/srv/detail/drone_trajectories__struct.hpp
[8.475s] -- Installing: /home/rouillon/Documents/ProDroneTB/ProRob/install/package_master_interfaces/include/package_master_interfaces/package_master_interfaces/srv/detail/send_positions__type_support.hpp
[8.475s] -- Installing: /home/rouillon/Documents/ProDroneTB/ProRob/install/package_master_interfaces/include/package_master_interfaces/package_master_interfaces/srv/detail/send_positions__struct.hpp
[8.475s] -- Installing: /home/rouillon/Documents/ProDroneTB/ProRob/install/package_master_interfaces/include/package_master_interfaces/package_master_interfaces/srv/detail/add_three_ints__traits.hpp
[8.475s] -- Installing: /home/rouillon/Documents/ProDroneTB/ProRob/install/package_master_interfaces/include/package_master_interfaces/package_master_interfaces/srv/detail/add_three_ints__builder.hpp
[8.475s] -- Installing: /home/rouillon/Documents/ProDroneTB/ProRob/install/package_master_interfaces/include/package_master_interfaces/package_master_interfaces/srv/detail/send_positions__builder.hpp
[8.476s] -- Installing: /home/rouillon/Documents/ProDroneTB/ProRob/install/package_master_interfaces/include/package_master_interfaces/package_master_interfaces/srv/add_three_ints.hpp
[8.476s] -- Installing: /home/rouillon/Documents/ProDroneTB/ProRob/install/package_master_interfaces/include/package_master_interfaces/package_master_interfaces/srv/robot_positions.hpp
[8.476s] -- Installing: /home/rouillon/Documents/ProDroneTB/ProRob/install/package_master_interfaces/include/package_master_interfaces/package_master_interfaces/srv/drone_trajectories.hpp
[8.476s] -- Up-to-date: /home/rouillon/Documents/ProDroneTB/ProRob/install/package_master_interfaces/include/package_master_interfaces/package_master_interfaces
[8.476s] -- Up-to-date: /home/rouillon/Documents/ProDroneTB/ProRob/install/package_master_interfaces/include/package_master_interfaces/package_master_interfaces/msg
[8.476s] -- Up-to-date: /home/rouillon/Documents/ProDroneTB/ProRob/install/package_master_interfaces/include/package_master_interfaces/package_master_interfaces/msg/detail
[8.476s] -- Installing: /home/rouillon/Documents/ProDroneTB/ProRob/install/package_master_interfaces/include/package_master_interfaces/package_master_interfaces/msg/detail/sequence_elments__rosidl_typesupport_fastrtps_cpp.hpp
[8.477s] -- Installing: /home/rouillon/Documents/ProDroneTB/ProRob/install/package_master_interfaces/include/package_master_interfaces/package_master_interfaces/msg/detail/num__rosidl_typesupport_fastrtps_cpp.hpp
[8.477s] -- Installing: /home/rouillon/Documents/ProDroneTB/ProRob/install/package_master_interfaces/include/package_master_interfaces/package_master_interfaces/msg/detail/dds_fastrtps
[8.477s] -- Installing: /home/rouillon/Documents/ProDroneTB/ProRob/install/package_master_interfaces/include/package_master_interfaces/package_master_interfaces/msg/rosidl_typesupport_fastrtps_cpp__visibility_control.h
[8.477s] -- Up-to-date: /home/rouillon/Documents/ProDroneTB/ProRob/install/package_master_interfaces/include/package_master_interfaces/package_master_interfaces/srv
[8.477s] -- Up-to-date: /home/rouillon/Documents/ProDroneTB/ProRob/install/package_master_interfaces/include/package_master_interfaces/package_master_interfaces/srv/detail
[8.477s] -- Installing: /home/rouillon/Documents/ProDroneTB/ProRob/install/package_master_interfaces/include/package_master_interfaces/package_master_interfaces/srv/detail/add_three_ints__rosidl_typesupport_fastrtps_cpp.hpp
[8.477s] -- Installing: /home/rouillon/Documents/ProDroneTB/ProRob/install/package_master_interfaces/include/package_master_interfaces/package_master_interfaces/srv/detail/drone_trajectories__rosidl_typesupport_fastrtps_cpp.hpp
[8.477s] -- Installing: /home/rouillon/Documents/ProDroneTB/ProRob/install/package_master_interfaces/include/package_master_interfaces/package_master_interfaces/srv/detail/robot_positions__rosidl_typesupport_fastrtps_cpp.hpp
[8.478s] -- Installing: /home/rouillon/Documents/ProDroneTB/ProRob/install/package_master_interfaces/include/package_master_interfaces/package_master_interfaces/srv/detail/dds_fastrtps
[8.478s] -- Installing: /home/rouillon/Documents/ProDroneTB/ProRob/install/package_master_interfaces/include/package_master_interfaces/package_master_interfaces/srv/detail/send_positions__rosidl_typesupport_fastrtps_cpp.hpp
[8.478s] -- Installing: /home/rouillon/Documents/ProDroneTB/ProRob/install/package_master_interfaces/lib/libpackage_master_interfaces__rosidl_typesupport_fastrtps_cpp.so
[8.478s] -- Set runtime path of "/home/rouillon/Documents/ProDroneTB/ProRob/install/package_master_interfaces/lib/libpackage_master_interfaces__rosidl_typesupport_fastrtps_cpp.so" to ""
[8.478s] -- Up-to-date: /home/rouillon/Documents/ProDroneTB/ProRob/install/package_master_interfaces/include/package_master_interfaces/package_master_interfaces
[8.478s] -- Up-to-date: /home/rouillon/Documents/ProDroneTB/ProRob/install/package_master_interfaces/include/package_master_interfaces/package_master_interfaces/msg
[8.478s] -- Up-to-date: /home/rouillon/Documents/ProDroneTB/ProRob/install/package_master_interfaces/include/package_master_interfaces/package_master_interfaces/msg/detail
[8.479s] -- Installing: /home/rouillon/Documents/ProDroneTB/ProRob/install/package_master_interfaces/include/package_master_interfaces/package_master_interfaces/msg/detail/num__rosidl_typesupport_introspection_cpp.hpp
[8.479s] -- Installing: /home/rouillon/Documents/ProDroneTB/ProRob/install/package_master_interfaces/include/package_master_interfaces/package_master_interfaces/msg/detail/num__type_support.cpp
[8.479s] -- Installing: /home/rouillon/Documents/ProDroneTB/ProRob/install/package_master_interfaces/include/package_master_interfaces/package_master_interfaces/msg/detail/sequence_elments__type_support.cpp
[8.479s] -- Installing: /home/rouillon/Documents/ProDroneTB/ProRob/install/package_master_interfaces/include/package_master_interfaces/package_master_interfaces/msg/detail/sequence_elments__rosidl_typesupport_introspection_cpp.hpp
[8.479s] -- Up-to-date: /home/rouillon/Documents/ProDroneTB/ProRob/install/package_master_interfaces/include/package_master_interfaces/package_master_interfaces/srv
[8.479s] -- Up-to-date: /home/rouillon/Documents/ProDroneTB/ProRob/install/package_master_interfaces/include/package_master_interfaces/package_master_interfaces/srv/detail
[8.479s] -- Installing: /home/rouillon/Documents/ProDroneTB/ProRob/install/package_master_interfaces/include/package_master_interfaces/package_master_interfaces/srv/detail/robot_positions__rosidl_typesupport_introspection_cpp.hpp
[8.480s] -- Installing: /home/rouillon/Documents/ProDroneTB/ProRob/install/package_master_interfaces/include/package_master_interfaces/package_master_interfaces/srv/detail/drone_trajectories__rosidl_typesupport_introspection_cpp.hpp
[8.480s] -- Installing: /home/rouillon/Documents/ProDroneTB/ProRob/install/package_master_interfaces/include/package_master_interfaces/package_master_interfaces/srv/detail/drone_trajectories__type_support.cpp
[8.480s] -- Installing: /home/rouillon/Documents/ProDroneTB/ProRob/install/package_master_interfaces/include/package_master_interfaces/package_master_interfaces/srv/detail/add_three_ints__type_support.cpp
[8.480s] -- Installing: /home/rouillon/Documents/ProDroneTB/ProRob/install/package_master_interfaces/include/package_master_interfaces/package_master_interfaces/srv/detail/send_positions__rosidl_typesupport_introspection_cpp.hpp
[8.481s] -- Installing: /home/rouillon/Documents/ProDroneTB/ProRob/install/package_master_interfaces/include/package_master_interfaces/package_master_interfaces/srv/detail/robot_positions__type_support.cpp
[8.481s] -- Installing: /home/rouillon/Documents/ProDroneTB/ProRob/install/package_master_interfaces/include/package_master_interfaces/package_master_interfaces/srv/detail/add_three_ints__rosidl_typesupport_introspection_cpp.hpp
[8.481s] -- Installing: /home/rouillon/Documents/ProDroneTB/ProRob/install/package_master_interfaces/include/package_master_interfaces/package_master_interfaces/srv/detail/send_positions__type_support.cpp
[8.481s] -- Installing: /home/rouillon/Documents/ProDroneTB/ProRob/install/package_master_interfaces/lib/libpackage_master_interfaces__rosidl_typesupport_introspection_cpp.so
[8.482s] -- Set runtime path of "/home/rouillon/Documents/ProDroneTB/ProRob/install/package_master_interfaces/lib/libpackage_master_interfaces__rosidl_typesupport_introspection_cpp.so" to ""
[8.482s] -- Installing: /home/rouillon/Documents/ProDroneTB/ProRob/install/package_master_interfaces/lib/libpackage_master_interfaces__rosidl_typesupport_cpp.so
[8.482s] -- Set runtime path of "/home/rouillon/Documents/ProDroneTB/ProRob/install/package_master_interfaces/lib/libpackage_master_interfaces__rosidl_typesupport_cpp.so" to ""
[8.482s] -- Installing: /home/rouillon/Documents/ProDroneTB/ProRob/install/package_master_interfaces/share/package_master_interfaces/environment/pythonpath.sh
[8.482s] -- Installing: /home/rouillon/Documents/ProDroneTB/ProRob/install/package_master_interfaces/share/package_master_interfaces/environment/pythonpath.dsv
[8.482s] -- Installing: /home/rouillon/Documents/ProDroneTB/ProRob/install/package_master_interfaces/local/lib/python3.10/dist-packages/package_master_interfaces-0.0.0-py3.10.egg-info
[8.483s] -- Installing: /home/rouillon/Documents/ProDroneTB/ProRob/install/package_master_interfaces/local/lib/python3.10/dist-packages/package_master_interfaces-0.0.0-py3.10.egg-info/SOURCES.txt
[8.483s] -- Installing: /home/rouillon/Documents/ProDroneTB/ProRob/install/package_master_interfaces/local/lib/python3.10/dist-packages/package_master_interfaces-0.0.0-py3.10.egg-info/PKG-INFO
[8.483s] -- Installing: /home/rouillon/Documents/ProDroneTB/ProRob/install/package_master_interfaces/local/lib/python3.10/dist-packages/package_master_interfaces-0.0.0-py3.10.egg-info/dependency_links.txt
[8.483s] -- Installing: /home/rouillon/Documents/ProDroneTB/ProRob/install/package_master_interfaces/local/lib/python3.10/dist-packages/package_master_interfaces-0.0.0-py3.10.egg-info/top_level.txt
[8.483s] -- Installing: /home/rouillon/Documents/ProDroneTB/ProRob/install/package_master_interfaces/local/lib/python3.10/dist-packages/package_master_interfaces
[8.483s] -- Installing: /home/rouillon/Documents/ProDroneTB/ProRob/install/package_master_interfaces/local/lib/python3.10/dist-packages/package_master_interfaces/msg
[8.483s] -- Installing: /home/rouillon/Documents/ProDroneTB/ProRob/install/package_master_interfaces/local/lib/python3.10/dist-packages/package_master_interfaces/msg/_num.py
[8.484s] -- Installing: /home/rouillon/Documents/ProDroneTB/ProRob/install/package_master_interfaces/local/lib/python3.10/dist-packages/package_master_interfaces/msg/_sequence_elments_s.c
[8.484s] -- Installing: /home/rouillon/Documents/ProDroneTB/ProRob/install/package_master_interfaces/local/lib/python3.10/dist-packages/package_master_interfaces/msg/_num_s.c
[8.484s] -- Installing: /home/rouillon/Documents/ProDroneTB/ProRob/install/package_master_interfaces/local/lib/python3.10/dist-packages/package_master_interfaces/msg/_sequence_elments.py
[8.484s] -- Installing: /home/rouillon/Documents/ProDroneTB/ProRob/install/package_master_interfaces/local/lib/python3.10/dist-packages/package_master_interfaces/msg/__init__.py
[8.484s] -- Installing: /home/rouillon/Documents/ProDroneTB/ProRob/install/package_master_interfaces/local/lib/python3.10/dist-packages/package_master_interfaces/package_master_interfaces_s__rosidl_typesupport_c.cpython-310-x86_64-linux-gnu.so
[8.484s] -- Installing: /home/rouillon/Documents/ProDroneTB/ProRob/install/package_master_interfaces/local/lib/python3.10/dist-packages/package_master_interfaces/_package_master_interfaces_s.ep.rosidl_typesupport_fastrtps_c.c
[8.485s] -- Installing: /home/rouillon/Documents/ProDroneTB/ProRob/install/package_master_interfaces/local/lib/python3.10/dist-packages/package_master_interfaces/_package_master_interfaces_s.ep.rosidl_typesupport_introspection_c.c
[8.485s] -- Installing: /home/rouillon/Documents/ProDroneTB/ProRob/install/package_master_interfaces/local/lib/python3.10/dist-packages/package_master_interfaces/package_master_interfaces_s__rosidl_typesupport_introspection_c.cpython-310-x86_64-linux-gnu.so
[8.485s] -- Installing: /home/rouillon/Documents/ProDroneTB/ProRob/install/package_master_interfaces/local/lib/python3.10/dist-packages/package_master_interfaces/srv
[8.485s] -- Installing: /home/rouillon/Documents/ProDroneTB/ProRob/install/package_master_interfaces/local/lib/python3.10/dist-packages/package_master_interfaces/srv/_add_three_ints_s.c
[8.485s] -- Installing: /home/rouillon/Documents/ProDroneTB/ProRob/install/package_master_interfaces/local/lib/python3.10/dist-packages/package_master_interfaces/srv/_send_positions_s.c
[8.485s] -- Installing: /home/rouillon/Documents/ProDroneTB/ProRob/install/package_master_interfaces/local/lib/python3.10/dist-packages/package_master_interfaces/srv/_send_positions.py
[8.485s] -- Installing: /home/rouillon/Documents/ProDroneTB/ProRob/install/package_master_interfaces/local/lib/python3.10/dist-packages/package_master_interfaces/srv/_robot_positions.py
[8.485s] -- Installing: /home/rouillon/Documents/ProDroneTB/ProRob/install/package_master_interfaces/local/lib/python3.10/dist-packages/package_master_interfaces/srv/__init__.py
[8.485s] -- Installing: /home/rouillon/Documents/ProDroneTB/ProRob/install/package_master_interfaces/local/lib/python3.10/dist-packages/package_master_interfaces/srv/_robot_positions_s.c
[8.485s] -- Installing: /home/rouillon/Documents/ProDroneTB/ProRob/install/package_master_interfaces/local/lib/python3.10/dist-packages/package_master_interfaces/srv/_add_three_ints.py
[8.485s] -- Installing: /home/rouillon/Documents/ProDroneTB/ProRob/install/package_master_interfaces/local/lib/python3.10/dist-packages/package_master_interfaces/libpackage_master_interfaces__rosidl_generator_py.so
[8.486s] -- Installing: /home/rouillon/Documents/ProDroneTB/ProRob/install/package_master_interfaces/local/lib/python3.10/dist-packages/package_master_interfaces/package_master_interfaces_s__rosidl_typesupport_fastrtps_c.cpython-310-x86_64-linux-gnu.so
[8.486s] -- Installing: /home/rouillon/Documents/ProDroneTB/ProRob/install/package_master_interfaces/local/lib/python3.10/dist-packages/package_master_interfaces/_package_master_interfaces_s.ep.rosidl_typesupport_c.c
[8.486s] -- Installing: /home/rouillon/Documents/ProDroneTB/ProRob/install/package_master_interfaces/local/lib/python3.10/dist-packages/package_master_interfaces/__init__.py
[8.553s] Listing '/home/rouillon/Documents/ProDroneTB/ProRob/install/package_master_interfaces/local/lib/python3.10/dist-packages/package_master_interfaces'...
[8.554s] Compiling '/home/rouillon/Documents/ProDroneTB/ProRob/install/package_master_interfaces/local/lib/python3.10/dist-packages/package_master_interfaces/__init__.py'...
[8.554s] Listing '/home/rouillon/Documents/ProDroneTB/ProRob/install/package_master_interfaces/local/lib/python3.10/dist-packages/package_master_interfaces/msg'...
[8.554s] Compiling '/home/rouillon/Documents/ProDroneTB/ProRob/install/package_master_interfaces/local/lib/python3.10/dist-packages/package_master_interfaces/msg/__init__.py'...
[8.554s] Compiling '/home/rouillon/Documents/ProDroneTB/ProRob/install/package_master_interfaces/local/lib/python3.10/dist-packages/package_master_interfaces/msg/_num.py'...
[8.554s] Compiling '/home/rouillon/Documents/ProDroneTB/ProRob/install/package_master_interfaces/local/lib/python3.10/dist-packages/package_master_interfaces/msg/_sequence_elments.py'...
[8.554s] Listing '/home/rouillon/Documents/ProDroneTB/ProRob/install/package_master_interfaces/local/lib/python3.10/dist-packages/package_master_interfaces/srv'...
[8.554s] Compiling '/home/rouillon/Documents/ProDroneTB/ProRob/install/package_master_interfaces/local/lib/python3.10/dist-packages/package_master_interfaces/srv/__init__.py'...
[8.554s] Compiling '/home/rouillon/Documents/ProDroneTB/ProRob/install/package_master_interfaces/local/lib/python3.10/dist-packages/package_master_interfaces/srv/_add_three_ints.py'...
[8.554s] Compiling '/home/rouillon/Documents/ProDroneTB/ProRob/install/package_master_interfaces/local/lib/python3.10/dist-packages/package_master_interfaces/srv/_robot_positions.py'...
[8.555s] Compiling '/home/rouillon/Documents/ProDroneTB/ProRob/install/package_master_interfaces/local/lib/python3.10/dist-packages/package_master_interfaces/srv/_send_positions.py'...
[8.561s] -- Installing: /home/rouillon/Documents/ProDroneTB/ProRob/install/package_master_interfaces/local/lib/python3.10/dist-packages/package_master_interfaces/package_master_interfaces_s__rosidl_typesupport_fastrtps_c.cpython-310-x86_64-linux-gnu.so
[8.562s] -- Set runtime path of "/home/rouillon/Documents/ProDroneTB/ProRob/install/package_master_interfaces/local/lib/python3.10/dist-packages/package_master_interfaces/package_master_interfaces_s__rosidl_typesupport_fastrtps_c.cpython-310-x86_64-linux-gnu.so" to ""
[8.562s] -- Installing: /home/rouillon/Documents/ProDroneTB/ProRob/install/package_master_interfaces/local/lib/python3.10/dist-packages/package_master_interfaces/package_master_interfaces_s__rosidl_typesupport_introspection_c.cpython-310-x86_64-linux-gnu.so
[8.562s] -- Set runtime path of "/home/rouillon/Documents/ProDroneTB/ProRob/install/package_master_interfaces/local/lib/python3.10/dist-packages/package_master_interfaces/package_master_interfaces_s__rosidl_typesupport_introspection_c.cpython-310-x86_64-linux-gnu.so" to ""
[8.563s] -- Installing: /home/rouillon/Documents/ProDroneTB/ProRob/install/package_master_interfaces/local/lib/python3.10/dist-packages/package_master_interfaces/package_master_interfaces_s__rosidl_typesupport_c.cpython-310-x86_64-linux-gnu.so
[8.563s] -- Set runtime path of "/home/rouillon/Documents/ProDroneTB/ProRob/install/package_master_interfaces/local/lib/python3.10/dist-packages/package_master_interfaces/package_master_interfaces_s__rosidl_typesupport_c.cpython-310-x86_64-linux-gnu.so" to ""
[8.563s] -- Installing: /home/rouillon/Documents/ProDroneTB/ProRob/install/package_master_interfaces/lib/libpackage_master_interfaces__rosidl_generator_py.so
[8.564s] -- Set runtime path of "/home/rouillon/Documents/ProDroneTB/ProRob/install/package_master_interfaces/lib/libpackage_master_interfaces__rosidl_generator_py.so" to ""
[8.564s] -- Installing: /home/rouillon/Documents/ProDroneTB/ProRob/install/package_master_interfaces/share/package_master_interfaces/msg/Num.idl
[8.564s] -- Installing: /home/rouillon/Documents/ProDroneTB/ProRob/install/package_master_interfaces/share/package_master_interfaces/msg/SequenceElments.idl
[8.565s] -- Installing: /home/rouillon/Documents/ProDroneTB/ProRob/install/package_master_interfaces/share/package_master_interfaces/srv/AddThreeInts.idl
[8.565s] -- Installing: /home/rouillon/Documents/ProDroneTB/ProRob/install/package_master_interfaces/share/package_master_interfaces/srv/RobotPositions.idl
[8.565s] -- Installing: /home/rouillon/Documents/ProDroneTB/ProRob/install/package_master_interfaces/share/package_master_interfaces/srv/SendPositions.idl
[8.565s] -- Installing: /home/rouillon/Documents/ProDroneTB/ProRob/install/package_master_interfaces/share/package_master_interfaces/msg/Num.msg
[8.565s] -- Installing: /home/rouillon/Documents/ProDroneTB/ProRob/install/package_master_interfaces/share/package_master_interfaces/msg/SequenceElments.msg
[8.566s] -- Installing: /home/rouillon/Documents/ProDroneTB/ProRob/install/package_master_interfaces/share/package_master_interfaces/srv/AddThreeInts.srv
[8.566s] -- Installing: /home/rouillon/Documents/ProDroneTB/ProRob/install/package_master_interfaces/share/package_master_interfaces/srv/AddThreeInts_Request.msg
[8.566s] -- Installing: /home/rouillon/Documents/ProDroneTB/ProRob/install/package_master_interfaces/share/package_master_interfaces/srv/AddThreeInts_Response.msg
[8.566s] -- Installing: /home/rouillon/Documents/ProDroneTB/ProRob/install/package_master_interfaces/share/package_master_interfaces/srv/RobotPositions.srv
[8.567s] -- Installing: /home/rouillon/Documents/ProDroneTB/ProRob/install/package_master_interfaces/share/package_master_interfaces/srv/RobotPositions_Request.msg
[8.567s] -- Installing: /home/rouillon/Documents/ProDroneTB/ProRob/install/package_master_interfaces/share/package_master_interfaces/srv/RobotPositions_Response.msg
[8.567s] -- Installing: /home/rouillon/Documents/ProDroneTB/ProRob/install/package_master_interfaces/share/package_master_interfaces/srv/SendPositions.srv
[8.567s] -- Installing: /home/rouillon/Documents/ProDroneTB/ProRob/install/package_master_interfaces/share/package_master_interfaces/srv/SendPositions_Request.msg
[8.568s] -- Installing: /home/rouillon/Documents/ProDroneTB/ProRob/install/package_master_interfaces/share/package_master_interfaces/srv/SendPositions_Response.msg
[8.568s] -- Installing: /home/rouillon/Documents/ProDroneTB/ProRob/install/package_master_interfaces/share/ament_index/resource_index/package_run_dependencies/package_master_interfaces
[8.568s] -- Installing: /home/rouillon/Documents/ProDroneTB/ProRob/install/package_master_interfaces/share/ament_index/resource_index/parent_prefix_path/package_master_interfaces
[8.568s] -- Installing: /home/rouillon/Documents/ProDroneTB/ProRob/install/package_master_interfaces/share/package_master_interfaces/environment/ament_prefix_path.sh
[8.569s] -- Installing: /home/rouillon/Documents/ProDroneTB/ProRob/install/package_master_interfaces/share/package_master_interfaces/environment/ament_prefix_path.dsv
[8.569s] -- Installing: /home/rouillon/Documents/ProDroneTB/ProRob/install/package_master_interfaces/share/package_master_interfaces/environment/path.sh
[8.569s] -- Installing: /home/rouillon/Documents/ProDroneTB/ProRob/install/package_master_interfaces/share/package_master_interfaces/environment/path.dsv
[8.569s] -- Installing: /home/rouillon/Documents/ProDroneTB/ProRob/install/package_master_interfaces/share/package_master_interfaces/local_setup.bash
[8.570s] -- Installing: /home/rouillon/Documents/ProDroneTB/ProRob/install/package_master_interfaces/share/package_master_interfaces/local_setup.sh
[8.570s] -- Installing: /home/rouillon/Documents/ProDroneTB/ProRob/install/package_master_interfaces/share/package_master_interfaces/local_setup.zsh
[8.570s] -- Installing: /home/rouillon/Documents/ProDroneTB/ProRob/install/package_master_interfaces/share/package_master_interfaces/local_setup.dsv
[8.570s] -- Installing: /home/rouillon/Documents/ProDroneTB/ProRob/install/package_master_interfaces/share/package_master_interfaces/package.dsv
[8.571s] -- Installing: /home/rouillon/Documents/ProDroneTB/ProRob/install/package_master_interfaces/share/ament_index/resource_index/packages/package_master_interfaces
[8.571s] -- Installing: /home/rouillon/Documents/ProDroneTB/ProRob/install/package_master_interfaces/share/package_master_interfaces/cmake/export_package_master_interfaces__rosidl_generator_cExport.cmake
[8.571s] -- Installing: /home/rouillon/Documents/ProDroneTB/ProRob/install/package_master_interfaces/share/package_master_interfaces/cmake/export_package_master_interfaces__rosidl_generator_cExport-noconfig.cmake
[8.572s] -- Installing: /home/rouillon/Documents/ProDroneTB/ProRob/install/package_master_interfaces/share/package_master_interfaces/cmake/export_package_master_interfaces__rosidl_typesupport_fastrtps_cExport.cmake
[8.572s] -- Installing: /home/rouillon/Documents/ProDroneTB/ProRob/install/package_master_interfaces/share/package_master_interfaces/cmake/export_package_master_interfaces__rosidl_typesupport_fastrtps_cExport-noconfig.cmake
[8.572s] -- Installing: /home/rouillon/Documents/ProDroneTB/ProRob/install/package_master_interfaces/share/package_master_interfaces/cmake/package_master_interfaces__rosidl_typesupport_introspection_cExport.cmake
[8.572s] -- Installing: /home/rouillon/Documents/ProDroneTB/ProRob/install/package_master_interfaces/share/package_master_interfaces/cmake/package_master_interfaces__rosidl_typesupport_introspection_cExport-noconfig.cmake
[8.573s] -- Installing: /home/rouillon/Documents/ProDroneTB/ProRob/install/package_master_interfaces/share/package_master_interfaces/cmake/package_master_interfaces__rosidl_typesupport_cExport.cmake
[8.573s] -- Installing: /home/rouillon/Documents/ProDroneTB/ProRob/install/package_master_interfaces/share/package_master_interfaces/cmake/package_master_interfaces__rosidl_typesupport_cExport-noconfig.cmake
[8.573s] -- Installing: /home/rouillon/Documents/ProDroneTB/ProRob/install/package_master_interfaces/share/package_master_interfaces/cmake/export_package_master_interfaces__rosidl_generator_cppExport.cmake
[8.573s] -- Installing: /home/rouillon/Documents/ProDroneTB/ProRob/install/package_master_interfaces/share/package_master_interfaces/cmake/export_package_master_interfaces__rosidl_typesupport_fastrtps_cppExport.cmake
[8.574s] -- Installing: /home/rouillon/Documents/ProDroneTB/ProRob/install/package_master_interfaces/share/package_master_interfaces/cmake/export_package_master_interfaces__rosidl_typesupport_fastrtps_cppExport-noconfig.cmake
[8.574s] -- Installing: /home/rouillon/Documents/ProDroneTB/ProRob/install/package_master_interfaces/share/package_master_interfaces/cmake/package_master_interfaces__rosidl_typesupport_introspection_cppExport.cmake
[8.574s] -- Installing: /home/rouillon/Documents/ProDroneTB/ProRob/install/package_master_interfaces/share/package_master_interfaces/cmake/package_master_interfaces__rosidl_typesupport_introspection_cppExport-noconfig.cmake
[8.574s] -- Installing: /home/rouillon/Documents/ProDroneTB/ProRob/install/package_master_interfaces/share/package_master_interfaces/cmake/package_master_interfaces__rosidl_typesupport_cppExport.cmake
[8.575s] -- Installing: /home/rouillon/Documents/ProDroneTB/ProRob/install/package_master_interfaces/share/package_master_interfaces/cmake/package_master_interfaces__rosidl_typesupport_cppExport-noconfig.cmake
[8.575s] -- Installing: /home/rouillon/Documents/ProDroneTB/ProRob/install/package_master_interfaces/share/package_master_interfaces/cmake/export_package_master_interfaces__rosidl_generator_pyExport.cmake
[8.575s] -- Installing: /home/rouillon/Documents/ProDroneTB/ProRob/install/package_master_interfaces/share/package_master_interfaces/cmake/export_package_master_interfaces__rosidl_generator_pyExport-noconfig.cmake
[8.576s] -- Installing: /home/rouillon/Documents/ProDroneTB/ProRob/install/package_master_interfaces/share/package_master_interfaces/cmake/rosidl_cmake-extras.cmake
[8.576s] -- Installing: /home/rouillon/Documents/ProDroneTB/ProRob/install/package_master_interfaces/share/package_master_interfaces/cmake/ament_cmake_export_include_directories-extras.cmake
[8.576s] -- Installing: /home/rouillon/Documents/ProDroneTB/ProRob/install/package_master_interfaces/share/package_master_interfaces/cmake/ament_cmake_export_libraries-extras.cmake
[8.576s] -- Installing: /home/rouillon/Documents/ProDroneTB/ProRob/install/package_master_interfaces/share/package_master_interfaces/cmake/ament_cmake_export_targets-extras.cmake
[8.577s] -- Installing: /home/rouillon/Documents/ProDroneTB/ProRob/install/package_master_interfaces/share/package_master_interfaces/cmake/rosidl_cmake_export_typesupport_targets-extras.cmake
[8.577s] -- Installing: /home/rouillon/Documents/ProDroneTB/ProRob/install/package_master_interfaces/share/package_master_interfaces/cmake/ament_cmake_export_dependencies-extras.cmake
[8.577s] -- Installing: /home/rouillon/Documents/ProDroneTB/ProRob/install/package_master_interfaces/share/package_master_interfaces/cmake/rosidl_cmake_export_typesupport_libraries-extras.cmake
[8.577s] -- Installing: /home/rouillon/Documents/ProDroneTB/ProRob/install/package_master_interfaces/share/package_master_interfaces/cmake/package_master_interfacesConfig.cmake
[8.577s] -- Installing: /home/rouillon/Documents/ProDroneTB/ProRob/install/package_master_interfaces/share/package_master_interfaces/cmake/package_master_interfacesConfig-version.cmake
[8.580s] -- Installing: /home/rouillon/Documents/ProDroneTB/ProRob/install/package_master_interfaces/share/package_master_interfaces/package.xml
[8.581s] Invoked command in '/home/rouillon/Documents/ProDroneTB/ProRob/build/package_master_interfaces' returned '0': CMAKE_PREFIX_PATH=${CMAKE_PREFIX_PATH}:/home/rouillon/Documents/ProDroneTB/ProRob/install/py_srvcli:/home/rouillon/Documents/ProDroneTB/ProRob/install/package_master:/home/rouillon/ProRob/install/py_srvcli:/home/rouillon/ProRob/install/package_master:/opt/ros/humble /usr/bin/cmake --install /home/rouillon/Documents/ProDroneTB/ProRob/build/package_master_interfaces
