[0.262s] DEBUG:colcon:Command line arguments: ['/usr/bin/colcon', 'build']
[0.262s] DEBUG:colcon:Parsed command line arguments: Namespace(log_base=None, log_level=None, verb_name='build', build_base='build', install_base='install', merge_install=False, symlink_install=False, test_result_base=None, continue_on_error=False, executor='parallel', parallel_workers=4, event_handlers=None, ignore_user_meta=False, metas=['./colcon.meta'], base_paths=['.'], packages_ignore=None, packages_ignore_regex=None, paths=None, packages_up_to=None, packages_up_to_regex=None, packages_above=None, packages_above_and_dependencies=None, packages_above_depth=None, packages_select_by_dep=None, packages_skip_by_dep=None, packages_skip_up_to=None, packages_select_build_failed=False, packages_skip_build_finished=False, packages_select_test_failures=False, packages_skip_test_passed=False, packages_select=None, packages_skip=None, packages_select_regex=None, packages_skip_regex=None, packages_start=None, packages_end=None, allow_overriding=[], cmake_args=None, cmake_target=None, cmake_target_skip_unavailable=False, cmake_clean_cache=False, cmake_clean_first=False, cmake_force_configure=False, ament_cmake_args=None, catkin_cmake_args=None, catkin_skip_building_tests=False, mixin_files=None, mixin=None, verb_parser=<colcon_mixin.mixin.mixin_argument.MixinArgumentDecorator object at 0x7e07d16e2b60>, verb_extension=<colcon_core.verb.build.BuildVerb object at 0x7e07d1880130>, main=<bound method BuildVerb.main of <colcon_core.verb.build.BuildVerb object at 0x7e07d1880130>>, mixin_verb=('build',))
[0.716s] Level 1:colcon.colcon_core.package_discovery:discover_packages(colcon_meta) check parameters
[0.716s] Level 1:colcon.colcon_core.package_discovery:discover_packages(recursive) check parameters
[0.716s] Level 1:colcon.colcon_core.package_discovery:discover_packages(ignore) check parameters
[0.716s] Level 1:colcon.colcon_core.package_discovery:discover_packages(path) check parameters
[0.716s] Level 1:colcon.colcon_core.package_discovery:discover_packages(colcon_meta) discover
[0.716s] Level 1:colcon.colcon_core.package_discovery:discover_packages(recursive) discover
[0.716s] INFO:colcon.colcon_core.package_discovery:Crawling recursively for packages in '/home/rouillon/Documents/ProDroneTB/ProRob'
[0.717s] Level 1:colcon.colcon_core.package_identification:_identify(.) by extensions ['ignore', 'ignore_ament_install']
[0.717s] Level 1:colcon.colcon_core.package_identification:_identify(.) by extension 'ignore'
[0.717s] Level 1:colcon.colcon_core.package_identification:_identify(.) by extension 'ignore_ament_install'
[0.717s] Level 1:colcon.colcon_core.package_identification:_identify(.) by extensions ['colcon_pkg']
[0.717s] Level 1:colcon.colcon_core.package_identification:_identify(.) by extension 'colcon_pkg'
[0.717s] Level 1:colcon.colcon_core.package_identification:_identify(.) by extensions ['colcon_meta']
[0.717s] Level 1:colcon.colcon_core.package_identification:_identify(.) by extension 'colcon_meta'
[0.717s] Level 1:colcon.colcon_core.package_identification:_identify(.) by extensions ['ros']
[0.717s] Level 1:colcon.colcon_core.package_identification:_identify(.) by extension 'ros'
[0.741s] Level 1:colcon.colcon_core.package_identification:_identify(.) by extensions ['cmake', 'python']
[0.741s] Level 1:colcon.colcon_core.package_identification:_identify(.) by extension 'cmake'
[0.741s] Level 1:colcon.colcon_core.package_identification:_identify(.) by extension 'python'
[0.741s] Level 1:colcon.colcon_core.package_identification:_identify(.) by extensions ['python_setup_py']
[0.741s] Level 1:colcon.colcon_core.package_identification:_identify(.) by extension 'python_setup_py'
[0.742s] Level 1:colcon.colcon_core.package_identification:_identify(build) by extensions ['ignore', 'ignore_ament_install']
[0.742s] Level 1:colcon.colcon_core.package_identification:_identify(build) by extension 'ignore'
[0.742s] Level 1:colcon.colcon_core.package_identification:_identify(build) ignored
[0.742s] Level 1:colcon.colcon_core.package_identification:_identify(install) by extensions ['ignore', 'ignore_ament_install']
[0.742s] Level 1:colcon.colcon_core.package_identification:_identify(install) by extension 'ignore'
[0.742s] Level 1:colcon.colcon_core.package_identification:_identify(install) ignored
[0.743s] Level 1:colcon.colcon_core.package_identification:_identify(log) by extensions ['ignore', 'ignore_ament_install']
[0.743s] Level 1:colcon.colcon_core.package_identification:_identify(log) by extension 'ignore'
[0.743s] Level 1:colcon.colcon_core.package_identification:_identify(log) ignored
[0.743s] Level 1:colcon.colcon_core.package_identification:_identify(src) by extensions ['ignore', 'ignore_ament_install']
[0.743s] Level 1:colcon.colcon_core.package_identification:_identify(src) by extension 'ignore'
[0.743s] Level 1:colcon.colcon_core.package_identification:_identify(src) by extension 'ignore_ament_install'
[0.744s] Level 1:colcon.colcon_core.package_identification:_identify(src) by extensions ['colcon_pkg']
[0.744s] Level 1:colcon.colcon_core.package_identification:_identify(src) by extension 'colcon_pkg'
[0.744s] Level 1:colcon.colcon_core.package_identification:_identify(src) by extensions ['colcon_meta']
[0.744s] Level 1:colcon.colcon_core.package_identification:_identify(src) by extension 'colcon_meta'
[0.744s] Level 1:colcon.colcon_core.package_identification:_identify(src) by extensions ['ros']
[0.744s] Level 1:colcon.colcon_core.package_identification:_identify(src) by extension 'ros'
[0.744s] Level 1:colcon.colcon_core.package_identification:_identify(src) by extensions ['cmake', 'python']
[0.744s] Level 1:colcon.colcon_core.package_identification:_identify(src) by extension 'cmake'
[0.744s] Level 1:colcon.colcon_core.package_identification:_identify(src) by extension 'python'
[0.744s] Level 1:colcon.colcon_core.package_identification:_identify(src) by extensions ['python_setup_py']
[0.745s] Level 1:colcon.colcon_core.package_identification:_identify(src) by extension 'python_setup_py'
[0.745s] Level 1:colcon.colcon_core.package_identification:_identify(src/package_master) by extensions ['ignore', 'ignore_ament_install']
[0.745s] Level 1:colcon.colcon_core.package_identification:_identify(src/package_master) by extension 'ignore'
[0.745s] Level 1:colcon.colcon_core.package_identification:_identify(src/package_master) by extension 'ignore_ament_install'
[0.745s] Level 1:colcon.colcon_core.package_identification:_identify(src/package_master) by extensions ['colcon_pkg']
[0.745s] Level 1:colcon.colcon_core.package_identification:_identify(src/package_master) by extension 'colcon_pkg'
[0.745s] Level 1:colcon.colcon_core.package_identification:_identify(src/package_master) by extensions ['colcon_meta']
[0.745s] Level 1:colcon.colcon_core.package_identification:_identify(src/package_master) by extension 'colcon_meta'
[0.745s] Level 1:colcon.colcon_core.package_identification:_identify(src/package_master) by extensions ['ros']
[0.745s] Level 1:colcon.colcon_core.package_identification:_identify(src/package_master) by extension 'ros'
[0.752s] DEBUG:colcon.colcon_core.package_identification:Package 'src/package_master' with type 'ros.ament_python' and name 'package_master'
[0.752s] Level 1:colcon.colcon_core.package_identification:_identify(src/package_master_interfaces) by extensions ['ignore', 'ignore_ament_install']
[0.752s] Level 1:colcon.colcon_core.package_identification:_identify(src/package_master_interfaces) by extension 'ignore'
[0.752s] Level 1:colcon.colcon_core.package_identification:_identify(src/package_master_interfaces) by extension 'ignore_ament_install'
[0.753s] Level 1:colcon.colcon_core.package_identification:_identify(src/package_master_interfaces) by extensions ['colcon_pkg']
[0.753s] Level 1:colcon.colcon_core.package_identification:_identify(src/package_master_interfaces) by extension 'colcon_pkg'
[0.753s] Level 1:colcon.colcon_core.package_identification:_identify(src/package_master_interfaces) by extensions ['colcon_meta']
[0.753s] Level 1:colcon.colcon_core.package_identification:_identify(src/package_master_interfaces) by extension 'colcon_meta'
[0.753s] Level 1:colcon.colcon_core.package_identification:_identify(src/package_master_interfaces) by extensions ['ros']
[0.753s] Level 1:colcon.colcon_core.package_identification:_identify(src/package_master_interfaces) by extension 'ros'
[0.755s] DEBUG:colcon.colcon_core.package_identification:Package 'src/package_master_interfaces' with type 'ros.ament_cmake' and name 'package_master_interfaces'
[0.755s] Level 1:colcon.colcon_core.package_identification:_identify(src/py_srvcli) by extensions ['ignore', 'ignore_ament_install']
[0.755s] Level 1:colcon.colcon_core.package_identification:_identify(src/py_srvcli) by extension 'ignore'
[0.755s] Level 1:colcon.colcon_core.package_identification:_identify(src/py_srvcli) by extension 'ignore_ament_install'
[0.755s] Level 1:colcon.colcon_core.package_identification:_identify(src/py_srvcli) by extensions ['colcon_pkg']
[0.756s] Level 1:colcon.colcon_core.package_identification:_identify(src/py_srvcli) by extension 'colcon_pkg'
[0.756s] Level 1:colcon.colcon_core.package_identification:_identify(src/py_srvcli) by extensions ['colcon_meta']
[0.756s] Level 1:colcon.colcon_core.package_identification:_identify(src/py_srvcli) by extension 'colcon_meta'
[0.756s] Level 1:colcon.colcon_core.package_identification:_identify(src/py_srvcli) by extensions ['ros']
[0.756s] Level 1:colcon.colcon_core.package_identification:_identify(src/py_srvcli) by extension 'ros'
[0.758s] DEBUG:colcon.colcon_core.package_identification:Package 'src/py_srvcli' with type 'ros.ament_python' and name 'py_srvcli'
[0.758s] Level 1:colcon.colcon_core.package_discovery:discover_packages(recursive) using defaults
[0.758s] Level 1:colcon.colcon_core.package_discovery:discover_packages(ignore) discover
[0.758s] Level 1:colcon.colcon_core.package_discovery:discover_packages(ignore) using defaults
[0.759s] Level 1:colcon.colcon_core.package_discovery:discover_packages(path) discover
[0.759s] Level 1:colcon.colcon_core.package_discovery:discover_packages(path) using defaults
[0.825s] Level 1:colcon.colcon_core.package_discovery:discover_packages(prefix_path) check parameters
[0.825s] Level 1:colcon.colcon_core.package_discovery:discover_packages(prefix_path) discover
[0.830s] DEBUG:colcon.colcon_installed_package_information.package_discovery:Found 270 installed packages in /opt/ros/humble
[0.834s] Level 1:colcon.colcon_core.package_discovery:discover_packages(prefix_path) using defaults
[0.943s] Level 5:colcon.colcon_core.verb:set package 'package_master' build argument 'cmake_args' from command line to 'None'
[0.943s] Level 5:colcon.colcon_core.verb:set package 'package_master' build argument 'cmake_target' from command line to 'None'
[0.943s] Level 5:colcon.colcon_core.verb:set package 'package_master' build argument 'cmake_target_skip_unavailable' from command line to 'False'
[0.943s] Level 5:colcon.colcon_core.verb:set package 'package_master' build argument 'cmake_clean_cache' from command line to 'False'
[0.943s] Level 5:colcon.colcon_core.verb:set package 'package_master' build argument 'cmake_clean_first' from command line to 'False'
[0.943s] Level 5:colcon.colcon_core.verb:set package 'package_master' build argument 'cmake_force_configure' from command line to 'False'
[0.943s] Level 5:colcon.colcon_core.verb:set package 'package_master' build argument 'ament_cmake_args' from command line to 'None'
[0.944s] Level 5:colcon.colcon_core.verb:set package 'package_master' build argument 'catkin_cmake_args' from command line to 'None'
[0.944s] Level 5:colcon.colcon_core.verb:set package 'package_master' build argument 'catkin_skip_building_tests' from command line to 'False'
[0.944s] DEBUG:colcon.colcon_core.verb:Building package 'package_master' with the following arguments: {'ament_cmake_args': None, 'build_base': '/home/rouillon/Documents/ProDroneTB/ProRob/build/package_master', 'catkin_cmake_args': None, 'catkin_skip_building_tests': False, 'cmake_args': None, 'cmake_clean_cache': False, 'cmake_clean_first': False, 'cmake_force_configure': False, 'cmake_target': None, 'cmake_target_skip_unavailable': False, 'install_base': '/home/rouillon/Documents/ProDroneTB/ProRob/install/package_master', 'merge_install': False, 'path': '/home/rouillon/Documents/ProDroneTB/ProRob/src/package_master', 'symlink_install': False, 'test_result_base': None}
[0.945s] Level 5:colcon.colcon_core.verb:set package 'package_master_interfaces' build argument 'cmake_args' from command line to 'None'
[0.945s] Level 5:colcon.colcon_core.verb:set package 'package_master_interfaces' build argument 'cmake_target' from command line to 'None'
[0.945s] Level 5:colcon.colcon_core.verb:set package 'package_master_interfaces' build argument 'cmake_target_skip_unavailable' from command line to 'False'
[0.945s] Level 5:colcon.colcon_core.verb:set package 'package_master_interfaces' build argument 'cmake_clean_cache' from command line to 'False'
[0.945s] Level 5:colcon.colcon_core.verb:set package 'package_master_interfaces' build argument 'cmake_clean_first' from command line to 'False'
[0.945s] Level 5:colcon.colcon_core.verb:set package 'package_master_interfaces' build argument 'cmake_force_configure' from command line to 'False'
[0.945s] Level 5:colcon.colcon_core.verb:set package 'package_master_interfaces' build argument 'ament_cmake_args' from command line to 'None'
[0.945s] Level 5:colcon.colcon_core.verb:set package 'package_master_interfaces' build argument 'catkin_cmake_args' from command line to 'None'
[0.945s] Level 5:colcon.colcon_core.verb:set package 'package_master_interfaces' build argument 'catkin_skip_building_tests' from command line to 'False'
[0.946s] DEBUG:colcon.colcon_core.verb:Building package 'package_master_interfaces' with the following arguments: {'ament_cmake_args': None, 'build_base': '/home/rouillon/Documents/ProDroneTB/ProRob/build/package_master_interfaces', 'catkin_cmake_args': None, 'catkin_skip_building_tests': False, 'cmake_args': None, 'cmake_clean_cache': False, 'cmake_clean_first': False, 'cmake_force_configure': False, 'cmake_target': None, 'cmake_target_skip_unavailable': False, 'install_base': '/home/rouillon/Documents/ProDroneTB/ProRob/install/package_master_interfaces', 'merge_install': False, 'path': '/home/rouillon/Documents/ProDroneTB/ProRob/src/package_master_interfaces', 'symlink_install': False, 'test_result_base': None}
[0.947s] Level 5:colcon.colcon_core.verb:set package 'py_srvcli' build argument 'cmake_args' from command line to 'None'
[0.947s] Level 5:colcon.colcon_core.verb:set package 'py_srvcli' build argument 'cmake_target' from command line to 'None'
[0.947s] Level 5:colcon.colcon_core.verb:set package 'py_srvcli' build argument 'cmake_target_skip_unavailable' from command line to 'False'
[0.947s] Level 5:colcon.colcon_core.verb:set package 'py_srvcli' build argument 'cmake_clean_cache' from command line to 'False'
[0.947s] Level 5:colcon.colcon_core.verb:set package 'py_srvcli' build argument 'cmake_clean_first' from command line to 'False'
[0.947s] Level 5:colcon.colcon_core.verb:set package 'py_srvcli' build argument 'cmake_force_configure' from command line to 'False'
[0.947s] Level 5:colcon.colcon_core.verb:set package 'py_srvcli' build argument 'ament_cmake_args' from command line to 'None'
[0.947s] Level 5:colcon.colcon_core.verb:set package 'py_srvcli' build argument 'catkin_cmake_args' from command line to 'None'
[0.947s] Level 5:colcon.colcon_core.verb:set package 'py_srvcli' build argument 'catkin_skip_building_tests' from command line to 'False'
[0.947s] DEBUG:colcon.colcon_core.verb:Building package 'py_srvcli' with the following arguments: {'ament_cmake_args': None, 'build_base': '/home/rouillon/Documents/ProDroneTB/ProRob/build/py_srvcli', 'catkin_cmake_args': None, 'catkin_skip_building_tests': False, 'cmake_args': None, 'cmake_clean_cache': False, 'cmake_clean_first': False, 'cmake_force_configure': False, 'cmake_target': None, 'cmake_target_skip_unavailable': False, 'install_base': '/home/rouillon/Documents/ProDroneTB/ProRob/install/py_srvcli', 'merge_install': False, 'path': '/home/rouillon/Documents/ProDroneTB/ProRob/src/py_srvcli', 'symlink_install': False, 'test_result_base': None}
[0.947s] INFO:colcon.colcon_core.executor:Executing jobs using 'parallel' executor
[0.950s] DEBUG:colcon.colcon_parallel_executor.executor.parallel:run_until_complete
[0.950s] INFO:colcon.colcon_ros.task.ament_python.build:Building ROS package in '/home/rouillon/Documents/ProDroneTB/ProRob/src/package_master' with build type 'ament_python'
[0.950s] Level 1:colcon.colcon_core.shell:create_environment_hook('package_master', 'ament_prefix_path')
[0.955s] INFO:colcon.colcon_core.plugin_system:Skipping extension 'colcon_core.shell.bat': Not used on non-Windows systems
[0.956s] INFO:colcon.colcon_core.shell:Creating environment hook '/home/rouillon/Documents/ProDroneTB/ProRob/install/package_master/share/package_master/hook/ament_prefix_path.ps1'
[0.958s] INFO:colcon.colcon_core.shell:Creating environment descriptor '/home/rouillon/Documents/ProDroneTB/ProRob/install/package_master/share/package_master/hook/ament_prefix_path.dsv'
[0.959s] INFO:colcon.colcon_core.shell:Creating environment hook '/home/rouillon/Documents/ProDroneTB/ProRob/install/package_master/share/package_master/hook/ament_prefix_path.sh'
[0.961s] INFO:colcon.colcon_core.shell:Skip shell extension 'powershell' for command environment: Not usable outside of PowerShell
[0.961s] DEBUG:colcon.colcon_core.shell:Skip shell extension 'dsv' for command environment
[0.973s] INFO:colcon.colcon_ros.task.ament_cmake.build:Building ROS package in '/home/rouillon/Documents/ProDroneTB/ProRob/src/package_master_interfaces' with build type 'ament_cmake'
[0.973s] INFO:colcon.colcon_cmake.task.cmake.build:Building CMake package in '/home/rouillon/Documents/ProDroneTB/ProRob/src/package_master_interfaces'
[0.974s] INFO:colcon.colcon_core.shell:Skip shell extension 'powershell' for command environment: Not usable outside of PowerShell
[0.975s] DEBUG:colcon.colcon_core.shell:Skip shell extension 'dsv' for command environment
[0.984s] INFO:colcon.colcon_ros.task.ament_python.build:Building ROS package in '/home/rouillon/Documents/ProDroneTB/ProRob/src/py_srvcli' with build type 'ament_python'
[0.984s] Level 1:colcon.colcon_core.shell:create_environment_hook('py_srvcli', 'ament_prefix_path')
[0.985s] INFO:colcon.colcon_core.shell:Creating environment hook '/home/rouillon/Documents/ProDroneTB/ProRob/install/py_srvcli/share/py_srvcli/hook/ament_prefix_path.ps1'
[0.989s] INFO:colcon.colcon_core.shell:Creating environment descriptor '/home/rouillon/Documents/ProDroneTB/ProRob/install/py_srvcli/share/py_srvcli/hook/ament_prefix_path.dsv'
[0.990s] INFO:colcon.colcon_core.shell:Creating environment hook '/home/rouillon/Documents/ProDroneTB/ProRob/install/py_srvcli/share/py_srvcli/hook/ament_prefix_path.sh'
[0.992s] INFO:colcon.colcon_core.shell:Skip shell extension 'powershell' for command environment: Not usable outside of PowerShell
[0.992s] DEBUG:colcon.colcon_core.shell:Skip shell extension 'dsv' for command environment
[1.877s] INFO:colcon.colcon_core.task.python.build:Building Python package in '/home/rouillon/Documents/ProDroneTB/ProRob/src/package_master'
[1.878s] INFO:colcon.colcon_core.shell:Skip shell extension 'powershell' for command environment: Not usable outside of PowerShell
[1.878s] DEBUG:colcon.colcon_core.shell:Skip shell extension 'dsv' for command environment
[1.913s] DEBUG:colcon.colcon_core.event_handler.log_command:Invoking command in '/home/rouillon/Documents/ProDroneTB/ProRob/build/package_master_interfaces': CMAKE_PREFIX_PATH=/opt/ros/humble /usr/bin/cmake --build /home/rouillon/Documents/ProDroneTB/ProRob/build/package_master_interfaces -- -j4 -l4
[2.913s] INFO:colcon.colcon_core.task.python.build:Building Python package in '/home/rouillon/Documents/ProDroneTB/ProRob/src/py_srvcli'
[2.914s] INFO:colcon.colcon_core.shell:Skip shell extension 'powershell' for command environment: Not usable outside of PowerShell
[2.914s] DEBUG:colcon.colcon_core.shell:Skip shell extension 'dsv' for command environment
[3.211s] DEBUG:colcon.colcon_core.event_handler.log_command:Invoked command in '/home/rouillon/Documents/ProDroneTB/ProRob/build/package_master_interfaces' returned '0': CMAKE_PREFIX_PATH=/opt/ros/humble /usr/bin/cmake --build /home/rouillon/Documents/ProDroneTB/ProRob/build/package_master_interfaces -- -j4 -l4
[3.234s] DEBUG:colcon.colcon_core.event_handler.log_command:Invoking command in '/home/rouillon/Documents/ProDroneTB/ProRob/build/package_master_interfaces': CMAKE_PREFIX_PATH=/opt/ros/humble /usr/bin/cmake --install /home/rouillon/Documents/ProDroneTB/ProRob/build/package_master_interfaces
[3.395s] Level 1:colcon.colcon_core.environment:create_environment_scripts_only(package_master_interfaces)
[3.399s] DEBUG:colcon.colcon_core.event_handler.log_command:Invoked command in '/home/rouillon/Documents/ProDroneTB/ProRob/build/package_master_interfaces' returned '0': CMAKE_PREFIX_PATH=/opt/ros/humble /usr/bin/cmake --install /home/rouillon/Documents/ProDroneTB/ProRob/build/package_master_interfaces
[3.403s] Level 1:colcon.colcon_core.environment:checking '/home/rouillon/Documents/ProDroneTB/ProRob/install/package_master_interfaces' for CMake module files
[3.405s] Level 1:colcon.colcon_core.environment:checking '/home/rouillon/Documents/ProDroneTB/ProRob/install/package_master_interfaces' for CMake config files
[3.406s] Level 1:colcon.colcon_core.shell:create_environment_hook('package_master_interfaces', 'cmake_prefix_path')
[3.407s] INFO:colcon.colcon_core.shell:Creating environment hook '/home/rouillon/Documents/ProDroneTB/ProRob/install/package_master_interfaces/share/package_master_interfaces/hook/cmake_prefix_path.ps1'
[3.408s] INFO:colcon.colcon_core.shell:Creating environment descriptor '/home/rouillon/Documents/ProDroneTB/ProRob/install/package_master_interfaces/share/package_master_interfaces/hook/cmake_prefix_path.dsv'
[3.409s] INFO:colcon.colcon_core.shell:Creating environment hook '/home/rouillon/Documents/ProDroneTB/ProRob/install/package_master_interfaces/share/package_master_interfaces/hook/cmake_prefix_path.sh'
[3.410s] Level 1:colcon.colcon_core.environment:checking '/home/rouillon/Documents/ProDroneTB/ProRob/install/package_master_interfaces/lib'
[3.411s] Level 1:colcon.colcon_core.shell:create_environment_hook('package_master_interfaces', 'ld_library_path_lib')
[3.412s] INFO:colcon.colcon_core.shell:Creating environment hook '/home/rouillon/Documents/ProDroneTB/ProRob/install/package_master_interfaces/share/package_master_interfaces/hook/ld_library_path_lib.ps1'
[3.413s] INFO:colcon.colcon_core.shell:Creating environment descriptor '/home/rouillon/Documents/ProDroneTB/ProRob/install/package_master_interfaces/share/package_master_interfaces/hook/ld_library_path_lib.dsv'
[3.414s] INFO:colcon.colcon_core.shell:Creating environment hook '/home/rouillon/Documents/ProDroneTB/ProRob/install/package_master_interfaces/share/package_master_interfaces/hook/ld_library_path_lib.sh'
[3.415s] Level 1:colcon.colcon_core.environment:checking '/home/rouillon/Documents/ProDroneTB/ProRob/install/package_master_interfaces/bin'
[3.415s] Level 1:colcon.colcon_core.environment:checking '/home/rouillon/Documents/ProDroneTB/ProRob/install/package_master_interfaces/lib/pkgconfig/package_master_interfaces.pc'
[3.416s] Level 1:colcon.colcon_core.environment:checking '/home/rouillon/Documents/ProDroneTB/ProRob/install/package_master_interfaces/lib/python3.10/site-packages'
[3.416s] Level 1:colcon.colcon_core.environment:checking '/home/rouillon/Documents/ProDroneTB/ProRob/install/package_master_interfaces/bin'
[3.417s] INFO:colcon.colcon_core.shell:Creating package script '/home/rouillon/Documents/ProDroneTB/ProRob/install/package_master_interfaces/share/package_master_interfaces/package.ps1'
[3.420s] INFO:colcon.colcon_core.shell:Creating package descriptor '/home/rouillon/Documents/ProDroneTB/ProRob/install/package_master_interfaces/share/package_master_interfaces/package.dsv'
[3.422s] INFO:colcon.colcon_core.shell:Creating package script '/home/rouillon/Documents/ProDroneTB/ProRob/install/package_master_interfaces/share/package_master_interfaces/package.sh'
[3.425s] INFO:colcon.colcon_core.shell:Creating package script '/home/rouillon/Documents/ProDroneTB/ProRob/install/package_master_interfaces/share/package_master_interfaces/package.bash'
[3.428s] INFO:colcon.colcon_core.shell:Creating package script '/home/rouillon/Documents/ProDroneTB/ProRob/install/package_master_interfaces/share/package_master_interfaces/package.zsh'
[3.431s] Level 1:colcon.colcon_core.environment:create_file_with_runtime_dependencies(/home/rouillon/Documents/ProDroneTB/ProRob/install/package_master_interfaces/share/colcon-core/packages/package_master_interfaces)
[3.442s] Level 1:colcon.colcon_core.environment:create_environment_scripts_only(package_master_interfaces)
[3.445s] Level 1:colcon.colcon_core.environment:checking '/home/rouillon/Documents/ProDroneTB/ProRob/install/package_master_interfaces' for CMake module files
[3.449s] Level 1:colcon.colcon_core.environment:checking '/home/rouillon/Documents/ProDroneTB/ProRob/install/package_master_interfaces' for CMake config files
[3.450s] Level 1:colcon.colcon_core.shell:create_environment_hook('package_master_interfaces', 'cmake_prefix_path')
[3.451s] INFO:colcon.colcon_core.shell:Creating environment hook '/home/rouillon/Documents/ProDroneTB/ProRob/install/package_master_interfaces/share/package_master_interfaces/hook/cmake_prefix_path.ps1'
[3.452s] INFO:colcon.colcon_core.shell:Creating environment descriptor '/home/rouillon/Documents/ProDroneTB/ProRob/install/package_master_interfaces/share/package_master_interfaces/hook/cmake_prefix_path.dsv'
[3.454s] INFO:colcon.colcon_core.shell:Creating environment hook '/home/rouillon/Documents/ProDroneTB/ProRob/install/package_master_interfaces/share/package_master_interfaces/hook/cmake_prefix_path.sh'
[3.456s] Level 1:colcon.colcon_core.environment:checking '/home/rouillon/Documents/ProDroneTB/ProRob/install/package_master_interfaces/lib'
[3.456s] Level 1:colcon.colcon_core.shell:create_environment_hook('package_master_interfaces', 'ld_library_path_lib')
[3.457s] INFO:colcon.colcon_core.shell:Creating environment hook '/home/rouillon/Documents/ProDroneTB/ProRob/install/package_master_interfaces/share/package_master_interfaces/hook/ld_library_path_lib.ps1'
[3.458s] INFO:colcon.colcon_core.shell:Creating environment descriptor '/home/rouillon/Documents/ProDroneTB/ProRob/install/package_master_interfaces/share/package_master_interfaces/hook/ld_library_path_lib.dsv'
[3.459s] INFO:colcon.colcon_core.shell:Creating environment hook '/home/rouillon/Documents/ProDroneTB/ProRob/install/package_master_interfaces/share/package_master_interfaces/hook/ld_library_path_lib.sh'
[3.461s] Level 1:colcon.colcon_core.environment:checking '/home/rouillon/Documents/ProDroneTB/ProRob/install/package_master_interfaces/bin'
[3.461s] Level 1:colcon.colcon_core.environment:checking '/home/rouillon/Documents/ProDroneTB/ProRob/install/package_master_interfaces/lib/pkgconfig/package_master_interfaces.pc'
[3.462s] Level 1:colcon.colcon_core.environment:checking '/home/rouillon/Documents/ProDroneTB/ProRob/install/package_master_interfaces/lib/python3.10/site-packages'
[3.463s] Level 1:colcon.colcon_core.environment:checking '/home/rouillon/Documents/ProDroneTB/ProRob/install/package_master_interfaces/bin'
[3.464s] INFO:colcon.colcon_core.shell:Creating package script '/home/rouillon/Documents/ProDroneTB/ProRob/install/package_master_interfaces/share/package_master_interfaces/package.ps1'
[3.466s] INFO:colcon.colcon_core.shell:Creating package descriptor '/home/rouillon/Documents/ProDroneTB/ProRob/install/package_master_interfaces/share/package_master_interfaces/package.dsv'
[3.468s] INFO:colcon.colcon_core.shell:Creating package script '/home/rouillon/Documents/ProDroneTB/ProRob/install/package_master_interfaces/share/package_master_interfaces/package.sh'
[3.469s] INFO:colcon.colcon_core.shell:Creating package script '/home/rouillon/Documents/ProDroneTB/ProRob/install/package_master_interfaces/share/package_master_interfaces/package.bash'
[3.471s] INFO:colcon.colcon_core.shell:Creating package script '/home/rouillon/Documents/ProDroneTB/ProRob/install/package_master_interfaces/share/package_master_interfaces/package.zsh'
[3.473s] Level 1:colcon.colcon_core.environment:create_file_with_runtime_dependencies(/home/rouillon/Documents/ProDroneTB/ProRob/install/package_master_interfaces/share/colcon-core/packages/package_master_interfaces)
[4.066s] DEBUG:colcon.colcon_core.event_handler.log_command:Invoking command in '/home/rouillon/Documents/ProDroneTB/ProRob/src/py_srvcli': PYTHONPATH=/home/rouillon/Documents/ProDroneTB/ProRob/build/py_srvcli/prefix_override:/usr/lib/python3/dist-packages/colcon_core/task/python/colcon_distutils_commands:/home/rouillon/Documents/ProDroneTB/ProRob/install/py_srvcli/lib/python3.10/site-packages:${PYTHONPATH} /usr/bin/python3 -W ignore:setup.py install is deprecated -W ignore:easy_install command is deprecated setup.py egg_info --egg-base ../../build/py_srvcli build --build-base /home/rouillon/Documents/ProDroneTB/ProRob/build/py_srvcli/build install --record /home/rouillon/Documents/ProDroneTB/ProRob/build/py_srvcli/install.log --single-version-externally-managed install_data
[4.118s] DEBUG:colcon.colcon_core.event_handler.log_command:Invoking command in '/home/rouillon/Documents/ProDroneTB/ProRob/src/package_master': PYTHONPATH=/home/rouillon/Documents/ProDroneTB/ProRob/build/package_master/prefix_override:/usr/lib/python3/dist-packages/colcon_core/task/python/colcon_distutils_commands:/home/rouillon/Documents/ProDroneTB/ProRob/install/package_master/lib/python3.10/site-packages:${PYTHONPATH} /usr/bin/python3 -W ignore:setup.py install is deprecated -W ignore:easy_install command is deprecated setup.py egg_info --egg-base ../../build/package_master build --build-base /home/rouillon/Documents/ProDroneTB/ProRob/build/package_master/build install --record /home/rouillon/Documents/ProDroneTB/ProRob/build/package_master/install.log --single-version-externally-managed install_data
[5.163s] Level 1:colcon.colcon_core.environment:checking '/home/rouillon/Documents/ProDroneTB/ProRob/install/py_srvcli' for CMake module files
[5.165s] DEBUG:colcon.colcon_core.event_handler.log_command:Invoked command in '/home/rouillon/Documents/ProDroneTB/ProRob/src/py_srvcli' returned '0': PYTHONPATH=/home/rouillon/Documents/ProDroneTB/ProRob/build/py_srvcli/prefix_override:/usr/lib/python3/dist-packages/colcon_core/task/python/colcon_distutils_commands:/home/rouillon/Documents/ProDroneTB/ProRob/install/py_srvcli/lib/python3.10/site-packages:${PYTHONPATH} /usr/bin/python3 -W ignore:setup.py install is deprecated -W ignore:easy_install command is deprecated setup.py egg_info --egg-base ../../build/py_srvcli build --build-base /home/rouillon/Documents/ProDroneTB/ProRob/build/py_srvcli/build install --record /home/rouillon/Documents/ProDroneTB/ProRob/build/py_srvcli/install.log --single-version-externally-managed install_data
[5.166s] Level 1:colcon.colcon_core.environment:checking '/home/rouillon/Documents/ProDroneTB/ProRob/install/py_srvcli' for CMake config files
[5.168s] Level 1:colcon.colcon_core.environment:checking '/home/rouillon/Documents/ProDroneTB/ProRob/install/py_srvcli/lib'
[5.168s] Level 1:colcon.colcon_core.environment:checking '/home/rouillon/Documents/ProDroneTB/ProRob/install/py_srvcli/bin'
[5.169s] Level 1:colcon.colcon_core.environment:checking '/home/rouillon/Documents/ProDroneTB/ProRob/install/py_srvcli/lib/pkgconfig/py_srvcli.pc'
[5.170s] Level 1:colcon.colcon_core.environment:checking '/home/rouillon/Documents/ProDroneTB/ProRob/install/py_srvcli/lib/python3.10/site-packages'
[5.170s] Level 1:colcon.colcon_core.shell:create_environment_hook('py_srvcli', 'pythonpath')
[5.171s] INFO:colcon.colcon_core.shell:Creating environment hook '/home/rouillon/Documents/ProDroneTB/ProRob/install/py_srvcli/share/py_srvcli/hook/pythonpath.ps1'
[5.172s] INFO:colcon.colcon_core.shell:Creating environment descriptor '/home/rouillon/Documents/ProDroneTB/ProRob/install/py_srvcli/share/py_srvcli/hook/pythonpath.dsv'
[5.173s] INFO:colcon.colcon_core.shell:Creating environment hook '/home/rouillon/Documents/ProDroneTB/ProRob/install/py_srvcli/share/py_srvcli/hook/pythonpath.sh'
[5.175s] Level 1:colcon.colcon_core.environment:checking '/home/rouillon/Documents/ProDroneTB/ProRob/install/py_srvcli/bin'
[5.175s] Level 1:colcon.colcon_core.environment:create_environment_scripts_only(py_srvcli)
[5.177s] INFO:colcon.colcon_core.shell:Creating package script '/home/rouillon/Documents/ProDroneTB/ProRob/install/py_srvcli/share/py_srvcli/package.ps1'
[5.179s] INFO:colcon.colcon_core.shell:Creating package descriptor '/home/rouillon/Documents/ProDroneTB/ProRob/install/py_srvcli/share/py_srvcli/package.dsv'
[5.181s] INFO:colcon.colcon_core.shell:Creating package script '/home/rouillon/Documents/ProDroneTB/ProRob/install/py_srvcli/share/py_srvcli/package.sh'
[5.182s] INFO:colcon.colcon_core.shell:Creating package script '/home/rouillon/Documents/ProDroneTB/ProRob/install/py_srvcli/share/py_srvcli/package.bash'
[5.183s] INFO:colcon.colcon_core.shell:Creating package script '/home/rouillon/Documents/ProDroneTB/ProRob/install/py_srvcli/share/py_srvcli/package.zsh'
[5.184s] Level 1:colcon.colcon_core.environment:create_file_with_runtime_dependencies(/home/rouillon/Documents/ProDroneTB/ProRob/install/py_srvcli/share/colcon-core/packages/py_srvcli)
[5.225s] Level 1:colcon.colcon_core.environment:checking '/home/rouillon/Documents/ProDroneTB/ProRob/install/package_master' for CMake module files
[5.228s] DEBUG:colcon.colcon_core.event_handler.log_command:Invoked command in '/home/rouillon/Documents/ProDroneTB/ProRob/src/package_master' returned '0': PYTHONPATH=/home/rouillon/Documents/ProDroneTB/ProRob/build/package_master/prefix_override:/usr/lib/python3/dist-packages/colcon_core/task/python/colcon_distutils_commands:/home/rouillon/Documents/ProDroneTB/ProRob/install/package_master/lib/python3.10/site-packages:${PYTHONPATH} /usr/bin/python3 -W ignore:setup.py install is deprecated -W ignore:easy_install command is deprecated setup.py egg_info --egg-base ../../build/package_master build --build-base /home/rouillon/Documents/ProDroneTB/ProRob/build/package_master/build install --record /home/rouillon/Documents/ProDroneTB/ProRob/build/package_master/install.log --single-version-externally-managed install_data
[5.230s] Level 1:colcon.colcon_core.environment:checking '/home/rouillon/Documents/ProDroneTB/ProRob/install/package_master' for CMake config files
[5.231s] Level 1:colcon.colcon_core.environment:checking '/home/rouillon/Documents/ProDroneTB/ProRob/install/package_master/lib'
[5.231s] Level 1:colcon.colcon_core.environment:checking '/home/rouillon/Documents/ProDroneTB/ProRob/install/package_master/bin'
[5.231s] Level 1:colcon.colcon_core.environment:checking '/home/rouillon/Documents/ProDroneTB/ProRob/install/package_master/lib/pkgconfig/package_master.pc'
[5.232s] Level 1:colcon.colcon_core.environment:checking '/home/rouillon/Documents/ProDroneTB/ProRob/install/package_master/lib/python3.10/site-packages'
[5.232s] Level 1:colcon.colcon_core.shell:create_environment_hook('package_master', 'pythonpath')
[5.233s] INFO:colcon.colcon_core.shell:Creating environment hook '/home/rouillon/Documents/ProDroneTB/ProRob/install/package_master/share/package_master/hook/pythonpath.ps1'
[5.234s] INFO:colcon.colcon_core.shell:Creating environment descriptor '/home/rouillon/Documents/ProDroneTB/ProRob/install/package_master/share/package_master/hook/pythonpath.dsv'
[5.237s] INFO:colcon.colcon_core.shell:Creating environment hook '/home/rouillon/Documents/ProDroneTB/ProRob/install/package_master/share/package_master/hook/pythonpath.sh'
[5.239s] Level 1:colcon.colcon_core.environment:checking '/home/rouillon/Documents/ProDroneTB/ProRob/install/package_master/bin'
[5.239s] Level 1:colcon.colcon_core.environment:create_environment_scripts_only(package_master)
[5.240s] INFO:colcon.colcon_core.shell:Creating package script '/home/rouillon/Documents/ProDroneTB/ProRob/install/package_master/share/package_master/package.ps1'
[5.241s] INFO:colcon.colcon_core.shell:Creating package descriptor '/home/rouillon/Documents/ProDroneTB/ProRob/install/package_master/share/package_master/package.dsv'
[5.244s] INFO:colcon.colcon_core.shell:Creating package script '/home/rouillon/Documents/ProDroneTB/ProRob/install/package_master/share/package_master/package.sh'
[5.245s] INFO:colcon.colcon_core.shell:Creating package script '/home/rouillon/Documents/ProDroneTB/ProRob/install/package_master/share/package_master/package.bash'
[5.246s] INFO:colcon.colcon_core.shell:Creating package script '/home/rouillon/Documents/ProDroneTB/ProRob/install/package_master/share/package_master/package.zsh'
[5.247s] Level 1:colcon.colcon_core.environment:create_file_with_runtime_dependencies(/home/rouillon/Documents/ProDroneTB/ProRob/install/package_master/share/colcon-core/packages/package_master)
[5.248s] DEBUG:colcon.colcon_parallel_executor.executor.parallel:closing loop
[5.248s] DEBUG:colcon.colcon_parallel_executor.executor.parallel:loop closed
[5.249s] DEBUG:colcon.colcon_parallel_executor.executor.parallel:run_until_complete finished with '0'
[5.249s] DEBUG:colcon.colcon_core.event_reactor:joining thread
[5.264s] INFO:colcon.colcon_core.plugin_system:Skipping extension 'colcon_notification.desktop_notification.terminal_notifier': Not used on non-Darwin systems
[5.264s] INFO:colcon.colcon_core.plugin_system:Skipping extension 'colcon_notification.desktop_notification.win32': Not used on non-Windows systems
[5.264s] INFO:colcon.colcon_notification.desktop_notification:Sending desktop notification using 'notify2'
[5.297s] DEBUG:colcon.colcon_core.event_reactor:joined thread
[5.298s] INFO:colcon.colcon_core.shell:Creating prefix script '/home/rouillon/Documents/ProDroneTB/ProRob/install/local_setup.ps1'
[5.301s] INFO:colcon.colcon_core.shell:Creating prefix util module '/home/rouillon/Documents/ProDroneTB/ProRob/install/_local_setup_util_ps1.py'
[5.307s] INFO:colcon.colcon_core.shell:Creating prefix chain script '/home/rouillon/Documents/ProDroneTB/ProRob/install/setup.ps1'
[5.310s] INFO:colcon.colcon_core.shell:Creating prefix script '/home/rouillon/Documents/ProDroneTB/ProRob/install/local_setup.sh'
[5.312s] INFO:colcon.colcon_core.shell:Creating prefix util module '/home/rouillon/Documents/ProDroneTB/ProRob/install/_local_setup_util_sh.py'
[5.313s] INFO:colcon.colcon_core.shell:Creating prefix chain script '/home/rouillon/Documents/ProDroneTB/ProRob/install/setup.sh'
[5.317s] INFO:colcon.colcon_core.shell:Creating prefix script '/home/rouillon/Documents/ProDroneTB/ProRob/install/local_setup.bash'
[5.318s] INFO:colcon.colcon_core.shell:Creating prefix chain script '/home/rouillon/Documents/ProDroneTB/ProRob/install/setup.bash'
[5.322s] INFO:colcon.colcon_core.shell:Creating prefix script '/home/rouillon/Documents/ProDroneTB/ProRob/install/local_setup.zsh'
[5.324s] INFO:colcon.colcon_core.shell:Creating prefix chain script '/home/rouillon/Documents/ProDroneTB/ProRob/install/setup.zsh'
