[1.167s] Invoking command in '/home/rouillon/ProRob/build/package_master_interfaces': CMAKE_PREFIX_PATH=${CMAKE_PREFIX_PATH}:/opt/ros/humble:/home/rouillon/ProRob/install/py_srvcli:/home/rouillon/ProRob/install/package_master /usr/bin/cmake --build /home/rouillon/ProRob/build/package_master_interfaces -- -j4 -l4
[1.338s] [  2%] Built target package_master_interfaces__cpp
[1.340s] [ 12%] Built target package_master_interfaces__rosidl_generator_c
[1.374s] [ 12%] Built target ament_cmake_python_copy_package_master_interfaces
[1.431s] [ 23%] Built target package_master_interfaces__rosidl_typesupport_cpp
[1.471s] [ 34%] Built target package_master_interfaces__rosidl_typesupport_introspection_cpp
[1.510s] [ 44%] Built target package_master_interfaces__rosidl_typesupport_fastrtps_cpp
[1.512s] [ 55%] Built target package_master_interfaces__rosidl_typesupport_fastrtps_c
[1.525s] [ 65%] Built target package_master_interfaces__rosidl_typesupport_introspection_c
[1.564s] [ 76%] Built target package_master_interfaces__rosidl_typesupport_c
[1.624s] [ 76%] Built target package_master_interfaces
[1.697s] [ 78%] Built target package_master_interfaces__py
[1.779s] [ 87%] Built target package_master_interfaces__rosidl_generator_py
[1.888s] [ 91%] Built target package_master_interfaces__rosidl_typesupport_fastrtps_c__pyext
[1.901s] [ 95%] Built target package_master_interfaces__rosidl_typesupport_introspection_c__pyext
[1.904s] [100%] Built target package_master_interfaces__rosidl_typesupport_c__pyext
[2.735s] running egg_info
[2.736s] writing package_master_interfaces.egg-info/PKG-INFO
[2.736s] writing dependency_links to package_master_interfaces.egg-info/dependency_links.txt
[2.737s] writing top-level names to package_master_interfaces.egg-info/top_level.txt
[2.750s] reading manifest file 'package_master_interfaces.egg-info/SOURCES.txt'
[2.753s] writing manifest file 'package_master_interfaces.egg-info/SOURCES.txt'
[2.845s] [100%] Built target ament_cmake_python_build_package_master_interfaces_egg
[2.890s] Invoked command in '/home/rouillon/ProRob/build/package_master_interfaces' returned '0': CMAKE_PREFIX_PATH=${CMAKE_PREFIX_PATH}:/opt/ros/humble:/home/rouillon/ProRob/install/py_srvcli:/home/rouillon/ProRob/install/package_master /usr/bin/cmake --build /home/rouillon/ProRob/build/package_master_interfaces -- -j4 -l4
[2.927s] Invoking command in '/home/rouillon/ProRob/build/package_master_interfaces': CMAKE_PREFIX_PATH=${CMAKE_PREFIX_PATH}:/opt/ros/humble:/home/rouillon/ProRob/install/py_srvcli:/home/rouillon/ProRob/install/package_master /usr/bin/cmake --install /home/rouillon/ProRob/build/package_master_interfaces
[2.954s] -- Install configuration: ""
[2.955s] -- Up-to-date: /home/rouillon/ProRob/install/package_master_interfaces/share/ament_index/resource_index/rosidl_interfaces/package_master_interfaces
[2.955s] -- Up-to-date: /home/rouillon/ProRob/install/package_master_interfaces/include/package_master_interfaces/package_master_interfaces
[2.956s] -- Up-to-date: /home/rouillon/ProRob/install/package_master_interfaces/include/package_master_interfaces/package_master_interfaces/msg
[2.956s] -- Up-to-date: /home/rouillon/ProRob/install/package_master_interfaces/include/package_master_interfaces/package_master_interfaces/msg/num.h
[2.957s] -- Up-to-date: /home/rouillon/ProRob/install/package_master_interfaces/include/package_master_interfaces/package_master_interfaces/msg/detail
[2.957s] -- Up-to-date: /home/rouillon/ProRob/install/package_master_interfaces/include/package_master_interfaces/package_master_interfaces/msg/detail/num__type_support.h
[2.958s] -- Up-to-date: /home/rouillon/ProRob/install/package_master_interfaces/include/package_master_interfaces/package_master_interfaces/msg/detail/num__struct.h
[2.959s] -- Up-to-date: /home/rouillon/ProRob/install/package_master_interfaces/include/package_master_interfaces/package_master_interfaces/msg/detail/num__functions.c
[2.959s] -- Up-to-date: /home/rouillon/ProRob/install/package_master_interfaces/include/package_master_interfaces/package_master_interfaces/msg/detail/num__functions.h
[2.960s] -- Up-to-date: /home/rouillon/ProRob/install/package_master_interfaces/include/package_master_interfaces/package_master_interfaces/msg/rosidl_generator_c__visibility_control.h
[2.960s] -- Up-to-date: /home/rouillon/ProRob/install/package_master_interfaces/include/package_master_interfaces/package_master_interfaces/srv
[2.961s] -- Up-to-date: /home/rouillon/ProRob/install/package_master_interfaces/include/package_master_interfaces/package_master_interfaces/srv/add_three_ints.h
[2.962s] -- Up-to-date: /home/rouillon/ProRob/install/package_master_interfaces/include/package_master_interfaces/package_master_interfaces/srv/detail
[2.962s] -- Up-to-date: /home/rouillon/ProRob/install/package_master_interfaces/include/package_master_interfaces/package_master_interfaces/srv/detail/robot_positions__type_support.h
[2.963s] -- Up-to-date: /home/rouillon/ProRob/install/package_master_interfaces/include/package_master_interfaces/package_master_interfaces/srv/detail/add_three_ints__type_support.h
[2.964s] -- Up-to-date: /home/rouillon/ProRob/install/package_master_interfaces/include/package_master_interfaces/package_master_interfaces/srv/detail/add_three_ints__struct.h
[2.965s] -- Up-to-date: /home/rouillon/ProRob/install/package_master_interfaces/include/package_master_interfaces/package_master_interfaces/srv/detail/robot_positions__functions.h
[2.966s] -- Up-to-date: /home/rouillon/ProRob/install/package_master_interfaces/include/package_master_interfaces/package_master_interfaces/srv/detail/add_three_ints__functions.h
[2.967s] -- Up-to-date: /home/rouillon/ProRob/install/package_master_interfaces/include/package_master_interfaces/package_master_interfaces/srv/detail/robot_positions__struct.h
[2.967s] -- Up-to-date: /home/rouillon/ProRob/install/package_master_interfaces/include/package_master_interfaces/package_master_interfaces/srv/detail/add_three_ints__functions.c
[2.968s] -- Up-to-date: /home/rouillon/ProRob/install/package_master_interfaces/include/package_master_interfaces/package_master_interfaces/srv/detail/robot_positions__functions.c
[2.968s] -- Up-to-date: /home/rouillon/ProRob/install/package_master_interfaces/include/package_master_interfaces/package_master_interfaces/srv/robot_positions.h
[2.969s] -- Up-to-date: /home/rouillon/ProRob/install/package_master_interfaces/share/package_master_interfaces/environment/library_path.sh
[2.969s] -- Up-to-date: /home/rouillon/ProRob/install/package_master_interfaces/share/package_master_interfaces/environment/library_path.dsv
[2.970s] -- Up-to-date: /home/rouillon/ProRob/install/package_master_interfaces/lib/libpackage_master_interfaces__rosidl_generator_c.so
[2.970s] -- Up-to-date: /home/rouillon/ProRob/install/package_master_interfaces/include/package_master_interfaces/package_master_interfaces
[2.971s] -- Up-to-date: /home/rouillon/ProRob/install/package_master_interfaces/include/package_master_interfaces/package_master_interfaces/msg
[2.971s] -- Up-to-date: /home/rouillon/ProRob/install/package_master_interfaces/include/package_master_interfaces/package_master_interfaces/msg/detail
[2.972s] -- Up-to-date: /home/rouillon/ProRob/install/package_master_interfaces/include/package_master_interfaces/package_master_interfaces/msg/detail/num__rosidl_typesupport_fastrtps_c.h
[2.973s] -- Up-to-date: /home/rouillon/ProRob/install/package_master_interfaces/include/package_master_interfaces/package_master_interfaces/msg/rosidl_typesupport_fastrtps_c__visibility_control.h
[2.973s] -- Up-to-date: /home/rouillon/ProRob/install/package_master_interfaces/include/package_master_interfaces/package_master_interfaces/srv
[2.974s] -- Up-to-date: /home/rouillon/ProRob/install/package_master_interfaces/include/package_master_interfaces/package_master_interfaces/srv/detail
[2.974s] -- Up-to-date: /home/rouillon/ProRob/install/package_master_interfaces/include/package_master_interfaces/package_master_interfaces/srv/detail/add_three_ints__rosidl_typesupport_fastrtps_c.h
[2.975s] -- Up-to-date: /home/rouillon/ProRob/install/package_master_interfaces/include/package_master_interfaces/package_master_interfaces/srv/detail/robot_positions__rosidl_typesupport_fastrtps_c.h
[2.976s] -- Up-to-date: /home/rouillon/ProRob/install/package_master_interfaces/lib/libpackage_master_interfaces__rosidl_typesupport_fastrtps_c.so
[2.976s] -- Up-to-date: /home/rouillon/ProRob/install/package_master_interfaces/include/package_master_interfaces/package_master_interfaces
[2.976s] -- Up-to-date: /home/rouillon/ProRob/install/package_master_interfaces/include/package_master_interfaces/package_master_interfaces/msg
[2.977s] -- Up-to-date: /home/rouillon/ProRob/install/package_master_interfaces/include/package_master_interfaces/package_master_interfaces/msg/detail
[2.978s] -- Up-to-date: /home/rouillon/ProRob/install/package_master_interfaces/include/package_master_interfaces/package_master_interfaces/msg/detail/num__type_support.c
[2.978s] -- Up-to-date: /home/rouillon/ProRob/install/package_master_interfaces/include/package_master_interfaces/package_master_interfaces/msg/detail/num__rosidl_typesupport_introspection_c.h
[2.979s] -- Up-to-date: /home/rouillon/ProRob/install/package_master_interfaces/include/package_master_interfaces/package_master_interfaces/msg/rosidl_typesupport_introspection_c__visibility_control.h
[2.980s] -- Up-to-date: /home/rouillon/ProRob/install/package_master_interfaces/include/package_master_interfaces/package_master_interfaces/srv
[2.980s] -- Up-to-date: /home/rouillon/ProRob/install/package_master_interfaces/include/package_master_interfaces/package_master_interfaces/srv/detail
[2.981s] -- Up-to-date: /home/rouillon/ProRob/install/package_master_interfaces/include/package_master_interfaces/package_master_interfaces/srv/detail/add_three_ints__type_support.c
[2.982s] -- Up-to-date: /home/rouillon/ProRob/install/package_master_interfaces/include/package_master_interfaces/package_master_interfaces/srv/detail/robot_positions__type_support.c
[2.983s] -- Up-to-date: /home/rouillon/ProRob/install/package_master_interfaces/include/package_master_interfaces/package_master_interfaces/srv/detail/add_three_ints__rosidl_typesupport_introspection_c.h
[2.984s] -- Up-to-date: /home/rouillon/ProRob/install/package_master_interfaces/include/package_master_interfaces/package_master_interfaces/srv/detail/robot_positions__rosidl_typesupport_introspection_c.h
[2.984s] -- Up-to-date: /home/rouillon/ProRob/install/package_master_interfaces/lib/libpackage_master_interfaces__rosidl_typesupport_introspection_c.so
[2.984s] -- Up-to-date: /home/rouillon/ProRob/install/package_master_interfaces/lib/libpackage_master_interfaces__rosidl_typesupport_c.so
[2.985s] -- Up-to-date: /home/rouillon/ProRob/install/package_master_interfaces/include/package_master_interfaces/package_master_interfaces
[2.985s] -- Up-to-date: /home/rouillon/ProRob/install/package_master_interfaces/include/package_master_interfaces/package_master_interfaces/msg
[2.986s] -- Up-to-date: /home/rouillon/ProRob/install/package_master_interfaces/include/package_master_interfaces/package_master_interfaces/msg/detail
[2.986s] -- Up-to-date: /home/rouillon/ProRob/install/package_master_interfaces/include/package_master_interfaces/package_master_interfaces/msg/detail/num__type_support.hpp
[2.986s] -- Up-to-date: /home/rouillon/ProRob/install/package_master_interfaces/include/package_master_interfaces/package_master_interfaces/msg/detail/num__struct.hpp
[2.987s] -- Up-to-date: /home/rouillon/ProRob/install/package_master_interfaces/include/package_master_interfaces/package_master_interfaces/msg/detail/num__builder.hpp
[2.987s] -- Up-to-date: /home/rouillon/ProRob/install/package_master_interfaces/include/package_master_interfaces/package_master_interfaces/msg/detail/num__traits.hpp
[2.987s] -- Up-to-date: /home/rouillon/ProRob/install/package_master_interfaces/include/package_master_interfaces/package_master_interfaces/msg/num.hpp
[2.987s] -- Up-to-date: /home/rouillon/ProRob/install/package_master_interfaces/include/package_master_interfaces/package_master_interfaces/msg/rosidl_generator_cpp__visibility_control.hpp
[2.988s] -- Up-to-date: /home/rouillon/ProRob/install/package_master_interfaces/include/package_master_interfaces/package_master_interfaces/srv
[2.988s] -- Up-to-date: /home/rouillon/ProRob/install/package_master_interfaces/include/package_master_interfaces/package_master_interfaces/srv/detail
[2.988s] -- Up-to-date: /home/rouillon/ProRob/install/package_master_interfaces/include/package_master_interfaces/package_master_interfaces/srv/detail/robot_positions__struct.hpp
[2.988s] -- Up-to-date: /home/rouillon/ProRob/install/package_master_interfaces/include/package_master_interfaces/package_master_interfaces/srv/detail/robot_positions__builder.hpp
[2.989s] -- Up-to-date: /home/rouillon/ProRob/install/package_master_interfaces/include/package_master_interfaces/package_master_interfaces/srv/detail/robot_positions__type_support.hpp
[2.989s] -- Up-to-date: /home/rouillon/ProRob/install/package_master_interfaces/include/package_master_interfaces/package_master_interfaces/srv/detail/add_three_ints__struct.hpp
[2.989s] -- Up-to-date: /home/rouillon/ProRob/install/package_master_interfaces/include/package_master_interfaces/package_master_interfaces/srv/detail/robot_positions__traits.hpp
[2.990s] -- Up-to-date: /home/rouillon/ProRob/install/package_master_interfaces/include/package_master_interfaces/package_master_interfaces/srv/detail/add_three_ints__type_support.hpp
[2.990s] -- Up-to-date: /home/rouillon/ProRob/install/package_master_interfaces/include/package_master_interfaces/package_master_interfaces/srv/detail/add_three_ints__traits.hpp
[2.990s] -- Up-to-date: /home/rouillon/ProRob/install/package_master_interfaces/include/package_master_interfaces/package_master_interfaces/srv/detail/add_three_ints__builder.hpp
[2.991s] -- Up-to-date: /home/rouillon/ProRob/install/package_master_interfaces/include/package_master_interfaces/package_master_interfaces/srv/add_three_ints.hpp
[2.991s] -- Up-to-date: /home/rouillon/ProRob/install/package_master_interfaces/include/package_master_interfaces/package_master_interfaces/srv/robot_positions.hpp
[2.991s] -- Up-to-date: /home/rouillon/ProRob/install/package_master_interfaces/include/package_master_interfaces/package_master_interfaces
[2.991s] -- Up-to-date: /home/rouillon/ProRob/install/package_master_interfaces/include/package_master_interfaces/package_master_interfaces/msg
[2.992s] -- Up-to-date: /home/rouillon/ProRob/install/package_master_interfaces/include/package_master_interfaces/package_master_interfaces/msg/detail
[2.992s] -- Up-to-date: /home/rouillon/ProRob/install/package_master_interfaces/include/package_master_interfaces/package_master_interfaces/msg/detail/num__rosidl_typesupport_fastrtps_cpp.hpp
[2.992s] -- Up-to-date: /home/rouillon/ProRob/install/package_master_interfaces/include/package_master_interfaces/package_master_interfaces/msg/detail/dds_fastrtps
[2.993s] -- Up-to-date: /home/rouillon/ProRob/install/package_master_interfaces/include/package_master_interfaces/package_master_interfaces/msg/rosidl_typesupport_fastrtps_cpp__visibility_control.h
[2.993s] -- Up-to-date: /home/rouillon/ProRob/install/package_master_interfaces/include/package_master_interfaces/package_master_interfaces/srv
[2.993s] -- Up-to-date: /home/rouillon/ProRob/install/package_master_interfaces/include/package_master_interfaces/package_master_interfaces/srv/detail
[2.994s] -- Up-to-date: /home/rouillon/ProRob/install/package_master_interfaces/include/package_master_interfaces/package_master_interfaces/srv/detail/add_three_ints__rosidl_typesupport_fastrtps_cpp.hpp
[2.994s] -- Up-to-date: /home/rouillon/ProRob/install/package_master_interfaces/include/package_master_interfaces/package_master_interfaces/srv/detail/robot_positions__rosidl_typesupport_fastrtps_cpp.hpp
[2.996s] -- Up-to-date: /home/rouillon/ProRob/install/package_master_interfaces/include/package_master_interfaces/package_master_interfaces/srv/detail/dds_fastrtps
[2.996s] -- Up-to-date: /home/rouillon/ProRob/install/package_master_interfaces/lib/libpackage_master_interfaces__rosidl_typesupport_fastrtps_cpp.so
[2.996s] -- Up-to-date: /home/rouillon/ProRob/install/package_master_interfaces/include/package_master_interfaces/package_master_interfaces
[2.997s] -- Up-to-date: /home/rouillon/ProRob/install/package_master_interfaces/include/package_master_interfaces/package_master_interfaces/msg
[2.997s] -- Up-to-date: /home/rouillon/ProRob/install/package_master_interfaces/include/package_master_interfaces/package_master_interfaces/msg/detail
[2.998s] -- Up-to-date: /home/rouillon/ProRob/install/package_master_interfaces/include/package_master_interfaces/package_master_interfaces/msg/detail/num__rosidl_typesupport_introspection_cpp.hpp
[2.998s] -- Up-to-date: /home/rouillon/ProRob/install/package_master_interfaces/include/package_master_interfaces/package_master_interfaces/msg/detail/num__type_support.cpp
[2.999s] -- Up-to-date: /home/rouillon/ProRob/install/package_master_interfaces/include/package_master_interfaces/package_master_interfaces/srv
[3.000s] -- Up-to-date: /home/rouillon/ProRob/install/package_master_interfaces/include/package_master_interfaces/package_master_interfaces/srv/detail
[3.000s] -- Up-to-date: /home/rouillon/ProRob/install/package_master_interfaces/include/package_master_interfaces/package_master_interfaces/srv/detail/robot_positions__rosidl_typesupport_introspection_cpp.hpp
[3.001s] -- Up-to-date: /home/rouillon/ProRob/install/package_master_interfaces/include/package_master_interfaces/package_master_interfaces/srv/detail/add_three_ints__type_support.cpp
[3.001s] -- Up-to-date: /home/rouillon/ProRob/install/package_master_interfaces/include/package_master_interfaces/package_master_interfaces/srv/detail/robot_positions__type_support.cpp
[3.002s] -- Up-to-date: /home/rouillon/ProRob/install/package_master_interfaces/include/package_master_interfaces/package_master_interfaces/srv/detail/add_three_ints__rosidl_typesupport_introspection_cpp.hpp
[3.002s] -- Up-to-date: /home/rouillon/ProRob/install/package_master_interfaces/lib/libpackage_master_interfaces__rosidl_typesupport_introspection_cpp.so
[3.003s] -- Up-to-date: /home/rouillon/ProRob/install/package_master_interfaces/lib/libpackage_master_interfaces__rosidl_typesupport_cpp.so
[3.003s] -- Up-to-date: /home/rouillon/ProRob/install/package_master_interfaces/share/package_master_interfaces/environment/pythonpath.sh
[3.004s] -- Up-to-date: /home/rouillon/ProRob/install/package_master_interfaces/share/package_master_interfaces/environment/pythonpath.dsv
[3.004s] -- Up-to-date: /home/rouillon/ProRob/install/package_master_interfaces/local/lib/python3.10/dist-packages/package_master_interfaces-0.0.0-py3.10.egg-info
[3.005s] -- Installing: /home/rouillon/ProRob/install/package_master_interfaces/local/lib/python3.10/dist-packages/package_master_interfaces-0.0.0-py3.10.egg-info/SOURCES.txt
[3.006s] -- Installing: /home/rouillon/ProRob/install/package_master_interfaces/local/lib/python3.10/dist-packages/package_master_interfaces-0.0.0-py3.10.egg-info/PKG-INFO
[3.006s] -- Installing: /home/rouillon/ProRob/install/package_master_interfaces/local/lib/python3.10/dist-packages/package_master_interfaces-0.0.0-py3.10.egg-info/dependency_links.txt
[3.006s] -- Installing: /home/rouillon/ProRob/install/package_master_interfaces/local/lib/python3.10/dist-packages/package_master_interfaces-0.0.0-py3.10.egg-info/top_level.txt
[3.009s] -- Up-to-date: /home/rouillon/ProRob/install/package_master_interfaces/local/lib/python3.10/dist-packages/package_master_interfaces
[3.009s] -- Up-to-date: /home/rouillon/ProRob/install/package_master_interfaces/local/lib/python3.10/dist-packages/package_master_interfaces/msg
[3.010s] -- Up-to-date: /home/rouillon/ProRob/install/package_master_interfaces/local/lib/python3.10/dist-packages/package_master_interfaces/msg/_num.py
[3.010s] -- Up-to-date: /home/rouillon/ProRob/install/package_master_interfaces/local/lib/python3.10/dist-packages/package_master_interfaces/msg/_num_s.c
[3.011s] -- Up-to-date: /home/rouillon/ProRob/install/package_master_interfaces/local/lib/python3.10/dist-packages/package_master_interfaces/msg/__init__.py
[3.011s] -- Up-to-date: /home/rouillon/ProRob/install/package_master_interfaces/local/lib/python3.10/dist-packages/package_master_interfaces/package_master_interfaces_s__rosidl_typesupport_c.cpython-310-x86_64-linux-gnu.so
[3.012s] -- Up-to-date: /home/rouillon/ProRob/install/package_master_interfaces/local/lib/python3.10/dist-packages/package_master_interfaces/_package_master_interfaces_s.ep.rosidl_typesupport_fastrtps_c.c
[3.012s] -- Up-to-date: /home/rouillon/ProRob/install/package_master_interfaces/local/lib/python3.10/dist-packages/package_master_interfaces/_package_master_interfaces_s.ep.rosidl_typesupport_introspection_c.c
[3.012s] -- Up-to-date: /home/rouillon/ProRob/install/package_master_interfaces/local/lib/python3.10/dist-packages/package_master_interfaces/package_master_interfaces_s__rosidl_typesupport_introspection_c.cpython-310-x86_64-linux-gnu.so
[3.012s] -- Up-to-date: /home/rouillon/ProRob/install/package_master_interfaces/local/lib/python3.10/dist-packages/package_master_interfaces/srv
[3.013s] -- Up-to-date: /home/rouillon/ProRob/install/package_master_interfaces/local/lib/python3.10/dist-packages/package_master_interfaces/srv/_add_three_ints_s.c
[3.013s] -- Up-to-date: /home/rouillon/ProRob/install/package_master_interfaces/local/lib/python3.10/dist-packages/package_master_interfaces/srv/_robot_positions.py
[3.013s] -- Up-to-date: /home/rouillon/ProRob/install/package_master_interfaces/local/lib/python3.10/dist-packages/package_master_interfaces/srv/__init__.py
[3.014s] -- Up-to-date: /home/rouillon/ProRob/install/package_master_interfaces/local/lib/python3.10/dist-packages/package_master_interfaces/srv/_robot_positions_s.c
[3.014s] -- Up-to-date: /home/rouillon/ProRob/install/package_master_interfaces/local/lib/python3.10/dist-packages/package_master_interfaces/srv/_add_three_ints.py
[3.014s] -- Up-to-date: /home/rouillon/ProRob/install/package_master_interfaces/local/lib/python3.10/dist-packages/package_master_interfaces/libpackage_master_interfaces__rosidl_generator_py.so
[3.014s] -- Up-to-date: /home/rouillon/ProRob/install/package_master_interfaces/local/lib/python3.10/dist-packages/package_master_interfaces/package_master_interfaces_s__rosidl_typesupport_fastrtps_c.cpython-310-x86_64-linux-gnu.so
[3.015s] -- Up-to-date: /home/rouillon/ProRob/install/package_master_interfaces/local/lib/python3.10/dist-packages/package_master_interfaces/_package_master_interfaces_s.ep.rosidl_typesupport_c.c
[3.015s] -- Up-to-date: /home/rouillon/ProRob/install/package_master_interfaces/local/lib/python3.10/dist-packages/package_master_interfaces/__init__.py
[3.143s] Listing '/home/rouillon/ProRob/install/package_master_interfaces/local/lib/python3.10/dist-packages/package_master_interfaces'...
[3.143s] Listing '/home/rouillon/ProRob/install/package_master_interfaces/local/lib/python3.10/dist-packages/package_master_interfaces/msg'...
[3.144s] Listing '/home/rouillon/ProRob/install/package_master_interfaces/local/lib/python3.10/dist-packages/package_master_interfaces/srv'...
[3.161s] -- Up-to-date: /home/rouillon/ProRob/install/package_master_interfaces/local/lib/python3.10/dist-packages/package_master_interfaces/package_master_interfaces_s__rosidl_typesupport_fastrtps_c.cpython-310-x86_64-linux-gnu.so
[3.162s] -- Up-to-date: /home/rouillon/ProRob/install/package_master_interfaces/local/lib/python3.10/dist-packages/package_master_interfaces/package_master_interfaces_s__rosidl_typesupport_introspection_c.cpython-310-x86_64-linux-gnu.so
[3.163s] -- Up-to-date: /home/rouillon/ProRob/install/package_master_interfaces/local/lib/python3.10/dist-packages/package_master_interfaces/package_master_interfaces_s__rosidl_typesupport_c.cpython-310-x86_64-linux-gnu.so
[3.165s] -- Up-to-date: /home/rouillon/ProRob/install/package_master_interfaces/lib/libpackage_master_interfaces__rosidl_generator_py.so
[3.167s] -- Up-to-date: /home/rouillon/ProRob/install/package_master_interfaces/share/package_master_interfaces/msg/Num.idl
[3.167s] -- Up-to-date: /home/rouillon/ProRob/install/package_master_interfaces/share/package_master_interfaces/srv/AddThreeInts.idl
[3.168s] -- Up-to-date: /home/rouillon/ProRob/install/package_master_interfaces/share/package_master_interfaces/srv/RobotPositions.idl
[3.169s] -- Up-to-date: /home/rouillon/ProRob/install/package_master_interfaces/share/package_master_interfaces/msg/Num.msg
[3.169s] -- Up-to-date: /home/rouillon/ProRob/install/package_master_interfaces/share/package_master_interfaces/srv/AddThreeInts.srv
[3.170s] -- Up-to-date: /home/rouillon/ProRob/install/package_master_interfaces/share/package_master_interfaces/srv/AddThreeInts_Request.msg
[3.170s] -- Up-to-date: /home/rouillon/ProRob/install/package_master_interfaces/share/package_master_interfaces/srv/AddThreeInts_Response.msg
[3.171s] -- Up-to-date: /home/rouillon/ProRob/install/package_master_interfaces/share/package_master_interfaces/srv/RobotPositions.srv
[3.171s] -- Up-to-date: /home/rouillon/ProRob/install/package_master_interfaces/share/package_master_interfaces/srv/RobotPositions_Request.msg
[3.171s] -- Up-to-date: /home/rouillon/ProRob/install/package_master_interfaces/share/package_master_interfaces/srv/RobotPositions_Response.msg
[3.171s] -- Up-to-date: /home/rouillon/ProRob/install/package_master_interfaces/share/ament_index/resource_index/package_run_dependencies/package_master_interfaces
[3.172s] -- Up-to-date: /home/rouillon/ProRob/install/package_master_interfaces/share/ament_index/resource_index/parent_prefix_path/package_master_interfaces
[3.172s] -- Up-to-date: /home/rouillon/ProRob/install/package_master_interfaces/share/package_master_interfaces/environment/ament_prefix_path.sh
[3.173s] -- Up-to-date: /home/rouillon/ProRob/install/package_master_interfaces/share/package_master_interfaces/environment/ament_prefix_path.dsv
[3.173s] -- Up-to-date: /home/rouillon/ProRob/install/package_master_interfaces/share/package_master_interfaces/environment/path.sh
[3.173s] -- Up-to-date: /home/rouillon/ProRob/install/package_master_interfaces/share/package_master_interfaces/environment/path.dsv
[3.174s] -- Up-to-date: /home/rouillon/ProRob/install/package_master_interfaces/share/package_master_interfaces/local_setup.bash
[3.174s] -- Up-to-date: /home/rouillon/ProRob/install/package_master_interfaces/share/package_master_interfaces/local_setup.sh
[3.174s] -- Up-to-date: /home/rouillon/ProRob/install/package_master_interfaces/share/package_master_interfaces/local_setup.zsh
[3.175s] -- Up-to-date: /home/rouillon/ProRob/install/package_master_interfaces/share/package_master_interfaces/local_setup.dsv
[3.175s] -- Installing: /home/rouillon/ProRob/install/package_master_interfaces/share/package_master_interfaces/package.dsv
[3.176s] -- Up-to-date: /home/rouillon/ProRob/install/package_master_interfaces/share/ament_index/resource_index/packages/package_master_interfaces
[3.176s] -- Up-to-date: /home/rouillon/ProRob/install/package_master_interfaces/share/package_master_interfaces/cmake/export_package_master_interfaces__rosidl_generator_cExport.cmake
[3.177s] -- Up-to-date: /home/rouillon/ProRob/install/package_master_interfaces/share/package_master_interfaces/cmake/export_package_master_interfaces__rosidl_generator_cExport-noconfig.cmake
[3.178s] -- Up-to-date: /home/rouillon/ProRob/install/package_master_interfaces/share/package_master_interfaces/cmake/export_package_master_interfaces__rosidl_typesupport_fastrtps_cExport.cmake
[3.178s] -- Up-to-date: /home/rouillon/ProRob/install/package_master_interfaces/share/package_master_interfaces/cmake/export_package_master_interfaces__rosidl_typesupport_fastrtps_cExport-noconfig.cmake
[3.179s] -- Up-to-date: /home/rouillon/ProRob/install/package_master_interfaces/share/package_master_interfaces/cmake/package_master_interfaces__rosidl_typesupport_introspection_cExport.cmake
[3.179s] -- Up-to-date: /home/rouillon/ProRob/install/package_master_interfaces/share/package_master_interfaces/cmake/package_master_interfaces__rosidl_typesupport_introspection_cExport-noconfig.cmake
[3.180s] -- Up-to-date: /home/rouillon/ProRob/install/package_master_interfaces/share/package_master_interfaces/cmake/package_master_interfaces__rosidl_typesupport_cExport.cmake
[3.180s] -- Up-to-date: /home/rouillon/ProRob/install/package_master_interfaces/share/package_master_interfaces/cmake/package_master_interfaces__rosidl_typesupport_cExport-noconfig.cmake
[3.180s] -- Up-to-date: /home/rouillon/ProRob/install/package_master_interfaces/share/package_master_interfaces/cmake/export_package_master_interfaces__rosidl_generator_cppExport.cmake
[3.181s] -- Up-to-date: /home/rouillon/ProRob/install/package_master_interfaces/share/package_master_interfaces/cmake/export_package_master_interfaces__rosidl_typesupport_fastrtps_cppExport.cmake
[3.182s] -- Up-to-date: /home/rouillon/ProRob/install/package_master_interfaces/share/package_master_interfaces/cmake/export_package_master_interfaces__rosidl_typesupport_fastrtps_cppExport-noconfig.cmake
[3.182s] -- Up-to-date: /home/rouillon/ProRob/install/package_master_interfaces/share/package_master_interfaces/cmake/package_master_interfaces__rosidl_typesupport_introspection_cppExport.cmake
[3.183s] -- Up-to-date: /home/rouillon/ProRob/install/package_master_interfaces/share/package_master_interfaces/cmake/package_master_interfaces__rosidl_typesupport_introspection_cppExport-noconfig.cmake
[3.183s] -- Up-to-date: /home/rouillon/ProRob/install/package_master_interfaces/share/package_master_interfaces/cmake/package_master_interfaces__rosidl_typesupport_cppExport.cmake
[3.184s] -- Up-to-date: /home/rouillon/ProRob/install/package_master_interfaces/share/package_master_interfaces/cmake/package_master_interfaces__rosidl_typesupport_cppExport-noconfig.cmake
[3.184s] -- Up-to-date: /home/rouillon/ProRob/install/package_master_interfaces/share/package_master_interfaces/cmake/export_package_master_interfaces__rosidl_generator_pyExport.cmake
[3.185s] -- Up-to-date: /home/rouillon/ProRob/install/package_master_interfaces/share/package_master_interfaces/cmake/export_package_master_interfaces__rosidl_generator_pyExport-noconfig.cmake
[3.185s] -- Up-to-date: /home/rouillon/ProRob/install/package_master_interfaces/share/package_master_interfaces/cmake/rosidl_cmake-extras.cmake
[3.185s] -- Up-to-date: /home/rouillon/ProRob/install/package_master_interfaces/share/package_master_interfaces/cmake/ament_cmake_export_include_directories-extras.cmake
[3.186s] -- Up-to-date: /home/rouillon/ProRob/install/package_master_interfaces/share/package_master_interfaces/cmake/ament_cmake_export_libraries-extras.cmake
[3.186s] -- Up-to-date: /home/rouillon/ProRob/install/package_master_interfaces/share/package_master_interfaces/cmake/ament_cmake_export_targets-extras.cmake
[3.187s] -- Up-to-date: /home/rouillon/ProRob/install/package_master_interfaces/share/package_master_interfaces/cmake/rosidl_cmake_export_typesupport_targets-extras.cmake
[3.187s] -- Up-to-date: /home/rouillon/ProRob/install/package_master_interfaces/share/package_master_interfaces/cmake/ament_cmake_export_dependencies-extras.cmake
[3.187s] -- Up-to-date: /home/rouillon/ProRob/install/package_master_interfaces/share/package_master_interfaces/cmake/rosidl_cmake_export_typesupport_libraries-extras.cmake
[3.188s] -- Up-to-date: /home/rouillon/ProRob/install/package_master_interfaces/share/package_master_interfaces/cmake/package_master_interfacesConfig.cmake
[3.188s] -- Up-to-date: /home/rouillon/ProRob/install/package_master_interfaces/share/package_master_interfaces/cmake/package_master_interfacesConfig-version.cmake
[3.188s] -- Up-to-date: /home/rouillon/ProRob/install/package_master_interfaces/share/package_master_interfaces/package.xml
[3.195s] Invoked command in '/home/rouillon/ProRob/build/package_master_interfaces' returned '0': CMAKE_PREFIX_PATH=${CMAKE_PREFIX_PATH}:/opt/ros/humble:/home/rouillon/ProRob/install/py_srvcli:/home/rouillon/ProRob/install/package_master /usr/bin/cmake --install /home/rouillon/ProRob/build/package_master_interfaces
