-- Found ament_cmake: 1.3.11 (/opt/ros/humble/share/ament_cmake/cmake)
-- Found ament_lint_auto: 0.12.11 (/opt/ros/humble/share/ament_lint_auto/cmake)
-- Found rosidl_default_generators: 1.2.0 (/opt/ros/humble/share/rosidl_default_generators/cmake)
-- Using all available rosidl_typesupport_c: rosidl_typesupport_fastrtps_c;rosidl_typesupport_introspection_c
-- Found rosidl_adapter: 3.1.6 (/opt/ros/humble/share/rosidl_adapter/cmake)
-- Using all available rosidl_typesupport_cpp: rosidl_typesupport_fastrtps_cpp;rosidl_typesupport_introspection_cpp
-- Found ament_cmake_ros: 0.10.0 (/opt/ros/humble/share/ament_cmake_ros/cmake)
-- Using all available rosidl_typesupport_c: rosidl_typesupport_fastrtps_c;rosidl_typesupport_introspection_c
-- Using all available rosidl_typesupport_cpp: rosidl_typesupport_fastrtps_cpp;rosidl_typesupport_introspection_cpp
-- Found PythonInterp: /usr/bin/python3 (found suitable version "3.10.12", minimum required is "3.6") 
-- Found python_cmake_module: 0.10.0 (/opt/ros/humble/share/python_cmake_module/cmake)
-- Found PythonLibs: /usr/lib/x86_64-linux-gnu/libpython3.10.so (found suitable version "3.10.12", minimum required is "3.5") 
-- Using PYTHON_EXECUTABLE: /usr/bin/python3
-- Using PYTHON_INCLUDE_DIRS: /usr/include/python3.10
-- Using PYTHON_LIBRARIES: /usr/lib/x86_64-linux-gnu/libpython3.10.so
-- Found PythonExtra: .so  
-- Added test 'lint_cmake' to check CMake code style
-- Added test 'xmllint' to check XML markup files
-- Configuring done
-- Generating done
-- Build files have been written to: /home/rouillon/Documents/ProDroneTB/ProRob/build/package_master_interfaces
[  1%] [34m[1mGenerating C code for ROS interfaces[0m
[  2%] [34m[1mGenerating C++ code for ROS interfaces[0m
[  2%] Built target ament_cmake_python_copy_package_master_interfaces
running egg_info
creating package_master_interfaces.egg-info
writing package_master_interfaces.egg-info/PKG-INFO
writing dependency_links to package_master_interfaces.egg-info/dependency_links.txt
writing top-level names to package_master_interfaces.egg-info/top_level.txt
writing manifest file 'package_master_interfaces.egg-info/SOURCES.txt'
reading manifest file 'package_master_interfaces.egg-info/SOURCES.txt'
writing manifest file 'package_master_interfaces.egg-info/SOURCES.txt'
[  2%] Built target ament_cmake_python_build_package_master_interfaces_egg
[  2%] Built target package_master_interfaces__cpp
[  4%] [34m[1mGenerating C++ type support dispatch for ROS interfaces[0m
[  5%] [34m[1mGenerating C++ introspection for ROS interfaces[0m
[  7%] [34m[1mGenerating C++ type support for eProsima Fast-RTPS[0m
[  8%] [32mBuilding C object CMakeFiles/package_master_interfaces__rosidl_generator_c.dir/rosidl_generator_c/package_master_interfaces/msg/detail/num__functions.c.o[0m
[  9%] [32mBuilding C object CMakeFiles/package_master_interfaces__rosidl_generator_c.dir/rosidl_generator_c/package_master_interfaces/msg/detail/sequence_elments__functions.c.o[0m
[ 11%] [32mBuilding C object CMakeFiles/package_master_interfaces__rosidl_generator_c.dir/rosidl_generator_c/package_master_interfaces/srv/detail/add_three_ints__functions.c.o[0m
[ 12%] [32mBuilding C object CMakeFiles/package_master_interfaces__rosidl_generator_c.dir/rosidl_generator_c/package_master_interfaces/srv/detail/robot_positions__functions.c.o[0m
[ 14%] [32mBuilding C object CMakeFiles/package_master_interfaces__rosidl_generator_c.dir/rosidl_generator_c/package_master_interfaces/srv/detail/send_positions__functions.c.o[0m
[ 15%] [32mBuilding C object CMakeFiles/package_master_interfaces__rosidl_generator_c.dir/rosidl_generator_c/package_master_interfaces/srv/detail/drone_trajectories__functions.c.o[0m
[ 18%] [32mBuilding CXX object CMakeFiles/package_master_interfaces__rosidl_typesupport_cpp.dir/rosidl_typesupport_cpp/package_master_interfaces/msg/num__type_support.cpp.o[0m
[ 18%] [32mBuilding CXX object CMakeFiles/package_master_interfaces__rosidl_typesupport_cpp.dir/rosidl_typesupport_cpp/package_master_interfaces/msg/sequence_elments__type_support.cpp.o[0m
[ 19%] [32mBuilding CXX object CMakeFiles/package_master_interfaces__rosidl_typesupport_introspection_cpp.dir/rosidl_typesupport_introspection_cpp/package_master_interfaces/msg/detail/num__type_support.cpp.o[0m
[ 21%] [32mBuilding CXX object CMakeFiles/package_master_interfaces__rosidl_typesupport_cpp.dir/rosidl_typesupport_cpp/package_master_interfaces/srv/add_three_ints__type_support.cpp.o[0m
[ 22%] [32mBuilding CXX object CMakeFiles/package_master_interfaces__rosidl_typesupport_cpp.dir/rosidl_typesupport_cpp/package_master_interfaces/srv/robot_positions__type_support.cpp.o[0m
[ 23%] [32mBuilding CXX object CMakeFiles/package_master_interfaces__rosidl_typesupport_fastrtps_cpp.dir/rosidl_typesupport_fastrtps_cpp/package_master_interfaces/msg/detail/dds_fastrtps/num__type_support.cpp.o[0m
[ 25%] [32mBuilding CXX object CMakeFiles/package_master_interfaces__rosidl_typesupport_cpp.dir/rosidl_typesupport_cpp/package_master_interfaces/srv/send_positions__type_support.cpp.o[0m
[ 26%] [32mBuilding CXX object CMakeFiles/package_master_interfaces__rosidl_typesupport_cpp.dir/rosidl_typesupport_cpp/package_master_interfaces/srv/drone_trajectories__type_support.cpp.o[0m
[ 28%] [32mBuilding CXX object CMakeFiles/package_master_interfaces__rosidl_typesupport_introspection_cpp.dir/rosidl_typesupport_introspection_cpp/package_master_interfaces/msg/detail/sequence_elments__type_support.cpp.o[0m
[ 29%] [32mBuilding CXX object CMakeFiles/package_master_interfaces__rosidl_typesupport_introspection_cpp.dir/rosidl_typesupport_introspection_cpp/package_master_interfaces/srv/detail/add_three_ints__type_support.cpp.o[0m
[ 30%] [32mBuilding CXX object CMakeFiles/package_master_interfaces__rosidl_typesupport_fastrtps_cpp.dir/rosidl_typesupport_fastrtps_cpp/package_master_interfaces/msg/detail/dds_fastrtps/sequence_elments__type_support.cpp.o[0m
[ 32%] [32mBuilding CXX object CMakeFiles/package_master_interfaces__rosidl_typesupport_fastrtps_cpp.dir/rosidl_typesupport_fastrtps_cpp/package_master_interfaces/srv/detail/dds_fastrtps/add_three_ints__type_support.cpp.o[0m
[ 33%] [32mBuilding CXX object CMakeFiles/package_master_interfaces__rosidl_typesupport_introspection_cpp.dir/rosidl_typesupport_introspection_cpp/package_master_interfaces/srv/detail/robot_positions__type_support.cpp.o[0m
[ 35%] [32mBuilding CXX object CMakeFiles/package_master_interfaces__rosidl_typesupport_fastrtps_cpp.dir/rosidl_typesupport_fastrtps_cpp/package_master_interfaces/srv/detail/dds_fastrtps/robot_positions__type_support.cpp.o[0m
[ 36%] [32mBuilding CXX object CMakeFiles/package_master_interfaces__rosidl_typesupport_fastrtps_cpp.dir/rosidl_typesupport_fastrtps_cpp/package_master_interfaces/srv/detail/dds_fastrtps/send_positions__type_support.cpp.o[0m
[ 38%] [32mBuilding CXX object CMakeFiles/package_master_interfaces__rosidl_typesupport_fastrtps_cpp.dir/rosidl_typesupport_fastrtps_cpp/package_master_interfaces/srv/detail/dds_fastrtps/drone_trajectories__type_support.cpp.o[0m
[ 39%] [32mBuilding CXX object CMakeFiles/package_master_interfaces__rosidl_typesupport_introspection_cpp.dir/rosidl_typesupport_introspection_cpp/package_master_interfaces/srv/detail/send_positions__type_support.cpp.o[0m
[ 40%] [32mBuilding CXX object CMakeFiles/package_master_interfaces__rosidl_typesupport_introspection_cpp.dir/rosidl_typesupport_introspection_cpp/package_master_interfaces/srv/detail/drone_trajectories__type_support.cpp.o[0m
