[0.514s] Invoking command in '/home/rouillon/Documents/ProDroneTB/ProRob/build/package_master_interfaces': CMAKE_PREFIX_PATH=${CMAKE_PREFIX_PATH}:/home/rouillon/Documents/ProDroneTB/ProRob/install/py_srvcli:/home/rouillon/Documents/ProDroneTB/ProRob/install/package_master:/home/rouillon/ProRob/install/py_srvcli:/home/rouillon/ProRob/install/package_master:/opt/ros/humble /usr/bin/cmake /home/rouillon/Documents/ProDroneTB/ProRob/src/package_master_interfaces -DCMAKE_INSTALL_PREFIX=/home/rouillon/Documents/ProDroneTB/ProRob/install/package_master_interfaces
[0.535s] -- Found ament_cmake: 1.3.11 (/opt/ros/humble/share/ament_cmake/cmake)
[0.760s] -- Found ament_lint_auto: 0.12.11 (/opt/ros/humble/share/ament_lint_auto/cmake)
[0.881s] -- Found rosidl_default_generators: 1.2.0 (/opt/ros/humble/share/rosidl_default_generators/cmake)
[0.886s] -- Using all available rosidl_typesupport_c: rosidl_typesupport_fastrtps_c;rosidl_typesupport_introspection_c
[0.892s] -- Found rosidl_adapter: 3.1.6 (/opt/ros/humble/share/rosidl_adapter/cmake)
[0.954s] -- Using all available rosidl_typesupport_cpp: rosidl_typesupport_fastrtps_cpp;rosidl_typesupport_introspection_cpp
[1.477s] -- Found ament_cmake_ros: 0.10.0 (/opt/ros/humble/share/ament_cmake_ros/cmake)
[1.931s] -- Using all available rosidl_typesupport_c: rosidl_typesupport_fastrtps_c;rosidl_typesupport_introspection_c
[2.461s] -- Using all available rosidl_typesupport_cpp: rosidl_typesupport_fastrtps_cpp;rosidl_typesupport_introspection_cpp
[2.507s] -- Found PythonInterp: /usr/bin/python3 (found suitable version "3.10.12", minimum required is "3.6") 
[2.510s] -- Found python_cmake_module: 0.10.0 (/opt/ros/humble/share/python_cmake_module/cmake)
[2.565s] -- Found PythonLibs: /usr/lib/x86_64-linux-gnu/libpython3.10.so (found suitable version "3.10.12", minimum required is "3.5") 
[2.565s] -- Using PYTHON_EXECUTABLE: /usr/bin/python3
[2.565s] -- Using PYTHON_INCLUDE_DIRS: /usr/include/python3.10
[2.565s] -- Using PYTHON_LIBRARIES: /usr/lib/x86_64-linux-gnu/libpython3.10.so
[2.609s] -- Found PythonExtra: .so  
[2.682s] -- Added test 'lint_cmake' to check CMake code style
[2.684s] -- Added test 'xmllint' to check XML markup files
[2.691s] -- Configuring done
[2.754s] -- Generating done
[2.776s] -- Build files have been written to: /home/rouillon/Documents/ProDroneTB/ProRob/build/package_master_interfaces
[2.787s] Invoked command in '/home/rouillon/Documents/ProDroneTB/ProRob/build/package_master_interfaces' returned '0': CMAKE_PREFIX_PATH=${CMAKE_PREFIX_PATH}:/home/rouillon/Documents/ProDroneTB/ProRob/install/py_srvcli:/home/rouillon/Documents/ProDroneTB/ProRob/install/package_master:/home/rouillon/ProRob/install/py_srvcli:/home/rouillon/ProRob/install/package_master:/opt/ros/humble /usr/bin/cmake /home/rouillon/Documents/ProDroneTB/ProRob/src/package_master_interfaces -DCMAKE_INSTALL_PREFIX=/home/rouillon/Documents/ProDroneTB/ProRob/install/package_master_interfaces
[2.788s] Invoking command in '/home/rouillon/Documents/ProDroneTB/ProRob/build/package_master_interfaces': CMAKE_PREFIX_PATH=${CMAKE_PREFIX_PATH}:/home/rouillon/Documents/ProDroneTB/ProRob/install/py_srvcli:/home/rouillon/Documents/ProDroneTB/ProRob/install/package_master:/home/rouillon/ProRob/install/py_srvcli:/home/rouillon/ProRob/install/package_master:/opt/ros/humble /usr/bin/cmake --build /home/rouillon/Documents/ProDroneTB/ProRob/build/package_master_interfaces -- -j4 -l4
[2.844s] [  1%] [34m[1mGenerating C code for ROS interfaces[0m
[2.858s] [  2%] [34m[1mGenerating C++ code for ROS interfaces[0m
[2.874s] [  2%] Built target ament_cmake_python_copy_package_master_interfaces
[3.335s] running egg_info
[3.337s] creating package_master_interfaces.egg-info
[3.337s] writing package_master_interfaces.egg-info/PKG-INFO
[3.337s] writing dependency_links to package_master_interfaces.egg-info/dependency_links.txt
[3.337s] writing top-level names to package_master_interfaces.egg-info/top_level.txt
[3.337s] writing manifest file 'package_master_interfaces.egg-info/SOURCES.txt'
[3.341s] reading manifest file 'package_master_interfaces.egg-info/SOURCES.txt'
[3.341s] writing manifest file 'package_master_interfaces.egg-info/SOURCES.txt'
[3.381s] [  2%] Built target ament_cmake_python_build_package_master_interfaces_egg
[4.541s] [  2%] Built target package_master_interfaces__cpp
[4.558s] [  4%] [34m[1mGenerating C++ type support dispatch for ROS interfaces[0m
[4.603s] [  5%] [34m[1mGenerating C++ introspection for ROS interfaces[0m
[4.607s] [  7%] [34m[1mGenerating C++ type support for eProsima Fast-RTPS[0m
[4.628s] [  8%] [32mBuilding C object CMakeFiles/package_master_interfaces__rosidl_generator_c.dir/rosidl_generator_c/package_master_interfaces/msg/detail/num__functions.c.o[0m
[4.704s] [  9%] [32mBuilding C object CMakeFiles/package_master_interfaces__rosidl_generator_c.dir/rosidl_generator_c/package_master_interfaces/msg/detail/sequence_elments__functions.c.o[0m
[4.771s] [ 11%] [32mBuilding C object CMakeFiles/package_master_interfaces__rosidl_generator_c.dir/rosidl_generator_c/package_master_interfaces/srv/detail/add_three_ints__functions.c.o[0m
[4.867s] [ 12%] [32mBuilding C object CMakeFiles/package_master_interfaces__rosidl_generator_c.dir/rosidl_generator_c/package_master_interfaces/srv/detail/robot_positions__functions.c.o[0m
[4.977s] [ 14%] [32mBuilding C object CMakeFiles/package_master_interfaces__rosidl_generator_c.dir/rosidl_generator_c/package_master_interfaces/srv/detail/send_positions__functions.c.o[0m
[5.076s] [ 15%] [32mBuilding C object CMakeFiles/package_master_interfaces__rosidl_generator_c.dir/rosidl_generator_c/package_master_interfaces/srv/detail/drone_trajectories__functions.c.o[0m
[5.100s] In file included from [01m[K/home/rouillon/Documents/ProDroneTB/ProRob/build/package_master_interfaces/rosidl_generator_c/package_master_interfaces/srv/detail/drone_trajectories__functions.h:19[m[K,
[5.100s]                  from [01m[K/home/rouillon/Documents/ProDroneTB/ProRob/build/package_master_interfaces/rosidl_generator_c/package_master_interfaces/srv/detail/drone_trajectories__functions.c:4[m[K:
[5.101s] [01m[K/home/rouillon/Documents/ProDroneTB/ProRob/build/package_master_interfaces/rosidl_generator_c/package_master_interfaces/srv/detail/drone_trajectories__struct.h:58:10:[m[K [01;31m[Kfatal error: [m[Kpackage_master_interfaces/msg/detail/sequence_elements__struct.h: No such file or directory
[5.101s]    58 | #include [01;31m[K"package_master_interfaces/msg/detail/sequence_elements__struct.h"[m[K
[5.105s]       |          [01;31m[K^~~~~~~~~~~~~~~~~~~~~~~~~~~~~~~~~~~~~~~~~~~~~~~~~~~~~~~~~~~~~~~~~~[m[K
[5.105s] compilation terminated.
[5.106s] gmake[2]: *** [CMakeFiles/package_master_interfaces__rosidl_generator_c.dir/build.make:255: CMakeFiles/package_master_interfaces__rosidl_generator_c.dir/rosidl_generator_c/package_master_interfaces/srv/detail/drone_trajectories__functions.c.o] Error 1
[5.106s] gmake[1]: *** [CMakeFiles/Makefile2:213: CMakeFiles/package_master_interfaces__rosidl_generator_c.dir/all] Error 2
[5.106s] gmake[1]: *** Waiting for unfinished jobs....
[5.715s] [ 18%] [32mBuilding CXX object CMakeFiles/package_master_interfaces__rosidl_typesupport_cpp.dir/rosidl_typesupport_cpp/package_master_interfaces/msg/num__type_support.cpp.o[0m
[5.715s] [ 18%] [32mBuilding CXX object CMakeFiles/package_master_interfaces__rosidl_typesupport_cpp.dir/rosidl_typesupport_cpp/package_master_interfaces/msg/sequence_elments__type_support.cpp.o[0m
[6.122s] [ 19%] [32mBuilding CXX object CMakeFiles/package_master_interfaces__rosidl_typesupport_introspection_cpp.dir/rosidl_typesupport_introspection_cpp/package_master_interfaces/msg/detail/num__type_support.cpp.o[0m
[6.287s] [ 21%] [32mBuilding CXX object CMakeFiles/package_master_interfaces__rosidl_typesupport_cpp.dir/rosidl_typesupport_cpp/package_master_interfaces/srv/add_three_ints__type_support.cpp.o[0m
[6.350s] [ 22%] [32mBuilding CXX object CMakeFiles/package_master_interfaces__rosidl_typesupport_cpp.dir/rosidl_typesupport_cpp/package_master_interfaces/srv/robot_positions__type_support.cpp.o[0m
[6.464s] [ 23%] [32mBuilding CXX object CMakeFiles/package_master_interfaces__rosidl_typesupport_fastrtps_cpp.dir/rosidl_typesupport_fastrtps_cpp/package_master_interfaces/msg/detail/dds_fastrtps/num__type_support.cpp.o[0m
[6.939s] [ 25%] [32mBuilding CXX object CMakeFiles/package_master_interfaces__rosidl_typesupport_cpp.dir/rosidl_typesupport_cpp/package_master_interfaces/srv/send_positions__type_support.cpp.o[0m
[7.110s] [ 26%] [32mBuilding CXX object CMakeFiles/package_master_interfaces__rosidl_typesupport_cpp.dir/rosidl_typesupport_cpp/package_master_interfaces/srv/drone_trajectories__type_support.cpp.o[0m
[7.137s] [ 28%] [32mBuilding CXX object CMakeFiles/package_master_interfaces__rosidl_typesupport_introspection_cpp.dir/rosidl_typesupport_introspection_cpp/package_master_interfaces/msg/detail/sequence_elments__type_support.cpp.o[0m
[7.216s] In file included from [01m[K/home/rouillon/Documents/ProDroneTB/ProRob/build/package_master_interfaces/rosidl_typesupport_cpp/package_master_interfaces/srv/drone_trajectories__type_support.cpp:7[m[K:
[7.217s] [01m[K/home/rouillon/Documents/ProDroneTB/ProRob/build/package_master_interfaces/rosidl_generator_cpp/package_master_interfaces/srv/detail/drone_trajectories__struct.hpp:198:10:[m[K [01;31m[Kfatal error: [m[Kpackage_master_interfaces/msg/detail/sequence_elements__struct.hpp: No such file or directory
[7.218s]   198 | #include [01;31m[K"package_master_interfaces/msg/detail/sequence_elements__struct.hpp"[m[K
[7.218s]       |          [01;31m[K^~~~~~~~~~~~~~~~~~~~~~~~~~~~~~~~~~~~~~~~~~~~~~~~~~~~~~~~~~~~~~~~~~~~[m[K
[7.221s] compilation terminated.
[7.222s] gmake[2]: *** [CMakeFiles/package_master_interfaces__rosidl_typesupport_cpp.dir/build.make:176: CMakeFiles/package_master_interfaces__rosidl_typesupport_cpp.dir/rosidl_typesupport_cpp/package_master_interfaces/srv/drone_trajectories__type_support.cpp.o] Error 1
[7.222s] gmake[2]: *** Waiting for unfinished jobs....
[7.248s] [ 29%] [32mBuilding CXX object CMakeFiles/package_master_interfaces__rosidl_typesupport_introspection_cpp.dir/rosidl_typesupport_introspection_cpp/package_master_interfaces/srv/detail/add_three_ints__type_support.cpp.o[0m
[7.494s] [ 30%] [32mBuilding CXX object CMakeFiles/package_master_interfaces__rosidl_typesupport_fastrtps_cpp.dir/rosidl_typesupport_fastrtps_cpp/package_master_interfaces/msg/detail/dds_fastrtps/sequence_elments__type_support.cpp.o[0m
[7.511s] gmake[1]: *** [CMakeFiles/Makefile2:395: CMakeFiles/package_master_interfaces__rosidl_typesupport_cpp.dir/all] Error 2
[7.521s] [ 32%] [32mBuilding CXX object CMakeFiles/package_master_interfaces__rosidl_typesupport_fastrtps_cpp.dir/rosidl_typesupport_fastrtps_cpp/package_master_interfaces/srv/detail/dds_fastrtps/add_three_ints__type_support.cpp.o[0m
[7.879s] [ 33%] [32mBuilding CXX object CMakeFiles/package_master_interfaces__rosidl_typesupport_introspection_cpp.dir/rosidl_typesupport_introspection_cpp/package_master_interfaces/srv/detail/robot_positions__type_support.cpp.o[0m
[8.025s] [ 35%] [32mBuilding CXX object CMakeFiles/package_master_interfaces__rosidl_typesupport_fastrtps_cpp.dir/rosidl_typesupport_fastrtps_cpp/package_master_interfaces/srv/detail/dds_fastrtps/robot_positions__type_support.cpp.o[0m
[8.306s] [ 36%] [32mBuilding CXX object CMakeFiles/package_master_interfaces__rosidl_typesupport_fastrtps_cpp.dir/rosidl_typesupport_fastrtps_cpp/package_master_interfaces/srv/detail/dds_fastrtps/send_positions__type_support.cpp.o[0m
[8.354s] [ 38%] [32mBuilding CXX object CMakeFiles/package_master_interfaces__rosidl_typesupport_fastrtps_cpp.dir/rosidl_typesupport_fastrtps_cpp/package_master_interfaces/srv/detail/dds_fastrtps/drone_trajectories__type_support.cpp.o[0m
[8.442s] In file included from [01m[K/home/rouillon/Documents/ProDroneTB/ProRob/build/package_master_interfaces/rosidl_typesupport_fastrtps_cpp/package_master_interfaces/srv/detail/drone_trajectories__rosidl_typesupport_fastrtps_cpp.hpp:11[m[K,
[8.442s]                  from [01m[K/home/rouillon/Documents/ProDroneTB/ProRob/build/package_master_interfaces/rosidl_typesupport_fastrtps_cpp/package_master_interfaces/srv/detail/dds_fastrtps/drone_trajectories__type_support.cpp:4[m[K:
[8.442s] [01m[K/home/rouillon/Documents/ProDroneTB/ProRob/build/package_master_interfaces/rosidl_generator_cpp/package_master_interfaces/srv/detail/drone_trajectories__struct.hpp:198:10:[m[K [01;31m[Kfatal error: [m[Kpackage_master_interfaces/msg/detail/sequence_elements__struct.hpp: No such file or directory
[8.442s]   198 | #include [01;31m[K"package_master_interfaces/msg/detail/sequence_elements__struct.hpp"[m[K
[8.443s]       |          [01;31m[K^~~~~~~~~~~~~~~~~~~~~~~~~~~~~~~~~~~~~~~~~~~~~~~~~~~~~~~~~~~~~~~~~~~~[m[K
[8.443s] compilation terminated.
[8.446s] gmake[2]: *** [CMakeFiles/package_master_interfaces__rosidl_typesupport_fastrtps_cpp.dir/build.make:196: CMakeFiles/package_master_interfaces__rosidl_typesupport_fastrtps_cpp.dir/rosidl_typesupport_fastrtps_cpp/package_master_interfaces/srv/detail/dds_fastrtps/drone_trajectories__type_support.cpp.o] Error 1
[8.446s] gmake[2]: *** Waiting for unfinished jobs....
[8.465s] [ 39%] [32mBuilding CXX object CMakeFiles/package_master_interfaces__rosidl_typesupport_introspection_cpp.dir/rosidl_typesupport_introspection_cpp/package_master_interfaces/srv/detail/send_positions__type_support.cpp.o[0m
[8.727s] [ 40%] [32mBuilding CXX object CMakeFiles/package_master_interfaces__rosidl_typesupport_introspection_cpp.dir/rosidl_typesupport_introspection_cpp/package_master_interfaces/srv/detail/drone_trajectories__type_support.cpp.o[0m
[8.852s] In file included from [01m[K/home/rouillon/Documents/ProDroneTB/ProRob/build/package_master_interfaces/rosidl_typesupport_introspection_cpp/package_master_interfaces/srv/detail/drone_trajectories__type_support.cpp:12[m[K:
[8.852s] [01m[K/home/rouillon/Documents/ProDroneTB/ProRob/build/package_master_interfaces/rosidl_generator_cpp/package_master_interfaces/srv/detail/drone_trajectories__struct.hpp:198:10:[m[K [01;31m[Kfatal error: [m[Kpackage_master_interfaces/msg/detail/sequence_elements__struct.hpp: No such file or directory
[8.853s]   198 | #include [01;31m[K"package_master_interfaces/msg/detail/sequence_elements__struct.hpp"[m[K
[8.853s]       |          [01;31m[K^~~~~~~~~~~~~~~~~~~~~~~~~~~~~~~~~~~~~~~~~~~~~~~~~~~~~~~~~~~~~~~~~~~~[m[K
[8.853s] compilation terminated.
[8.854s] gmake[2]: *** [CMakeFiles/package_master_interfaces__rosidl_typesupport_introspection_cpp.dir/build.make:196: CMakeFiles/package_master_interfaces__rosidl_typesupport_introspection_cpp.dir/rosidl_typesupport_introspection_cpp/package_master_interfaces/srv/detail/drone_trajectories__type_support.cpp.o] Error 1
[8.854s] gmake[2]: *** Waiting for unfinished jobs....
[9.111s] gmake[1]: *** [CMakeFiles/Makefile2:343: CMakeFiles/package_master_interfaces__rosidl_typesupport_fastrtps_cpp.dir/all] Error 2
[9.209s] gmake[1]: *** [CMakeFiles/Makefile2:369: CMakeFiles/package_master_interfaces__rosidl_typesupport_introspection_cpp.dir/all] Error 2
[9.210s] gmake: *** [Makefile:146: all] Error 2
[9.214s] Invoked command in '/home/rouillon/Documents/ProDroneTB/ProRob/build/package_master_interfaces' returned '2': CMAKE_PREFIX_PATH=${CMAKE_PREFIX_PATH}:/home/rouillon/Documents/ProDroneTB/ProRob/install/py_srvcli:/home/rouillon/Documents/ProDroneTB/ProRob/install/package_master:/home/rouillon/ProRob/install/py_srvcli:/home/rouillon/ProRob/install/package_master:/opt/ros/humble /usr/bin/cmake --build /home/rouillon/Documents/ProDroneTB/ProRob/build/package_master_interfaces -- -j4 -l4
