[0.269s] DEBUG:colcon:Command line arguments: ['/usr/bin/colcon', 'build']
[0.269s] DEBUG:colcon:Parsed command line arguments: Namespace(log_base=None, log_level=None, verb_name='build', build_base='build', install_base='install', merge_install=False, symlink_install=False, test_result_base=None, continue_on_error=False, executor='parallel', parallel_workers=4, event_handlers=None, ignore_user_meta=False, metas=['./colcon.meta'], base_paths=['.'], packages_ignore=None, packages_ignore_regex=None, paths=None, packages_up_to=None, packages_up_to_regex=None, packages_above=None, packages_above_and_dependencies=None, packages_above_depth=None, packages_select_by_dep=None, packages_skip_by_dep=None, packages_skip_up_to=None, packages_select_build_failed=False, packages_skip_build_finished=False, packages_select_test_failures=False, packages_skip_test_passed=False, packages_select=None, packages_skip=None, packages_select_regex=None, packages_skip_regex=None, packages_start=None, packages_end=None, allow_overriding=[], cmake_args=None, cmake_target=None, cmake_target_skip_unavailable=False, cmake_clean_cache=False, cmake_clean_first=False, cmake_force_configure=False, ament_cmake_args=None, catkin_cmake_args=None, catkin_skip_building_tests=False, mixin_files=None, mixin=None, verb_parser=<colcon_mixin.mixin.mixin_argument.MixinArgumentDecorator object at 0x7038d263f3d0>, verb_extension=<colcon_core.verb.build.BuildVerb object at 0x7038d27849a0>, main=<bound method BuildVerb.main of <colcon_core.verb.build.BuildVerb object at 0x7038d27849a0>>, mixin_verb=('build',))
[0.735s] Level 1:colcon.colcon_core.package_discovery:discover_packages(colcon_meta) check parameters
[0.735s] Level 1:colcon.colcon_core.package_discovery:discover_packages(recursive) check parameters
[0.735s] Level 1:colcon.colcon_core.package_discovery:discover_packages(ignore) check parameters
[0.735s] Level 1:colcon.colcon_core.package_discovery:discover_packages(path) check parameters
[0.735s] Level 1:colcon.colcon_core.package_discovery:discover_packages(colcon_meta) discover
[0.735s] Level 1:colcon.colcon_core.package_discovery:discover_packages(recursive) discover
[0.735s] INFO:colcon.colcon_core.package_discovery:Crawling recursively for packages in '/home/rouillon/Documents/ProDroneTB/ProRob'
[0.736s] Level 1:colcon.colcon_core.package_identification:_identify(.) by extensions ['ignore', 'ignore_ament_install']
[0.736s] Level 1:colcon.colcon_core.package_identification:_identify(.) by extension 'ignore'
[0.736s] Level 1:colcon.colcon_core.package_identification:_identify(.) by extension 'ignore_ament_install'
[0.736s] Level 1:colcon.colcon_core.package_identification:_identify(.) by extensions ['colcon_pkg']
[0.736s] Level 1:colcon.colcon_core.package_identification:_identify(.) by extension 'colcon_pkg'
[0.736s] Level 1:colcon.colcon_core.package_identification:_identify(.) by extensions ['colcon_meta']
[0.736s] Level 1:colcon.colcon_core.package_identification:_identify(.) by extension 'colcon_meta'
[0.736s] Level 1:colcon.colcon_core.package_identification:_identify(.) by extensions ['ros']
[0.736s] Level 1:colcon.colcon_core.package_identification:_identify(.) by extension 'ros'
[0.762s] Level 1:colcon.colcon_core.package_identification:_identify(.) by extensions ['cmake', 'python']
[0.762s] Level 1:colcon.colcon_core.package_identification:_identify(.) by extension 'cmake'
[0.762s] Level 1:colcon.colcon_core.package_identification:_identify(.) by extension 'python'
[0.762s] Level 1:colcon.colcon_core.package_identification:_identify(.) by extensions ['python_setup_py']
[0.762s] Level 1:colcon.colcon_core.package_identification:_identify(.) by extension 'python_setup_py'
[0.762s] Level 1:colcon.colcon_core.package_identification:_identify(build) by extensions ['ignore', 'ignore_ament_install']
[0.763s] Level 1:colcon.colcon_core.package_identification:_identify(build) by extension 'ignore'
[0.763s] Level 1:colcon.colcon_core.package_identification:_identify(build) ignored
[0.763s] Level 1:colcon.colcon_core.package_identification:_identify(install) by extensions ['ignore', 'ignore_ament_install']
[0.763s] Level 1:colcon.colcon_core.package_identification:_identify(install) by extension 'ignore'
[0.763s] Level 1:colcon.colcon_core.package_identification:_identify(install) ignored
[0.764s] Level 1:colcon.colcon_core.package_identification:_identify(log) by extensions ['ignore', 'ignore_ament_install']
[0.764s] Level 1:colcon.colcon_core.package_identification:_identify(log) by extension 'ignore'
[0.764s] Level 1:colcon.colcon_core.package_identification:_identify(log) ignored
[0.764s] Level 1:colcon.colcon_core.package_identification:_identify(src) by extensions ['ignore', 'ignore_ament_install']
[0.764s] Level 1:colcon.colcon_core.package_identification:_identify(src) by extension 'ignore'
[0.764s] Level 1:colcon.colcon_core.package_identification:_identify(src) by extension 'ignore_ament_install'
[0.764s] Level 1:colcon.colcon_core.package_identification:_identify(src) by extensions ['colcon_pkg']
[0.764s] Level 1:colcon.colcon_core.package_identification:_identify(src) by extension 'colcon_pkg'
[0.764s] Level 1:colcon.colcon_core.package_identification:_identify(src) by extensions ['colcon_meta']
[0.765s] Level 1:colcon.colcon_core.package_identification:_identify(src) by extension 'colcon_meta'
[0.765s] Level 1:colcon.colcon_core.package_identification:_identify(src) by extensions ['ros']
[0.765s] Level 1:colcon.colcon_core.package_identification:_identify(src) by extension 'ros'
[0.765s] Level 1:colcon.colcon_core.package_identification:_identify(src) by extensions ['cmake', 'python']
[0.765s] Level 1:colcon.colcon_core.package_identification:_identify(src) by extension 'cmake'
[0.765s] Level 1:colcon.colcon_core.package_identification:_identify(src) by extension 'python'
[0.765s] Level 1:colcon.colcon_core.package_identification:_identify(src) by extensions ['python_setup_py']
[0.765s] Level 1:colcon.colcon_core.package_identification:_identify(src) by extension 'python_setup_py'
[0.765s] Level 1:colcon.colcon_core.package_identification:_identify(src/package_master) by extensions ['ignore', 'ignore_ament_install']
[0.766s] Level 1:colcon.colcon_core.package_identification:_identify(src/package_master) by extension 'ignore'
[0.766s] Level 1:colcon.colcon_core.package_identification:_identify(src/package_master) by extension 'ignore_ament_install'
[0.766s] Level 1:colcon.colcon_core.package_identification:_identify(src/package_master) by extensions ['colcon_pkg']
[0.766s] Level 1:colcon.colcon_core.package_identification:_identify(src/package_master) by extension 'colcon_pkg'
[0.766s] Level 1:colcon.colcon_core.package_identification:_identify(src/package_master) by extensions ['colcon_meta']
[0.766s] Level 1:colcon.colcon_core.package_identification:_identify(src/package_master) by extension 'colcon_meta'
[0.766s] Level 1:colcon.colcon_core.package_identification:_identify(src/package_master) by extensions ['ros']
[0.766s] Level 1:colcon.colcon_core.package_identification:_identify(src/package_master) by extension 'ros'
[0.773s] DEBUG:colcon.colcon_core.package_identification:Package 'src/package_master' with type 'ros.ament_python' and name 'package_master'
[0.773s] Level 1:colcon.colcon_core.package_identification:_identify(src/package_master_interfaces) by extensions ['ignore', 'ignore_ament_install']
[0.773s] Level 1:colcon.colcon_core.package_identification:_identify(src/package_master_interfaces) by extension 'ignore'
[0.773s] Level 1:colcon.colcon_core.package_identification:_identify(src/package_master_interfaces) by extension 'ignore_ament_install'
[0.773s] Level 1:colcon.colcon_core.package_identification:_identify(src/package_master_interfaces) by extensions ['colcon_pkg']
[0.774s] Level 1:colcon.colcon_core.package_identification:_identify(src/package_master_interfaces) by extension 'colcon_pkg'
[0.774s] Level 1:colcon.colcon_core.package_identification:_identify(src/package_master_interfaces) by extensions ['colcon_meta']
[0.774s] Level 1:colcon.colcon_core.package_identification:_identify(src/package_master_interfaces) by extension 'colcon_meta'
[0.774s] Level 1:colcon.colcon_core.package_identification:_identify(src/package_master_interfaces) by extensions ['ros']
[0.774s] Level 1:colcon.colcon_core.package_identification:_identify(src/package_master_interfaces) by extension 'ros'
[0.775s] DEBUG:colcon.colcon_core.package_identification:Package 'src/package_master_interfaces' with type 'ros.ament_cmake' and name 'package_master_interfaces'
[0.775s] Level 1:colcon.colcon_core.package_identification:_identify(src/py_srvcli) by extensions ['ignore', 'ignore_ament_install']
[0.775s] Level 1:colcon.colcon_core.package_identification:_identify(src/py_srvcli) by extension 'ignore'
[0.775s] Level 1:colcon.colcon_core.package_identification:_identify(src/py_srvcli) by extension 'ignore_ament_install'
[0.775s] Level 1:colcon.colcon_core.package_identification:_identify(src/py_srvcli) by extensions ['colcon_pkg']
[0.775s] Level 1:colcon.colcon_core.package_identification:_identify(src/py_srvcli) by extension 'colcon_pkg'
[0.775s] Level 1:colcon.colcon_core.package_identification:_identify(src/py_srvcli) by extensions ['colcon_meta']
[0.775s] Level 1:colcon.colcon_core.package_identification:_identify(src/py_srvcli) by extension 'colcon_meta'
[0.776s] Level 1:colcon.colcon_core.package_identification:_identify(src/py_srvcli) by extensions ['ros']
[0.776s] Level 1:colcon.colcon_core.package_identification:_identify(src/py_srvcli) by extension 'ros'
[0.778s] DEBUG:colcon.colcon_core.package_identification:Package 'src/py_srvcli' with type 'ros.ament_python' and name 'py_srvcli'
[0.778s] Level 1:colcon.colcon_core.package_discovery:discover_packages(recursive) using defaults
[0.778s] Level 1:colcon.colcon_core.package_discovery:discover_packages(ignore) discover
[0.778s] Level 1:colcon.colcon_core.package_discovery:discover_packages(ignore) using defaults
[0.778s] Level 1:colcon.colcon_core.package_discovery:discover_packages(path) discover
[0.778s] Level 1:colcon.colcon_core.package_discovery:discover_packages(path) using defaults
[0.843s] Level 1:colcon.colcon_core.package_discovery:discover_packages(prefix_path) check parameters
[0.843s] Level 1:colcon.colcon_core.package_discovery:discover_packages(prefix_path) discover
[0.847s] DEBUG:colcon.colcon_installed_package_information.package_discovery:Found 3 installed packages in /home/rouillon/Documents/ProDroneTB/ProRob/install
[0.850s] DEBUG:colcon.colcon_installed_package_information.package_discovery:Found 270 installed packages in /opt/ros/humble
[0.855s] Level 1:colcon.colcon_core.package_discovery:discover_packages(prefix_path) using defaults
[0.961s] Level 5:colcon.colcon_core.verb:set package 'package_master' build argument 'cmake_args' from command line to 'None'
[0.961s] Level 5:colcon.colcon_core.verb:set package 'package_master' build argument 'cmake_target' from command line to 'None'
[0.961s] Level 5:colcon.colcon_core.verb:set package 'package_master' build argument 'cmake_target_skip_unavailable' from command line to 'False'
[0.961s] Level 5:colcon.colcon_core.verb:set package 'package_master' build argument 'cmake_clean_cache' from command line to 'False'
[0.961s] Level 5:colcon.colcon_core.verb:set package 'package_master' build argument 'cmake_clean_first' from command line to 'False'
[0.961s] Level 5:colcon.colcon_core.verb:set package 'package_master' build argument 'cmake_force_configure' from command line to 'False'
[0.961s] Level 5:colcon.colcon_core.verb:set package 'package_master' build argument 'ament_cmake_args' from command line to 'None'
[0.961s] Level 5:colcon.colcon_core.verb:set package 'package_master' build argument 'catkin_cmake_args' from command line to 'None'
[0.961s] Level 5:colcon.colcon_core.verb:set package 'package_master' build argument 'catkin_skip_building_tests' from command line to 'False'
[0.961s] DEBUG:colcon.colcon_core.verb:Building package 'package_master' with the following arguments: {'ament_cmake_args': None, 'build_base': '/home/rouillon/Documents/ProDroneTB/ProRob/build/package_master', 'catkin_cmake_args': None, 'catkin_skip_building_tests': False, 'cmake_args': None, 'cmake_clean_cache': False, 'cmake_clean_first': False, 'cmake_force_configure': False, 'cmake_target': None, 'cmake_target_skip_unavailable': False, 'install_base': '/home/rouillon/Documents/ProDroneTB/ProRob/install/package_master', 'merge_install': False, 'path': '/home/rouillon/Documents/ProDroneTB/ProRob/src/package_master', 'symlink_install': False, 'test_result_base': None}
[0.962s] Level 5:colcon.colcon_core.verb:set package 'package_master_interfaces' build argument 'cmake_args' from command line to 'None'
[0.962s] Level 5:colcon.colcon_core.verb:set package 'package_master_interfaces' build argument 'cmake_target' from command line to 'None'
[0.962s] Level 5:colcon.colcon_core.verb:set package 'package_master_interfaces' build argument 'cmake_target_skip_unavailable' from command line to 'False'
[0.963s] Level 5:colcon.colcon_core.verb:set package 'package_master_interfaces' build argument 'cmake_clean_cache' from command line to 'False'
[0.963s] Level 5:colcon.colcon_core.verb:set package 'package_master_interfaces' build argument 'cmake_clean_first' from command line to 'False'
[0.963s] Level 5:colcon.colcon_core.verb:set package 'package_master_interfaces' build argument 'cmake_force_configure' from command line to 'False'
[0.963s] Level 5:colcon.colcon_core.verb:set package 'package_master_interfaces' build argument 'ament_cmake_args' from command line to 'None'
[0.963s] Level 5:colcon.colcon_core.verb:set package 'package_master_interfaces' build argument 'catkin_cmake_args' from command line to 'None'
[0.963s] Level 5:colcon.colcon_core.verb:set package 'package_master_interfaces' build argument 'catkin_skip_building_tests' from command line to 'False'
[0.963s] DEBUG:colcon.colcon_core.verb:Building package 'package_master_interfaces' with the following arguments: {'ament_cmake_args': None, 'build_base': '/home/rouillon/Documents/ProDroneTB/ProRob/build/package_master_interfaces', 'catkin_cmake_args': None, 'catkin_skip_building_tests': False, 'cmake_args': None, 'cmake_clean_cache': False, 'cmake_clean_first': False, 'cmake_force_configure': False, 'cmake_target': None, 'cmake_target_skip_unavailable': False, 'install_base': '/home/rouillon/Documents/ProDroneTB/ProRob/install/package_master_interfaces', 'merge_install': False, 'path': '/home/rouillon/Documents/ProDroneTB/ProRob/src/package_master_interfaces', 'symlink_install': False, 'test_result_base': None}
[0.964s] Level 5:colcon.colcon_core.verb:set package 'py_srvcli' build argument 'cmake_args' from command line to 'None'
[0.964s] Level 5:colcon.colcon_core.verb:set package 'py_srvcli' build argument 'cmake_target' from command line to 'None'
[0.964s] Level 5:colcon.colcon_core.verb:set package 'py_srvcli' build argument 'cmake_target_skip_unavailable' from command line to 'False'
[0.964s] Level 5:colcon.colcon_core.verb:set package 'py_srvcli' build argument 'cmake_clean_cache' from command line to 'False'
[0.964s] Level 5:colcon.colcon_core.verb:set package 'py_srvcli' build argument 'cmake_clean_first' from command line to 'False'
[0.964s] Level 5:colcon.colcon_core.verb:set package 'py_srvcli' build argument 'cmake_force_configure' from command line to 'False'
[0.964s] Level 5:colcon.colcon_core.verb:set package 'py_srvcli' build argument 'ament_cmake_args' from command line to 'None'
[0.964s] Level 5:colcon.colcon_core.verb:set package 'py_srvcli' build argument 'catkin_cmake_args' from command line to 'None'
[0.964s] Level 5:colcon.colcon_core.verb:set package 'py_srvcli' build argument 'catkin_skip_building_tests' from command line to 'False'
[0.964s] DEBUG:colcon.colcon_core.verb:Building package 'py_srvcli' with the following arguments: {'ament_cmake_args': None, 'build_base': '/home/rouillon/Documents/ProDroneTB/ProRob/build/py_srvcli', 'catkin_cmake_args': None, 'catkin_skip_building_tests': False, 'cmake_args': None, 'cmake_clean_cache': False, 'cmake_clean_first': False, 'cmake_force_configure': False, 'cmake_target': None, 'cmake_target_skip_unavailable': False, 'install_base': '/home/rouillon/Documents/ProDroneTB/ProRob/install/py_srvcli', 'merge_install': False, 'path': '/home/rouillon/Documents/ProDroneTB/ProRob/src/py_srvcli', 'symlink_install': False, 'test_result_base': None}
[0.964s] INFO:colcon.colcon_core.executor:Executing jobs using 'parallel' executor
[0.967s] DEBUG:colcon.colcon_parallel_executor.executor.parallel:run_until_complete
[0.968s] INFO:colcon.colcon_ros.task.ament_python.build:Building ROS package in '/home/rouillon/Documents/ProDroneTB/ProRob/src/package_master' with build type 'ament_python'
[0.968s] Level 1:colcon.colcon_core.shell:create_environment_hook('package_master', 'ament_prefix_path')
[0.976s] INFO:colcon.colcon_core.plugin_system:Skipping extension 'colcon_core.shell.bat': Not used on non-Windows systems
[0.977s] INFO:colcon.colcon_core.shell:Creating environment hook '/home/rouillon/Documents/ProDroneTB/ProRob/install/package_master/share/package_master/hook/ament_prefix_path.ps1'
[0.979s] INFO:colcon.colcon_core.shell:Creating environment descriptor '/home/rouillon/Documents/ProDroneTB/ProRob/install/package_master/share/package_master/hook/ament_prefix_path.dsv'
[0.980s] INFO:colcon.colcon_core.shell:Creating environment hook '/home/rouillon/Documents/ProDroneTB/ProRob/install/package_master/share/package_master/hook/ament_prefix_path.sh'
[0.983s] INFO:colcon.colcon_core.shell:Skip shell extension 'powershell' for command environment: Not usable outside of PowerShell
[0.983s] DEBUG:colcon.colcon_core.shell:Skip shell extension 'dsv' for command environment
[1.000s] INFO:colcon.colcon_ros.task.ament_cmake.build:Building ROS package in '/home/rouillon/Documents/ProDroneTB/ProRob/src/package_master_interfaces' with build type 'ament_cmake'
[1.001s] INFO:colcon.colcon_cmake.task.cmake.build:Building CMake package in '/home/rouillon/Documents/ProDroneTB/ProRob/src/package_master_interfaces'
[1.002s] INFO:colcon.colcon_core.shell:Skip shell extension 'powershell' for command environment: Not usable outside of PowerShell
[1.003s] DEBUG:colcon.colcon_core.shell:Skip shell extension 'dsv' for command environment
[1.016s] INFO:colcon.colcon_ros.task.ament_python.build:Building ROS package in '/home/rouillon/Documents/ProDroneTB/ProRob/src/py_srvcli' with build type 'ament_python'
[1.017s] Level 1:colcon.colcon_core.shell:create_environment_hook('py_srvcli', 'ament_prefix_path')
[1.019s] INFO:colcon.colcon_core.shell:Creating environment hook '/home/rouillon/Documents/ProDroneTB/ProRob/install/py_srvcli/share/py_srvcli/hook/ament_prefix_path.ps1'
[1.023s] INFO:colcon.colcon_core.shell:Creating environment descriptor '/home/rouillon/Documents/ProDroneTB/ProRob/install/py_srvcli/share/py_srvcli/hook/ament_prefix_path.dsv'
[1.024s] INFO:colcon.colcon_core.shell:Creating environment hook '/home/rouillon/Documents/ProDroneTB/ProRob/install/py_srvcli/share/py_srvcli/hook/ament_prefix_path.sh'
[1.027s] INFO:colcon.colcon_core.shell:Skip shell extension 'powershell' for command environment: Not usable outside of PowerShell
[1.028s] DEBUG:colcon.colcon_core.shell:Skip shell extension 'dsv' for command environment
[1.845s] INFO:colcon.colcon_core.task.python.build:Building Python package in '/home/rouillon/Documents/ProDroneTB/ProRob/src/package_master'
[1.846s] INFO:colcon.colcon_core.shell:Skip shell extension 'powershell' for command environment: Not usable outside of PowerShell
[1.847s] DEBUG:colcon.colcon_core.shell:Skip shell extension 'dsv' for command environment
[1.873s] DEBUG:colcon.colcon_core.event_handler.log_command:Invoking command in '/home/rouillon/Documents/ProDroneTB/ProRob/build/package_master_interfaces': CMAKE_PREFIX_PATH=${CMAKE_PREFIX_PATH}:/home/rouillon/Documents/ProDroneTB/ProRob/install/py_srvcli:/home/rouillon/Documents/ProDroneTB/ProRob/install/package_master:/opt/ros/humble /usr/bin/cmake --build /home/rouillon/Documents/ProDroneTB/ProRob/build/package_master_interfaces -- -j4 -l4
[2.932s] INFO:colcon.colcon_core.task.python.build:Building Python package in '/home/rouillon/Documents/ProDroneTB/ProRob/src/py_srvcli'
[2.933s] INFO:colcon.colcon_core.shell:Skip shell extension 'powershell' for command environment: Not usable outside of PowerShell
[2.933s] DEBUG:colcon.colcon_core.shell:Skip shell extension 'dsv' for command environment
[3.307s] DEBUG:colcon.colcon_core.event_handler.log_command:Invoked command in '/home/rouillon/Documents/ProDroneTB/ProRob/build/package_master_interfaces' returned '0': CMAKE_PREFIX_PATH=${CMAKE_PREFIX_PATH}:/home/rouillon/Documents/ProDroneTB/ProRob/install/py_srvcli:/home/rouillon/Documents/ProDroneTB/ProRob/install/package_master:/opt/ros/humble /usr/bin/cmake --build /home/rouillon/Documents/ProDroneTB/ProRob/build/package_master_interfaces -- -j4 -l4
[3.343s] DEBUG:colcon.colcon_core.event_handler.log_command:Invoking command in '/home/rouillon/Documents/ProDroneTB/ProRob/build/package_master_interfaces': CMAKE_PREFIX_PATH=${CMAKE_PREFIX_PATH}:/home/rouillon/Documents/ProDroneTB/ProRob/install/py_srvcli:/home/rouillon/Documents/ProDroneTB/ProRob/install/package_master:/opt/ros/humble /usr/bin/cmake --install /home/rouillon/Documents/ProDroneTB/ProRob/build/package_master_interfaces
[3.529s] Level 1:colcon.colcon_core.environment:create_environment_scripts_only(package_master_interfaces)
[3.543s] Level 1:colcon.colcon_core.environment:checking '/home/rouillon/Documents/ProDroneTB/ProRob/install/package_master_interfaces' for CMake module files
[3.547s] DEBUG:colcon.colcon_core.event_handler.log_command:Invoked command in '/home/rouillon/Documents/ProDroneTB/ProRob/build/package_master_interfaces' returned '0': CMAKE_PREFIX_PATH=${CMAKE_PREFIX_PATH}:/home/rouillon/Documents/ProDroneTB/ProRob/install/py_srvcli:/home/rouillon/Documents/ProDroneTB/ProRob/install/package_master:/opt/ros/humble /usr/bin/cmake --install /home/rouillon/Documents/ProDroneTB/ProRob/build/package_master_interfaces
[3.550s] Level 1:colcon.colcon_core.environment:checking '/home/rouillon/Documents/ProDroneTB/ProRob/install/package_master_interfaces' for CMake config files
[3.551s] Level 1:colcon.colcon_core.shell:create_environment_hook('package_master_interfaces', 'cmake_prefix_path')
[3.552s] INFO:colcon.colcon_core.shell:Creating environment hook '/home/rouillon/Documents/ProDroneTB/ProRob/install/package_master_interfaces/share/package_master_interfaces/hook/cmake_prefix_path.ps1'
[3.554s] INFO:colcon.colcon_core.shell:Creating environment descriptor '/home/rouillon/Documents/ProDroneTB/ProRob/install/package_master_interfaces/share/package_master_interfaces/hook/cmake_prefix_path.dsv'
[3.555s] INFO:colcon.colcon_core.shell:Creating environment hook '/home/rouillon/Documents/ProDroneTB/ProRob/install/package_master_interfaces/share/package_master_interfaces/hook/cmake_prefix_path.sh'
[3.558s] Level 1:colcon.colcon_core.environment:checking '/home/rouillon/Documents/ProDroneTB/ProRob/install/package_master_interfaces/lib'
[3.559s] Level 1:colcon.colcon_core.shell:create_environment_hook('package_master_interfaces', 'ld_library_path_lib')
[3.559s] INFO:colcon.colcon_core.shell:Creating environment hook '/home/rouillon/Documents/ProDroneTB/ProRob/install/package_master_interfaces/share/package_master_interfaces/hook/ld_library_path_lib.ps1'
[3.561s] INFO:colcon.colcon_core.shell:Creating environment descriptor '/home/rouillon/Documents/ProDroneTB/ProRob/install/package_master_interfaces/share/package_master_interfaces/hook/ld_library_path_lib.dsv'
[3.562s] INFO:colcon.colcon_core.shell:Creating environment hook '/home/rouillon/Documents/ProDroneTB/ProRob/install/package_master_interfaces/share/package_master_interfaces/hook/ld_library_path_lib.sh'
[3.563s] Level 1:colcon.colcon_core.environment:checking '/home/rouillon/Documents/ProDroneTB/ProRob/install/package_master_interfaces/bin'
[3.563s] Level 1:colcon.colcon_core.environment:checking '/home/rouillon/Documents/ProDroneTB/ProRob/install/package_master_interfaces/lib/pkgconfig/package_master_interfaces.pc'
[3.564s] Level 1:colcon.colcon_core.environment:checking '/home/rouillon/Documents/ProDroneTB/ProRob/install/package_master_interfaces/lib/python3.10/site-packages'
[3.565s] Level 1:colcon.colcon_core.environment:checking '/home/rouillon/Documents/ProDroneTB/ProRob/install/package_master_interfaces/bin'
[3.567s] INFO:colcon.colcon_core.shell:Creating package script '/home/rouillon/Documents/ProDroneTB/ProRob/install/package_master_interfaces/share/package_master_interfaces/package.ps1'
[3.571s] INFO:colcon.colcon_core.shell:Creating package descriptor '/home/rouillon/Documents/ProDroneTB/ProRob/install/package_master_interfaces/share/package_master_interfaces/package.dsv'
[3.573s] INFO:colcon.colcon_core.shell:Creating package script '/home/rouillon/Documents/ProDroneTB/ProRob/install/package_master_interfaces/share/package_master_interfaces/package.sh'
[3.576s] INFO:colcon.colcon_core.shell:Creating package script '/home/rouillon/Documents/ProDroneTB/ProRob/install/package_master_interfaces/share/package_master_interfaces/package.bash'
[3.579s] INFO:colcon.colcon_core.shell:Creating package script '/home/rouillon/Documents/ProDroneTB/ProRob/install/package_master_interfaces/share/package_master_interfaces/package.zsh'
[3.582s] Level 1:colcon.colcon_core.environment:create_file_with_runtime_dependencies(/home/rouillon/Documents/ProDroneTB/ProRob/install/package_master_interfaces/share/colcon-core/packages/package_master_interfaces)
[3.584s] Level 1:colcon.colcon_core.environment:create_environment_scripts_only(package_master_interfaces)
[3.588s] Level 1:colcon.colcon_core.environment:checking '/home/rouillon/Documents/ProDroneTB/ProRob/install/package_master_interfaces' for CMake module files
[3.591s] Level 1:colcon.colcon_core.environment:checking '/home/rouillon/Documents/ProDroneTB/ProRob/install/package_master_interfaces' for CMake config files
[3.592s] Level 1:colcon.colcon_core.shell:create_environment_hook('package_master_interfaces', 'cmake_prefix_path')
[3.593s] INFO:colcon.colcon_core.shell:Creating environment hook '/home/rouillon/Documents/ProDroneTB/ProRob/install/package_master_interfaces/share/package_master_interfaces/hook/cmake_prefix_path.ps1'
[3.594s] INFO:colcon.colcon_core.shell:Creating environment descriptor '/home/rouillon/Documents/ProDroneTB/ProRob/install/package_master_interfaces/share/package_master_interfaces/hook/cmake_prefix_path.dsv'
[3.596s] INFO:colcon.colcon_core.shell:Creating environment hook '/home/rouillon/Documents/ProDroneTB/ProRob/install/package_master_interfaces/share/package_master_interfaces/hook/cmake_prefix_path.sh'
[3.598s] Level 1:colcon.colcon_core.environment:checking '/home/rouillon/Documents/ProDroneTB/ProRob/install/package_master_interfaces/lib'
[3.598s] Level 1:colcon.colcon_core.shell:create_environment_hook('package_master_interfaces', 'ld_library_path_lib')
[3.600s] INFO:colcon.colcon_core.shell:Creating environment hook '/home/rouillon/Documents/ProDroneTB/ProRob/install/package_master_interfaces/share/package_master_interfaces/hook/ld_library_path_lib.ps1'
[3.601s] INFO:colcon.colcon_core.shell:Creating environment descriptor '/home/rouillon/Documents/ProDroneTB/ProRob/install/package_master_interfaces/share/package_master_interfaces/hook/ld_library_path_lib.dsv'
[3.602s] INFO:colcon.colcon_core.shell:Creating environment hook '/home/rouillon/Documents/ProDroneTB/ProRob/install/package_master_interfaces/share/package_master_interfaces/hook/ld_library_path_lib.sh'
[3.603s] Level 1:colcon.colcon_core.environment:checking '/home/rouillon/Documents/ProDroneTB/ProRob/install/package_master_interfaces/bin'
[3.604s] Level 1:colcon.colcon_core.environment:checking '/home/rouillon/Documents/ProDroneTB/ProRob/install/package_master_interfaces/lib/pkgconfig/package_master_interfaces.pc'
[3.605s] Level 1:colcon.colcon_core.environment:checking '/home/rouillon/Documents/ProDroneTB/ProRob/install/package_master_interfaces/lib/python3.10/site-packages'
[3.606s] Level 1:colcon.colcon_core.environment:checking '/home/rouillon/Documents/ProDroneTB/ProRob/install/package_master_interfaces/bin'
[3.608s] INFO:colcon.colcon_core.shell:Creating package script '/home/rouillon/Documents/ProDroneTB/ProRob/install/package_master_interfaces/share/package_master_interfaces/package.ps1'
[3.610s] INFO:colcon.colcon_core.shell:Creating package descriptor '/home/rouillon/Documents/ProDroneTB/ProRob/install/package_master_interfaces/share/package_master_interfaces/package.dsv'
[3.611s] INFO:colcon.colcon_core.shell:Creating package script '/home/rouillon/Documents/ProDroneTB/ProRob/install/package_master_interfaces/share/package_master_interfaces/package.sh'
[3.613s] INFO:colcon.colcon_core.shell:Creating package script '/home/rouillon/Documents/ProDroneTB/ProRob/install/package_master_interfaces/share/package_master_interfaces/package.bash'
[3.614s] INFO:colcon.colcon_core.shell:Creating package script '/home/rouillon/Documents/ProDroneTB/ProRob/install/package_master_interfaces/share/package_master_interfaces/package.zsh'
[3.616s] Level 1:colcon.colcon_core.environment:create_file_with_runtime_dependencies(/home/rouillon/Documents/ProDroneTB/ProRob/install/package_master_interfaces/share/colcon-core/packages/package_master_interfaces)
[4.179s] DEBUG:colcon.colcon_core.event_handler.log_command:Invoking command in '/home/rouillon/Documents/ProDroneTB/ProRob/src/py_srvcli': PYTHONPATH=/home/rouillon/Documents/ProDroneTB/ProRob/build/py_srvcli/prefix_override:/usr/lib/python3/dist-packages/colcon_core/task/python/colcon_distutils_commands:/home/rouillon/Documents/ProDroneTB/ProRob/install/py_srvcli/lib/python3.10/site-packages:${PYTHONPATH} /usr/bin/python3 -W ignore:setup.py install is deprecated -W ignore:easy_install command is deprecated setup.py egg_info --egg-base ../../build/py_srvcli build --build-base /home/rouillon/Documents/ProDroneTB/ProRob/build/py_srvcli/build install --record /home/rouillon/Documents/ProDroneTB/ProRob/build/py_srvcli/install.log --single-version-externally-managed install_data
[4.239s] DEBUG:colcon.colcon_core.event_handler.log_command:Invoking command in '/home/rouillon/Documents/ProDroneTB/ProRob/src/package_master': PYTHONPATH=/home/rouillon/Documents/ProDroneTB/ProRob/build/package_master/prefix_override:/usr/lib/python3/dist-packages/colcon_core/task/python/colcon_distutils_commands:/home/rouillon/Documents/ProDroneTB/ProRob/install/package_master/lib/python3.10/site-packages:${PYTHONPATH} /usr/bin/python3 -W ignore:setup.py install is deprecated -W ignore:easy_install command is deprecated setup.py egg_info --egg-base ../../build/package_master build --build-base /home/rouillon/Documents/ProDroneTB/ProRob/build/package_master/build install --record /home/rouillon/Documents/ProDroneTB/ProRob/build/package_master/install.log --single-version-externally-managed install_data
[5.163s] Level 1:colcon.colcon_core.environment:checking '/home/rouillon/Documents/ProDroneTB/ProRob/install/py_srvcli' for CMake module files
[5.166s] DEBUG:colcon.colcon_core.event_handler.log_command:Invoked command in '/home/rouillon/Documents/ProDroneTB/ProRob/src/py_srvcli' returned '0': PYTHONPATH=/home/rouillon/Documents/ProDroneTB/ProRob/build/py_srvcli/prefix_override:/usr/lib/python3/dist-packages/colcon_core/task/python/colcon_distutils_commands:/home/rouillon/Documents/ProDroneTB/ProRob/install/py_srvcli/lib/python3.10/site-packages:${PYTHONPATH} /usr/bin/python3 -W ignore:setup.py install is deprecated -W ignore:easy_install command is deprecated setup.py egg_info --egg-base ../../build/py_srvcli build --build-base /home/rouillon/Documents/ProDroneTB/ProRob/build/py_srvcli/build install --record /home/rouillon/Documents/ProDroneTB/ProRob/build/py_srvcli/install.log --single-version-externally-managed install_data
[5.169s] Level 1:colcon.colcon_core.environment:checking '/home/rouillon/Documents/ProDroneTB/ProRob/install/py_srvcli' for CMake config files
[5.172s] Level 1:colcon.colcon_core.environment:checking '/home/rouillon/Documents/ProDroneTB/ProRob/install/py_srvcli/lib'
[5.174s] Level 1:colcon.colcon_core.environment:checking '/home/rouillon/Documents/ProDroneTB/ProRob/install/py_srvcli/bin'
[5.174s] Level 1:colcon.colcon_core.environment:checking '/home/rouillon/Documents/ProDroneTB/ProRob/install/py_srvcli/lib/pkgconfig/py_srvcli.pc'
[5.175s] Level 1:colcon.colcon_core.environment:checking '/home/rouillon/Documents/ProDroneTB/ProRob/install/py_srvcli/lib/python3.10/site-packages'
[5.175s] Level 1:colcon.colcon_core.shell:create_environment_hook('py_srvcli', 'pythonpath')
[5.176s] INFO:colcon.colcon_core.shell:Creating environment hook '/home/rouillon/Documents/ProDroneTB/ProRob/install/py_srvcli/share/py_srvcli/hook/pythonpath.ps1'
[5.177s] INFO:colcon.colcon_core.shell:Creating environment descriptor '/home/rouillon/Documents/ProDroneTB/ProRob/install/py_srvcli/share/py_srvcli/hook/pythonpath.dsv'
[5.178s] INFO:colcon.colcon_core.shell:Creating environment hook '/home/rouillon/Documents/ProDroneTB/ProRob/install/py_srvcli/share/py_srvcli/hook/pythonpath.sh'
[5.181s] Level 1:colcon.colcon_core.environment:checking '/home/rouillon/Documents/ProDroneTB/ProRob/install/py_srvcli/bin'
[5.181s] Level 1:colcon.colcon_core.environment:create_environment_scripts_only(py_srvcli)
[5.182s] INFO:colcon.colcon_core.shell:Creating package script '/home/rouillon/Documents/ProDroneTB/ProRob/install/py_srvcli/share/py_srvcli/package.ps1'
[5.184s] INFO:colcon.colcon_core.shell:Creating package descriptor '/home/rouillon/Documents/ProDroneTB/ProRob/install/py_srvcli/share/py_srvcli/package.dsv'
[5.187s] INFO:colcon.colcon_core.shell:Creating package script '/home/rouillon/Documents/ProDroneTB/ProRob/install/py_srvcli/share/py_srvcli/package.sh'
[5.190s] INFO:colcon.colcon_core.shell:Creating package script '/home/rouillon/Documents/ProDroneTB/ProRob/install/py_srvcli/share/py_srvcli/package.bash'
[5.191s] INFO:colcon.colcon_core.shell:Creating package script '/home/rouillon/Documents/ProDroneTB/ProRob/install/py_srvcli/share/py_srvcli/package.zsh'
[5.193s] Level 1:colcon.colcon_core.environment:create_file_with_runtime_dependencies(/home/rouillon/Documents/ProDroneTB/ProRob/install/py_srvcli/share/colcon-core/packages/py_srvcli)
[5.342s] Level 1:colcon.colcon_core.environment:checking '/home/rouillon/Documents/ProDroneTB/ProRob/install/package_master' for CMake module files
[5.344s] DEBUG:colcon.colcon_core.event_handler.log_command:Invoked command in '/home/rouillon/Documents/ProDroneTB/ProRob/src/package_master' returned '0': PYTHONPATH=/home/rouillon/Documents/ProDroneTB/ProRob/build/package_master/prefix_override:/usr/lib/python3/dist-packages/colcon_core/task/python/colcon_distutils_commands:/home/rouillon/Documents/ProDroneTB/ProRob/install/package_master/lib/python3.10/site-packages:${PYTHONPATH} /usr/bin/python3 -W ignore:setup.py install is deprecated -W ignore:easy_install command is deprecated setup.py egg_info --egg-base ../../build/package_master build --build-base /home/rouillon/Documents/ProDroneTB/ProRob/build/package_master/build install --record /home/rouillon/Documents/ProDroneTB/ProRob/build/package_master/install.log --single-version-externally-managed install_data
[5.345s] Level 1:colcon.colcon_core.environment:checking '/home/rouillon/Documents/ProDroneTB/ProRob/install/package_master' for CMake config files
[5.347s] Level 1:colcon.colcon_core.environment:checking '/home/rouillon/Documents/ProDroneTB/ProRob/install/package_master/lib'
[5.348s] Level 1:colcon.colcon_core.environment:checking '/home/rouillon/Documents/ProDroneTB/ProRob/install/package_master/bin'
[5.348s] Level 1:colcon.colcon_core.environment:checking '/home/rouillon/Documents/ProDroneTB/ProRob/install/package_master/lib/pkgconfig/package_master.pc'
[5.352s] Level 1:colcon.colcon_core.environment:checking '/home/rouillon/Documents/ProDroneTB/ProRob/install/package_master/lib/python3.10/site-packages'
[5.352s] Level 1:colcon.colcon_core.shell:create_environment_hook('package_master', 'pythonpath')
[5.353s] INFO:colcon.colcon_core.shell:Creating environment hook '/home/rouillon/Documents/ProDroneTB/ProRob/install/package_master/share/package_master/hook/pythonpath.ps1'
[5.355s] INFO:colcon.colcon_core.shell:Creating environment descriptor '/home/rouillon/Documents/ProDroneTB/ProRob/install/package_master/share/package_master/hook/pythonpath.dsv'
[5.356s] INFO:colcon.colcon_core.shell:Creating environment hook '/home/rouillon/Documents/ProDroneTB/ProRob/install/package_master/share/package_master/hook/pythonpath.sh'
[5.359s] Level 1:colcon.colcon_core.environment:checking '/home/rouillon/Documents/ProDroneTB/ProRob/install/package_master/bin'
[5.359s] Level 1:colcon.colcon_core.environment:create_environment_scripts_only(package_master)
[5.361s] INFO:colcon.colcon_core.shell:Creating package script '/home/rouillon/Documents/ProDroneTB/ProRob/install/package_master/share/package_master/package.ps1'
[5.364s] INFO:colcon.colcon_core.shell:Creating package descriptor '/home/rouillon/Documents/ProDroneTB/ProRob/install/package_master/share/package_master/package.dsv'
[5.365s] INFO:colcon.colcon_core.shell:Creating package script '/home/rouillon/Documents/ProDroneTB/ProRob/install/package_master/share/package_master/package.sh'
[5.368s] INFO:colcon.colcon_core.shell:Creating package script '/home/rouillon/Documents/ProDroneTB/ProRob/install/package_master/share/package_master/package.bash'
[5.370s] INFO:colcon.colcon_core.shell:Creating package script '/home/rouillon/Documents/ProDroneTB/ProRob/install/package_master/share/package_master/package.zsh'
[5.371s] Level 1:colcon.colcon_core.environment:create_file_with_runtime_dependencies(/home/rouillon/Documents/ProDroneTB/ProRob/install/package_master/share/colcon-core/packages/package_master)
[5.372s] DEBUG:colcon.colcon_parallel_executor.executor.parallel:closing loop
[5.374s] DEBUG:colcon.colcon_parallel_executor.executor.parallel:loop closed
[5.375s] DEBUG:colcon.colcon_parallel_executor.executor.parallel:run_until_complete finished with '0'
[5.375s] DEBUG:colcon.colcon_core.event_reactor:joining thread
[5.387s] INFO:colcon.colcon_core.plugin_system:Skipping extension 'colcon_notification.desktop_notification.terminal_notifier': Not used on non-Darwin systems
[5.387s] INFO:colcon.colcon_core.plugin_system:Skipping extension 'colcon_notification.desktop_notification.win32': Not used on non-Windows systems
[5.388s] INFO:colcon.colcon_notification.desktop_notification:Sending desktop notification using 'notify2'
[5.425s] DEBUG:colcon.colcon_core.event_reactor:joined thread
[5.427s] INFO:colcon.colcon_core.shell:Creating prefix script '/home/rouillon/Documents/ProDroneTB/ProRob/install/local_setup.ps1'
[5.431s] INFO:colcon.colcon_core.shell:Creating prefix util module '/home/rouillon/Documents/ProDroneTB/ProRob/install/_local_setup_util_ps1.py'
[5.438s] INFO:colcon.colcon_core.shell:Creating prefix chain script '/home/rouillon/Documents/ProDroneTB/ProRob/install/setup.ps1'
[5.443s] INFO:colcon.colcon_core.shell:Creating prefix script '/home/rouillon/Documents/ProDroneTB/ProRob/install/local_setup.sh'
[5.445s] INFO:colcon.colcon_core.shell:Creating prefix util module '/home/rouillon/Documents/ProDroneTB/ProRob/install/_local_setup_util_sh.py'
[5.448s] INFO:colcon.colcon_core.shell:Creating prefix chain script '/home/rouillon/Documents/ProDroneTB/ProRob/install/setup.sh'
[5.454s] INFO:colcon.colcon_core.shell:Creating prefix script '/home/rouillon/Documents/ProDroneTB/ProRob/install/local_setup.bash'
[5.457s] INFO:colcon.colcon_core.shell:Creating prefix chain script '/home/rouillon/Documents/ProDroneTB/ProRob/install/setup.bash'
[5.463s] INFO:colcon.colcon_core.shell:Creating prefix script '/home/rouillon/Documents/ProDroneTB/ProRob/install/local_setup.zsh'
[5.467s] INFO:colcon.colcon_core.shell:Creating prefix chain script '/home/rouillon/Documents/ProDroneTB/ProRob/install/setup.zsh'
