[3.621s] Invoking command in '/home/rouillon/ProRob/src/package_master': PYTHONPATH=/home/rouillon/ProRob/build/package_master/prefix_override:/usr/lib/python3/dist-packages/colcon_core/task/python/colcon_distutils_commands:/home/rouillon/ProRob/install/package_master/lib/python3.10/site-packages:${PYTHONPATH} /usr/bin/python3 -W ignore:setup.py install is deprecated -W ignore:easy_install command is deprecated setup.py egg_info --egg-base ../../build/package_master build --build-base /home/rouillon/ProRob/build/package_master/build install --record /home/rouillon/ProRob/build/package_master/install.log --single-version-externally-managed install_data
[4.624s] running egg_info
[4.627s] writing ../../build/package_master/package_master.egg-info/PKG-INFO
[4.628s] writing dependency_links to ../../build/package_master/package_master.egg-info/dependency_links.txt
[4.629s] writing entry points to ../../build/package_master/package_master.egg-info/entry_points.txt
[4.629s] writing requirements to ../../build/package_master/package_master.egg-info/requires.txt
[4.629s] writing top-level names to ../../build/package_master/package_master.egg-info/top_level.txt
[4.635s] reading manifest file '../../build/package_master/package_master.egg-info/SOURCES.txt'
[4.639s] writing manifest file '../../build/package_master/package_master.egg-info/SOURCES.txt'
[4.640s] running build
[4.641s] running build_py
[4.641s] copying package_master/drone_node.py -> /home/rouillon/ProRob/build/package_master/build/lib/package_master
[4.642s] copying package_master/master_node.py -> /home/rouillon/ProRob/build/package_master/build/lib/package_master
[4.643s] running install
[4.644s] running install_lib
[4.647s] copying /home/rouillon/ProRob/build/package_master/build/lib/package_master/drone_node.py -> /home/rouillon/ProRob/install/package_master/lib/python3.10/site-packages/package_master
[4.647s] copying /home/rouillon/ProRob/build/package_master/build/lib/package_master/master_node.py -> /home/rouillon/ProRob/install/package_master/lib/python3.10/site-packages/package_master
[4.649s] byte-compiling /home/rouillon/ProRob/install/package_master/lib/python3.10/site-packages/package_master/drone_node.py to drone_node.cpython-310.pyc
[4.653s] byte-compiling /home/rouillon/ProRob/install/package_master/lib/python3.10/site-packages/package_master/master_node.py to master_node.cpython-310.pyc
[4.658s] running install_data
[4.659s] running install_egg_info
[4.663s] removing '/home/rouillon/ProRob/install/package_master/lib/python3.10/site-packages/package_master-0.0.0-py3.10.egg-info' (and everything under it)
[4.666s] Copying ../../build/package_master/package_master.egg-info to /home/rouillon/ProRob/install/package_master/lib/python3.10/site-packages/package_master-0.0.0-py3.10.egg-info
[4.667s] running install_scripts
[4.749s] Installing client script to /home/rouillon/ProRob/install/package_master/lib/package_master
[4.749s] Installing service_node script to /home/rouillon/ProRob/install/package_master/lib/package_master
[4.750s] Installing service_test script to /home/rouillon/ProRob/install/package_master/lib/package_master
[4.752s] writing list of installed files to '/home/rouillon/ProRob/build/package_master/install.log'
[4.824s] Invoked command in '/home/rouillon/ProRob/src/package_master' returned '0': PYTHONPATH=/home/rouillon/ProRob/build/package_master/prefix_override:/usr/lib/python3/dist-packages/colcon_core/task/python/colcon_distutils_commands:/home/rouillon/ProRob/install/package_master/lib/python3.10/site-packages:${PYTHONPATH} /usr/bin/python3 -W ignore:setup.py install is deprecated -W ignore:easy_install command is deprecated setup.py egg_info --egg-base ../../build/package_master build --build-base /home/rouillon/ProRob/build/package_master/build install --record /home/rouillon/ProRob/build/package_master/install.log --single-version-externally-managed install_data
