[3.438s] Invoking command in '/home/rouillon/ProRob/src/package_master': PYTHONPATH=/home/rouillon/ProRob/build/package_master/prefix_override:/usr/lib/python3/dist-packages/colcon_core/task/python/colcon_distutils_commands:/home/rouillon/ProRob/install/package_master/lib/python3.10/site-packages:${PYTHONPATH} /usr/bin/python3 -W ignore:setup.py install is deprecated -W ignore:easy_install command is deprecated setup.py egg_info --egg-base ../../build/package_master build --build-base /home/rouillon/ProRob/build/package_master/build install --record /home/rouillon/ProRob/build/package_master/install.log --single-version-externally-managed install_data
[4.452s] running egg_info
[4.454s] writing ../../build/package_master/package_master.egg-info/PKG-INFO
[4.455s] writing dependency_links to ../../build/package_master/package_master.egg-info/dependency_links.txt
[4.456s] writing entry points to ../../build/package_master/package_master.egg-info/entry_points.txt
[4.456s] writing requirements to ../../build/package_master/package_master.egg-info/requires.txt
[4.457s] writing top-level names to ../../build/package_master/package_master.egg-info/top_level.txt
[4.463s] reading manifest file '../../build/package_master/package_master.egg-info/SOURCES.txt'
[4.466s] writing manifest file '../../build/package_master/package_master.egg-info/SOURCES.txt'
[4.467s] running build
[4.467s] running build_py
[4.468s] copying package_master/master_node_tb.py -> /home/rouillon/ProRob/build/package_master/build/lib/package_master
[4.469s] running install
[4.470s] running install_lib
[4.473s] copying /home/rouillon/ProRob/build/package_master/build/lib/package_master/master_node_tb.py -> /home/rouillon/ProRob/install/package_master/lib/python3.10/site-packages/package_master
[4.475s] byte-compiling /home/rouillon/ProRob/install/package_master/lib/python3.10/site-packages/package_master/master_node_tb.py to master_node_tb.cpython-310.pyc
[4.479s] Sorry: IndentationError: unexpected indent (master_node_tb.py, line 153)
[4.479s] running install_data
[4.480s] running install_egg_info
[4.487s] removing '/home/rouillon/ProRob/install/package_master/lib/python3.10/site-packages/package_master-0.0.0-py3.10.egg-info' (and everything under it)
[4.488s] Copying ../../build/package_master/package_master.egg-info to /home/rouillon/ProRob/install/package_master/lib/python3.10/site-packages/package_master-0.0.0-py3.10.egg-info
[4.490s] running install_scripts
[4.564s] Installing client script to /home/rouillon/ProRob/install/package_master/lib/package_master
[4.565s] Installing client_drone script to /home/rouillon/ProRob/install/package_master/lib/package_master
[4.566s] Installing client_tb script to /home/rouillon/ProRob/install/package_master/lib/package_master
[4.566s] Installing service_drone script to /home/rouillon/ProRob/install/package_master/lib/package_master
[4.567s] Installing service_tb script to /home/rouillon/ProRob/install/package_master/lib/package_master
[4.567s] Installing service_test script to /home/rouillon/ProRob/install/package_master/lib/package_master
[4.569s] writing list of installed files to '/home/rouillon/ProRob/build/package_master/install.log'
[4.634s] Invoked command in '/home/rouillon/ProRob/src/package_master' returned '0': PYTHONPATH=/home/rouillon/ProRob/build/package_master/prefix_override:/usr/lib/python3/dist-packages/colcon_core/task/python/colcon_distutils_commands:/home/rouillon/ProRob/install/package_master/lib/python3.10/site-packages:${PYTHONPATH} /usr/bin/python3 -W ignore:setup.py install is deprecated -W ignore:easy_install command is deprecated setup.py egg_info --egg-base ../../build/package_master build --build-base /home/rouillon/ProRob/build/package_master/build install --record /home/rouillon/ProRob/build/package_master/install.log --single-version-externally-managed install_data
