[0.630s] DEBUG:colcon:Command line arguments: ['/usr/bin/colcon', 'build']
[0.630s] DEBUG:colcon:Parsed command line arguments: Namespace(log_base=None, log_level=None, verb_name='build', build_base='build', install_base='install', merge_install=False, symlink_install=False, test_result_base=None, continue_on_error=False, executor='parallel', parallel_workers=4, event_handlers=None, ignore_user_meta=False, metas=['./colcon.meta'], base_paths=['.'], packages_ignore=None, packages_ignore_regex=None, paths=None, packages_up_to=None, packages_up_to_regex=None, packages_above=None, packages_above_and_dependencies=None, packages_above_depth=None, packages_select_by_dep=None, packages_skip_by_dep=None, packages_skip_up_to=None, packages_select_build_failed=False, packages_skip_build_finished=False, packages_select_test_failures=False, packages_skip_test_passed=False, packages_select=None, packages_skip=None, packages_select_regex=None, packages_skip_regex=None, packages_start=None, packages_end=None, allow_overriding=[], cmake_args=None, cmake_target=None, cmake_target_skip_unavailable=False, cmake_clean_cache=False, cmake_clean_first=False, cmake_force_configure=False, ament_cmake_args=None, catkin_cmake_args=None, catkin_skip_building_tests=False, mixin_files=None, mixin=None, verb_parser=<colcon_mixin.mixin.mixin_argument.MixinArgumentDecorator object at 0x7e488a0d35b0>, verb_extension=<colcon_core.verb.build.BuildVerb object at 0x7e488a22b5e0>, main=<bound method BuildVerb.main of <colcon_core.verb.build.BuildVerb object at 0x7e488a22b5e0>>, mixin_verb=('build',))
[1.630s] Level 1:colcon.colcon_core.package_discovery:discover_packages(colcon_meta) check parameters
[1.631s] Level 1:colcon.colcon_core.package_discovery:discover_packages(recursive) check parameters
[1.631s] Level 1:colcon.colcon_core.package_discovery:discover_packages(ignore) check parameters
[1.631s] Level 1:colcon.colcon_core.package_discovery:discover_packages(path) check parameters
[1.631s] Level 1:colcon.colcon_core.package_discovery:discover_packages(colcon_meta) discover
[1.631s] Level 1:colcon.colcon_core.package_discovery:discover_packages(recursive) discover
[1.631s] INFO:colcon.colcon_core.package_discovery:Crawling recursively for packages in '/home/rouillon/ProRob/src/package_master'
[1.632s] Level 1:colcon.colcon_core.package_identification:_identify(.) by extensions ['ignore', 'ignore_ament_install']
[1.632s] Level 1:colcon.colcon_core.package_identification:_identify(.) by extension 'ignore'
[1.632s] Level 1:colcon.colcon_core.package_identification:_identify(.) by extension 'ignore_ament_install'
[1.632s] Level 1:colcon.colcon_core.package_identification:_identify(.) by extensions ['colcon_pkg']
[1.633s] Level 1:colcon.colcon_core.package_identification:_identify(.) by extension 'colcon_pkg'
[1.633s] Level 1:colcon.colcon_core.package_identification:_identify(.) by extensions ['colcon_meta']
[1.633s] Level 1:colcon.colcon_core.package_identification:_identify(.) by extension 'colcon_meta'
[1.633s] Level 1:colcon.colcon_core.package_identification:_identify(.) by extensions ['ros']
[1.633s] Level 1:colcon.colcon_core.package_identification:_identify(.) by extension 'ros'
[1.690s] DEBUG:colcon.colcon_core.package_identification:Package '.' with type 'ros.ament_python' and name 'package_master'
[1.690s] Level 1:colcon.colcon_core.package_discovery:discover_packages(recursive) using defaults
[1.691s] Level 1:colcon.colcon_core.package_discovery:discover_packages(ignore) discover
[1.691s] Level 1:colcon.colcon_core.package_discovery:discover_packages(ignore) using defaults
[1.691s] Level 1:colcon.colcon_core.package_discovery:discover_packages(path) discover
[1.691s] Level 1:colcon.colcon_core.package_discovery:discover_packages(path) using defaults
[1.809s] Level 1:colcon.colcon_core.package_discovery:discover_packages(prefix_path) check parameters
[1.810s] Level 1:colcon.colcon_core.package_discovery:discover_packages(prefix_path) discover
[1.817s] DEBUG:colcon.colcon_installed_package_information.package_discovery:Found 1 installed packages in /home/rouillon/ProRob/src/package_master/install
[1.819s] DEBUG:colcon.colcon_installed_package_information.package_discovery:Found 3 installed packages in /home/rouillon/ProRob/install
[1.825s] DEBUG:colcon.colcon_installed_package_information.package_discovery:Found 270 installed packages in /opt/ros/humble
[1.834s] Level 1:colcon.colcon_core.package_discovery:discover_packages(prefix_path) using defaults
[2.006s] Level 5:colcon.colcon_core.verb:set package 'package_master' build argument 'cmake_args' from command line to 'None'
[2.006s] Level 5:colcon.colcon_core.verb:set package 'package_master' build argument 'cmake_target' from command line to 'None'
[2.006s] Level 5:colcon.colcon_core.verb:set package 'package_master' build argument 'cmake_target_skip_unavailable' from command line to 'False'
[2.007s] Level 5:colcon.colcon_core.verb:set package 'package_master' build argument 'cmake_clean_cache' from command line to 'False'
[2.007s] Level 5:colcon.colcon_core.verb:set package 'package_master' build argument 'cmake_clean_first' from command line to 'False'
[2.007s] Level 5:colcon.colcon_core.verb:set package 'package_master' build argument 'cmake_force_configure' from command line to 'False'
[2.007s] Level 5:colcon.colcon_core.verb:set package 'package_master' build argument 'ament_cmake_args' from command line to 'None'
[2.007s] Level 5:colcon.colcon_core.verb:set package 'package_master' build argument 'catkin_cmake_args' from command line to 'None'
[2.007s] Level 5:colcon.colcon_core.verb:set package 'package_master' build argument 'catkin_skip_building_tests' from command line to 'False'
[2.007s] DEBUG:colcon.colcon_core.verb:Building package 'package_master' with the following arguments: {'ament_cmake_args': None, 'build_base': '/home/rouillon/ProRob/src/package_master/build/package_master', 'catkin_cmake_args': None, 'catkin_skip_building_tests': False, 'cmake_args': None, 'cmake_clean_cache': False, 'cmake_clean_first': False, 'cmake_force_configure': False, 'cmake_target': None, 'cmake_target_skip_unavailable': False, 'install_base': '/home/rouillon/ProRob/src/package_master/install/package_master', 'merge_install': False, 'path': '/home/rouillon/ProRob/src/package_master', 'symlink_install': False, 'test_result_base': None}
[2.008s] INFO:colcon.colcon_core.executor:Executing jobs using 'parallel' executor
[2.012s] DEBUG:colcon.colcon_parallel_executor.executor.parallel:run_until_complete
[2.013s] INFO:colcon.colcon_ros.task.ament_python.build:Building ROS package in '/home/rouillon/ProRob/src/package_master' with build type 'ament_python'
[2.014s] Level 1:colcon.colcon_core.shell:create_environment_hook('package_master', 'ament_prefix_path')
[2.022s] INFO:colcon.colcon_core.plugin_system:Skipping extension 'colcon_core.shell.bat': Not used on non-Windows systems
[2.023s] INFO:colcon.colcon_core.shell:Creating environment hook '/home/rouillon/ProRob/src/package_master/install/package_master/share/package_master/hook/ament_prefix_path.ps1'
[2.025s] INFO:colcon.colcon_core.shell:Creating environment descriptor '/home/rouillon/ProRob/src/package_master/install/package_master/share/package_master/hook/ament_prefix_path.dsv'
[2.027s] INFO:colcon.colcon_core.shell:Creating environment hook '/home/rouillon/ProRob/src/package_master/install/package_master/share/package_master/hook/ament_prefix_path.sh'
[2.031s] INFO:colcon.colcon_core.shell:Skip shell extension 'powershell' for command environment: Not usable outside of PowerShell
[2.031s] DEBUG:colcon.colcon_core.shell:Skip shell extension 'dsv' for command environment
[3.382s] INFO:colcon.colcon_core.task.python.build:Building Python package in '/home/rouillon/ProRob/src/package_master'
[3.384s] INFO:colcon.colcon_core.shell:Skip shell extension 'powershell' for command environment: Not usable outside of PowerShell
[3.384s] DEBUG:colcon.colcon_core.shell:Skip shell extension 'dsv' for command environment
[4.937s] DEBUG:colcon.colcon_core.event_handler.log_command:Invoking command in '/home/rouillon/ProRob/src/package_master': PYTHONPATH=/home/rouillon/ProRob/src/package_master/build/package_master/prefix_override:/usr/lib/python3/dist-packages/colcon_core/task/python/colcon_distutils_commands:/home/rouillon/ProRob/src/package_master/install/package_master/lib/python3.10/site-packages:${PYTHONPATH} /usr/bin/python3 -W ignore:setup.py install is deprecated -W ignore:easy_install command is deprecated setup.py egg_info --egg-base build/package_master build --build-base /home/rouillon/ProRob/src/package_master/build/package_master/build install --record /home/rouillon/ProRob/src/package_master/build/package_master/install.log --single-version-externally-managed install_data
[6.275s] DEBUG:colcon.colcon_core.event_handler.log_command:Invoked command in '/home/rouillon/ProRob/src/package_master' returned '0': PYTHONPATH=/home/rouillon/ProRob/src/package_master/build/package_master/prefix_override:/usr/lib/python3/dist-packages/colcon_core/task/python/colcon_distutils_commands:/home/rouillon/ProRob/src/package_master/install/package_master/lib/python3.10/site-packages:${PYTHONPATH} /usr/bin/python3 -W ignore:setup.py install is deprecated -W ignore:easy_install command is deprecated setup.py egg_info --egg-base build/package_master build --build-base /home/rouillon/ProRob/src/package_master/build/package_master/build install --record /home/rouillon/ProRob/src/package_master/build/package_master/install.log --single-version-externally-managed install_data
[6.286s] Level 1:colcon.colcon_core.environment:checking '/home/rouillon/ProRob/src/package_master/install/package_master' for CMake module files
[6.288s] Level 1:colcon.colcon_core.environment:checking '/home/rouillon/ProRob/src/package_master/install/package_master' for CMake config files
[6.291s] Level 1:colcon.colcon_core.environment:checking '/home/rouillon/ProRob/src/package_master/install/package_master/lib'
[6.292s] Level 1:colcon.colcon_core.environment:checking '/home/rouillon/ProRob/src/package_master/install/package_master/bin'
[6.293s] Level 1:colcon.colcon_core.environment:checking '/home/rouillon/ProRob/src/package_master/install/package_master/lib/pkgconfig/package_master.pc'
[6.293s] Level 1:colcon.colcon_core.environment:checking '/home/rouillon/ProRob/src/package_master/install/package_master/lib/python3.10/site-packages'
[6.294s] Level 1:colcon.colcon_core.shell:create_environment_hook('package_master', 'pythonpath')
[6.295s] INFO:colcon.colcon_core.shell:Creating environment hook '/home/rouillon/ProRob/src/package_master/install/package_master/share/package_master/hook/pythonpath.ps1'
[6.296s] INFO:colcon.colcon_core.shell:Creating environment descriptor '/home/rouillon/ProRob/src/package_master/install/package_master/share/package_master/hook/pythonpath.dsv'
[6.298s] INFO:colcon.colcon_core.shell:Creating environment hook '/home/rouillon/ProRob/src/package_master/install/package_master/share/package_master/hook/pythonpath.sh'
[6.300s] Level 1:colcon.colcon_core.environment:checking '/home/rouillon/ProRob/src/package_master/install/package_master/bin'
[6.300s] Level 1:colcon.colcon_core.environment:create_environment_scripts_only(package_master)
[6.301s] INFO:colcon.colcon_core.shell:Creating package script '/home/rouillon/ProRob/src/package_master/install/package_master/share/package_master/package.ps1'
[6.305s] INFO:colcon.colcon_core.shell:Creating package descriptor '/home/rouillon/ProRob/src/package_master/install/package_master/share/package_master/package.dsv'
[6.307s] INFO:colcon.colcon_core.shell:Creating package script '/home/rouillon/ProRob/src/package_master/install/package_master/share/package_master/package.sh'
[6.310s] INFO:colcon.colcon_core.shell:Creating package script '/home/rouillon/ProRob/src/package_master/install/package_master/share/package_master/package.bash'
[6.315s] INFO:colcon.colcon_core.shell:Creating package script '/home/rouillon/ProRob/src/package_master/install/package_master/share/package_master/package.zsh'
[6.319s] Level 1:colcon.colcon_core.environment:create_file_with_runtime_dependencies(/home/rouillon/ProRob/src/package_master/install/package_master/share/colcon-core/packages/package_master)
[6.320s] DEBUG:colcon.colcon_parallel_executor.executor.parallel:closing loop
[6.321s] DEBUG:colcon.colcon_parallel_executor.executor.parallel:loop closed
[6.322s] DEBUG:colcon.colcon_parallel_executor.executor.parallel:run_until_complete finished with '0'
[6.322s] DEBUG:colcon.colcon_core.event_reactor:joining thread
[6.345s] INFO:colcon.colcon_core.plugin_system:Skipping extension 'colcon_notification.desktop_notification.terminal_notifier': Not used on non-Darwin systems
[6.345s] INFO:colcon.colcon_core.plugin_system:Skipping extension 'colcon_notification.desktop_notification.win32': Not used on non-Windows systems
[6.346s] INFO:colcon.colcon_notification.desktop_notification:Sending desktop notification using 'notify2'
[6.395s] DEBUG:colcon.colcon_core.event_reactor:joined thread
[6.396s] INFO:colcon.colcon_core.shell:Creating prefix script '/home/rouillon/ProRob/src/package_master/install/local_setup.ps1'
[6.401s] INFO:colcon.colcon_core.shell:Creating prefix util module '/home/rouillon/ProRob/src/package_master/install/_local_setup_util_ps1.py'
[6.412s] INFO:colcon.colcon_core.shell:Creating prefix chain script '/home/rouillon/ProRob/src/package_master/install/setup.ps1'
[6.419s] INFO:colcon.colcon_core.shell:Creating prefix script '/home/rouillon/ProRob/src/package_master/install/local_setup.sh'
[6.424s] INFO:colcon.colcon_core.shell:Creating prefix util module '/home/rouillon/ProRob/src/package_master/install/_local_setup_util_sh.py'
[6.428s] INFO:colcon.colcon_core.shell:Creating prefix chain script '/home/rouillon/ProRob/src/package_master/install/setup.sh'
[6.435s] INFO:colcon.colcon_core.shell:Creating prefix script '/home/rouillon/ProRob/src/package_master/install/local_setup.bash'
[6.440s] INFO:colcon.colcon_core.shell:Creating prefix chain script '/home/rouillon/ProRob/src/package_master/install/setup.bash'
[6.449s] INFO:colcon.colcon_core.shell:Creating prefix script '/home/rouillon/ProRob/src/package_master/install/local_setup.zsh'
[6.453s] INFO:colcon.colcon_core.shell:Creating prefix chain script '/home/rouillon/ProRob/src/package_master/install/setup.zsh'
