[1.658s] Invoking command in '/home/rouillon/Documents/ProDroneTB/ProRob/src/py_srvcli': PYTHONPATH=/home/rouillon/Documents/ProDroneTB/ProRob/build/py_srvcli/prefix_override:/usr/lib/python3/dist-packages/colcon_core/task/python/colcon_distutils_commands:/home/rouillon/Documents/ProDroneTB/ProRob/install/py_srvcli/lib/python3.10/site-packages:${PYTHONPATH} /usr/bin/python3 -W ignore:setup.py install is deprecated -W ignore:easy_install command is deprecated setup.py egg_info --egg-base ../../build/py_srvcli build --build-base /home/rouillon/Documents/ProDroneTB/ProRob/build/py_srvcli/build install --record /home/rouillon/Documents/ProDroneTB/ProRob/build/py_srvcli/install.log --single-version-externally-managed install_data
[2.126s] running egg_info
[2.127s] creating ../../build/py_srvcli/py_srvcli.egg-info
[2.127s] writing ../../build/py_srvcli/py_srvcli.egg-info/PKG-INFO
[2.127s] writing dependency_links to ../../build/py_srvcli/py_srvcli.egg-info/dependency_links.txt
[2.128s] writing entry points to ../../build/py_srvcli/py_srvcli.egg-info/entry_points.txt
[2.128s] writing requirements to ../../build/py_srvcli/py_srvcli.egg-info/requires.txt
[2.128s] writing top-level names to ../../build/py_srvcli/py_srvcli.egg-info/top_level.txt
[2.128s] writing manifest file '../../build/py_srvcli/py_srvcli.egg-info/SOURCES.txt'
[2.131s] reading manifest file '../../build/py_srvcli/py_srvcli.egg-info/SOURCES.txt'
[2.133s] writing manifest file '../../build/py_srvcli/py_srvcli.egg-info/SOURCES.txt'
[2.133s] running build
[2.133s] running build_py
[2.133s] creating /home/rouillon/Documents/ProDroneTB/ProRob/build/py_srvcli/build
[2.133s] creating /home/rouillon/Documents/ProDroneTB/ProRob/build/py_srvcli/build/lib
[2.133s] creating /home/rouillon/Documents/ProDroneTB/ProRob/build/py_srvcli/build/lib/py_srvcli
[2.134s] copying py_srvcli/__init__.py -> /home/rouillon/Documents/ProDroneTB/ProRob/build/py_srvcli/build/lib/py_srvcli
[2.134s] running install
[2.134s] running install_lib
[2.136s] creating /home/rouillon/Documents/ProDroneTB/ProRob/install/py_srvcli/lib/python3.10/site-packages/py_srvcli
[2.137s] copying /home/rouillon/Documents/ProDroneTB/ProRob/build/py_srvcli/build/lib/py_srvcli/__init__.py -> /home/rouillon/Documents/ProDroneTB/ProRob/install/py_srvcli/lib/python3.10/site-packages/py_srvcli
[2.137s] byte-compiling /home/rouillon/Documents/ProDroneTB/ProRob/install/py_srvcli/lib/python3.10/site-packages/py_srvcli/__init__.py to __init__.cpython-310.pyc
[2.137s] running install_data
[2.138s] creating /home/rouillon/Documents/ProDroneTB/ProRob/install/py_srvcli/share/ament_index
[2.138s] creating /home/rouillon/Documents/ProDroneTB/ProRob/install/py_srvcli/share/ament_index/resource_index
[2.138s] creating /home/rouillon/Documents/ProDroneTB/ProRob/install/py_srvcli/share/ament_index/resource_index/packages
[2.138s] copying resource/py_srvcli -> /home/rouillon/Documents/ProDroneTB/ProRob/install/py_srvcli/share/ament_index/resource_index/packages
[2.138s] copying package.xml -> /home/rouillon/Documents/ProDroneTB/ProRob/install/py_srvcli/share/py_srvcli
[2.138s] running install_egg_info
[2.142s] Copying ../../build/py_srvcli/py_srvcli.egg-info to /home/rouillon/Documents/ProDroneTB/ProRob/install/py_srvcli/lib/python3.10/site-packages/py_srvcli-0.0.0-py3.10.egg-info
[2.143s] running install_scripts
[2.182s] writing list of installed files to '/home/rouillon/Documents/ProDroneTB/ProRob/build/py_srvcli/install.log'
