[1.101s] Invoking command in '/home/rouillon/ProRob/src/package_master': PYTHONPATH=/home/rouillon/ProRob/src/package_master/build/package_master/prefix_override:/usr/lib/python3/dist-packages/colcon_core/task/python/colcon_distutils_commands:/home/rouillon/ProRob/src/package_master/install/package_master/lib/python3.10/site-packages:${PYTHONPATH} /usr/bin/python3 -W ignore:setup.py install is deprecated -W ignore:easy_install command is deprecated setup.py egg_info --egg-base build/package_master build --build-base /home/rouillon/ProRob/src/package_master/build/package_master/build install --record /home/rouillon/ProRob/src/package_master/build/package_master/install.log --single-version-externally-managed install_data
[1.540s] running egg_info
[1.541s] writing build/package_master/package_master.egg-info/PKG-INFO
[1.542s] writing dependency_links to build/package_master/package_master.egg-info/dependency_links.txt
[1.542s] writing entry points to build/package_master/package_master.egg-info/entry_points.txt
[1.542s] writing requirements to build/package_master/package_master.egg-info/requires.txt
[1.542s] writing top-level names to build/package_master/package_master.egg-info/top_level.txt
[1.545s] reading manifest file 'build/package_master/package_master.egg-info/SOURCES.txt'
[1.547s] writing manifest file 'build/package_master/package_master.egg-info/SOURCES.txt'
[1.547s] running build
[1.548s] running build_py
[1.548s] copying package_master/master_node.py -> /home/rouillon/ProRob/src/package_master/build/package_master/build/lib/package_master
[1.548s] running install
[1.549s] running install_lib
[1.550s] copying /home/rouillon/ProRob/src/package_master/build/package_master/build/lib/package_master/master_node.py -> /home/rouillon/ProRob/src/package_master/install/package_master/lib/python3.10/site-packages/package_master
[1.551s] byte-compiling /home/rouillon/ProRob/src/package_master/install/package_master/lib/python3.10/site-packages/package_master/master_node.py to master_node.cpython-310.pyc
[1.554s] running install_data
[1.554s] running install_egg_info
[1.557s] Sorry: IndentationError: expected an indented block after function definition on line 52 (master_node.py, line 53)
[1.557s] removing '/home/rouillon/ProRob/src/package_master/install/package_master/lib/python3.10/site-packages/package_master-0.0.0-py3.10.egg-info' (and everything under it)
[1.561s] Copying build/package_master/package_master.egg-info to /home/rouillon/ProRob/src/package_master/install/package_master/lib/python3.10/site-packages/package_master-0.0.0-py3.10.egg-info
[1.561s] running install_scripts
[1.597s] Installing client script to /home/rouillon/ProRob/src/package_master/install/package_master/lib/package_master
[1.598s] Installing service_node script to /home/rouillon/ProRob/src/package_master/install/package_master/lib/package_master
[1.598s] Installing service_test script to /home/rouillon/ProRob/src/package_master/install/package_master/lib/package_master
[1.598s] writing list of installed files to '/home/rouillon/ProRob/src/package_master/build/package_master/install.log'
[1.633s] Invoked command in '/home/rouillon/ProRob/src/package_master' returned '0': PYTHONPATH=/home/rouillon/ProRob/src/package_master/build/package_master/prefix_override:/usr/lib/python3/dist-packages/colcon_core/task/python/colcon_distutils_commands:/home/rouillon/ProRob/src/package_master/install/package_master/lib/python3.10/site-packages:${PYTHONPATH} /usr/bin/python3 -W ignore:setup.py install is deprecated -W ignore:easy_install command is deprecated setup.py egg_info --egg-base build/package_master build --build-base /home/rouillon/ProRob/src/package_master/build/package_master/build install --record /home/rouillon/ProRob/src/package_master/build/package_master/install.log --single-version-externally-managed install_data
